[ 2016-10-18T10:17:12+08:00 ] ::1 /zxsq1/
INFO: [ app_init ] --START--
INFO: Run Behavior\BuildLiteBehavior [ RunTime:0.000000s ]
INFO: [ app_init ] --END-- [ RunTime:0.000000s ]
INFO: [ app_begin ] --START--
INFO: Run Behavior\ReadHtmlCacheBehavior [ RunTime:0.000000s ]
INFO: [ app_begin ] --END-- [ RunTime:0.000000s ]
INFO: [ view_parse ] --START--
INFO: [ template_filter ] --START--
INFO: Run Behavior\ContentReplaceBehavior [ RunTime:0.000000s ]
INFO: [ template_filter ] --END-- [ RunTime:0.000000s ]
INFO: Run Behavior\ParseTemplateBehavior [ RunTime:0.015000s ]
INFO: [ view_parse ] --END-- [ RunTime:0.015000s ]
INFO: [ view_filter ] --START--
INFO: Run Behavior\WriteHtmlCacheBehavior [ RunTime:0.000000s ]
INFO: [ view_filter ] --END-- [ RunTime:0.000000s ]
INFO: [ app_end ] --START--
INFO: Run Behavior\ShowPageTraceBehavior [ RunTime:0.001000s ]
INFO: [ app_end ] --END-- [ RunTime:0.001000s ]

[ 2016-10-18T10:17:29+08:00 ] ::1 /zxsq1/index.php/Home/Index/index
INFO: [ app_init ] --START--
INFO: Run Behavior\BuildLiteBehavior [ RunTime:0.000000s ]
INFO: [ app_init ] --END-- [ RunTime:0.000000s ]
INFO: [ app_begin ] --START--
INFO: Run Behavior\ReadHtmlCacheBehavior [ RunTime:0.001000s ]
INFO: [ app_begin ] --END-- [ RunTime:0.001000s ]
SQL: SHOW COLUMNS FROM `admin_user` [ RunTime:0.0050s ]
SQL: SELECT * FROM `admin_user` WHERE ( username = 'mahongwei' ) LIMIT 1   [ RunTime:0.0050s ]
NOTIC: [8] Undefined index: loginpwd D:\WWW\zxsq1\Application\Home\Controller\IndexController.class.php 第 19 行.
NOTIC: [8] Undefined index: loginpwd D:\WWW\zxsq1\Application\Home\Controller\IndexController.class.php 第 19 行.
NOTIC: [8] Undefined index: userid D:\WWW\zxsq1\Application\Home\Controller\IndexController.class.php 第 26 行.
INFO: [ view_parse ] --START--
INFO: [ template_filter ] --START--
INFO: Run Behavior\ContentReplaceBehavior [ RunTime:0.000000s ]
INFO: [ template_filter ] --END-- [ RunTime:0.000000s ]
INFO: Run Behavior\ParseTemplateBehavior [ RunTime:0.014000s ]
INFO: [ view_parse ] --END-- [ RunTime:0.014000s ]
INFO: [ view_filter ] --START--
INFO: Run Behavior\WriteHtmlCacheBehavior [ RunTime:0.001000s ]
INFO: [ view_filter ] --END-- [ RunTime:0.001000s ]
INFO: [ app_end ] --START--
INFO: Run Behavior\ShowPageTraceBehavior [ RunTime:0.002000s ]
INFO: [ app_end ] --END-- [ RunTime:0.002000s ]

[ 2016-10-18T10:17:31+08:00 ] ::1 /zxsq1/index.php/Home/index/login.html
INFO: [ app_init ] --START--
INFO: Run Behavior\BuildLiteBehavior [ RunTime:0.000000s ]
INFO: [ app_init ] --END-- [ RunTime:0.000000s ]
INFO: [ app_begin ] --START--
INFO: Run Behavior\ReadHtmlCacheBehavior [ RunTime:0.001000s ]
INFO: [ app_begin ] --END-- [ RunTime:0.001000s ]
SQL: SHOW COLUMNS FROM `admin_user` [ RunTime:0.0300s ]
SQL: SELECT * FROM `admin_user` LIMIT 1   [ RunTime:0.0250s ]
SQL: SHOW COLUMNS FROM `tb_variable` [ RunTime:0.0200s ]
SQL: SELECT * FROM `tb_variable` WHERE ( id=1 ) LIMIT 1   [ RunTime:0.0300s ]
SQL: SHOW COLUMNS FROM `member` [ RunTime:0.0320s ]
SQL: SELECT COUNT(*) AS tp_count FROM `member` WHERE left(FROM_UNIXTIME(member_time),10) = '2016-10-18' LIMIT 1   [ RunTime:0.0530s ]
SQL: SHOW COLUMNS FROM `tb_total` [ RunTime:0.0220s ]
SQL: SELECT * FROM `tb_total` LIMIT 1   [ RunTime:0.0370s ]
INFO: [ view_parse ] --START--
INFO: [ template_filter ] --START--
INFO: Run Behavior\ContentReplaceBehavior [ RunTime:0.000000s ]
INFO: [ template_filter ] --END-- [ RunTime:0.001000s ]
INFO: Run Behavior\ParseTemplateBehavior [ RunTime:0.012000s ]
INFO: [ view_parse ] --END-- [ RunTime:0.013000s ]
INFO: [ view_filter ] --START--
INFO: Run Behavior\WriteHtmlCacheBehavior [ RunTime:0.000000s ]
INFO: [ view_filter ] --END-- [ RunTime:0.000000s ]
INFO: [ app_end ] --START--
INFO: Run Behavior\ShowPageTraceBehavior [ RunTime:0.000000s ]
INFO: [ app_end ] --END-- [ RunTime:0.000000s ]

[ 2016-10-18T10:17:52+08:00 ] ::1 /zxsq1/index.php/Home/Index/login
INFO: [ app_init ] --START--
INFO: Run Behavior\BuildLiteBehavior [ RunTime:0.000000s ]
INFO: [ app_init ] --END-- [ RunTime:0.000000s ]
INFO: [ app_begin ] --START--
INFO: Run Behavior\ReadHtmlCacheBehavior [ RunTime:0.001000s ]
INFO: [ app_begin ] --END-- [ RunTime:0.001000s ]
SQL: SHOW COLUMNS FROM `admin_user` [ RunTime:0.0290s ]
SQL: SELECT * FROM `admin_user` LIMIT 1   [ RunTime:0.0260s ]
SQL: SHOW COLUMNS FROM `tb_variable` [ RunTime:0.0190s ]
SQL: SELECT * FROM `tb_variable` WHERE ( id=1 ) LIMIT 1   [ RunTime:0.0240s ]
SQL: SHOW COLUMNS FROM `member` [ RunTime:0.0210s ]
SQL: SELECT COUNT(*) AS tp_count FROM `member` WHERE left(FROM_UNIXTIME(member_time),10) = '2016-10-18' LIMIT 1   [ RunTime:0.0240s ]
SQL: SHOW COLUMNS FROM `tb_total` [ RunTime:0.0090s ]
SQL: SELECT * FROM `tb_total` LIMIT 1   [ RunTime:0.0050s ]
INFO: [ view_parse ] --START--
INFO: [ template_filter ] --START--
INFO: Run Behavior\ContentReplaceBehavior [ RunTime:0.000000s ]
INFO: [ template_filter ] --END-- [ RunTime:0.001000s ]
INFO: Run Behavior\ParseTemplateBehavior [ RunTime:0.006000s ]
INFO: [ view_parse ] --END-- [ RunTime:0.008000s ]
INFO: [ view_filter ] --START--
INFO: Run Behavior\WriteHtmlCacheBehavior [ RunTime:0.000000s ]
INFO: [ view_filter ] --END-- [ RunTime:0.000000s ]
INFO: [ app_end ] --START--
INFO: Run Behavior\ShowPageTraceBehavior [ RunTime:0.001000s ]
INFO: [ app_end ] --END-- [ RunTime:0.001000s ]

[ 2016-10-18T10:17:54+08:00 ] ::1 /zxsq1/index.php/Home/Show/index
INFO: [ app_init ] --START--
INFO: Run Behavior\BuildLiteBehavior [ RunTime:0.000000s ]
INFO: [ app_init ] --END-- [ RunTime:0.001000s ]
INFO: [ app_begin ] --START--
INFO: Run Behavior\ReadHtmlCacheBehavior [ RunTime:0.000000s ]
INFO: [ app_begin ] --END-- [ RunTime:0.000000s ]
SQL: SHOW COLUMNS FROM `tb_new` [ RunTime:0.0050s ]
SQL: SELECT COUNT(*) AS tp_count FROM `tb_new` LIMIT 1   [ RunTime:0.0040s ]
SQL: SELECT * FROM `tb_new` ORDER BY declaration_date desc LIMIT 0,10   [ RunTime:0.0070s ]
SQL: SHOW COLUMNS FROM `admin_user` [ RunTime:0.0060s ]
SQL: SELECT * FROM `admin_user` LIMIT 1   [ RunTime:0.0050s ]
INFO: [ view_parse ] --START--
INFO: [ template_filter ] --START--
INFO: Run Behavior\ContentReplaceBehavior [ RunTime:0.000000s ]
INFO: [ template_filter ] --END-- [ RunTime:0.000000s ]
INFO: Run Behavior\ParseTemplateBehavior [ RunTime:0.008000s ]
INFO: [ view_parse ] --END-- [ RunTime:0.008000s ]
INFO: [ view_filter ] --START--
INFO: Run Behavior\WriteHtmlCacheBehavior [ RunTime:0.001000s ]
INFO: [ view_filter ] --END-- [ RunTime:0.001000s ]
INFO: [ app_end ] --START--
INFO: Run Behavior\ShowPageTraceBehavior [ RunTime:0.000000s ]
INFO: [ app_end ] --END-- [ RunTime:0.001000s ]

[ 2016-10-18T10:17:59+08:00 ] ::1 /zxsq1/index.php/Home/Show/index/p/3.html
INFO: [ app_init ] --START--
INFO: Run Behavior\BuildLiteBehavior [ RunTime:0.000000s ]
INFO: [ app_init ] --END-- [ RunTime:0.000000s ]
INFO: [ app_begin ] --START--
INFO: Run Behavior\ReadHtmlCacheBehavior [ RunTime:0.001000s ]
INFO: [ app_begin ] --END-- [ RunTime:0.001000s ]
SQL: SHOW COLUMNS FROM `tb_new` [ RunTime:0.0060s ]
SQL: SELECT COUNT(*) AS tp_count FROM `tb_new` WHERE ( 1 ) LIMIT 1   [ RunTime:0.0070s ]
SQL: SELECT * FROM `tb_new` WHERE ( 1 ) ORDER BY declaration_date desc LIMIT 20,10   [ RunTime:0.0070s ]
SQL: SHOW COLUMNS FROM `admin_user` [ RunTime:0.0040s ]
SQL: SELECT * FROM `admin_user` LIMIT 1   [ RunTime:0.0040s ]
INFO: [ view_parse ] --START--
INFO: [ template_filter ] --START--
INFO: Run Behavior\ContentReplaceBehavior [ RunTime:0.000000s ]
INFO: [ template_filter ] --END-- [ RunTime:0.000000s ]
INFO: Run Behavior\ParseTemplateBehavior [ RunTime:0.008000s ]
INFO: [ view_parse ] --END-- [ RunTime:0.008000s ]
INFO: [ view_filter ] --START--
INFO: Run Behavior\WriteHtmlCacheBehavior [ RunTime:0.001000s ]
INFO: [ view_filter ] --END-- [ RunTime:0.001000s ]
INFO: [ app_end ] --START--
INFO: Run Behavior\ShowPageTraceBehavior [ RunTime:0.001000s ]
INFO: [ app_end ] --END-- [ RunTime:0.001000s ]

[ 2016-10-18T10:18:05+08:00 ] ::1 /zxsq1/index.php/Home/Show/index/p/4.html
INFO: [ app_init ] --START--
INFO: Run Behavior\BuildLiteBehavior [ RunTime:0.000000s ]
INFO: [ app_init ] --END-- [ RunTime:0.001000s ]
INFO: [ app_begin ] --START--
INFO: Run Behavior\ReadHtmlCacheBehavior [ RunTime:0.001000s ]
INFO: [ app_begin ] --END-- [ RunTime:0.001000s ]
SQL: SHOW COLUMNS FROM `tb_new` [ RunTime:0.0200s ]
SQL: SELECT COUNT(*) AS tp_count FROM `tb_new` WHERE ( 1 ) LIMIT 1   [ RunTime:0.0150s ]
SQL: SELECT * FROM `tb_new` WHERE ( 1 ) ORDER BY declaration_date desc LIMIT 30,10   [ RunTime:0.0120s ]
SQL: SHOW COLUMNS FROM `admin_user` [ RunTime:0.0090s ]
SQL: SELECT * FROM `admin_user` LIMIT 1   [ RunTime:0.0050s ]
INFO: [ view_parse ] --START--
INFO: [ template_filter ] --START--
INFO: Run Behavior\ContentReplaceBehavior [ RunTime:0.000000s ]
INFO: [ template_filter ] --END-- [ RunTime:0.000000s ]
INFO: Run Behavior\ParseTemplateBehavior [ RunTime:0.016000s ]
INFO: [ view_parse ] --END-- [ RunTime:0.016000s ]
INFO: [ view_filter ] --START--
INFO: Run Behavior\WriteHtmlCacheBehavior [ RunTime:0.001000s ]
INFO: [ view_filter ] --END-- [ RunTime:0.001000s ]
INFO: [ app_end ] --START--
INFO: Run Behavior\ShowPageTraceBehavior [ RunTime:0.002000s ]
INFO: [ app_end ] --END-- [ RunTime:0.002000s ]

[ 2016-10-18T10:18:09+08:00 ] ::1 /zxsq1/index.php/Home/Show/index/p/33.html
INFO: [ app_init ] --START--
INFO: Run Behavior\BuildLiteBehavior [ RunTime:0.000000s ]
INFO: [ app_init ] --END-- [ RunTime:0.000000s ]
INFO: [ app_begin ] --START--
INFO: Run Behavior\ReadHtmlCacheBehavior [ RunTime:0.001000s ]
INFO: [ app_begin ] --END-- [ RunTime:0.001000s ]
SQL: SHOW COLUMNS FROM `tb_new` [ RunTime:0.0060s ]
SQL: SELECT COUNT(*) AS tp_count FROM `tb_new` WHERE ( 1 ) LIMIT 1   [ RunTime:0.0050s ]
SQL: SELECT * FROM `tb_new` WHERE ( 1 ) ORDER BY declaration_date desc LIMIT 320,10   [ RunTime:0.0070s ]
SQL: SHOW COLUMNS FROM `admin_user` [ RunTime:0.0050s ]
SQL: SELECT * FROM `admin_user` LIMIT 1   [ RunTime:0.0040s ]
INFO: [ view_parse ] --START--
INFO: [ template_filter ] --START--
INFO: Run Behavior\ContentReplaceBehavior [ RunTime:0.000000s ]
INFO: [ template_filter ] --END-- [ RunTime:0.000000s ]
INFO: Run Behavior\ParseTemplateBehavior [ RunTime:0.013000s ]
INFO: [ view_parse ] --END-- [ RunTime:0.013000s ]
INFO: [ view_filter ] --START--
INFO: Run Behavior\WriteHtmlCacheBehavior [ RunTime:0.001000s ]
INFO: [ view_filter ] --END-- [ RunTime:0.001000s ]
INFO: [ app_end ] --START--
INFO: Run Behavior\ShowPageTraceBehavior [ RunTime:0.001000s ]
INFO: [ app_end ] --END-- [ RunTime:0.001000s ]

[ 2016-10-18T10:18:15+08:00 ] ::1 /zxsq1/index.php/Home/Show/index/p/1.html
INFO: [ app_init ] --START--
INFO: Run Behavior\BuildLiteBehavior [ RunTime:0.000000s ]
INFO: [ app_init ] --END-- [ RunTime:0.001000s ]
INFO: [ app_begin ] --START--
INFO: Run Behavior\ReadHtmlCacheBehavior [ RunTime:0.001000s ]
INFO: [ app_begin ] --END-- [ RunTime:0.001000s ]
SQL: SHOW COLUMNS FROM `tb_new` [ RunTime:0.0140s ]
SQL: SELECT COUNT(*) AS tp_count FROM `tb_new` WHERE ( 1 ) LIMIT 1   [ RunTime:0.0200s ]
SQL: SELECT * FROM `tb_new` WHERE ( 1 ) ORDER BY declaration_date desc LIMIT 0,10   [ RunTime:0.0240s ]
SQL: SHOW COLUMNS FROM `admin_user` [ RunTime:0.0290s ]
SQL: SELECT * FROM `admin_user` LIMIT 1   [ RunTime:0.0250s ]
INFO: [ view_parse ] --START--
INFO: [ template_filter ] --START--
INFO: Run Behavior\ContentReplaceBehavior [ RunTime:0.000000s ]
INFO: [ template_filter ] --END-- [ RunTime:0.000000s ]
INFO: Run Behavior\ParseTemplateBehavior [ RunTime:0.008000s ]
INFO: [ view_parse ] --END-- [ RunTime:0.008000s ]
INFO: [ view_filter ] --START--
INFO: Run Behavior\WriteHtmlCacheBehavior [ RunTime:0.000000s ]
INFO: [ view_filter ] --END-- [ RunTime:0.001000s ]
INFO: [ app_end ] --START--
INFO: Run Behavior\ShowPageTraceBehavior [ RunTime:0.001000s ]
INFO: [ app_end ] --END-- [ RunTime:0.001000s ]

[ 2016-10-18T10:18:18+08:00 ] ::1 /zxsq1/index.php/Home/Show/index/p/11.html
INFO: [ app_init ] --START--
INFO: Run Behavior\BuildLiteBehavior [ RunTime:0.000000s ]
INFO: [ app_init ] --END-- [ RunTime:0.000000s ]
INFO: [ app_begin ] --START--
INFO: Run Behavior\ReadHtmlCacheBehavior [ RunTime:0.001000s ]
INFO: [ app_begin ] --END-- [ RunTime:0.001000s ]
SQL: SHOW COLUMNS FROM `tb_new` [ RunTime:0.0060s ]
SQL: SELECT COUNT(*) AS tp_count FROM `tb_new` WHERE ( 1 ) LIMIT 1   [ RunTime:0.0060s ]
SQL: SELECT * FROM `tb_new` WHERE ( 1 ) ORDER BY declaration_date desc LIMIT 100,10   [ RunTime:0.0060s ]
SQL: SHOW COLUMNS FROM `admin_user` [ RunTime:0.0060s ]
SQL: SELECT * FROM `admin_user` LIMIT 1   [ RunTime:0.0040s ]
INFO: [ view_parse ] --START--
INFO: [ template_filter ] --START--
INFO: Run Behavior\ContentReplaceBehavior [ RunTime:0.000000s ]
INFO: [ template_filter ] --END-- [ RunTime:0.000000s ]
INFO: Run Behavior\ParseTemplateBehavior [ RunTime:0.008000s ]
INFO: [ view_parse ] --END-- [ RunTime:0.008000s ]
INFO: [ view_filter ] --START--
INFO: Run Behavior\WriteHtmlCacheBehavior [ RunTime:0.001000s ]
INFO: [ view_filter ] --END-- [ RunTime:0.001000s ]
INFO: [ app_end ] --START--
INFO: Run Behavior\ShowPageTraceBehavior [ RunTime:0.001000s ]
INFO: [ app_end ] --END-- [ RunTime:0.001000s ]

[ 2016-10-18T10:18:19+08:00 ] ::1 /zxsq1/index.php/Home/Show/index/p/16.html
INFO: [ app_init ] --START--
INFO: Run Behavior\BuildLiteBehavior [ RunTime:0.000000s ]
INFO: [ app_init ] --END-- [ RunTime:0.000000s ]
INFO: [ app_begin ] --START--
INFO: Run Behavior\ReadHtmlCacheBehavior [ RunTime:0.001000s ]
INFO: [ app_begin ] --END-- [ RunTime:0.001000s ]
SQL: SHOW COLUMNS FROM `tb_new` [ RunTime:0.0240s ]
SQL: SELECT COUNT(*) AS tp_count FROM `tb_new` WHERE ( 1 ) LIMIT 1   [ RunTime:0.0300s ]
SQL: SELECT * FROM `tb_new` WHERE ( 1 ) ORDER BY declaration_date desc LIMIT 150,10   [ RunTime:0.0360s ]
SQL: SHOW COLUMNS FROM `admin_user` [ RunTime:0.0520s ]
SQL: SELECT * FROM `admin_user` LIMIT 1   [ RunTime:0.0340s ]
INFO: [ view_parse ] --START--
INFO: [ template_filter ] --START--
INFO: Run Behavior\ContentReplaceBehavior [ RunTime:0.000000s ]
INFO: [ template_filter ] --END-- [ RunTime:0.001000s ]
INFO: Run Behavior\ParseTemplateBehavior [ RunTime:0.009000s ]
INFO: [ view_parse ] --END-- [ RunTime:0.009000s ]
INFO: [ view_filter ] --START--
INFO: Run Behavior\WriteHtmlCacheBehavior [ RunTime:0.000000s ]
INFO: [ view_filter ] --END-- [ RunTime:0.000000s ]
INFO: [ app_end ] --START--
INFO: Run Behavior\ShowPageTraceBehavior [ RunTime:0.000000s ]
INFO: [ app_end ] --END-- [ RunTime:0.001000s ]

[ 2016-10-18T10:18:41+08:00 ] ::1 /zxsq1/index.php/Home/Show/index?member_name=&bankcard=&banktransaction=&declaration_price1=30000&declaration_price2=100000&date=&sub=%E6%9F%A5%E8%AF%A2
INFO: [ app_init ] --START--
INFO: Run Behavior\BuildLiteBehavior [ RunTime:0.000000s ]
INFO: [ app_init ] --END-- [ RunTime:0.000000s ]
INFO: [ app_begin ] --START--
INFO: Run Behavior\ReadHtmlCacheBehavior [ RunTime:0.001000s ]
INFO: [ app_begin ] --END-- [ RunTime:0.001000s ]
SQL: SHOW COLUMNS FROM `tb_new` [ RunTime:0.0050s ]
SQL: SELECT COUNT(*) AS tp_count FROM `tb_new` WHERE ( 1 and declaration_price >= 30000 and declaration_price <= 100000 ) LIMIT 1   [ RunTime:0.0070s ]
SQL: SELECT * FROM `tb_new` WHERE ( 1 and declaration_price >= 30000 and declaration_price <= 100000 ) ORDER BY declaration_date desc LIMIT 0,10   [ RunTime:0.0050s ]
SQL: SHOW COLUMNS FROM `admin_user` [ RunTime:0.0040s ]
SQL: SELECT * FROM `admin_user` LIMIT 1   [ RunTime:0.0040s ]
INFO: [ view_parse ] --START--
INFO: [ template_filter ] --START--
INFO: Run Behavior\ContentReplaceBehavior [ RunTime:0.000000s ]
INFO: [ template_filter ] --END-- [ RunTime:0.000000s ]
INFO: Run Behavior\ParseTemplateBehavior [ RunTime:0.008000s ]
INFO: [ view_parse ] --END-- [ RunTime:0.008000s ]
INFO: [ view_filter ] --START--
INFO: Run Behavior\WriteHtmlCacheBehavior [ RunTime:0.001000s ]
INFO: [ view_filter ] --END-- [ RunTime:0.001000s ]
INFO: [ app_end ] --START--
INFO: Run Behavior\ShowPageTraceBehavior [ RunTime:0.001000s ]
INFO: [ app_end ] --END-- [ RunTime:0.001000s ]

[ 2016-10-18T10:19:13+08:00 ] ::1 /zxsq1/index.php/Home/Show/index/declaration_price1/30000/declaration_price2/100000/sub/%E6%9F%A5%E8%AF%A2/p/6.html
INFO: [ app_init ] --START--
INFO: Run Behavior\BuildLiteBehavior [ RunTime:0.000000s ]
INFO: [ app_init ] --END-- [ RunTime:0.001000s ]
INFO: [ app_begin ] --START--
INFO: Run Behavior\ReadHtmlCacheBehavior [ RunTime:0.001000s ]
INFO: [ app_begin ] --END-- [ RunTime:0.001000s ]
SQL: SHOW COLUMNS FROM `tb_new` [ RunTime:0.0240s ]
SQL: SELECT COUNT(*) AS tp_count FROM `tb_new` WHERE ( 1 and declaration_price >= 30000 and declaration_price <= 100000 ) LIMIT 1   [ RunTime:0.0220s ]
SQL: SELECT * FROM `tb_new` WHERE ( 1 and declaration_price >= 30000 and declaration_price <= 100000 ) ORDER BY declaration_date desc LIMIT 50,10   [ RunTime:0.0240s ]
SQL: SHOW COLUMNS FROM `admin_user` [ RunTime:0.0550s ]
SQL: SELECT * FROM `admin_user` LIMIT 1   [ RunTime:0.0190s ]
INFO: [ view_parse ] --START--
INFO: [ template_filter ] --START--
INFO: Run Behavior\ContentReplaceBehavior [ RunTime:0.000000s ]
INFO: [ template_filter ] --END-- [ RunTime:0.000000s ]
INFO: Run Behavior\ParseTemplateBehavior [ RunTime:0.008000s ]
INFO: [ view_parse ] --END-- [ RunTime:0.008000s ]
INFO: [ view_filter ] --START--
INFO: Run Behavior\WriteHtmlCacheBehavior [ RunTime:0.000000s ]
INFO: [ view_filter ] --END-- [ RunTime:0.000000s ]
INFO: [ app_end ] --START--
INFO: Run Behavior\ShowPageTraceBehavior [ RunTime:0.000000s ]
INFO: [ app_end ] --END-- [ RunTime:0.000000s ]

[ 2016-10-18T10:19:24+08:00 ] ::1 /zxsq1/index.php/Home/Show/index?member_name=&bankcard=&banktransaction=&declaration_price1=30000&declaration_price2=3000&date=&sub=%E6%9F%A5%E8%AF%A2
INFO: [ app_init ] --START--
INFO: Run Behavior\BuildLiteBehavior [ RunTime:0.000000s ]
INFO: [ app_init ] --END-- [ RunTime:0.000000s ]
INFO: [ app_begin ] --START--
INFO: Run Behavior\ReadHtmlCacheBehavior [ RunTime:0.000000s ]
INFO: [ app_begin ] --END-- [ RunTime:0.000000s ]
SQL: SHOW COLUMNS FROM `tb_new` [ RunTime:0.0070s ]
SQL: SELECT COUNT(*) AS tp_count FROM `tb_new` WHERE ( 1 and declaration_price >= 30000 and declaration_price <= 3000 ) LIMIT 1   [ RunTime:0.0040s ]
SQL: SELECT * FROM `tb_new` WHERE ( 1 and declaration_price >= 30000 and declaration_price <= 3000 ) ORDER BY declaration_date desc LIMIT 0,10   [ RunTime:0.0050s ]
INFO: [ view_parse ] --START--
INFO: [ template_filter ] --START--
INFO: Run Behavior\ContentReplaceBehavior [ RunTime:0.000000s ]
INFO: [ template_filter ] --END-- [ RunTime:0.000000s ]
INFO: Run Behavior\ParseTemplateBehavior [ RunTime:0.006000s ]
INFO: [ view_parse ] --END-- [ RunTime:0.006000s ]
INFO: [ view_filter ] --START--
INFO: Run Behavior\WriteHtmlCacheBehavior [ RunTime:0.000000s ]
INFO: [ view_filter ] --END-- [ RunTime:0.000000s ]

[ 2016-10-18T10:21:11+08:00 ] ::1 /zxsq1/index.php/Home/Show/index/declaration_price1/30000/declaration_price2/100000/sub/%E6%9F%A5%E8%AF%A2/p/6.html
INFO: [ app_init ] --START--
INFO: Run Behavior\BuildLiteBehavior [ RunTime:0.000000s ]
INFO: [ app_init ] --END-- [ RunTime:0.000000s ]
INFO: [ app_begin ] --START--
INFO: Run Behavior\ReadHtmlCacheBehavior [ RunTime:0.001000s ]
INFO: [ app_begin ] --END-- [ RunTime:0.001000s ]
SQL: SHOW COLUMNS FROM `tb_new` [ RunTime:0.0220s ]
ERR: 1064:You have an error in your SQL syntax; check the manual that corresponds to your MySQL server version for the right syntax to use near 'and declaration_price <= 30000 and declaration_price >= 100000 ) LIMIT 1' at line 1
 [ SQL语句 ] : SELECT COUNT(*) AS tp_count FROM `tb_new` WHERE ( 1 and declaration_price >= 30000 and declaration_price <= 100000 or and declaration_price <= 30000 and declaration_price >= 100000 ) LIMIT 1  
ERR: 1064:You have an error in your SQL syntax; check the manual that corresponds to your MySQL server version for the right syntax to use near 'and declaration_price <= 30000 and declaration_price >= 100000 ) LIMIT 1' at line 1
 [ SQL语句 ] : SELECT COUNT(*) AS tp_count FROM `tb_new` WHERE ( 1 and declaration_price >= 30000 and declaration_price <= 100000 or and declaration_price <= 30000 and declaration_price >= 100000 ) LIMIT 1  

[ 2016-10-18T10:22:11+08:00 ] ::1 /zxsq1/index.php/Home/Show/index/declaration_price1/30000/declaration_price2/100000/sub/%E6%9F%A5%E8%AF%A2/p/6.html
INFO: [ app_init ] --START--
INFO: Run Behavior\BuildLiteBehavior [ RunTime:0.000000s ]
INFO: [ app_init ] --END-- [ RunTime:0.001000s ]
INFO: [ app_begin ] --START--
INFO: Run Behavior\ReadHtmlCacheBehavior [ RunTime:0.001000s ]
INFO: [ app_begin ] --END-- [ RunTime:0.001000s ]
SQL: SHOW COLUMNS FROM `tb_new` [ RunTime:0.0210s ]
SQL: SELECT COUNT(*) AS tp_count FROM `tb_new` WHERE ( 1 and declaration_price >= 30000 and declaration_price <= 100000 ) LIMIT 1   [ RunTime:0.0240s ]
SQL: SELECT * FROM `tb_new` WHERE ( 1 and declaration_price >= 30000 and declaration_price <= 100000 ) ORDER BY declaration_date desc LIMIT 50,10   [ RunTime:0.0180s ]
SQL: SHOW COLUMNS FROM `admin_user` [ RunTime:0.0330s ]
SQL: SELECT * FROM `admin_user` LIMIT 1   [ RunTime:0.0240s ]
INFO: [ view_parse ] --START--
INFO: [ template_filter ] --START--
INFO: Run Behavior\ContentReplaceBehavior [ RunTime:0.000000s ]
INFO: [ template_filter ] --END-- [ RunTime:0.000000s ]
INFO: Run Behavior\ParseTemplateBehavior [ RunTime:0.017000s ]
INFO: [ view_parse ] --END-- [ RunTime:0.017000s ]
INFO: [ view_filter ] --START--
INFO: Run Behavior\WriteHtmlCacheBehavior [ RunTime:0.001000s ]
INFO: [ view_filter ] --END-- [ RunTime:0.001000s ]
INFO: [ app_end ] --START--
INFO: Run Behavior\ShowPageTraceBehavior [ RunTime:0.001000s ]
INFO: [ app_end ] --END-- [ RunTime:0.002000s ]

[ 2016-10-18T10:29:06+08:00 ] ::1 /zxsq1/index.php/Home/Show/index/declaration_price1/30000/declaration_price2/100000/sub/%E6%9F%A5%E8%AF%A2/p/6.html
INFO: [ app_init ] --START--
INFO: Run Behavior\BuildLiteBehavior [ RunTime:0.000000s ]
INFO: [ app_init ] --END-- [ RunTime:0.000000s ]
INFO: [ app_begin ] --START--
INFO: Run Behavior\ReadHtmlCacheBehavior [ RunTime:0.001000s ]
INFO: [ app_begin ] --END-- [ RunTime:0.001000s ]
SQL: SHOW COLUMNS FROM `tb_new` [ RunTime:0.0760s ]
SQL: SELECT COUNT(*) AS tp_count FROM `tb_new` WHERE ( 1 and declaration_price >= 30000 and declaration_price <= 100000 ) LIMIT 1   [ RunTime:0.0550s ]
SQL: SELECT * FROM `tb_new` WHERE ( 1 and declaration_price >= 30000 and declaration_price <= 100000 ) ORDER BY declaration_date desc LIMIT 50,10   [ RunTime:0.0540s ]
SQL: SHOW COLUMNS FROM `admin_user` [ RunTime:0.1100s ]
SQL: SELECT * FROM `admin_user` LIMIT 1   [ RunTime:0.0440s ]
INFO: [ view_parse ] --START--
INFO: [ template_filter ] --START--
INFO: Run Behavior\ContentReplaceBehavior [ RunTime:0.000000s ]
INFO: [ template_filter ] --END-- [ RunTime:0.000000s ]
INFO: Run Behavior\ParseTemplateBehavior [ RunTime:0.008000s ]
INFO: [ view_parse ] --END-- [ RunTime:0.008000s ]
INFO: [ view_filter ] --START--
INFO: Run Behavior\WriteHtmlCacheBehavior [ RunTime:0.001000s ]
INFO: [ view_filter ] --END-- [ RunTime:0.001000s ]
INFO: [ app_end ] --START--
INFO: Run Behavior\ShowPageTraceBehavior [ RunTime:0.001000s ]
INFO: [ app_end ] --END-- [ RunTime:0.001000s ]

[ 2016-10-18T10:29:15+08:00 ] ::1 /zxsq1/index.php/Home/Show/index?member_name=&bankcard=&banktransaction=&declaration_price1=300000&declaration_price2=10000&date=&sub=%E6%9F%A5%E8%AF%A2
INFO: [ app_init ] --START--
INFO: Run Behavior\BuildLiteBehavior [ RunTime:0.000000s ]
INFO: [ app_init ] --END-- [ RunTime:0.001000s ]
INFO: [ app_begin ] --START--
INFO: Run Behavior\ReadHtmlCacheBehavior [ RunTime:0.000000s ]
INFO: [ app_begin ] --END-- [ RunTime:0.000000s ]
SQL: SHOW COLUMNS FROM `tb_new` [ RunTime:0.0060s ]
INFO: [ view_parse ] --START--
INFO: [ template_filter ] --START--
INFO: Run Behavior\ContentReplaceBehavior [ RunTime:0.000000s ]
INFO: [ template_filter ] --END-- [ RunTime:0.000000s ]
INFO: Run Behavior\ParseTemplateBehavior [ RunTime:0.005000s ]
INFO: [ view_parse ] --END-- [ RunTime:0.005000s ]
INFO: [ view_filter ] --START--
INFO: Run Behavior\WriteHtmlCacheBehavior [ RunTime:0.000000s ]
INFO: [ view_filter ] --END-- [ RunTime:0.000000s ]

[ 2016-10-18T10:29:30+08:00 ] ::1 /zxsq1/index.php/Home/Show/index?member_name=&bankcard=&banktransaction=&declaration_price1=1000&declaration_price2=300000&date=&sub=%E6%9F%A5%E8%AF%A2
INFO: [ app_init ] --START--
INFO: Run Behavior\BuildLiteBehavior [ RunTime:0.000000s ]
INFO: [ app_init ] --END-- [ RunTime:0.001000s ]
INFO: [ app_begin ] --START--
INFO: Run Behavior\ReadHtmlCacheBehavior [ RunTime:0.001000s ]
INFO: [ app_begin ] --END-- [ RunTime:0.001000s ]
SQL: SHOW COLUMNS FROM `tb_new` [ RunTime:0.0050s ]
SQL: SELECT COUNT(*) AS tp_count FROM `tb_new` WHERE ( 1 and declaration_price >= 1000 and declaration_price <= 300000 ) LIMIT 1   [ RunTime:0.0050s ]
SQL: SELECT * FROM `tb_new` WHERE ( 1 and declaration_price >= 1000 and declaration_price <= 300000 ) ORDER BY declaration_date desc LIMIT 0,10   [ RunTime:0.0060s ]
SQL: SHOW COLUMNS FROM `admin_user` [ RunTime:0.0050s ]
SQL: SELECT * FROM `admin_user` LIMIT 1   [ RunTime:0.0040s ]
INFO: [ view_parse ] --START--
INFO: [ template_filter ] --START--
INFO: Run Behavior\ContentReplaceBehavior [ RunTime:0.000000s ]
INFO: [ template_filter ] --END-- [ RunTime:0.000000s ]
INFO: Run Behavior\ParseTemplateBehavior [ RunTime:0.008000s ]
INFO: [ view_parse ] --END-- [ RunTime:0.008000s ]
INFO: [ view_filter ] --START--
INFO: Run Behavior\WriteHtmlCacheBehavior [ RunTime:0.000000s ]
INFO: [ view_filter ] --END-- [ RunTime:0.000000s ]
INFO: [ app_end ] --START--
INFO: Run Behavior\ShowPageTraceBehavior [ RunTime:0.001000s ]
INFO: [ app_end ] --END-- [ RunTime:0.001000s ]

