[ 2016-12-06T11:43:30+08:00 ] 127.0.0.1 /
INFO: [ app_init ] --START--
INFO: Run Behavior\BuildLiteBehavior [ RunTime:0.000082s ]
INFO: [ app_init ] --END-- [ RunTime:0.002310s ]
INFO: [ app_begin ] --START--
INFO: Run Behavior\ReadHtmlCacheBehavior [ RunTime:0.008871s ]
INFO: [ app_begin ] --END-- [ RunTime:0.009284s ]
INFO: [ view_parse ] --START--
INFO: [ template_filter ] --START--
INFO: Run Behavior\ContentReplaceBehavior [ RunTime:0.000405s ]
INFO: [ template_filter ] --END-- [ RunTime:0.000777s ]
INFO: Run Behavior\ParseTemplateBehavior [ RunTime:0.051905s ]
INFO: [ view_parse ] --END-- [ RunTime:0.052421s ]
INFO: [ view_filter ] --START--
INFO: Run Behavior\WriteHtmlCacheBehavior [ RunTime:0.002269s ]
INFO: [ view_filter ] --END-- [ RunTime:0.003194s ]
INFO: [ app_end ] --START--
INFO: Run Behavior\ShowPageTraceBehavior [ RunTime:0.007886s ]
INFO: [ app_end ] --END-- [ RunTime:0.008313s ]

[ 2016-12-06T11:48:35+08:00 ] 127.0.0.1 /index.php/Home/Login/login
INFO: [ app_init ] --START--
INFO: Run Behavior\BuildLiteBehavior [ RunTime:0.000084s ]
INFO: [ app_init ] --END-- [ RunTime:0.002766s ]
INFO: [ app_begin ] --START--
INFO: Run Behavior\ReadHtmlCacheBehavior [ RunTime:0.005057s ]
INFO: [ app_begin ] --END-- [ RunTime:0.005434s ]
SQL: SHOW COLUMNS FROM `member` [ RunTime:0.0438s ]
SQL: SELECT * FROM `member` WHERE `member_name` = 'zxkj' AND `member_passwd` = '638829c3b9be36c862dd601bae8de183' LIMIT 1   [ RunTime:0.0064s ]
NOTIC: [8] Undefined variable: token E:\xiangmu\www.bdsite.com\Application\Home\Controller\LoginController.class.php 第 57 行.
INFO: [ view_parse ] --START--
INFO: [ template_filter ] --START--
INFO: Run Behavior\ContentReplaceBehavior [ RunTime:0.000276s ]
INFO: [ template_filter ] --END-- [ RunTime:0.000663s ]
INFO: Run Behavior\ParseTemplateBehavior [ RunTime:0.043029s ]
INFO: [ view_parse ] --END-- [ RunTime:0.043649s ]
INFO: [ view_filter ] --START--
INFO: Run Behavior\WriteHtmlCacheBehavior [ RunTime:0.002743s ]
INFO: [ view_filter ] --END-- [ RunTime:0.003089s ]
INFO: [ app_end ] --START--
INFO: Run Behavior\ShowPageTraceBehavior [ RunTime:0.004253s ]
INFO: [ app_end ] --END-- [ RunTime:0.004649s ]

[ 2016-12-06T11:48:37+08:00 ] 127.0.0.1 /index.php/Home/Index/index.html
INFO: [ app_init ] --START--
INFO: Run Behavior\BuildLiteBehavior [ RunTime:0.000120s ]
INFO: [ app_init ] --END-- [ RunTime:0.002994s ]
INFO: [ app_begin ] --START--
INFO: Run Behavior\ReadHtmlCacheBehavior [ RunTime:0.002995s ]
INFO: [ app_begin ] --END-- [ RunTime:0.003719s ]
SQL: SHOW COLUMNS FROM `mb_user_token` [ RunTime:0.0765s ]
SQL: SELECT * FROM `mb_user_token` WHERE `member_id` = 1 ORDER BY token_id desc LIMIT 1   [ RunTime:0.0061s ]
NOTIC: [8] Undefined index: token E:\xiangmu\www.bdsite.com\Application\Home\Controller\IndexController.class.php 第 17 行.
INFO: [ view_parse ] --START--
INFO: [ template_filter ] --START--
INFO: Run Behavior\ContentReplaceBehavior [ RunTime:0.000275s ]
INFO: [ template_filter ] --END-- [ RunTime:0.000597s ]
INFO: Run Behavior\ParseTemplateBehavior [ RunTime:0.031939s ]
INFO: [ view_parse ] --END-- [ RunTime:0.032313s ]
INFO: [ view_filter ] --START--
INFO: Run Behavior\WriteHtmlCacheBehavior [ RunTime:0.001307s ]
INFO: [ view_filter ] --END-- [ RunTime:0.001840s ]

[ 2016-12-06T11:48:38+08:00 ] 127.0.0.1 /index.php/Home/Login/index.html
INFO: [ app_init ] --START--
INFO: Run Behavior\BuildLiteBehavior [ RunTime:0.000082s ]
INFO: [ app_init ] --END-- [ RunTime:0.006052s ]
INFO: [ app_begin ] --START--
INFO: Run Behavior\ReadHtmlCacheBehavior [ RunTime:0.002784s ]
INFO: [ app_begin ] --END-- [ RunTime:0.003178s ]
INFO: [ view_parse ] --START--
INFO: [ template_filter ] --START--
INFO: Run Behavior\ContentReplaceBehavior [ RunTime:0.001004s ]
INFO: [ template_filter ] --END-- [ RunTime:0.001420s ]
INFO: Run Behavior\ParseTemplateBehavior [ RunTime:0.050534s ]
INFO: [ view_parse ] --END-- [ RunTime:0.050956s ]
INFO: [ view_filter ] --START--
INFO: Run Behavior\WriteHtmlCacheBehavior [ RunTime:0.002080s ]
INFO: [ view_filter ] --END-- [ RunTime:0.002456s ]
INFO: [ app_end ] --START--
INFO: Run Behavior\ShowPageTraceBehavior [ RunTime:0.003906s ]
INFO: [ app_end ] --END-- [ RunTime:0.004262s ]

[ 2016-12-06T11:49:31+08:00 ] 127.0.0.1 /index.php/Home/Login/login
INFO: [ app_init ] --START--
INFO: Run Behavior\BuildLiteBehavior [ RunTime:0.000076s ]
INFO: [ app_init ] --END-- [ RunTime:0.002057s ]
INFO: [ app_begin ] --START--
INFO: Run Behavior\ReadHtmlCacheBehavior [ RunTime:0.005957s ]
INFO: [ app_begin ] --END-- [ RunTime:0.006368s ]
SQL: SHOW COLUMNS FROM `member` [ RunTime:0.0404s ]
SQL: SELECT * FROM `member` WHERE `member_name` = 'zxkj' AND `member_passwd` = '638829c3b9be36c862dd601bae8de183' LIMIT 1   [ RunTime:0.0043s ]
NOTIC: [8] Undefined variable: token E:\xiangmu\www.bdsite.com\Application\Home\Controller\LoginController.class.php 第 57 行.
INFO: [ view_parse ] --START--
INFO: [ template_filter ] --START--
INFO: Run Behavior\ContentReplaceBehavior [ RunTime:0.000259s ]
INFO: [ template_filter ] --END-- [ RunTime:0.000610s ]
INFO: Run Behavior\ParseTemplateBehavior [ RunTime:0.035058s ]
INFO: [ view_parse ] --END-- [ RunTime:0.035533s ]
INFO: [ view_filter ] --START--
INFO: Run Behavior\WriteHtmlCacheBehavior [ RunTime:0.001453s ]
INFO: [ view_filter ] --END-- [ RunTime:0.001814s ]
INFO: [ app_end ] --START--
INFO: Run Behavior\ShowPageTraceBehavior [ RunTime:0.003106s ]
INFO: [ app_end ] --END-- [ RunTime:0.003610s ]

[ 2016-12-06T11:49:32+08:00 ] 127.0.0.1 /index.php/Home/Index/index.html
INFO: [ app_init ] --START--
INFO: Run Behavior\BuildLiteBehavior [ RunTime:0.000089s ]
INFO: [ app_init ] --END-- [ RunTime:0.004678s ]
INFO: [ app_begin ] --START--
INFO: Run Behavior\ReadHtmlCacheBehavior [ RunTime:0.002816s ]
INFO: [ app_begin ] --END-- [ RunTime:0.003209s ]
SQL: SHOW COLUMNS FROM `mb_user_token` [ RunTime:0.0544s ]
SQL: SELECT * FROM `mb_user_token` WHERE `member_id` = 1 ORDER BY token_id desc LIMIT 1   [ RunTime:0.0059s ]
NOTIC: [8] Undefined index: token E:\xiangmu\www.bdsite.com\Application\Home\Controller\IndexController.class.php 第 17 行.
INFO: [ view_parse ] --START--
INFO: [ template_filter ] --START--
INFO: Run Behavior\ContentReplaceBehavior [ RunTime:0.000286s ]
INFO: [ template_filter ] --END-- [ RunTime:0.000692s ]
INFO: Run Behavior\ParseTemplateBehavior [ RunTime:0.036578s ]
INFO: [ view_parse ] --END-- [ RunTime:0.037035s ]
INFO: [ view_filter ] --START--
INFO: Run Behavior\WriteHtmlCacheBehavior [ RunTime:0.001765s ]
INFO: [ view_filter ] --END-- [ RunTime:0.002176s ]

[ 2016-12-06T11:49:34+08:00 ] 127.0.0.1 /index.php/Home/Login/index.html
INFO: [ app_init ] --START--
INFO: Run Behavior\BuildLiteBehavior [ RunTime:0.000078s ]
INFO: [ app_init ] --END-- [ RunTime:0.002815s ]
INFO: [ app_begin ] --START--
INFO: Run Behavior\ReadHtmlCacheBehavior [ RunTime:0.002599s ]
INFO: [ app_begin ] --END-- [ RunTime:0.002985s ]
INFO: [ view_parse ] --START--
INFO: [ template_filter ] --START--
INFO: Run Behavior\ContentReplaceBehavior [ RunTime:0.000416s ]
INFO: [ template_filter ] --END-- [ RunTime:0.000762s ]
INFO: Run Behavior\ParseTemplateBehavior [ RunTime:0.043129s ]
INFO: [ view_parse ] --END-- [ RunTime:0.043493s ]
INFO: [ view_filter ] --START--
INFO: Run Behavior\WriteHtmlCacheBehavior [ RunTime:0.001431s ]
INFO: [ view_filter ] --END-- [ RunTime:0.001815s ]
INFO: [ app_end ] --START--
INFO: Run Behavior\ShowPageTraceBehavior [ RunTime:0.003331s ]
INFO: [ app_end ] --END-- [ RunTime:0.003726s ]

[ 2016-12-06T11:50:11+08:00 ] 127.0.0.1 /index.php/Home/Login/login
INFO: [ app_init ] --START--
INFO: Run Behavior\BuildLiteBehavior [ RunTime:0.000082s ]
INFO: [ app_init ] --END-- [ RunTime:0.001942s ]
INFO: [ app_begin ] --START--
INFO: Run Behavior\ReadHtmlCacheBehavior [ RunTime:0.002904s ]
INFO: [ app_begin ] --END-- [ RunTime:0.003296s ]
SQL: SHOW COLUMNS FROM `member` [ RunTime:0.0572s ]
SQL: SELECT * FROM `member` WHERE `member_name` = 'zxkj' AND `member_passwd` = '638829c3b9be36c862dd601bae8de183' LIMIT 1   [ RunTime:0.0054s ]

[ 2016-12-06T11:52:23+08:00 ] 127.0.0.1 /index.php/Home/Login/login
INFO: [ app_init ] --START--
INFO: Run Behavior\BuildLiteBehavior [ RunTime:0.000132s ]
INFO: [ app_init ] --END-- [ RunTime:0.002919s ]
INFO: [ app_begin ] --START--
INFO: Run Behavior\ReadHtmlCacheBehavior [ RunTime:0.003644s ]
INFO: [ app_begin ] --END-- [ RunTime:0.004018s ]
SQL: SHOW COLUMNS FROM `member` [ RunTime:0.0377s ]
SQL: SELECT * FROM `member` WHERE `member_name` = 'zxkj' AND `member_passwd` = '638829c3b9be36c862dd601bae8de183' LIMIT 1   [ RunTime:0.0038s ]
NOTIC: [8] Undefined variable: token E:\xiangmu\www.bdsite.com\Application\Home\Controller\LoginController.class.php 第 59 行.
INFO: [ view_parse ] --START--
INFO: [ template_filter ] --START--
INFO: Run Behavior\ContentReplaceBehavior [ RunTime:0.000257s ]
INFO: [ template_filter ] --END-- [ RunTime:0.000645s ]
INFO: Run Behavior\ParseTemplateBehavior [ RunTime:0.039338s ]
INFO: [ view_parse ] --END-- [ RunTime:0.039877s ]
INFO: [ view_filter ] --START--
INFO: Run Behavior\WriteHtmlCacheBehavior [ RunTime:0.002517s ]
INFO: [ view_filter ] --END-- [ RunTime:0.002862s ]
INFO: [ app_end ] --START--
INFO: Run Behavior\ShowPageTraceBehavior [ RunTime:0.003821s ]
INFO: [ app_end ] --END-- [ RunTime:0.004247s ]

[ 2016-12-06T11:52:27+08:00 ] 127.0.0.1 /index.php/Home/Index/index.html
INFO: [ app_init ] --START--
INFO: Run Behavior\BuildLiteBehavior [ RunTime:0.000077s ]
INFO: [ app_init ] --END-- [ RunTime:0.001960s ]
INFO: [ app_begin ] --START--
INFO: Run Behavior\ReadHtmlCacheBehavior [ RunTime:0.008000s ]
INFO: [ app_begin ] --END-- [ RunTime:0.008357s ]
SQL: SHOW COLUMNS FROM `mb_user_token` [ RunTime:0.0268s ]
SQL: SELECT * FROM `mb_user_token` WHERE `member_id` = 1 ORDER BY token_id desc LIMIT 1   [ RunTime:0.0038s ]
NOTIC: [8] Undefined index: token E:\xiangmu\www.bdsite.com\Application\Home\Controller\IndexController.class.php 第 17 行.
INFO: [ view_parse ] --START--
INFO: [ template_filter ] --START--
INFO: Run Behavior\ContentReplaceBehavior [ RunTime:0.000302s ]
INFO: [ template_filter ] --END-- [ RunTime:0.000671s ]
INFO: Run Behavior\ParseTemplateBehavior [ RunTime:0.037466s ]
INFO: [ view_parse ] --END-- [ RunTime:0.037867s ]
INFO: [ view_filter ] --START--
INFO: Run Behavior\WriteHtmlCacheBehavior [ RunTime:0.001286s ]
INFO: [ view_filter ] --END-- [ RunTime:0.001598s ]

[ 2016-12-06T11:52:28+08:00 ] 127.0.0.1 /index.php/Home/Login/index.html
INFO: [ app_init ] --START--
INFO: Run Behavior\BuildLiteBehavior [ RunTime:0.000085s ]
INFO: [ app_init ] --END-- [ RunTime:0.003577s ]
INFO: [ app_begin ] --START--
INFO: Run Behavior\ReadHtmlCacheBehavior [ RunTime:0.002882s ]
INFO: [ app_begin ] --END-- [ RunTime:0.003327s ]
INFO: [ view_parse ] --START--
INFO: [ template_filter ] --START--
INFO: Run Behavior\ContentReplaceBehavior [ RunTime:0.000435s ]
INFO: [ template_filter ] --END-- [ RunTime:0.000826s ]
INFO: Run Behavior\ParseTemplateBehavior [ RunTime:0.056471s ]
INFO: [ view_parse ] --END-- [ RunTime:0.056854s ]
INFO: [ view_filter ] --START--
INFO: Run Behavior\WriteHtmlCacheBehavior [ RunTime:0.001261s ]
INFO: [ view_filter ] --END-- [ RunTime:0.001591s ]
INFO: [ app_end ] --START--
INFO: Run Behavior\ShowPageTraceBehavior [ RunTime:0.003872s ]
INFO: [ app_end ] --END-- [ RunTime:0.004760s ]

[ 2016-12-06T11:55:05+08:00 ] 127.0.0.1 /index.php/Home/Login/login
INFO: [ app_init ] --START--
INFO: Run Behavior\BuildLiteBehavior [ RunTime:0.000077s ]
INFO: [ app_init ] --END-- [ RunTime:0.002389s ]
INFO: [ app_begin ] --START--
INFO: Run Behavior\ReadHtmlCacheBehavior [ RunTime:0.004787s ]
INFO: [ app_begin ] --END-- [ RunTime:0.005208s ]
SQL: SHOW COLUMNS FROM `member` [ RunTime:0.0416s ]
SQL: SELECT * FROM `member` WHERE `member_name` = 'zxkj' AND `member_passwd` = '638829c3b9be36c862dd601bae8de183' LIMIT 1   [ RunTime:0.0048s ]
NOTIC: [8] Undefined variable: token E:\xiangmu\www.bdsite.com\Application\Home\Controller\LoginController.class.php 第 59 行.
INFO: [ view_parse ] --START--
INFO: [ template_filter ] --START--
INFO: Run Behavior\ContentReplaceBehavior [ RunTime:0.000315s ]
INFO: [ template_filter ] --END-- [ RunTime:0.001706s ]
INFO: Run Behavior\ParseTemplateBehavior [ RunTime:0.038797s ]
INFO: [ view_parse ] --END-- [ RunTime:0.039249s ]
INFO: [ view_filter ] --START--
INFO: Run Behavior\WriteHtmlCacheBehavior [ RunTime:0.002148s ]
INFO: [ view_filter ] --END-- [ RunTime:0.002497s ]
INFO: [ app_end ] --START--
INFO: Run Behavior\ShowPageTraceBehavior [ RunTime:0.003463s ]
INFO: [ app_end ] --END-- [ RunTime:0.003836s ]

[ 2016-12-06T11:55:09+08:00 ] 127.0.0.1 /index.php/Home/Index/index.html
INFO: [ app_init ] --START--
INFO: Run Behavior\BuildLiteBehavior [ RunTime:0.000074s ]
INFO: [ app_init ] --END-- [ RunTime:0.001962s ]
INFO: [ app_begin ] --START--
INFO: Run Behavior\ReadHtmlCacheBehavior [ RunTime:0.002494s ]
INFO: [ app_begin ] --END-- [ RunTime:0.002864s ]
SQL: SHOW COLUMNS FROM `tb_bankinfo` [ RunTime:0.0382s ]
SQL: SELECT * FROM `tb_bankinfo`  [ RunTime:0.0036s ]
SQL: SHOW COLUMNS FROM `tb_userbalance` [ RunTime:0.1146s ]
SQL: SELECT * FROM `tb_userbalance` WHERE `userid` = 1 LIMIT 1   [ RunTime:0.0062s ]
SQL: SHOW COLUMNS FROM `member` [ RunTime:0.0592s ]
SQL: SELECT * FROM `member` WHERE `member_id` = 1 LIMIT 1   [ RunTime:0.0093s ]
SQL: SHOW COLUMNS FROM `tb_amountrecord` [ RunTime:0.0358s ]
SQL: SELECT COUNT(*) AS tp_count FROM `tb_amountrecord` WHERE `uid` = 1 AND ( isdelete = 0 ) LIMIT 1   [ RunTime:0.0217s ]
SQL: SELECT COUNT(*) AS tp_count FROM `member` WHERE `inviter_id` = 'zxkj' LIMIT 1   [ RunTime:0.0129s ]
SQL: SHOW COLUMNS FROM `ransfer_record` [ RunTime:0.0303s ]
SQL: SELECT SUM(charitable) AS tp_Sum FROM `ransfer_record` WHERE `member_id` = 1 LIMIT 1   [ RunTime:0.0039s ]
SQL: SELECT * FROM `member` WHERE `member_name` = null LIMIT 1   [ RunTime:0.0038s ]
INFO: [ view_parse ] --START--
INFO: [ template_filter ] --START--
INFO: Run Behavior\ContentReplaceBehavior [ RunTime:0.000988s ]
INFO: [ template_filter ] --END-- [ RunTime:0.001365s ]
NOTIC: [8] Undefined index: bankcard E:\xiangmu\www.bdsite.com\Application\Runtime\Cache\Home\2a94b8bda04ff446dcedd42276fc99ee.php 第 437 行.
INFO: Run Behavior\ParseTemplateBehavior [ RunTime:0.111006s ]
INFO: [ view_parse ] --END-- [ RunTime:0.111578s ]
INFO: [ view_filter ] --START--
INFO: Run Behavior\WriteHtmlCacheBehavior [ RunTime:0.001485s ]
INFO: [ view_filter ] --END-- [ RunTime:0.001813s ]
INFO: [ app_end ] --START--
INFO: Run Behavior\ShowPageTraceBehavior [ RunTime:0.003232s ]
INFO: [ app_end ] --END-- [ RunTime:0.003620s ]

[ 2016-12-06T11:55:25+08:00 ] 127.0.0.1 /index.php/Home/Wallet/index
INFO: [ app_init ] --START--
INFO: Run Behavior\BuildLiteBehavior [ RunTime:0.000084s ]
INFO: [ app_init ] --END-- [ RunTime:0.002792s ]
INFO: [ app_begin ] --START--
INFO: Run Behavior\ReadHtmlCacheBehavior [ RunTime:0.018536s ]
INFO: [ app_begin ] --END-- [ RunTime:0.019001s ]
SQL: SHOW COLUMNS FROM `mb_user_token` [ RunTime:0.0370s ]
SQL: SELECT * FROM `mb_user_token` WHERE `member_id` = 1 ORDER BY token_id desc LIMIT 1   [ RunTime:0.0070s ]
NOTIC: [8] Undefined index: token E:\xiangmu\www.bdsite.com\Application\Home\Controller\WalletController.class.php 第 17 行.
INFO: [ view_parse ] --START--
INFO: [ template_filter ] --START--
INFO: Run Behavior\ContentReplaceBehavior [ RunTime:0.000265s ]
INFO: [ template_filter ] --END-- [ RunTime:0.000634s ]
INFO: Run Behavior\ParseTemplateBehavior [ RunTime:0.039986s ]
INFO: [ view_parse ] --END-- [ RunTime:0.040455s ]
INFO: [ view_filter ] --START--
INFO: Run Behavior\WriteHtmlCacheBehavior [ RunTime:0.002143s ]
INFO: [ view_filter ] --END-- [ RunTime:0.002533s ]

[ 2016-12-06T11:55:26+08:00 ] 127.0.0.1 /index.php/Home/Login/index.html
INFO: [ app_init ] --START--
INFO: Run Behavior\BuildLiteBehavior [ RunTime:0.000055s ]
INFO: [ app_init ] --END-- [ RunTime:0.002464s ]
INFO: [ app_begin ] --START--
INFO: Run Behavior\ReadHtmlCacheBehavior [ RunTime:0.002672s ]
INFO: [ app_begin ] --END-- [ RunTime:0.005040s ]
INFO: [ view_parse ] --START--
INFO: [ template_filter ] --START--
INFO: Run Behavior\ContentReplaceBehavior [ RunTime:0.000317s ]
INFO: [ template_filter ] --END-- [ RunTime:0.000587s ]
INFO: Run Behavior\ParseTemplateBehavior [ RunTime:0.040310s ]
INFO: [ view_parse ] --END-- [ RunTime:0.040667s ]
INFO: [ view_filter ] --START--
INFO: Run Behavior\WriteHtmlCacheBehavior [ RunTime:0.001466s ]
INFO: [ view_filter ] --END-- [ RunTime:0.001829s ]
INFO: [ app_end ] --START--
INFO: Run Behavior\ShowPageTraceBehavior [ RunTime:0.006965s ]
INFO: [ app_end ] --END-- [ RunTime:0.007339s ]

[ 2016-12-06T11:58:09+08:00 ] 127.0.0.1 /index.php/Home/Login/login
INFO: [ app_init ] --START--
INFO: Run Behavior\BuildLiteBehavior [ RunTime:0.000076s ]
INFO: [ app_init ] --END-- [ RunTime:0.002224s ]
INFO: [ app_begin ] --START--
INFO: Run Behavior\ReadHtmlCacheBehavior [ RunTime:0.003740s ]
INFO: [ app_begin ] --END-- [ RunTime:0.004120s ]
SQL: SHOW COLUMNS FROM `member` [ RunTime:0.0753s ]
SQL: SELECT * FROM `member` WHERE `member_name` = 'zxkj' AND `member_passwd` = '638829c3b9be36c862dd601bae8de183' LIMIT 1   [ RunTime:0.0052s ]
NOTIC: [8] Undefined variable: token E:\xiangmu\www.bdsite.com\Application\Home\Controller\LoginController.class.php 第 59 行.
INFO: [ view_parse ] --START--
INFO: [ template_filter ] --START--
INFO: Run Behavior\ContentReplaceBehavior [ RunTime:0.000249s ]
INFO: [ template_filter ] --END-- [ RunTime:0.000603s ]
INFO: Run Behavior\ParseTemplateBehavior [ RunTime:0.050210s ]
INFO: [ view_parse ] --END-- [ RunTime:0.050665s ]
INFO: [ view_filter ] --START--
INFO: Run Behavior\WriteHtmlCacheBehavior [ RunTime:0.002021s ]
INFO: [ view_filter ] --END-- [ RunTime:0.002352s ]
INFO: [ app_end ] --START--
INFO: Run Behavior\ShowPageTraceBehavior [ RunTime:0.003462s ]
INFO: [ app_end ] --END-- [ RunTime:0.003799s ]

[ 2016-12-06T11:58:13+08:00 ] 127.0.0.1 /index.php/Home/Index/index.html
INFO: [ app_init ] --START--
INFO: Run Behavior\BuildLiteBehavior [ RunTime:0.000074s ]
INFO: [ app_init ] --END-- [ RunTime:0.001912s ]
INFO: [ app_begin ] --START--
INFO: Run Behavior\ReadHtmlCacheBehavior [ RunTime:0.004898s ]
INFO: [ app_begin ] --END-- [ RunTime:0.005256s ]
SQL: SHOW COLUMNS FROM `tb_bankinfo` [ RunTime:0.0443s ]
SQL: SELECT * FROM `tb_bankinfo`  [ RunTime:0.0044s ]
SQL: SHOW COLUMNS FROM `tb_userbalance` [ RunTime:0.0638s ]
SQL: SELECT * FROM `tb_userbalance` WHERE `userid` = 1 LIMIT 1   [ RunTime:0.0027s ]
SQL: SHOW COLUMNS FROM `member` [ RunTime:0.0621s ]
SQL: SELECT * FROM `member` WHERE `member_id` = 1 LIMIT 1   [ RunTime:0.0075s ]
SQL: SHOW COLUMNS FROM `tb_amountrecord` [ RunTime:0.0482s ]
SQL: SELECT COUNT(*) AS tp_count FROM `tb_amountrecord` WHERE `uid` = 1 AND ( isdelete = 0 ) LIMIT 1   [ RunTime:0.0067s ]
SQL: SELECT COUNT(*) AS tp_count FROM `member` WHERE `inviter_id` = 'zxkj' LIMIT 1   [ RunTime:0.0055s ]
SQL: SHOW COLUMNS FROM `ransfer_record` [ RunTime:0.3467s ]
SQL: SELECT SUM(charitable) AS tp_Sum FROM `ransfer_record` WHERE `member_id` = 1 LIMIT 1   [ RunTime:0.0055s ]
SQL: SELECT * FROM `member` WHERE `member_name` = null LIMIT 1   [ RunTime:0.0048s ]
INFO: [ view_parse ] --START--
INFO: [ template_filter ] --START--
INFO: Run Behavior\ContentReplaceBehavior [ RunTime:0.000976s ]
INFO: [ template_filter ] --END-- [ RunTime:0.001338s ]
NOTIC: [8] Undefined index: bankcard E:\xiangmu\www.bdsite.com\Application\Runtime\Cache\Home\2a94b8bda04ff446dcedd42276fc99ee.php 第 437 行.
INFO: Run Behavior\ParseTemplateBehavior [ RunTime:0.116216s ]
INFO: [ view_parse ] --END-- [ RunTime:0.116604s ]
INFO: [ view_filter ] --START--
INFO: Run Behavior\WriteHtmlCacheBehavior [ RunTime:0.001404s ]
INFO: [ view_filter ] --END-- [ RunTime:0.001708s ]
INFO: [ app_end ] --START--
INFO: Run Behavior\ShowPageTraceBehavior [ RunTime:0.003657s ]
INFO: [ app_end ] --END-- [ RunTime:0.004061s ]

[ 2016-12-06T11:58:25+08:00 ] 127.0.0.1 /index.php/Home/Generalize/index
INFO: [ app_init ] --START--
INFO: Run Behavior\BuildLiteBehavior [ RunTime:0.000078s ]
INFO: [ app_init ] --END-- [ RunTime:0.001972s ]
INFO: [ app_begin ] --START--
INFO: Run Behavior\ReadHtmlCacheBehavior [ RunTime:0.004334s ]
INFO: [ app_begin ] --END-- [ RunTime:0.004791s ]
NOTIC: [8] Undefined index: username E:\xiangmu\www.bdsite.com\Application\Home\Controller\GeneralizeController.class.php 第 17 行.
NOTIC: [8] Undefined index: date E:\xiangmu\www.bdsite.com\Application\Home\Controller\GeneralizeController.class.php 第 25 行.
NOTIC: [8] Undefined index: date E:\xiangmu\www.bdsite.com\Application\Home\Controller\GeneralizeController.class.php 第 31 行.
NOTIC: [8] Undefined index: username E:\xiangmu\www.bdsite.com\Application\Home\Controller\GeneralizeController.class.php 第 31 行.
SQL: SHOW COLUMNS FROM `member` [ RunTime:0.0924s ]
SQL: SELECT * FROM `member` WHERE `member_id` = 1 LIMIT 1   [ RunTime:0.0066s ]
SQL: SELECT `member_id` FROM `member` WHERE `team_sign` LIKE '0001%' AND ( team_sign != 0001 )  [ RunTime:0.0377s ]
SQL: SHOW COLUMNS FROM `tb_amountrecord` [ RunTime:0.0636s ]
SQL: SELECT SUM(amount) AS tp_SUM FROM `tb_amountrecord` WHERE ( tb_amountrecord.uid in('4','73','74','75','76','77','78','79','80','81','82','83','84','85','86','87','88','89','90','91','92','93','94','95','96','97','98','99','100','101','102','103','104','105','106','107','110','111','112','113','114','115','116','117','118','119','120','121','122','123','124','125','127','129','132','133','134','135','136','137','138','139','140','142','143','144','145','146','148','149','150','151','152','153','154','155','156','157','158','159','160','161','162','163','164','165','166','167','168','169','170','171','172','173','174','175','176','177','178','179','180','181','182','183','184','185','186','187','188','189','190','191','192','193','194','195','196','197','198','199','200','201','202','203','204','205','206','207','208','209','210','211','212','213','214','215','216','217','218','219','220','221','222','223','224','225','226','227','228','229','230','231','232','233','234','235','236','237','238','239','240','241','242','243','244','245','246','247','248','249','250','251','252','253','254','255','256','257','258','259','260','261','262','263','264','265','266','267','268','269','270','272','273','274','275','276','277','278','279','280','281','282','283','284','285','286','287','288','289','291','292','293','294','295','296','297','298','299','300','301','302','303','304','306','307','308','310','311','312','313','314','315','316','317','318','319','320','322','323','324','325','326','328','329','330','331','333','334','336','337','339','340','341','342','343','344','345','346','348','349','350','351','352','353','354','355','356','357','358','359','360','361','364','365','366','367','368','369','370','371','372','373','374','375','376','377','378','379','380','381','382','383','384','385','386','387','388','389','390','391','392','393','394','395','396','397','399','401','402','403','404','405','406','407','408','409','410','411','415','417','419','420','421','422','423','424','425','426','427','428','430','432','433','434','435','436','437','441','442','444','445','446','447','448','449','450','451','452','453','454','455','456','458','462','463','464','465','466','468','469','470','471','472','473','474','475','476','477','478','479','480','481','482','483','484','485','486','487','488','489','490','491','492','493','494','495','496','497','498','499','500','501','502','503','505','506','507','508','511','514','516','517','518','519','520','521','524','525','529','530','531','532','534','536','540','542','555','557','558','559','560','564','565','566','569','571','573','581','585','587','588','594','595') ) AND ( `recordTime` > '2016-12-05 00:00:00'  ) AND `status` = '2' LIMIT 1   [ RunTime:0.0991s ]
SQL: SELECT COUNT(*) AS tp_count FROM `member` left join tb_userbalance on member.member_id = tb_userbalance.userid  WHERE `inviter_id` = 'zxkj' LIMIT 1   [ RunTime:0.0070s ]
SQL: SELECT * FROM `member` left join tb_userbalance on member.member_id = tb_userbalance.userid  WHERE `inviter_id` = 'zxkj' ORDER BY length(team_sign) LIMIT 0,10   [ RunTime:0.0722s ]
SQL: SHOW COLUMNS FROM `tb_userbalance` [ RunTime:0.1091s ]
SQL: SELECT * FROM `tb_userbalance` WHERE `userid` = 1 LIMIT 1   [ RunTime:0.0042s ]
INFO: [ view_parse ] --START--
INFO: [ template_filter ] --START--
INFO: Run Behavior\ContentReplaceBehavior [ RunTime:0.000962s ]
INFO: [ template_filter ] --END-- [ RunTime:0.001441s ]
SQL: SELECT SUM(amount) AS tp_sum FROM `tb_amountrecord` WHERE ( uid in( 
                            SELECT member_id from member where team_sign like '00010013%' and team_sign != '00010013') AND recordTime > '2016-12-05 00:00:00' and status =2 ) LIMIT 1   [ RunTime:0.0253s ]
SQL: SELECT SUM(amount) AS tp_sum FROM `tb_amountrecord` WHERE ( uid in( 
                            SELECT member_id from member where team_sign like '00010009%' and team_sign != '00010009') AND recordTime > '2016-12-05 00:00:00' and status =2 ) LIMIT 1   [ RunTime:0.0194s ]
SQL: SELECT SUM(amount) AS tp_sum FROM `tb_amountrecord` WHERE ( uid in( 
                            SELECT member_id from member where team_sign like '00010007%' and team_sign != '00010007') AND recordTime > '2016-12-05 00:00:00' and status =2 ) LIMIT 1   [ RunTime:0.0202s ]
SQL: SELECT SUM(amount) AS tp_sum FROM `tb_amountrecord` WHERE ( uid in( 
                            SELECT member_id from member where team_sign like '00010014%' and team_sign != '00010014') AND recordTime > '2016-12-05 00:00:00' and status =2 ) LIMIT 1   [ RunTime:0.0183s ]
SQL: SELECT SUM(amount) AS tp_sum FROM `tb_amountrecord` WHERE ( uid in( 
                            SELECT member_id from member where team_sign like '00010008%' and team_sign != '00010008') AND recordTime > '2016-12-05 00:00:00' and status =2 ) LIMIT 1   [ RunTime:0.0187s ]
SQL: SELECT SUM(amount) AS tp_sum FROM `tb_amountrecord` WHERE ( uid in( 
                            SELECT member_id from member where team_sign like '00010015%' and team_sign != '00010015') AND recordTime > '2016-12-05 00:00:00' and status =2 ) LIMIT 1   [ RunTime:0.0181s ]
SQL: SELECT SUM(amount) AS tp_sum FROM `tb_amountrecord` WHERE ( uid in( 
                            SELECT member_id from member where team_sign like '00010016%' and team_sign != '00010016') AND recordTime > '2016-12-05 00:00:00' and status =2 ) LIMIT 1   [ RunTime:0.0282s ]
SQL: SELECT SUM(amount) AS tp_sum FROM `tb_amountrecord` WHERE ( uid in( 
                            SELECT member_id from member where team_sign like '00010017%' and team_sign != '00010017') AND recordTime > '2016-12-05 00:00:00' and status =2 ) LIMIT 1   [ RunTime:0.0215s ]
SQL: SELECT SUM(amount) AS tp_sum FROM `tb_amountrecord` WHERE ( uid in( 
                            SELECT member_id from member where team_sign like '00010018%' and team_sign != '00010018') AND recordTime > '2016-12-05 00:00:00' and status =2 ) LIMIT 1   [ RunTime:0.0210s ]
SQL: SELECT SUM(amount) AS tp_sum FROM `tb_amountrecord` WHERE ( uid in( 
                            SELECT member_id from member where team_sign like '00010021%' and team_sign != '00010021') AND recordTime > '2016-12-05 00:00:00' and status =2 ) LIMIT 1   [ RunTime:0.0294s ]
INFO: Run Behavior\ParseTemplateBehavior [ RunTime:0.334966s ]
INFO: [ view_parse ] --END-- [ RunTime:0.335423s ]
INFO: [ view_filter ] --START--
INFO: Run Behavior\WriteHtmlCacheBehavior [ RunTime:0.001515s ]
INFO: [ view_filter ] --END-- [ RunTime:0.001884s ]
INFO: [ app_end ] --START--
INFO: Run Behavior\ShowPageTraceBehavior [ RunTime:0.002882s ]
INFO: [ app_end ] --END-- [ RunTime:0.003685s ]

[ 2016-12-06T11:58:34+08:00 ] 127.0.0.1 /index.php/Home/Withdraw/index
INFO: [ app_init ] --START--
INFO: Run Behavior\BuildLiteBehavior [ RunTime:0.000076s ]
INFO: [ app_init ] --END-- [ RunTime:0.004587s ]
INFO: [ app_begin ] --START--
INFO: Run Behavior\ReadHtmlCacheBehavior [ RunTime:0.005847s ]
INFO: [ app_begin ] --END-- [ RunTime:0.006272s ]
SQL: SHOW COLUMNS FROM `sys_code_item` [ RunTime:0.0963s ]
SQL: SELECT * FROM `sys_code_item` WHERE `code_set_id` = 5 AND `code_item_name` = '奖金转消费积分' LIMIT 1   [ RunTime:0.0026s ]
SQL: SELECT * FROM `sys_code_item` WHERE `code_set_id` = 5 AND `code_item_name` = '奖金转钱包' LIMIT 1   [ RunTime:0.0074s ]
SQL: SHOW COLUMNS FROM `tb_userbalance` [ RunTime:0.0391s ]
SQL: SELECT * FROM `tb_userbalance` WHERE `userid` = 1 LIMIT 1   [ RunTime:0.0050s ]
SQL: SHOW COLUMNS FROM `member` [ RunTime:0.0537s ]
SQL: SELECT * FROM `member` WHERE `member_id` = 1 LIMIT 1   [ RunTime:0.0048s ]
INFO: [ view_parse ] --START--
INFO: [ template_filter ] --START--
INFO: Run Behavior\ContentReplaceBehavior [ RunTime:0.000831s ]
INFO: [ template_filter ] --END-- [ RunTime:0.001238s ]
INFO: Run Behavior\ParseTemplateBehavior [ RunTime:0.117321s ]
INFO: [ view_parse ] --END-- [ RunTime:0.117707s ]
INFO: [ view_filter ] --START--
INFO: Run Behavior\WriteHtmlCacheBehavior [ RunTime:0.002478s ]
INFO: [ view_filter ] --END-- [ RunTime:0.003278s ]
INFO: [ app_end ] --START--
INFO: Run Behavior\ShowPageTraceBehavior [ RunTime:0.008868s ]
INFO: [ app_end ] --END-- [ RunTime:0.009301s ]

[ 2016-12-06T11:59:00+08:00 ] 127.0.0.1 /index.php/Home/Wallet/index
INFO: [ app_init ] --START--
INFO: Run Behavior\BuildLiteBehavior [ RunTime:0.000083s ]
INFO: [ app_init ] --END-- [ RunTime:0.009178s ]
INFO: [ app_begin ] --START--
INFO: Run Behavior\ReadHtmlCacheBehavior [ RunTime:0.008184s ]
INFO: [ app_begin ] --END-- [ RunTime:0.008650s ]
SQL: SHOW COLUMNS FROM `pd_recharge` [ RunTime:0.0852s ]
SQL: SELECT COUNT(*) AS tp_count FROM `pd_recharge` WHERE `pdr_member_id` = 1 LIMIT 1   [ RunTime:0.0012s ]
SQL: SELECT * FROM `pd_recharge` WHERE `pdr_member_id` = 1 LIMIT 0,10   [ RunTime:0.0128s ]
SQL: SHOW COLUMNS FROM `member` [ RunTime:0.1470s ]
SQL: SELECT * FROM `member` WHERE `member_id` = 1 LIMIT 1   [ RunTime:0.0126s ]
INFO: [ view_parse ] --START--
INFO: [ template_filter ] --START--
INFO: Run Behavior\ContentReplaceBehavior [ RunTime:0.000662s ]
INFO: [ template_filter ] --END-- [ RunTime:0.001109s ]
INFO: Run Behavior\ParseTemplateBehavior [ RunTime:0.133738s ]
INFO: [ view_parse ] --END-- [ RunTime:0.134198s ]
INFO: [ view_filter ] --START--
INFO: Run Behavior\WriteHtmlCacheBehavior [ RunTime:0.001769s ]
INFO: [ view_filter ] --END-- [ RunTime:0.002884s ]
INFO: [ app_end ] --START--
INFO: Run Behavior\ShowPageTraceBehavior [ RunTime:0.008589s ]
INFO: [ app_end ] --END-- [ RunTime:0.008992s ]

