[ 2016-12-03T14:10:45+08:00 ] 127.0.0.1 /index.php/Home/Table/index?id=1
INFO: [ app_init ] --START--
INFO: Run Behavior\BuildLiteBehavior [ RunTime:0.000053s ]
INFO: [ app_init ] --END-- [ RunTime:0.001966s ]
INFO: [ app_begin ] --START--
INFO: Run Behavior\ReadHtmlCacheBehavior [ RunTime:0.014615s ]
INFO: [ app_begin ] --END-- [ RunTime:0.015035s ]
SQL: SHOW COLUMNS FROM `zxzq_wallet` [ RunTime:0.0297s ]

[ 2016-12-03T14:10:46+08:00 ] 127.0.0.1 /index.php/Home/Table/index?id=1
INFO: [ app_init ] --START--
INFO: Run Behavior\BuildLiteBehavior [ RunTime:0.000040s ]
INFO: [ app_init ] --END-- [ RunTime:0.001270s ]
INFO: [ app_begin ] --START--
INFO: Run Behavior\ReadHtmlCacheBehavior [ RunTime:0.001679s ]
INFO: [ app_begin ] --END-- [ RunTime:0.001890s ]
SQL: SHOW COLUMNS FROM `zxzq_wallet` [ RunTime:0.0199s ]

[ 2016-12-03T14:10:51+08:00 ] 127.0.0.1 /index.php/Home/Table/
INFO: [ app_init ] --START--
INFO: Run Behavior\BuildLiteBehavior [ RunTime:0.000068s ]
INFO: [ app_init ] --END-- [ RunTime:0.001421s ]
INFO: [ app_begin ] --START--
INFO: Run Behavior\ReadHtmlCacheBehavior [ RunTime:0.002288s ]
INFO: [ app_begin ] --END-- [ RunTime:0.002553s ]
SQL: SHOW COLUMNS FROM `zxzq_wallet` [ RunTime:0.0341s ]

[ 2016-12-03T14:11:01+08:00 ] 127.0.0.1 /index.php/Home/Table/
INFO: [ app_init ] --START--
INFO: Run Behavior\BuildLiteBehavior [ RunTime:0.000062s ]
INFO: [ app_init ] --END-- [ RunTime:0.001594s ]
INFO: [ app_begin ] --START--
INFO: Run Behavior\ReadHtmlCacheBehavior [ RunTime:0.002925s ]
INFO: [ app_begin ] --END-- [ RunTime:0.003257s ]
SQL: SHOW COLUMNS FROM `zxzq_wallet` [ RunTime:0.0244s ]
INFO: [ view_parse ] --START--
INFO: [ template_filter ] --START--
INFO: Run Behavior\ContentReplaceBehavior [ RunTime:0.000757s ]
INFO: [ template_filter ] --END-- [ RunTime:0.001299s ]
NOTIC: [8] Undefined index: id E:\xiangmu\zq\zq\Application\Runtime\Cache\Home\d2741c2bbf13319497bdd823a5eb1e01.php 第 81 行.
NOTIC: [8] Undefined index: id E:\xiangmu\zq\zq\Application\Runtime\Cache\Home\d2741c2bbf13319497bdd823a5eb1e01.php 第 87 行.
NOTIC: [8] Undefined variable: show E:\xiangmu\zq\zq\Application\Runtime\Cache\Home\d2741c2bbf13319497bdd823a5eb1e01.php 第 250 行.
INFO: Run Behavior\ParseTemplateBehavior [ RunTime:0.064210s ]
INFO: [ view_parse ] --END-- [ RunTime:0.064659s ]
INFO: [ view_filter ] --START--
INFO: Run Behavior\WriteHtmlCacheBehavior [ RunTime:0.001755s ]
INFO: [ view_filter ] --END-- [ RunTime:0.002123s ]
INFO: [ app_end ] --START--
INFO: Run Behavior\ShowPageTraceBehavior [ RunTime:0.003906s ]
INFO: [ app_end ] --END-- [ RunTime:0.004208s ]

[ 2016-12-03T14:11:21+08:00 ] 127.0.0.1 /index.php/Home/Table/index?id=1
INFO: [ app_init ] --START--
INFO: Run Behavior\BuildLiteBehavior [ RunTime:0.000056s ]
INFO: [ app_init ] --END-- [ RunTime:0.001513s ]
INFO: [ app_begin ] --START--
INFO: Run Behavior\ReadHtmlCacheBehavior [ RunTime:0.005946s ]
INFO: [ app_begin ] --END-- [ RunTime:0.006302s ]
SQL: SHOW COLUMNS FROM `zxzq_wallet` [ RunTime:0.0355s ]

[ 2016-12-03T14:11:54+08:00 ] 127.0.0.1 /index.php/Home/Table/index?id=1
INFO: [ app_init ] --START--
INFO: Run Behavior\BuildLiteBehavior [ RunTime:0.000058s ]
INFO: [ app_init ] --END-- [ RunTime:0.001736s ]
INFO: [ app_begin ] --START--
INFO: Run Behavior\ReadHtmlCacheBehavior [ RunTime:0.029710s ]
INFO: [ app_begin ] --END-- [ RunTime:0.030614s ]
SQL: SHOW COLUMNS FROM `zxzq_wallet` [ RunTime:0.0217s ]
ERR: Think\Model:getFields方法不存在！

[ 2016-12-03T14:12:19+08:00 ] 127.0.0.1 /index.php/Home/Table/index?id=1
INFO: [ app_init ] --START--
INFO: Run Behavior\BuildLiteBehavior [ RunTime:0.000119s ]
INFO: [ app_init ] --END-- [ RunTime:0.002675s ]
INFO: [ app_begin ] --START--
INFO: Run Behavior\ReadHtmlCacheBehavior [ RunTime:0.003509s ]
INFO: [ app_begin ] --END-- [ RunTime:0.003850s ]
SQL: SHOW COLUMNS FROM `zxzq_wallet` [ RunTime:0.0333s ]

