[ 2016-04-13T11:37:09+08:00 ] 127.0.0.1 /index.php/Home/Comment/tianjia
INFO: [ app_begin ] --START--
INFO: Run Behavior\ReadHtmlCacheBehavior [ RunTime:0.002100s ]
INFO: [ app_begin ] --END-- [ RunTime:0.003235s ]
SQL: SHOW COLUMNS FROM `sp_category` [ RunTime:0.0109s ]
SQL: SELECT * FROM `sp_category` WHERE `cat_level` = '0'  [ RunTime:0.0006s ]
SQL: SELECT * FROM `sp_category` WHERE `cat_level` = '1'  [ RunTime:0.0004s ]
SQL: SELECT * FROM `sp_category` WHERE `cat_level` = '2'  [ RunTime:0.0004s ]
SQL: SHOW COLUMNS FROM `sp_comment` [ RunTime:0.0083s ]
ERR: SQLSTATE[01000]: Warning: 1265 Data truncated for column 'cmt_star' at row 1

[ 2016-04-13T11:38:27+08:00 ] 127.0.0.1 /index.php/Home/Comment/tianjia
INFO: [ app_begin ] --START--
INFO: Run Behavior\ReadHtmlCacheBehavior [ RunTime:0.001056s ]
INFO: [ app_begin ] --END-- [ RunTime:0.001820s ]
SQL: SHOW COLUMNS FROM `sp_category` [ RunTime:0.0071s ]
SQL: SELECT * FROM `sp_category` WHERE `cat_level` = '0'  [ RunTime:0.0005s ]
SQL: SELECT * FROM `sp_category` WHERE `cat_level` = '1'  [ RunTime:0.0005s ]
SQL: SELECT * FROM `sp_category` WHERE `cat_level` = '2'  [ RunTime:0.0004s ]
SQL: SHOW COLUMNS FROM `sp_comment` [ RunTime:0.0088s ]
ERR: SQLSTATE[01000]: Warning: 1265 Data truncated for column 'cmt_star' at row 1

[ 2016-04-13T11:40:17+08:00 ] 127.0.0.1 /index.php/Home/Comment/tianjia
INFO: [ app_begin ] --START--
INFO: Run Behavior\ReadHtmlCacheBehavior [ RunTime:0.001186s ]
INFO: [ app_begin ] --END-- [ RunTime:0.001914s ]
SQL: SHOW COLUMNS FROM `sp_category` [ RunTime:0.0086s ]
SQL: SELECT * FROM `sp_category` WHERE `cat_level` = '0'  [ RunTime:0.0005s ]
SQL: SELECT * FROM `sp_category` WHERE `cat_level` = '1'  [ RunTime:0.0004s ]
SQL: SELECT * FROM `sp_category` WHERE `cat_level` = '2'  [ RunTime:0.0007s ]
SQL: SHOW COLUMNS FROM `sp_comment` [ RunTime:0.0090s ]
ERR: SQLSTATE[01000]: Warning: 1265 Data truncated for column 'cmt_star' at row 1

[ 2016-04-13T11:41:32+08:00 ] 127.0.0.1 /index.php/Home/Comment/tianjia
INFO: [ app_begin ] --START--
INFO: Run Behavior\ReadHtmlCacheBehavior [ RunTime:0.001280s ]
INFO: [ app_begin ] --END-- [ RunTime:0.002202s ]
SQL: SHOW COLUMNS FROM `sp_category` [ RunTime:0.0071s ]
SQL: SELECT * FROM `sp_category` WHERE `cat_level` = '0'  [ RunTime:0.0003s ]
SQL: SELECT * FROM `sp_category` WHERE `cat_level` = '1'  [ RunTime:0.0002s ]
SQL: SELECT * FROM `sp_category` WHERE `cat_level` = '2'  [ RunTime:0.0003s ]
SQL: SHOW COLUMNS FROM `sp_comment` [ RunTime:0.0073s ]
ERR: SQLSTATE[01000]: Warning: 1265 Data truncated for column 'cmt_star' at row 1

[ 2016-04-13T11:42:24+08:00 ] 127.0.0.1 /index.php/Home/Comment/tianjia
INFO: [ app_begin ] --START--
INFO: Run Behavior\ReadHtmlCacheBehavior [ RunTime:0.001091s ]
INFO: [ app_begin ] --END-- [ RunTime:0.001804s ]
SQL: SHOW COLUMNS FROM `sp_category` [ RunTime:0.0116s ]
SQL: SELECT * FROM `sp_category` WHERE `cat_level` = '0'  [ RunTime:0.0062s ]
SQL: SELECT * FROM `sp_category` WHERE `cat_level` = '1'  [ RunTime:0.0007s ]
SQL: SELECT * FROM `sp_category` WHERE `cat_level` = '2'  [ RunTime:0.0005s ]
INFO: [ app_end ] --START--
INFO: Run Behavior\ShowPageTraceBehavior [ RunTime:0.001676s ]
INFO: [ app_end ] --END-- [ RunTime:0.001840s ]

[ 2016-04-13T11:44:26+08:00 ] 127.0.0.1 /index.php/Home/Comment/tianjia
INFO: [ app_begin ] --START--
INFO: Run Behavior\ReadHtmlCacheBehavior [ RunTime:0.001278s ]
INFO: [ app_begin ] --END-- [ RunTime:0.002158s ]
SQL: SHOW COLUMNS FROM `sp_category` [ RunTime:0.0083s ]
SQL: SELECT * FROM `sp_category` WHERE `cat_level` = '0'  [ RunTime:0.0004s ]
SQL: SELECT * FROM `sp_category` WHERE `cat_level` = '1'  [ RunTime:0.0003s ]
SQL: SELECT * FROM `sp_category` WHERE `cat_level` = '2'  [ RunTime:0.0003s ]
SQL: SHOW COLUMNS FROM `sp_comment` [ RunTime:0.0092s ]
SQL: INSERT INTO `sp_comment` (`cmt_star`,`cmt_msg`,`add_time`,`user_id`,`goods_id`) VALUES ('5','','1460519066','12','0') [ RunTime:0.0015s ]
INFO: [ app_end ] --START--
INFO: Run Behavior\ShowPageTraceBehavior [ RunTime:0.002645s ]
INFO: [ app_end ] --END-- [ RunTime:0.002818s ]

[ 2016-04-13T11:48:33+08:00 ] 127.0.0.1 /index.php/Home/Comment/tianjia
INFO: [ app_begin ] --START--
INFO: Run Behavior\ReadHtmlCacheBehavior [ RunTime:0.001829s ]
INFO: [ app_begin ] --END-- [ RunTime:0.003353s ]
SQL: SHOW COLUMNS FROM `sp_category` [ RunTime:0.0105s ]
SQL: SELECT * FROM `sp_category` WHERE `cat_level` = '0'  [ RunTime:0.0004s ]
SQL: SELECT * FROM `sp_category` WHERE `cat_level` = '1'  [ RunTime:0.0003s ]
SQL: SELECT * FROM `sp_category` WHERE `cat_level` = '2'  [ RunTime:0.0003s ]
SQL: SHOW COLUMNS FROM `sp_comment` [ RunTime:0.0089s ]
SQL: INSERT INTO `sp_comment` (`cmt_star`,`cmt_msg`,`add_time`,`user_id`,`goods_id`) VALUES ('5','&lt;p&gt;大幅度的丰富的地方&lt;br/&gt;&lt;/p&gt;','1460519313','12','18') [ RunTime:0.0006s ]
INFO: [ app_end ] --START--
INFO: Run Behavior\ShowPageTraceBehavior [ RunTime:0.001442s ]
INFO: [ app_end ] --END-- [ RunTime:0.001559s ]

[ 2016-04-13T11:50:09+08:00 ] 127.0.0.1 /index.php/Home/Comment/tianjia
INFO: [ app_begin ] --START--
INFO: Run Behavior\ReadHtmlCacheBehavior [ RunTime:0.001310s ]
INFO: [ app_begin ] --END-- [ RunTime:0.002244s ]
SQL: SHOW COLUMNS FROM `sp_category` [ RunTime:0.0084s ]
SQL: SELECT * FROM `sp_category` WHERE `cat_level` = '0'  [ RunTime:0.0005s ]
SQL: SELECT * FROM `sp_category` WHERE `cat_level` = '1'  [ RunTime:0.0005s ]
SQL: SELECT * FROM `sp_category` WHERE `cat_level` = '2'  [ RunTime:0.0005s ]
SQL: SHOW COLUMNS FROM `sp_comment` [ RunTime:0.0098s ]
SQL: INSERT INTO `sp_comment` (`cmt_star`,`cmt_msg`,`add_time`,`user_id`,`goods_id`) VALUES ('5','&lt;p&gt;的规范和发货及规范化&lt;br/&gt;&lt;/p&gt;','1460519409','12','18') [ RunTime:0.0008s ]
INFO: [ app_end ] --START--
INFO: Run Behavior\ShowPageTraceBehavior [ RunTime:0.001586s ]
INFO: [ app_end ] --END-- [ RunTime:0.001746s ]

[ 2016-04-13T11:51:38+08:00 ] 127.0.0.1 /index.php/Home/Comment/tianjia
INFO: [ app_begin ] --START--
INFO: Run Behavior\ReadHtmlCacheBehavior [ RunTime:0.001594s ]
INFO: [ app_begin ] --END-- [ RunTime:0.003150s ]
SQL: SHOW COLUMNS FROM `sp_category` [ RunTime:0.0083s ]
SQL: SELECT * FROM `sp_category` WHERE `cat_level` = '0'  [ RunTime:0.0005s ]
SQL: SELECT * FROM `sp_category` WHERE `cat_level` = '1'  [ RunTime:0.0004s ]
SQL: SELECT * FROM `sp_category` WHERE `cat_level` = '2'  [ RunTime:0.0006s ]
SQL: SHOW COLUMNS FROM `sp_comment` [ RunTime:0.0101s ]
SQL: INSERT INTO `sp_comment` (`cmt_star`,`cmt_msg`,`add_time`,`user_id`,`goods_id`) VALUES ('5','水电费的股份大概<br />','1460519498','12','18') [ RunTime:0.0006s ]
INFO: [ app_end ] --START--
INFO: Run Behavior\ShowPageTraceBehavior [ RunTime:0.001085s ]
INFO: [ app_end ] --END-- [ RunTime:0.001596s ]

[ 2016-04-13T14:37:48+08:00 ] 127.0.0.1 /index.php/Home/Comment/tianjia
INFO: [ app_begin ] --START--
INFO: Run Behavior\ReadHtmlCacheBehavior [ RunTime:0.000891s ]
INFO: [ app_begin ] --END-- [ RunTime:0.001561s ]
SQL: SHOW COLUMNS FROM `sp_category` [ RunTime:0.0107s ]
SQL: SELECT * FROM `sp_category` WHERE `cat_level` = '0'  [ RunTime:0.0004s ]
SQL: SELECT * FROM `sp_category` WHERE `cat_level` = '1'  [ RunTime:0.0003s ]
SQL: SELECT * FROM `sp_category` WHERE `cat_level` = '2'  [ RunTime:0.0007s ]
SQL: SHOW COLUMNS FROM `sp_comment` [ RunTime:0.0125s ]
SQL: INSERT INTO `sp_comment` (`cmt_star`,`cmt_msg`,`add_time`,`user_id`,`goods_id`) VALUES ('5','顺路快递类似的流口水的<br />','1460529468','12','18') [ RunTime:0.0010s ]
INFO: [ app_end ] --START--
INFO: Run Behavior\ShowPageTraceBehavior [ RunTime:0.001410s ]
INFO: [ app_end ] --END-- [ RunTime:0.001544s ]

[ 2016-04-13T14:44:55+08:00 ] 127.0.0.1 /index.php/Home/Comment/tianjia
INFO: [ app_begin ] --START--
INFO: Run Behavior\ReadHtmlCacheBehavior [ RunTime:0.001233s ]
INFO: [ app_begin ] --END-- [ RunTime:0.003016s ]
SQL: SHOW COLUMNS FROM `sp_category` [ RunTime:0.0102s ]
SQL: SELECT * FROM `sp_category` WHERE `cat_level` = '0'  [ RunTime:0.0010s ]
SQL: SELECT * FROM `sp_category` WHERE `cat_level` = '1'  [ RunTime:0.0004s ]
SQL: SELECT * FROM `sp_category` WHERE `cat_level` = '2'  [ RunTime:0.0004s ]
SQL: SHOW COLUMNS FROM `sp_comment` [ RunTime:0.0111s ]
SQL: INSERT INTO `sp_comment` (`cmt_star`,`cmt_msg`,`add_time`,`user_id`,`goods_id`) VALUES ('5','登录开发蓝山咖啡来得快反垄断法考虑到<br />','1460529895','12','18') [ RunTime:0.0007s ]
INFO: [ app_end ] --START--
INFO: Run Behavior\ShowPageTraceBehavior [ RunTime:0.001644s ]
INFO: [ app_end ] --END-- [ RunTime:0.001786s ]

[ 2016-04-13T14:46:15+08:00 ] 127.0.0.1 /index.php/Home/Comment/tianjia
INFO: [ app_begin ] --START--
INFO: Run Behavior\ReadHtmlCacheBehavior [ RunTime:0.001731s ]
INFO: [ app_begin ] --END-- [ RunTime:0.003368s ]
SQL: SHOW COLUMNS FROM `sp_category` [ RunTime:0.0067s ]
SQL: SELECT * FROM `sp_category` WHERE `cat_level` = '0'  [ RunTime:0.0005s ]
SQL: SELECT * FROM `sp_category` WHERE `cat_level` = '1'  [ RunTime:0.0003s ]
SQL: SELECT * FROM `sp_category` WHERE `cat_level` = '2'  [ RunTime:0.0004s ]
SQL: SHOW COLUMNS FROM `sp_comment` [ RunTime:0.0065s ]
SQL: INSERT INTO `sp_comment` (`cmt_star`,`cmt_msg`,`add_time`,`user_id`,`goods_id`) VALUES ('5','和客户机和规范规范等多个<br />','1460529975','12','18') [ RunTime:0.0007s ]
INFO: [ app_end ] --START--
INFO: Run Behavior\ShowPageTraceBehavior [ RunTime:0.001173s ]
INFO: [ app_end ] --END-- [ RunTime:0.001306s ]

[ 2016-04-13T14:47:02+08:00 ] 127.0.0.1 /index.php/Home/Comment/tianjia
INFO: [ app_begin ] --START--
INFO: Run Behavior\ReadHtmlCacheBehavior [ RunTime:0.001073s ]
INFO: [ app_begin ] --END-- [ RunTime:0.001806s ]
SQL: SHOW COLUMNS FROM `sp_category` [ RunTime:0.0080s ]
SQL: SELECT * FROM `sp_category` WHERE `cat_level` = '0'  [ RunTime:0.0005s ]
SQL: SELECT * FROM `sp_category` WHERE `cat_level` = '1'  [ RunTime:0.0005s ]
SQL: SELECT * FROM `sp_category` WHERE `cat_level` = '2'  [ RunTime:0.0004s ]
SQL: SHOW COLUMNS FROM `sp_comment` [ RunTime:0.0106s ]
SQL: INSERT INTO `sp_comment` (`cmt_star`,`cmt_msg`,`add_time`,`user_id`,`goods_id`) VALUES ('3','代理费看来是分开的理发店<br />','1460530022','12','18') [ RunTime:0.0008s ]
INFO: [ app_end ] --START--
INFO: Run Behavior\ShowPageTraceBehavior [ RunTime:0.001725s ]
INFO: [ app_end ] --END-- [ RunTime:0.001895s ]

[ 2016-04-13T14:49:09+08:00 ] 127.0.0.1 /index.php/Home/Comment/tianjia
INFO: [ app_begin ] --START--
INFO: Run Behavior\ReadHtmlCacheBehavior [ RunTime:0.001211s ]
INFO: [ app_begin ] --END-- [ RunTime:0.002086s ]
SQL: SHOW COLUMNS FROM `sp_category` [ RunTime:0.0091s ]
SQL: SELECT * FROM `sp_category` WHERE `cat_level` = '0'  [ RunTime:0.0005s ]
SQL: SELECT * FROM `sp_category` WHERE `cat_level` = '1'  [ RunTime:0.0004s ]
SQL: SELECT * FROM `sp_category` WHERE `cat_level` = '2'  [ RunTime:0.0003s ]
SQL: SHOW COLUMNS FROM `sp_comment` [ RunTime:0.0095s ]
SQL: INSERT INTO `sp_comment` (`cmt_star`,`cmt_msg`,`add_time`,`user_id`,`goods_id`) VALUES ('2','烦得很购房人的范德萨发啥<br />','1460530149','12','18') [ RunTime:0.0007s ]
INFO: [ app_end ] --START--
INFO: Run Behavior\ShowPageTraceBehavior [ RunTime:0.001996s ]
INFO: [ app_end ] --END-- [ RunTime:0.002216s ]

[ 2016-04-13T14:53:17+08:00 ] 127.0.0.1 /index.php/Home/Comment/tianjia
INFO: [ app_begin ] --START--
INFO: Run Behavior\ReadHtmlCacheBehavior [ RunTime:0.001696s ]
INFO: [ app_begin ] --END-- [ RunTime:0.002401s ]
SQL: SHOW COLUMNS FROM `sp_category` [ RunTime:0.0064s ]
SQL: SELECT * FROM `sp_category` WHERE `cat_level` = '0'  [ RunTime:0.0004s ]
SQL: SELECT * FROM `sp_category` WHERE `cat_level` = '1'  [ RunTime:0.0003s ]
SQL: SELECT * FROM `sp_category` WHERE `cat_level` = '2'  [ RunTime:0.0004s ]
SQL: SHOW COLUMNS FROM `sp_comment` [ RunTime:0.0069s ]
SQL: INSERT INTO `sp_comment` (`cmt_star`,`cmt_msg`,`add_time`,`user_id`,`goods_id`) VALUES ('4','的数量卡夫卡临时决定离开时间都流口水<br />','1460530397','12','18') [ RunTime:0.0007s ]
INFO: [ app_end ] --START--
INFO: Run Behavior\ShowPageTraceBehavior [ RunTime:0.001555s ]
INFO: [ app_end ] --END-- [ RunTime:0.001712s ]

[ 2016-04-13T15:34:16+08:00 ] 127.0.0.1 /index.php/Home/Comment/sendback
INFO: [ app_begin ] --START--
INFO: Run Behavior\ReadHtmlCacheBehavior [ RunTime:0.001494s ]
INFO: [ app_begin ] --END-- [ RunTime:0.002517s ]
SQL: SHOW COLUMNS FROM `sp_category` [ RunTime:0.0105s ]
SQL: SELECT * FROM `sp_category` WHERE `cat_level` = '0'  [ RunTime:0.0005s ]
SQL: SELECT * FROM `sp_category` WHERE `cat_level` = '1'  [ RunTime:0.0003s ]
SQL: SELECT * FROM `sp_category` WHERE `cat_level` = '2'  [ RunTime:0.0003s ]
SQL: SHOW COLUMNS FROM `sp_back` [ RunTime:0.0087s ]
SQL: INSERT INTO `sp_back` (`cmt_id`,`back_msg`,`user_id`,`add_time`) VALUES ('8','螺丝刀就流口水经典款洛杉矶的考虑','12','1460532856') [ RunTime:0.0006s ]
INFO: [ app_end ] --START--
INFO: Run Behavior\ShowPageTraceBehavior [ RunTime:0.001495s ]
INFO: [ app_end ] --END-- [ RunTime:0.001695s ]

[ 2016-04-13T16:02:17+08:00 ] 127.0.0.1 /index.php/Home/Comment/sendback
INFO: [ app_begin ] --START--
INFO: Run Behavior\ReadHtmlCacheBehavior [ RunTime:0.001701s ]
INFO: [ app_begin ] --END-- [ RunTime:0.002739s ]
SQL: SHOW COLUMNS FROM `sp_category` [ RunTime:0.0110s ]
SQL: SELECT * FROM `sp_category` WHERE `cat_level` = '0'  [ RunTime:0.0006s ]
SQL: SELECT * FROM `sp_category` WHERE `cat_level` = '1'  [ RunTime:0.0004s ]
SQL: SELECT * FROM `sp_category` WHERE `cat_level` = '2'  [ RunTime:0.0004s ]
SQL: SHOW COLUMNS FROM `sp_back` [ RunTime:0.0094s ]
SQL: INSERT INTO `sp_back` (`cmt_id`,`back_msg`,`user_id`,`add_time`) VALUES ('9','塑料袋口类似的卡洛斯的','12','1460534537') [ RunTime:0.0006s ]
INFO: [ app_end ] --START--
INFO: Run Behavior\ShowPageTraceBehavior [ RunTime:0.001330s ]
INFO: [ app_end ] --END-- [ RunTime:0.001433s ]

[ 2016-04-13T16:04:43+08:00 ] 127.0.0.1 /index.php/Home/Comment/sendback
INFO: [ app_begin ] --START--
INFO: Run Behavior\ReadHtmlCacheBehavior [ RunTime:0.001333s ]
INFO: [ app_begin ] --END-- [ RunTime:0.002672s ]
SQL: SHOW COLUMNS FROM `sp_category` [ RunTime:0.0082s ]
SQL: SELECT * FROM `sp_category` WHERE `cat_level` = '0'  [ RunTime:0.0005s ]
SQL: SELECT * FROM `sp_category` WHERE `cat_level` = '1'  [ RunTime:0.0004s ]
SQL: SELECT * FROM `sp_category` WHERE `cat_level` = '2'  [ RunTime:0.0004s ]
SQL: SHOW COLUMNS FROM `sp_back` [ RunTime:0.0075s ]
SQL: INSERT INTO `sp_back` (`cmt_id`,`back_msg`,`user_id`,`add_time`) VALUES ('9','了上刊登了三打瞌睡了','12','1460534683') [ RunTime:0.0005s ]
INFO: [ app_end ] --START--
INFO: Run Behavior\ShowPageTraceBehavior [ RunTime:0.001247s ]
INFO: [ app_end ] --END-- [ RunTime:0.001352s ]

[ 2016-04-13T16:05:36+08:00 ] 127.0.0.1 /index.php/Home/Comment/sendback
INFO: [ app_begin ] --START--
INFO: Run Behavior\ReadHtmlCacheBehavior [ RunTime:0.001066s ]
INFO: [ app_begin ] --END-- [ RunTime:0.001899s ]
SQL: SHOW COLUMNS FROM `sp_category` [ RunTime:0.0064s ]
SQL: SELECT * FROM `sp_category` WHERE `cat_level` = '0'  [ RunTime:0.0003s ]
SQL: SELECT * FROM `sp_category` WHERE `cat_level` = '1'  [ RunTime:0.0004s ]
SQL: SELECT * FROM `sp_category` WHERE `cat_level` = '2'  [ RunTime:0.0004s ]
SQL: SHOW COLUMNS FROM `sp_back` [ RunTime:0.0074s ]
SQL: INSERT INTO `sp_back` (`cmt_id`,`back_msg`,`user_id`,`add_time`) VALUES ('8','索拉卡代理商看电视了','12','1460534736') [ RunTime:0.0005s ]
INFO: [ app_end ] --START--
INFO: Run Behavior\ShowPageTraceBehavior [ RunTime:0.001057s ]
INFO: [ app_end ] --END-- [ RunTime:0.001156s ]

[ 2016-04-13T16:05:44+08:00 ] 127.0.0.1 /index.php/Home/Comment/sendback
INFO: [ app_begin ] --START--
INFO: Run Behavior\ReadHtmlCacheBehavior [ RunTime:0.000935s ]
INFO: [ app_begin ] --END-- [ RunTime:0.001672s ]
SQL: SHOW COLUMNS FROM `sp_category` [ RunTime:0.0082s ]
SQL: SELECT * FROM `sp_category` WHERE `cat_level` = '0'  [ RunTime:0.0005s ]
SQL: SELECT * FROM `sp_category` WHERE `cat_level` = '1'  [ RunTime:0.0003s ]
SQL: SELECT * FROM `sp_category` WHERE `cat_level` = '2'  [ RunTime:0.0004s ]
SQL: SHOW COLUMNS FROM `sp_back` [ RunTime:0.0078s ]
SQL: INSERT INTO `sp_back` (`cmt_id`,`back_msg`,`user_id`,`add_time`) VALUES ('8','塑料袋卡死了的克里斯的','12','1460534744') [ RunTime:0.0006s ]
INFO: [ app_end ] --START--
INFO: Run Behavior\ShowPageTraceBehavior [ RunTime:0.001335s ]
INFO: [ app_end ] --END-- [ RunTime:0.001463s ]

[ 2016-04-13T16:12:36+08:00 ] 127.0.0.1 /index.php/Home/Shop/addCart?goods_id=18
INFO: [ app_begin ] --START--
INFO: Run Behavior\ReadHtmlCacheBehavior [ RunTime:0.001668s ]
INFO: [ app_begin ] --END-- [ RunTime:0.002712s ]
SQL: SHOW COLUMNS FROM `sp_category` [ RunTime:0.0084s ]
SQL: SELECT * FROM `sp_category` WHERE `cat_level` = '0'  [ RunTime:0.0005s ]
SQL: SELECT * FROM `sp_category` WHERE `cat_level` = '1'  [ RunTime:0.0004s ]
SQL: SELECT * FROM `sp_category` WHERE `cat_level` = '2'  [ RunTime:0.0004s ]
SQL: SHOW COLUMNS FROM `sp_goods` [ RunTime:0.0120s ]
SQL: SELECT `goods_id`,`goods_name`,goods_shop_price goods_price,goods_shop_price goods_total_price FROM `sp_goods` WHERE `goods_id` = 18 LIMIT 1   [ RunTime:0.0006s ]
INFO: [ app_end ] --START--
INFO: Run Behavior\ShowPageTraceBehavior [ RunTime:0.002317s ]
INFO: [ app_end ] --END-- [ RunTime:0.002645s ]

[ 2016-04-13T16:25:44+08:00 ] 127.0.0.1 /index.php/Home/User/login/ajax/2
INFO: [ app_begin ] --START--
INFO: Run Behavior\ReadHtmlCacheBehavior [ RunTime:0.001111s ]
INFO: [ app_begin ] --END-- [ RunTime:0.001841s ]
SQL: SHOW COLUMNS FROM `sp_category` [ RunTime:0.0117s ]
SQL: SELECT * FROM `sp_category` WHERE `cat_level` = '0'  [ RunTime:0.0027s ]
SQL: SELECT * FROM `sp_category` WHERE `cat_level` = '1'  [ RunTime:0.0006s ]
SQL: SELECT * FROM `sp_category` WHERE `cat_level` = '2'  [ RunTime:0.0049s ]
SQL: SHOW COLUMNS FROM `sp_user` [ RunTime:0.0106s ]
SQL: SELECT * FROM `sp_user` WHERE `user_name` = 'jim' AND `user_pwd` = 'abcd' LIMIT 1   [ RunTime:0.0007s ]
INFO: [ view_parse ] --START--
INFO: [ template_filter ] --START--
INFO: Run Behavior\ContentReplaceBehavior [ RunTime:0.000181s ]
INFO: [ template_filter ] --END-- [ RunTime:0.000365s ]
INFO: Run Behavior\ParseTemplateBehavior [ RunTime:0.023742s ]
INFO: [ view_parse ] --END-- [ RunTime:0.023875s ]
INFO: [ view_filter ] --START--
INFO: Run Behavior\WriteHtmlCacheBehavior [ RunTime:0.000742s ]
INFO: [ view_filter ] --END-- [ RunTime:0.000832s ]
NOTIC: [2] Cannot modify header information - headers already sent by (output started at E:\web\php43\shop\Home\Controller\UserController.class.php:37) E:\web\php43\ThinkPHP\Library\Think\View.class.php 第 91 行.
NOTIC: [2] Cannot modify header information - headers already sent by (output started at E:\web\php43\shop\Home\Controller\UserController.class.php:37) E:\web\php43\ThinkPHP\Library\Think\View.class.php 第 92 行.
NOTIC: [2] Cannot modify header information - headers already sent by (output started at E:\web\php43\shop\Home\Controller\UserController.class.php:37) E:\web\php43\ThinkPHP\Library\Think\View.class.php 第 93 行.
INFO: [ app_end ] --START--
INFO: Run Behavior\ShowPageTraceBehavior [ RunTime:0.001646s ]
INFO: [ app_end ] --END-- [ RunTime:0.001793s ]

[ 2016-04-13T16:26:21+08:00 ] 127.0.0.1 /index.php/Home/User/login/ajax/2
INFO: [ app_begin ] --START--
INFO: Run Behavior\ReadHtmlCacheBehavior [ RunTime:0.001470s ]
INFO: [ app_begin ] --END-- [ RunTime:0.002686s ]
SQL: SHOW COLUMNS FROM `sp_category` [ RunTime:0.0077s ]
SQL: SELECT * FROM `sp_category` WHERE `cat_level` = '0'  [ RunTime:0.0005s ]
SQL: SELECT * FROM `sp_category` WHERE `cat_level` = '1'  [ RunTime:0.0003s ]
SQL: SELECT * FROM `sp_category` WHERE `cat_level` = '2'  [ RunTime:0.0003s ]
SQL: SHOW COLUMNS FROM `sp_user` [ RunTime:0.0070s ]
SQL: SELECT * FROM `sp_user` WHERE `user_name` = 'bob' AND `user_pwd` = '123' LIMIT 1   [ RunTime:0.0006s ]

[ 2016-04-13T16:26:22+08:00 ] 127.0.0.1 /index.php/Home/Goods/detail/goods_id/18.html
INFO: [ app_begin ] --START--
INFO: Run Behavior\ReadHtmlCacheBehavior [ RunTime:0.001378s ]
INFO: [ app_begin ] --END-- [ RunTime:0.002399s ]
SQL: SHOW COLUMNS FROM `sp_category` [ RunTime:0.0065s ]
SQL: SELECT * FROM `sp_category` WHERE `cat_level` = '0'  [ RunTime:0.0005s ]
SQL: SELECT * FROM `sp_category` WHERE `cat_level` = '1'  [ RunTime:0.0004s ]
SQL: SELECT * FROM `sp_category` WHERE `cat_level` = '2'  [ RunTime:0.0003s ]
SQL: SELECT * FROM `sp_category` WHERE `cat_level` = '0'  [ RunTime:0.0004s ]
SQL: SELECT * FROM `sp_category` WHERE `cat_level` = '1'  [ RunTime:0.0003s ]
SQL: SELECT * FROM `sp_category` WHERE `cat_level` = '2'  [ RunTime:0.0003s ]
SQL: SHOW COLUMNS FROM `sp_comment` [ RunTime:0.0072s ]
SQL: SELECT * FROM `sp_comment` WHERE `goods_id` = 18 ORDER BY cmt_id desc  [ RunTime:0.0005s ]
SQL: SHOW COLUMNS FROM `sp_goods` [ RunTime:0.0117s ]
SQL: SELECT * FROM `sp_goods` WHERE `goods_id` = 18 LIMIT 1   [ RunTime:0.0042s ]
SQL: SHOW COLUMNS FROM `sp_goods_attr` [ RunTime:0.0159s ]
SQL: SELECT ga.attr_id,group_concat(ga.attr_val) attrval,a.attr_name FROM sp_goods_attr ga INNER JOIN sp_attribute a on ga.attr_id=a.attr_id  WHERE ga.goods_id = '18' AND a.attr_sel = '1' GROUP BY a.attr_id  [ RunTime:0.0004s ]
SQL: SELECT ga.attr_id,ga.attr_val,a.attr_name FROM sp_goods_attr ga INNER JOIN sp_attribute a on ga.attr_id=a.attr_id  WHERE ga.goods_id = '18' AND a.attr_sel = '0' GROUP BY a.attr_id  [ RunTime:0.0003s ]
SQL: SHOW COLUMNS FROM `sp_goods_pic` [ RunTime:0.0107s ]
SQL: SELECT * FROM `sp_goods_pic` WHERE `goods_id` = 18  [ RunTime:0.0003s ]
SQL: SHOW COLUMNS FROM `sp_goods_cat` [ RunTime:0.0081s ]
SQL: SELECT group_concat(cat_id) catid FROM `sp_goods_cat` WHERE `goods_id` = 18 LIMIT 1   [ RunTime:0.0003s ]
SQL: SELECT * FROM `sp_category` WHERE `cat_id` IN ('1','5','23') ORDER BY cat_id  [ RunTime:0.0003s ]
SQL: SELECT `goods_id`,`goods_name`,`goods_small_logo` FROM `sp_goods` WHERE `goods_id` IN (18) ORDER BY find_in_set(goods_id,'18')   [ RunTime:0.0003s ]
INFO: [ view_parse ] --START--
INFO: [ template_filter ] --START--
INFO: Run Behavior\ContentReplaceBehavior [ RunTime:0.000423s ]
INFO: [ template_filter ] --END-- [ RunTime:0.000533s ]
NOTIC: [8] Undefined variable: number_price E:\web\php43\shop\Runtime\Cache\Home\d1b07079d66c980f46b2e84297fc4473.php 第 745 行.
INFO: Run Behavior\ParseTemplateBehavior [ RunTime:0.071614s ]
INFO: [ view_parse ] --END-- [ RunTime:0.071784s ]
INFO: [ view_filter ] --START--
INFO: Run Behavior\WriteHtmlCacheBehavior [ RunTime:0.000679s ]
INFO: [ view_filter ] --END-- [ RunTime:0.000815s ]
INFO: [ app_end ] --START--
INFO: Run Behavior\ShowPageTraceBehavior [ RunTime:0.001433s ]
INFO: [ app_end ] --END-- [ RunTime:0.001584s ]

[ 2016-04-13T16:27:25+08:00 ] 127.0.0.1 /index.php/Home/User/login/ajax/2
INFO: [ app_begin ] --START--
INFO: Run Behavior\ReadHtmlCacheBehavior [ RunTime:0.001604s ]
INFO: [ app_begin ] --END-- [ RunTime:0.002782s ]
SQL: SHOW COLUMNS FROM `sp_category` [ RunTime:0.0087s ]
SQL: SELECT * FROM `sp_category` WHERE `cat_level` = '0'  [ RunTime:0.0007s ]
SQL: SELECT * FROM `sp_category` WHERE `cat_level` = '1'  [ RunTime:0.0004s ]
SQL: SELECT * FROM `sp_category` WHERE `cat_level` = '2'  [ RunTime:0.0004s ]
SQL: SHOW COLUMNS FROM `sp_user` [ RunTime:0.0091s ]
SQL: SELECT * FROM `sp_user` WHERE `user_name` = 'bob' AND `user_pwd` = '123' LIMIT 1   [ RunTime:0.0009s ]

[ 2016-04-13T16:27:25+08:00 ] 127.0.0.1 /index.php/Home/Goods/detail/goods_id/18.html
INFO: [ app_begin ] --START--
INFO: Run Behavior\ReadHtmlCacheBehavior [ RunTime:0.001797s ]
INFO: [ app_begin ] --END-- [ RunTime:0.003075s ]
SQL: SHOW COLUMNS FROM `sp_category` [ RunTime:0.0096s ]
SQL: SELECT * FROM `sp_category` WHERE `cat_level` = '0'  [ RunTime:0.0004s ]
SQL: SELECT * FROM `sp_category` WHERE `cat_level` = '1'  [ RunTime:0.0003s ]
SQL: SELECT * FROM `sp_category` WHERE `cat_level` = '2'  [ RunTime:0.0003s ]
SQL: SELECT * FROM `sp_category` WHERE `cat_level` = '0'  [ RunTime:0.0005s ]
SQL: SELECT * FROM `sp_category` WHERE `cat_level` = '1'  [ RunTime:0.0006s ]
SQL: SELECT * FROM `sp_category` WHERE `cat_level` = '2'  [ RunTime:0.0007s ]
SQL: SHOW COLUMNS FROM `sp_comment` [ RunTime:0.0107s ]
SQL: SELECT * FROM `sp_comment` WHERE `goods_id` = 18 ORDER BY cmt_id desc  [ RunTime:0.0007s ]
SQL: SHOW COLUMNS FROM `sp_goods` [ RunTime:0.0110s ]
SQL: SELECT * FROM `sp_goods` WHERE `goods_id` = 18 LIMIT 1   [ RunTime:0.0004s ]
SQL: SHOW COLUMNS FROM `sp_goods_attr` [ RunTime:0.0103s ]
SQL: SELECT ga.attr_id,group_concat(ga.attr_val) attrval,a.attr_name FROM sp_goods_attr ga INNER JOIN sp_attribute a on ga.attr_id=a.attr_id  WHERE ga.goods_id = '18' AND a.attr_sel = '1' GROUP BY a.attr_id  [ RunTime:0.0003s ]
SQL: SELECT ga.attr_id,ga.attr_val,a.attr_name FROM sp_goods_attr ga INNER JOIN sp_attribute a on ga.attr_id=a.attr_id  WHERE ga.goods_id = '18' AND a.attr_sel = '0' GROUP BY a.attr_id  [ RunTime:0.0003s ]
SQL: SHOW COLUMNS FROM `sp_goods_pic` [ RunTime:0.0078s ]
SQL: SELECT * FROM `sp_goods_pic` WHERE `goods_id` = 18  [ RunTime:0.0003s ]
SQL: SHOW COLUMNS FROM `sp_goods_cat` [ RunTime:0.0079s ]
SQL: SELECT group_concat(cat_id) catid FROM `sp_goods_cat` WHERE `goods_id` = 18 LIMIT 1   [ RunTime:0.0003s ]
SQL: SELECT * FROM `sp_category` WHERE `cat_id` IN ('1','5','23') ORDER BY cat_id  [ RunTime:0.0003s ]
SQL: SELECT `goods_id`,`goods_name`,`goods_small_logo` FROM `sp_goods` WHERE `goods_id` IN (18) ORDER BY find_in_set(goods_id,'18')   [ RunTime:0.0003s ]
INFO: [ view_parse ] --START--
INFO: [ template_filter ] --START--
INFO: Run Behavior\ContentReplaceBehavior [ RunTime:0.000533s ]
INFO: [ template_filter ] --END-- [ RunTime:0.000692s ]
NOTIC: [8] Undefined variable: number_price E:\web\php43\shop\Runtime\Cache\Home\d1b07079d66c980f46b2e84297fc4473.php 第 745 行.
INFO: Run Behavior\ParseTemplateBehavior [ RunTime:0.082527s ]
INFO: [ view_parse ] --END-- [ RunTime:0.082714s ]
INFO: [ view_filter ] --START--
INFO: Run Behavior\WriteHtmlCacheBehavior [ RunTime:0.001154s ]
INFO: [ view_filter ] --END-- [ RunTime:0.001317s ]
INFO: [ app_end ] --START--
INFO: Run Behavior\ShowPageTraceBehavior [ RunTime:0.006290s ]
INFO: [ app_end ] --END-- [ RunTime:0.006460s ]

[ 2016-04-13T16:29:16+08:00 ] 127.0.0.1 /index.php/Home/User/login/ajax/2
INFO: [ app_begin ] --START--
INFO: Run Behavior\ReadHtmlCacheBehavior [ RunTime:0.001414s ]
INFO: [ app_begin ] --END-- [ RunTime:0.002476s ]
SQL: SHOW COLUMNS FROM `sp_category` [ RunTime:0.0125s ]
SQL: SELECT * FROM `sp_category` WHERE `cat_level` = '0'  [ RunTime:0.0006s ]
SQL: SELECT * FROM `sp_category` WHERE `cat_level` = '1'  [ RunTime:0.0004s ]
SQL: SELECT * FROM `sp_category` WHERE `cat_level` = '2'  [ RunTime:0.0004s ]
SQL: SHOW COLUMNS FROM `sp_user` [ RunTime:0.0114s ]
SQL: SELECT * FROM `sp_user` WHERE `user_name` = 'bob' AND `user_pwd` = '123' LIMIT 1   [ RunTime:0.0005s ]

[ 2016-04-13T16:29:16+08:00 ] 127.0.0.1 /index.php/Home/Goods/detail/goods_id/18.html
INFO: [ app_begin ] --START--
INFO: Run Behavior\ReadHtmlCacheBehavior [ RunTime:0.001235s ]
INFO: [ app_begin ] --END-- [ RunTime:0.002232s ]
SQL: SHOW COLUMNS FROM `sp_category` [ RunTime:0.0094s ]
SQL: SELECT * FROM `sp_category` WHERE `cat_level` = '0'  [ RunTime:0.0004s ]
SQL: SELECT * FROM `sp_category` WHERE `cat_level` = '1'  [ RunTime:0.0002s ]
SQL: SELECT * FROM `sp_category` WHERE `cat_level` = '2'  [ RunTime:0.0002s ]
SQL: SELECT * FROM `sp_category` WHERE `cat_level` = '0'  [ RunTime:0.0003s ]
SQL: SELECT * FROM `sp_category` WHERE `cat_level` = '1'  [ RunTime:0.0002s ]
SQL: SELECT * FROM `sp_category` WHERE `cat_level` = '2'  [ RunTime:0.0002s ]
SQL: SHOW COLUMNS FROM `sp_comment` [ RunTime:0.0082s ]
SQL: SELECT * FROM `sp_comment` WHERE `goods_id` = 18 ORDER BY cmt_id desc  [ RunTime:0.0003s ]
SQL: SHOW COLUMNS FROM `sp_goods` [ RunTime:0.0085s ]
SQL: SELECT * FROM `sp_goods` WHERE `goods_id` = 18 LIMIT 1   [ RunTime:0.0003s ]
SQL: SHOW COLUMNS FROM `sp_goods_attr` [ RunTime:0.0075s ]
SQL: SELECT ga.attr_id,group_concat(ga.attr_val) attrval,a.attr_name FROM sp_goods_attr ga INNER JOIN sp_attribute a on ga.attr_id=a.attr_id  WHERE ga.goods_id = '18' AND a.attr_sel = '1' GROUP BY a.attr_id  [ RunTime:0.0002s ]
SQL: SELECT ga.attr_id,ga.attr_val,a.attr_name FROM sp_goods_attr ga INNER JOIN sp_attribute a on ga.attr_id=a.attr_id  WHERE ga.goods_id = '18' AND a.attr_sel = '0' GROUP BY a.attr_id  [ RunTime:0.0004s ]
SQL: SHOW COLUMNS FROM `sp_goods_pic` [ RunTime:0.0098s ]
SQL: SELECT * FROM `sp_goods_pic` WHERE `goods_id` = 18  [ RunTime:0.0004s ]
SQL: SHOW COLUMNS FROM `sp_goods_cat` [ RunTime:0.0091s ]
SQL: SELECT group_concat(cat_id) catid FROM `sp_goods_cat` WHERE `goods_id` = 18 LIMIT 1   [ RunTime:0.0003s ]
SQL: SELECT * FROM `sp_category` WHERE `cat_id` IN ('1','5','23') ORDER BY cat_id  [ RunTime:0.0003s ]
SQL: SELECT `goods_id`,`goods_name`,`goods_small_logo` FROM `sp_goods` WHERE `goods_id` IN (18) ORDER BY find_in_set(goods_id,'18')   [ RunTime:0.0002s ]
INFO: [ view_parse ] --START--
INFO: [ template_filter ] --START--
INFO: Run Behavior\ContentReplaceBehavior [ RunTime:0.000410s ]
INFO: [ template_filter ] --END-- [ RunTime:0.000528s ]
NOTIC: [8] Undefined variable: number_price E:\web\php43\shop\Runtime\Cache\Home\d1b07079d66c980f46b2e84297fc4473.php 第 747 行.
INFO: Run Behavior\ParseTemplateBehavior [ RunTime:0.081199s ]
INFO: [ view_parse ] --END-- [ RunTime:0.081369s ]
INFO: [ view_filter ] --START--
INFO: Run Behavior\WriteHtmlCacheBehavior [ RunTime:0.000927s ]
INFO: [ view_filter ] --END-- [ RunTime:0.001091s ]
INFO: [ app_end ] --START--
INFO: Run Behavior\ShowPageTraceBehavior [ RunTime:0.001908s ]
INFO: [ app_end ] --END-- [ RunTime:0.002088s ]

[ 2016-04-13T16:30:39+08:00 ] 127.0.0.1 /index.php/Home/User/login/ajax/2
INFO: [ app_begin ] --START--
INFO: Run Behavior\ReadHtmlCacheBehavior [ RunTime:0.001108s ]
INFO: [ app_begin ] --END-- [ RunTime:0.002183s ]
SQL: SHOW COLUMNS FROM `sp_category` [ RunTime:0.0083s ]
SQL: SELECT * FROM `sp_category` WHERE `cat_level` = '0'  [ RunTime:0.0003s ]
SQL: SELECT * FROM `sp_category` WHERE `cat_level` = '1'  [ RunTime:0.0003s ]
SQL: SELECT * FROM `sp_category` WHERE `cat_level` = '2'  [ RunTime:0.0003s ]

[ 2016-04-13T16:31:33+08:00 ] 127.0.0.1 /index.php/Home/User/login/ajax/2
INFO: [ app_begin ] --START--
INFO: Run Behavior\ReadHtmlCacheBehavior [ RunTime:0.001446s ]
INFO: [ app_begin ] --END-- [ RunTime:0.002620s ]
SQL: SHOW COLUMNS FROM `sp_category` [ RunTime:0.0086s ]
SQL: SELECT * FROM `sp_category` WHERE `cat_level` = '0'  [ RunTime:0.0004s ]
SQL: SELECT * FROM `sp_category` WHERE `cat_level` = '1'  [ RunTime:0.0003s ]
SQL: SELECT * FROM `sp_category` WHERE `cat_level` = '2'  [ RunTime:0.0003s ]
SQL: SHOW COLUMNS FROM `sp_user` [ RunTime:0.0111s ]

[ 2016-04-13T16:32:06+08:00 ] 127.0.0.1 /index.php/Home/User/login/ajax/2
INFO: [ app_begin ] --START--
INFO: Run Behavior\ReadHtmlCacheBehavior [ RunTime:0.001364s ]
INFO: [ app_begin ] --END-- [ RunTime:0.002835s ]
SQL: SHOW COLUMNS FROM `sp_category` [ RunTime:0.0106s ]
SQL: SELECT * FROM `sp_category` WHERE `cat_level` = '0'  [ RunTime:0.0005s ]
SQL: SELECT * FROM `sp_category` WHERE `cat_level` = '1'  [ RunTime:0.0006s ]
SQL: SELECT * FROM `sp_category` WHERE `cat_level` = '2'  [ RunTime:0.0004s ]
SQL: SHOW COLUMNS FROM `sp_user` [ RunTime:0.0101s ]
SQL: SELECT * FROM `sp_user` WHERE `user_name` = 'bob' AND `user_pwd` = '123' LIMIT 1   [ RunTime:0.0003s ]

[ 2016-04-13T16:32:06+08:00 ] 127.0.0.1 /index.php/Home/Goods/detail/goods_id/18.html
INFO: [ app_begin ] --START--
INFO: Run Behavior\ReadHtmlCacheBehavior [ RunTime:0.000974s ]
INFO: [ app_begin ] --END-- [ RunTime:0.001738s ]
SQL: SHOW COLUMNS FROM `sp_category` [ RunTime:0.0089s ]
SQL: SELECT * FROM `sp_category` WHERE `cat_level` = '0'  [ RunTime:0.0005s ]
SQL: SELECT * FROM `sp_category` WHERE `cat_level` = '1'  [ RunTime:0.0004s ]
SQL: SELECT * FROM `sp_category` WHERE `cat_level` = '2'  [ RunTime:0.0004s ]
SQL: SELECT * FROM `sp_category` WHERE `cat_level` = '0'  [ RunTime:0.0007s ]
SQL: SELECT * FROM `sp_category` WHERE `cat_level` = '1'  [ RunTime:0.0003s ]
SQL: SELECT * FROM `sp_category` WHERE `cat_level` = '2'  [ RunTime:0.0003s ]
SQL: SHOW COLUMNS FROM `sp_comment` [ RunTime:0.0102s ]
SQL: SELECT * FROM `sp_comment` WHERE `goods_id` = 18 ORDER BY cmt_id desc  [ RunTime:0.0005s ]
SQL: SHOW COLUMNS FROM `sp_goods` [ RunTime:0.0112s ]
SQL: SELECT * FROM `sp_goods` WHERE `goods_id` = 18 LIMIT 1   [ RunTime:0.0004s ]
SQL: SHOW COLUMNS FROM `sp_goods_attr` [ RunTime:0.0070s ]
SQL: SELECT ga.attr_id,group_concat(ga.attr_val) attrval,a.attr_name FROM sp_goods_attr ga INNER JOIN sp_attribute a on ga.attr_id=a.attr_id  WHERE ga.goods_id = '18' AND a.attr_sel = '1' GROUP BY a.attr_id  [ RunTime:0.0003s ]
SQL: SELECT ga.attr_id,ga.attr_val,a.attr_name FROM sp_goods_attr ga INNER JOIN sp_attribute a on ga.attr_id=a.attr_id  WHERE ga.goods_id = '18' AND a.attr_sel = '0' GROUP BY a.attr_id  [ RunTime:0.0003s ]
SQL: SHOW COLUMNS FROM `sp_goods_pic` [ RunTime:0.0081s ]
SQL: SELECT * FROM `sp_goods_pic` WHERE `goods_id` = 18  [ RunTime:0.0005s ]
SQL: SHOW COLUMNS FROM `sp_goods_cat` [ RunTime:0.0107s ]
SQL: SELECT group_concat(cat_id) catid FROM `sp_goods_cat` WHERE `goods_id` = 18 LIMIT 1   [ RunTime:0.0006s ]
SQL: SELECT * FROM `sp_category` WHERE `cat_id` IN ('1','5','23') ORDER BY cat_id  [ RunTime:0.0004s ]
SQL: SELECT `goods_id`,`goods_name`,`goods_small_logo` FROM `sp_goods` WHERE `goods_id` IN (18) ORDER BY find_in_set(goods_id,'18')   [ RunTime:0.0006s ]
INFO: [ view_parse ] --START--
INFO: [ template_filter ] --START--
INFO: Run Behavior\ContentReplaceBehavior [ RunTime:0.000412s ]
INFO: [ template_filter ] --END-- [ RunTime:0.000532s ]
NOTIC: [8] Undefined variable: number_price E:\web\php43\shop\Runtime\Cache\Home\d1b07079d66c980f46b2e84297fc4473.php 第 747 行.
INFO: Run Behavior\ParseTemplateBehavior [ RunTime:0.076661s ]
INFO: [ view_parse ] --END-- [ RunTime:0.076813s ]
INFO: [ view_filter ] --START--
INFO: Run Behavior\WriteHtmlCacheBehavior [ RunTime:0.001493s ]
INFO: [ view_filter ] --END-- [ RunTime:0.001589s ]
INFO: [ app_end ] --START--
INFO: Run Behavior\ShowPageTraceBehavior [ RunTime:0.001730s ]
INFO: [ app_end ] --END-- [ RunTime:0.001839s ]

[ 2016-04-13T16:33:43+08:00 ] 127.0.0.1 /index.php/Home/User/login/ajax/2
INFO: [ app_begin ] --START--
INFO: Run Behavior\ReadHtmlCacheBehavior [ RunTime:0.001443s ]
INFO: [ app_begin ] --END-- [ RunTime:0.002521s ]
SQL: SHOW COLUMNS FROM `sp_category` [ RunTime:0.0084s ]
SQL: SELECT * FROM `sp_category` WHERE `cat_level` = '0'  [ RunTime:0.0008s ]
SQL: SELECT * FROM `sp_category` WHERE `cat_level` = '1'  [ RunTime:0.0005s ]
SQL: SELECT * FROM `sp_category` WHERE `cat_level` = '2'  [ RunTime:0.0011s ]
SQL: SHOW COLUMNS FROM `sp_user` [ RunTime:0.0149s ]
SQL: SELECT * FROM `sp_user` WHERE `user_name` = 'bob' AND `user_pwd` = '123' LIMIT 1   [ RunTime:0.0007s ]

[ 2016-04-13T16:35:09+08:00 ] 127.0.0.1 /index.php/Home/User/login/ajax/2
INFO: [ app_begin ] --START--
INFO: Run Behavior\ReadHtmlCacheBehavior [ RunTime:0.001272s ]
INFO: [ app_begin ] --END-- [ RunTime:0.002238s ]
SQL: SHOW COLUMNS FROM `sp_category` [ RunTime:0.0073s ]
SQL: SELECT * FROM `sp_category` WHERE `cat_level` = '0'  [ RunTime:0.0005s ]
SQL: SELECT * FROM `sp_category` WHERE `cat_level` = '1'  [ RunTime:0.0003s ]
SQL: SELECT * FROM `sp_category` WHERE `cat_level` = '2'  [ RunTime:0.0003s ]
SQL: SHOW COLUMNS FROM `sp_user` [ RunTime:0.0099s ]
SQL: SELECT * FROM `sp_user` WHERE `user_name` = 'bob' AND `user_pwd` = '123' LIMIT 1   [ RunTime:0.0007s ]

[ 2016-04-13T16:36:29+08:00 ] 127.0.0.1 /index.php/Home/User/login/ajax/2
INFO: [ app_begin ] --START--
INFO: Run Behavior\ReadHtmlCacheBehavior [ RunTime:0.001207s ]
INFO: [ app_begin ] --END-- [ RunTime:0.002121s ]
SQL: SHOW COLUMNS FROM `sp_category` [ RunTime:0.0085s ]
SQL: SELECT * FROM `sp_category` WHERE `cat_level` = '0'  [ RunTime:0.0005s ]
SQL: SELECT * FROM `sp_category` WHERE `cat_level` = '1'  [ RunTime:0.0003s ]
SQL: SELECT * FROM `sp_category` WHERE `cat_level` = '2'  [ RunTime:0.0003s ]
SQL: SHOW COLUMNS FROM `sp_user` [ RunTime:0.0088s ]
SQL: SELECT * FROM `sp_user` WHERE `user_name` = 'bob' AND `user_pwd` = '123' LIMIT 1   [ RunTime:0.0004s ]

[ 2016-04-13T16:44:16+08:00 ] 127.0.0.1 /index.php/Home/User/login/ajax/2
INFO: [ app_begin ] --START--
INFO: Run Behavior\ReadHtmlCacheBehavior [ RunTime:0.001090s ]
INFO: [ app_begin ] --END-- [ RunTime:0.002088s ]
SQL: SHOW COLUMNS FROM `sp_category` [ RunTime:0.0065s ]
SQL: SELECT * FROM `sp_category` WHERE `cat_level` = '0'  [ RunTime:0.0004s ]
SQL: SELECT * FROM `sp_category` WHERE `cat_level` = '1'  [ RunTime:0.0003s ]
SQL: SELECT * FROM `sp_category` WHERE `cat_level` = '2'  [ RunTime:0.0002s ]
SQL: SHOW COLUMNS FROM `sp_user` [ RunTime:0.0078s ]
SQL: SELECT * FROM `sp_user` WHERE `user_name` = 'fsfs' AND `user_pwd` = 'sfsfd' LIMIT 1   [ RunTime:0.0006s ]
INFO: [ view_parse ] --START--
INFO: [ template_filter ] --START--
INFO: Run Behavior\ContentReplaceBehavior [ RunTime:0.000180s ]
INFO: [ template_filter ] --END-- [ RunTime:0.000339s ]
INFO: Run Behavior\ParseTemplateBehavior [ RunTime:0.029030s ]
INFO: [ view_parse ] --END-- [ RunTime:0.029178s ]
INFO: [ view_filter ] --START--
INFO: Run Behavior\WriteHtmlCacheBehavior [ RunTime:0.000780s ]
INFO: [ view_filter ] --END-- [ RunTime:0.000902s ]
NOTIC: [2] Cannot modify header information - headers already sent by (output started at E:\web\php43\shop\Home\Controller\UserController.class.php:38) E:\web\php43\ThinkPHP\Library\Think\View.class.php 第 91 行.
NOTIC: [2] Cannot modify header information - headers already sent by (output started at E:\web\php43\shop\Home\Controller\UserController.class.php:38) E:\web\php43\ThinkPHP\Library\Think\View.class.php 第 92 行.
NOTIC: [2] Cannot modify header information - headers already sent by (output started at E:\web\php43\shop\Home\Controller\UserController.class.php:38) E:\web\php43\ThinkPHP\Library\Think\View.class.php 第 93 行.
INFO: [ app_end ] --START--
INFO: Run Behavior\ShowPageTraceBehavior [ RunTime:0.001608s ]
INFO: [ app_end ] --END-- [ RunTime:0.001761s ]

[ 2016-04-13T16:50:15+08:00 ] 127.0.0.1 /index.php/Home/User/login/ajax/2
INFO: [ app_begin ] --START--
INFO: Run Behavior\ReadHtmlCacheBehavior [ RunTime:0.002053s ]
INFO: [ app_begin ] --END-- [ RunTime:0.003277s ]
SQL: SHOW COLUMNS FROM `sp_category` [ RunTime:0.0125s ]
SQL: SELECT * FROM `sp_category` WHERE `cat_level` = '0'  [ RunTime:0.0006s ]
SQL: SELECT * FROM `sp_category` WHERE `cat_level` = '1'  [ RunTime:0.0004s ]
SQL: SELECT * FROM `sp_category` WHERE `cat_level` = '2'  [ RunTime:0.0004s ]
SQL: SHOW COLUMNS FROM `sp_user` [ RunTime:0.0106s ]
SQL: SELECT * FROM `sp_user` WHERE `user_name` = 'fsfs' AND `user_pwd` = 'sfsfd' LIMIT 1   [ RunTime:0.0005s ]
INFO: [ view_parse ] --START--
INFO: [ template_filter ] --START--
INFO: Run Behavior\ContentReplaceBehavior [ RunTime:0.000124s ]
INFO: [ template_filter ] --END-- [ RunTime:0.000255s ]
INFO: Run Behavior\ParseTemplateBehavior [ RunTime:0.021246s ]
INFO: [ view_parse ] --END-- [ RunTime:0.021407s ]
INFO: [ view_filter ] --START--
INFO: Run Behavior\WriteHtmlCacheBehavior [ RunTime:0.000703s ]
INFO: [ view_filter ] --END-- [ RunTime:0.000795s ]
NOTIC: [2] Cannot modify header information - headers already sent by (output started at E:\web\php43\shop\Home\Controller\UserController.class.php:38) E:\web\php43\ThinkPHP\Library\Think\View.class.php 第 91 行.
NOTIC: [2] Cannot modify header information - headers already sent by (output started at E:\web\php43\shop\Home\Controller\UserController.class.php:38) E:\web\php43\ThinkPHP\Library\Think\View.class.php 第 92 行.
NOTIC: [2] Cannot modify header information - headers already sent by (output started at E:\web\php43\shop\Home\Controller\UserController.class.php:38) E:\web\php43\ThinkPHP\Library\Think\View.class.php 第 93 行.
INFO: [ app_end ] --START--
INFO: Run Behavior\ShowPageTraceBehavior [ RunTime:0.001209s ]
INFO: [ app_end ] --END-- [ RunTime:0.001321s ]

[ 2016-04-13T16:58:47+08:00 ] 127.0.0.1 /index.php/Home/User/isLogin
INFO: [ app_begin ] --START--
INFO: Run Behavior\ReadHtmlCacheBehavior [ RunTime:0.001152s ]
INFO: [ app_begin ] --END-- [ RunTime:0.001956s ]
SQL: SHOW COLUMNS FROM `sp_category` [ RunTime:0.0084s ]
SQL: SELECT * FROM `sp_category` WHERE `cat_level` = '0'  [ RunTime:0.0005s ]
SQL: SELECT * FROM `sp_category` WHERE `cat_level` = '1'  [ RunTime:0.0006s ]
SQL: SELECT * FROM `sp_category` WHERE `cat_level` = '2'  [ RunTime:0.0006s ]
INFO: [ app_end ] --START--
INFO: Run Behavior\ShowPageTraceBehavior [ RunTime:0.002083s ]
INFO: [ app_end ] --END-- [ RunTime:0.002245s ]

[ 2016-04-13T17:05:36+08:00 ] 127.0.0.1 /index.php/Home/User/isLogin
INFO: [ app_begin ] --START--
INFO: Run Behavior\ReadHtmlCacheBehavior [ RunTime:0.001388s ]
INFO: [ app_begin ] --END-- [ RunTime:0.002300s ]
SQL: SHOW COLUMNS FROM `sp_category` [ RunTime:0.0076s ]
SQL: SELECT * FROM `sp_category` WHERE `cat_level` = '0'  [ RunTime:0.0005s ]
SQL: SELECT * FROM `sp_category` WHERE `cat_level` = '1'  [ RunTime:0.0004s ]
SQL: SELECT * FROM `sp_category` WHERE `cat_level` = '2'  [ RunTime:0.0003s ]
INFO: [ app_end ] --START--
INFO: Run Behavior\ShowPageTraceBehavior [ RunTime:0.001549s ]
INFO: [ app_end ] --END-- [ RunTime:0.001676s ]

[ 2016-04-13T17:05:44+08:00 ] 127.0.0.1 /index.php/Home/User/isLogin
INFO: [ app_begin ] --START--
INFO: Run Behavior\ReadHtmlCacheBehavior [ RunTime:0.001061s ]
INFO: [ app_begin ] --END-- [ RunTime:0.001880s ]
SQL: SHOW COLUMNS FROM `sp_category` [ RunTime:0.0105s ]
SQL: SELECT * FROM `sp_category` WHERE `cat_level` = '0'  [ RunTime:0.0016s ]
SQL: SELECT * FROM `sp_category` WHERE `cat_level` = '1'  [ RunTime:0.0005s ]
SQL: SELECT * FROM `sp_category` WHERE `cat_level` = '2'  [ RunTime:0.0004s ]
INFO: [ app_end ] --START--
INFO: Run Behavior\ShowPageTraceBehavior [ RunTime:0.001202s ]
INFO: [ app_end ] --END-- [ RunTime:0.001384s ]

[ 2016-04-13T17:05:50+08:00 ] 127.0.0.1 /index.php/Home/User/isLogin
INFO: [ app_begin ] --START--
INFO: Run Behavior\ReadHtmlCacheBehavior [ RunTime:0.000951s ]
INFO: [ app_begin ] --END-- [ RunTime:0.001749s ]
SQL: SHOW COLUMNS FROM `sp_category` [ RunTime:0.0083s ]
SQL: SELECT * FROM `sp_category` WHERE `cat_level` = '0'  [ RunTime:0.0005s ]
SQL: SELECT * FROM `sp_category` WHERE `cat_level` = '1'  [ RunTime:0.0003s ]
SQL: SELECT * FROM `sp_category` WHERE `cat_level` = '2'  [ RunTime:0.0003s ]
INFO: [ app_end ] --START--
INFO: Run Behavior\ShowPageTraceBehavior [ RunTime:0.001194s ]
INFO: [ app_end ] --END-- [ RunTime:0.001321s ]

[ 2016-04-13T17:07:00+08:00 ] 127.0.0.1 /index.php/Home/User/isLogin
INFO: [ app_begin ] --START--
INFO: Run Behavior\ReadHtmlCacheBehavior [ RunTime:0.002075s ]
INFO: [ app_begin ] --END-- [ RunTime:0.003215s ]
SQL: SHOW COLUMNS FROM `sp_category` [ RunTime:0.0068s ]
SQL: SELECT * FROM `sp_category` WHERE `cat_level` = '0'  [ RunTime:0.0004s ]
SQL: SELECT * FROM `sp_category` WHERE `cat_level` = '1'  [ RunTime:0.0003s ]
SQL: SELECT * FROM `sp_category` WHERE `cat_level` = '2'  [ RunTime:0.0004s ]
INFO: [ app_end ] --START--
INFO: Run Behavior\ShowPageTraceBehavior [ RunTime:0.001515s ]
INFO: [ app_end ] --END-- [ RunTime:0.001639s ]

[ 2016-04-13T17:07:05+08:00 ] 127.0.0.1 /index.php/Home/User/isLogin
INFO: [ app_begin ] --START--
INFO: Run Behavior\ReadHtmlCacheBehavior [ RunTime:0.001548s ]
INFO: [ app_begin ] --END-- [ RunTime:0.002604s ]
SQL: SHOW COLUMNS FROM `sp_category` [ RunTime:0.0091s ]
SQL: SELECT * FROM `sp_category` WHERE `cat_level` = '0'  [ RunTime:0.0006s ]
SQL: SELECT * FROM `sp_category` WHERE `cat_level` = '1'  [ RunTime:0.0004s ]
SQL: SELECT * FROM `sp_category` WHERE `cat_level` = '2'  [ RunTime:0.0005s ]
INFO: [ app_end ] --START--
INFO: Run Behavior\ShowPageTraceBehavior [ RunTime:0.001233s ]
INFO: [ app_end ] --END-- [ RunTime:0.001358s ]

[ 2016-04-13T17:07:09+08:00 ] 127.0.0.1 /index.php/Home/User/isLogin
INFO: [ app_begin ] --START--
INFO: Run Behavior\ReadHtmlCacheBehavior [ RunTime:0.001261s ]
INFO: [ app_begin ] --END-- [ RunTime:0.002183s ]
SQL: SHOW COLUMNS FROM `sp_category` [ RunTime:0.0110s ]
SQL: SELECT * FROM `sp_category` WHERE `cat_level` = '0'  [ RunTime:0.0006s ]
SQL: SELECT * FROM `sp_category` WHERE `cat_level` = '1'  [ RunTime:0.0005s ]
SQL: SELECT * FROM `sp_category` WHERE `cat_level` = '2'  [ RunTime:0.0004s ]
INFO: [ app_end ] --START--
INFO: Run Behavior\ShowPageTraceBehavior [ RunTime:0.001571s ]
INFO: [ app_end ] --END-- [ RunTime:0.001751s ]

[ 2016-04-13T17:07:15+08:00 ] 127.0.0.1 /index.php/Home/User/isLogin
INFO: [ app_begin ] --START--
INFO: Run Behavior\ReadHtmlCacheBehavior [ RunTime:0.001214s ]
INFO: [ app_begin ] --END-- [ RunTime:0.002131s ]
SQL: SHOW COLUMNS FROM `sp_category` [ RunTime:0.0079s ]
SQL: SELECT * FROM `sp_category` WHERE `cat_level` = '0'  [ RunTime:0.0004s ]
SQL: SELECT * FROM `sp_category` WHERE `cat_level` = '1'  [ RunTime:0.0003s ]
SQL: SELECT * FROM `sp_category` WHERE `cat_level` = '2'  [ RunTime:0.0003s ]
INFO: [ app_end ] --START--
INFO: Run Behavior\ShowPageTraceBehavior [ RunTime:0.001140s ]
INFO: [ app_end ] --END-- [ RunTime:0.001241s ]

[ 2016-04-13T17:10:44+08:00 ] 127.0.0.1 /index.php/Home/User/isLogin
INFO: [ app_begin ] --START--
INFO: Run Behavior\ReadHtmlCacheBehavior [ RunTime:0.001786s ]
INFO: [ app_begin ] --END-- [ RunTime:0.002967s ]
SQL: SHOW COLUMNS FROM `sp_category` [ RunTime:0.0112s ]
SQL: SELECT * FROM `sp_category` WHERE `cat_level` = '0'  [ RunTime:0.0005s ]
SQL: SELECT * FROM `sp_category` WHERE `cat_level` = '1'  [ RunTime:0.0004s ]
SQL: SELECT * FROM `sp_category` WHERE `cat_level` = '2'  [ RunTime:0.0004s ]
INFO: [ app_end ] --START--
INFO: Run Behavior\ShowPageTraceBehavior [ RunTime:0.001579s ]
INFO: [ app_end ] --END-- [ RunTime:0.001719s ]

[ 2016-04-13T17:10:49+08:00 ] 127.0.0.1 /index.php/Home/User/login/ajax/2
INFO: [ app_begin ] --START--
INFO: Run Behavior\ReadHtmlCacheBehavior [ RunTime:0.001003s ]
INFO: [ app_begin ] --END-- [ RunTime:0.001686s ]
SQL: SHOW COLUMNS FROM `sp_category` [ RunTime:0.0111s ]
SQL: SELECT * FROM `sp_category` WHERE `cat_level` = '0'  [ RunTime:0.0005s ]
SQL: SELECT * FROM `sp_category` WHERE `cat_level` = '1'  [ RunTime:0.0005s ]
SQL: SELECT * FROM `sp_category` WHERE `cat_level` = '2'  [ RunTime:0.0004s ]
SQL: SHOW COLUMNS FROM `sp_user` [ RunTime:0.0081s ]
SQL: SELECT * FROM `sp_user` WHERE `user_name` = 'bob' AND `user_pwd` = '123' LIMIT 1   [ RunTime:0.0004s ]

[ 2016-04-13T17:10:54+08:00 ] 127.0.0.1 /index.php/Home/User/isLogin
INFO: [ app_begin ] --START--
INFO: Run Behavior\ReadHtmlCacheBehavior [ RunTime:0.000902s ]
INFO: [ app_begin ] --END-- [ RunTime:0.001651s ]
SQL: SHOW COLUMNS FROM `sp_category` [ RunTime:0.0123s ]
SQL: SELECT * FROM `sp_category` WHERE `cat_level` = '0'  [ RunTime:0.0007s ]
SQL: SELECT * FROM `sp_category` WHERE `cat_level` = '1'  [ RunTime:0.0004s ]
SQL: SELECT * FROM `sp_category` WHERE `cat_level` = '2'  [ RunTime:0.0004s ]
INFO: [ app_end ] --START--
INFO: Run Behavior\ShowPageTraceBehavior [ RunTime:0.001302s ]
INFO: [ app_end ] --END-- [ RunTime:0.001424s ]

[ 2016-04-13T17:10:59+08:00 ] 127.0.0.1 /index.php/Home/Comment/sendback
INFO: [ app_begin ] --START--
INFO: Run Behavior\ReadHtmlCacheBehavior [ RunTime:0.001423s ]
INFO: [ app_begin ] --END-- [ RunTime:0.002456s ]
SQL: SHOW COLUMNS FROM `sp_category` [ RunTime:0.0081s ]
SQL: SELECT * FROM `sp_category` WHERE `cat_level` = '0'  [ RunTime:0.0005s ]
SQL: SELECT * FROM `sp_category` WHERE `cat_level` = '1'  [ RunTime:0.0004s ]
SQL: SELECT * FROM `sp_category` WHERE `cat_level` = '2'  [ RunTime:0.0003s ]
SQL: SHOW COLUMNS FROM `sp_back` [ RunTime:0.0081s ]
SQL: INSERT INTO `sp_back` (`cmt_id`,`back_msg`,`user_id`,`add_time`) VALUES ('9','谁离开的流口水的克里斯','12','1460538659') [ RunTime:0.0007s ]
INFO: [ app_end ] --START--
INFO: Run Behavior\ShowPageTraceBehavior [ RunTime:0.001412s ]
INFO: [ app_end ] --END-- [ RunTime:0.001537s ]

[ 2016-04-13T17:11:03+08:00 ] 127.0.0.1 /index.php/Home/User/isLogin
INFO: [ app_begin ] --START--
INFO: Run Behavior\ReadHtmlCacheBehavior [ RunTime:0.000931s ]
INFO: [ app_begin ] --END-- [ RunTime:0.001640s ]
SQL: SHOW COLUMNS FROM `sp_category` [ RunTime:0.0097s ]
SQL: SELECT * FROM `sp_category` WHERE `cat_level` = '0'  [ RunTime:0.0004s ]
SQL: SELECT * FROM `sp_category` WHERE `cat_level` = '1'  [ RunTime:0.0004s ]
SQL: SELECT * FROM `sp_category` WHERE `cat_level` = '2'  [ RunTime:0.0005s ]
INFO: [ app_end ] --START--
INFO: Run Behavior\ShowPageTraceBehavior [ RunTime:0.001594s ]
INFO: [ app_end ] --END-- [ RunTime:0.001767s ]

[ 2016-04-13T17:11:07+08:00 ] 127.0.0.1 /index.php/Home/Comment/sendback
INFO: [ app_begin ] --START--
INFO: Run Behavior\ReadHtmlCacheBehavior [ RunTime:0.001554s ]
INFO: [ app_begin ] --END-- [ RunTime:0.002686s ]
SQL: SHOW COLUMNS FROM `sp_category` [ RunTime:0.0134s ]
SQL: SELECT * FROM `sp_category` WHERE `cat_level` = '0'  [ RunTime:0.0007s ]
SQL: SELECT * FROM `sp_category` WHERE `cat_level` = '1'  [ RunTime:0.0004s ]
SQL: SELECT * FROM `sp_category` WHERE `cat_level` = '2'  [ RunTime:0.0004s ]
SQL: SHOW COLUMNS FROM `sp_back` [ RunTime:0.0097s ]
SQL: INSERT INTO `sp_back` (`cmt_id`,`back_msg`,`user_id`,`add_time`) VALUES ('9','都流口水代理商的克里斯','12','1460538667') [ RunTime:0.0006s ]
INFO: [ app_end ] --START--
INFO: Run Behavior\ShowPageTraceBehavior [ RunTime:0.001112s ]
INFO: [ app_end ] --END-- [ RunTime:0.001269s ]

[ 2016-04-13T17:11:08+08:00 ] 127.0.0.1 /index.php/Home/User/isLogin
INFO: [ app_begin ] --START--
INFO: Run Behavior\ReadHtmlCacheBehavior [ RunTime:0.001465s ]
INFO: [ app_begin ] --END-- [ RunTime:0.002587s ]
SQL: SHOW COLUMNS FROM `sp_category` [ RunTime:0.0103s ]
SQL: SELECT * FROM `sp_category` WHERE `cat_level` = '0'  [ RunTime:0.0005s ]
SQL: SELECT * FROM `sp_category` WHERE `cat_level` = '1'  [ RunTime:0.0003s ]
SQL: SELECT * FROM `sp_category` WHERE `cat_level` = '2'  [ RunTime:0.0006s ]
INFO: [ app_end ] --START--
INFO: Run Behavior\ShowPageTraceBehavior [ RunTime:0.002428s ]
INFO: [ app_end ] --END-- [ RunTime:0.002691s ]

[ 2016-04-13T17:11:12+08:00 ] 127.0.0.1 /index.php/Home/Comment/sendback
INFO: [ app_begin ] --START--
INFO: Run Behavior\ReadHtmlCacheBehavior [ RunTime:0.001715s ]
INFO: [ app_begin ] --END-- [ RunTime:0.003668s ]
SQL: SHOW COLUMNS FROM `sp_category` [ RunTime:0.0079s ]
SQL: SELECT * FROM `sp_category` WHERE `cat_level` = '0'  [ RunTime:0.0004s ]
SQL: SELECT * FROM `sp_category` WHERE `cat_level` = '1'  [ RunTime:0.0003s ]
SQL: SELECT * FROM `sp_category` WHERE `cat_level` = '2'  [ RunTime:0.0003s ]
SQL: SHOW COLUMNS FROM `sp_back` [ RunTime:0.0070s ]
SQL: INSERT INTO `sp_back` (`cmt_id`,`back_msg`,`user_id`,`add_time`) VALUES ('8','类似的卡洛斯的了上刊登了','12','1460538672') [ RunTime:0.0005s ]
INFO: [ app_end ] --START--
INFO: Run Behavior\ShowPageTraceBehavior [ RunTime:0.001322s ]
INFO: [ app_end ] --END-- [ RunTime:0.001446s ]

[ 2016-04-13T17:11:54+08:00 ] 127.0.0.1 /index.php/Home/User/isLogin
INFO: [ app_begin ] --START--
INFO: Run Behavior\ReadHtmlCacheBehavior [ RunTime:0.000996s ]
INFO: [ app_begin ] --END-- [ RunTime:0.001732s ]
SQL: SHOW COLUMNS FROM `sp_category` [ RunTime:0.0088s ]
SQL: SELECT * FROM `sp_category` WHERE `cat_level` = '0'  [ RunTime:0.0006s ]
SQL: SELECT * FROM `sp_category` WHERE `cat_level` = '1'  [ RunTime:0.0004s ]
SQL: SELECT * FROM `sp_category` WHERE `cat_level` = '2'  [ RunTime:0.0005s ]
INFO: [ app_end ] --START--
INFO: Run Behavior\ShowPageTraceBehavior [ RunTime:0.001572s ]
INFO: [ app_end ] --END-- [ RunTime:0.001728s ]

[ 2016-04-13T17:13:15+08:00 ] 127.0.0.1 /index.php/Home/User/login/ajax/2
INFO: [ app_begin ] --START--
INFO: Run Behavior\ReadHtmlCacheBehavior [ RunTime:0.002017s ]
INFO: [ app_begin ] --END-- [ RunTime:0.003556s ]
SQL: SHOW COLUMNS FROM `sp_category` [ RunTime:0.0115s ]
SQL: SELECT * FROM `sp_category` WHERE `cat_level` = '0'  [ RunTime:0.0005s ]
SQL: SELECT * FROM `sp_category` WHERE `cat_level` = '1'  [ RunTime:0.0004s ]
SQL: SELECT * FROM `sp_category` WHERE `cat_level` = '2'  [ RunTime:0.0004s ]
SQL: SHOW COLUMNS FROM `sp_user` [ RunTime:0.0101s ]
SQL: SELECT * FROM `sp_user` WHERE `user_name` = 'bob' AND `user_pwd` = '123' LIMIT 1   [ RunTime:0.0003s ]

[ 2016-04-13T17:43:54+08:00 ] 127.0.0.1 /index.php/Home/User/isLogin
INFO: [ app_begin ] --START--
INFO: Run Behavior\ReadHtmlCacheBehavior [ RunTime:0.000997s ]
INFO: [ app_begin ] --END-- [ RunTime:0.001720s ]
SQL: SHOW COLUMNS FROM `sp_category` [ RunTime:0.0078s ]
SQL: SELECT * FROM `sp_category` WHERE `cat_level` = '0'  [ RunTime:0.0007s ]
SQL: SELECT * FROM `sp_category` WHERE `cat_level` = '1'  [ RunTime:0.0004s ]
SQL: SELECT * FROM `sp_category` WHERE `cat_level` = '2'  [ RunTime:0.0006s ]
INFO: [ app_end ] --START--
INFO: Run Behavior\ShowPageTraceBehavior [ RunTime:0.001740s ]
INFO: [ app_end ] --END-- [ RunTime:0.005674s ]

[ 2016-04-13T17:43:59+08:00 ] 127.0.0.1 /index.php/Home/User/login/ajax/2
INFO: [ app_begin ] --START--
INFO: Run Behavior\ReadHtmlCacheBehavior [ RunTime:0.000907s ]
INFO: [ app_begin ] --END-- [ RunTime:0.001604s ]
SQL: SHOW COLUMNS FROM `sp_category` [ RunTime:0.0071s ]
SQL: SELECT * FROM `sp_category` WHERE `cat_level` = '0'  [ RunTime:0.0009s ]
SQL: SELECT * FROM `sp_category` WHERE `cat_level` = '1'  [ RunTime:0.0003s ]
SQL: SELECT * FROM `sp_category` WHERE `cat_level` = '2'  [ RunTime:0.0003s ]
SQL: SHOW COLUMNS FROM `sp_user` [ RunTime:0.0095s ]
SQL: SELECT * FROM `sp_user` WHERE `user_name` = 'mary' AND `user_pwd` = '123' LIMIT 1   [ RunTime:0.0010s ]

[ 2016-04-13T17:44:06+08:00 ] 127.0.0.1 /index.php/Home/User/isLogin
INFO: [ app_begin ] --START--
INFO: Run Behavior\ReadHtmlCacheBehavior [ RunTime:0.002026s ]
INFO: [ app_begin ] --END-- [ RunTime:0.003082s ]
SQL: SHOW COLUMNS FROM `sp_category` [ RunTime:0.0128s ]
SQL: SELECT * FROM `sp_category` WHERE `cat_level` = '0'  [ RunTime:0.0005s ]
SQL: SELECT * FROM `sp_category` WHERE `cat_level` = '1'  [ RunTime:0.0006s ]
SQL: SELECT * FROM `sp_category` WHERE `cat_level` = '2'  [ RunTime:0.0006s ]
INFO: [ app_end ] --START--
INFO: Run Behavior\ShowPageTraceBehavior [ RunTime:0.001486s ]
INFO: [ app_end ] --END-- [ RunTime:0.002304s ]

[ 2016-04-13T17:44:11+08:00 ] 127.0.0.1 /index.php/Home/Comment/sendback
INFO: [ app_begin ] --START--
INFO: Run Behavior\ReadHtmlCacheBehavior [ RunTime:0.000885s ]
INFO: [ app_begin ] --END-- [ RunTime:0.001576s ]
SQL: SHOW COLUMNS FROM `sp_category` [ RunTime:0.0076s ]
SQL: SELECT * FROM `sp_category` WHERE `cat_level` = '0'  [ RunTime:0.0003s ]
SQL: SELECT * FROM `sp_category` WHERE `cat_level` = '1'  [ RunTime:0.0003s ]
SQL: SELECT * FROM `sp_category` WHERE `cat_level` = '2'  [ RunTime:0.0002s ]
SQL: SHOW COLUMNS FROM `sp_back` [ RunTime:0.0080s ]
SQL: INSERT INTO `sp_back` (`cmt_id`,`back_msg`,`user_id`,`add_time`) VALUES ('9','顺路快递临时决定离开时间登录','11','1460540651') [ RunTime:0.0007s ]
INFO: [ app_end ] --START--
INFO: Run Behavior\ShowPageTraceBehavior [ RunTime:0.001528s ]
INFO: [ app_end ] --END-- [ RunTime:0.001684s ]

[ 2016-04-13T17:45:22+08:00 ] 127.0.0.1 /index.php/Home/User/isLogin
INFO: [ app_begin ] --START--
INFO: Run Behavior\ReadHtmlCacheBehavior [ RunTime:0.000986s ]
INFO: [ app_begin ] --END-- [ RunTime:0.002028s ]
SQL: SHOW COLUMNS FROM `sp_category` [ RunTime:0.0138s ]
SQL: SELECT * FROM `sp_category` WHERE `cat_level` = '0'  [ RunTime:0.0007s ]
SQL: SELECT * FROM `sp_category` WHERE `cat_level` = '1'  [ RunTime:0.0005s ]
SQL: SELECT * FROM `sp_category` WHERE `cat_level` = '2'  [ RunTime:0.0006s ]
INFO: [ app_end ] --START--
INFO: Run Behavior\ShowPageTraceBehavior [ RunTime:0.001896s ]
INFO: [ app_end ] --END-- [ RunTime:0.002069s ]

[ 2016-04-13T17:45:26+08:00 ] 127.0.0.1 /index.php/Home/Comment/sendback
INFO: [ app_begin ] --START--
INFO: Run Behavior\ReadHtmlCacheBehavior [ RunTime:0.001538s ]
INFO: [ app_begin ] --END-- [ RunTime:0.002984s ]
SQL: SHOW COLUMNS FROM `sp_category` [ RunTime:0.0093s ]
SQL: SELECT * FROM `sp_category` WHERE `cat_level` = '0'  [ RunTime:0.0005s ]
SQL: SELECT * FROM `sp_category` WHERE `cat_level` = '1'  [ RunTime:0.0004s ]
SQL: SELECT * FROM `sp_category` WHERE `cat_level` = '2'  [ RunTime:0.0003s ]
SQL: SHOW COLUMNS FROM `sp_back` [ RunTime:0.0100s ]
SQL: INSERT INTO `sp_back` (`cmt_id`,`back_msg`,`user_id`,`add_time`) VALUES ('8','临时决定离开时间登录','11','1460540726') [ RunTime:0.0005s ]
INFO: [ app_end ] --START--
INFO: Run Behavior\ShowPageTraceBehavior [ RunTime:0.001165s ]
INFO: [ app_end ] --END-- [ RunTime:0.001270s ]

[ 2016-04-13T17:46:30+08:00 ] 127.0.0.1 /index.php/Home/Comment/tianjia
INFO: [ app_begin ] --START--
INFO: Run Behavior\ReadHtmlCacheBehavior [ RunTime:0.001713s ]
INFO: [ app_begin ] --END-- [ RunTime:0.002961s ]
SQL: SHOW COLUMNS FROM `sp_category` [ RunTime:0.0079s ]
SQL: SELECT * FROM `sp_category` WHERE `cat_level` = '0'  [ RunTime:0.0006s ]
SQL: SELECT * FROM `sp_category` WHERE `cat_level` = '1'  [ RunTime:0.0005s ]
SQL: SELECT * FROM `sp_category` WHERE `cat_level` = '2'  [ RunTime:0.0005s ]
SQL: SHOW COLUMNS FROM `sp_comment` [ RunTime:0.0089s ]
SQL: INSERT INTO `sp_comment` (`cmt_star`,`cmt_msg`,`add_time`,`user_id`,`goods_id`) VALUES ('4','斯柯达快乐时口袋里速度快<br />','1460540790','11','18') [ RunTime:0.0006s ]
INFO: [ app_end ] --START--
INFO: Run Behavior\ShowPageTraceBehavior [ RunTime:0.001367s ]
INFO: [ app_end ] --END-- [ RunTime:0.001509s ]

