[ 2016-04-14T17:32:49+08:00 ] 127.0.0.1 /index.php/Home/Comment/getPageInfo?page_index=0
INFO: [ app_begin ] --START--
INFO: Run Behavior\ReadHtmlCacheBehavior [ RunTime:0.001411s ]
INFO: [ app_begin ] --END-- [ RunTime:0.002524s ]
SQL: SHOW COLUMNS FROM `sp_category` [ RunTime:0.0130s ]
SQL: SELECT * FROM `sp_category` WHERE `cat_level` = '0'  [ RunTime:0.0004s ]
SQL: SELECT * FROM `sp_category` WHERE `cat_level` = '1'  [ RunTime:0.0003s ]
SQL: SELECT * FROM `sp_category` WHERE `cat_level` = '2'  [ RunTime:0.0003s ]
ERR: 参数错误或者未定义:goods_id

[ 2016-04-14T17:35:00+08:00 ] 127.0.0.1 /index.php/Home/Comment/getPageInfo?page_index=0
INFO: [ app_begin ] --START--
INFO: Run Behavior\ReadHtmlCacheBehavior [ RunTime:0.001705s ]
INFO: [ app_begin ] --END-- [ RunTime:0.002929s ]
SQL: SHOW COLUMNS FROM `sp_category` [ RunTime:0.0107s ]
SQL: SELECT * FROM `sp_category` WHERE `cat_level` = '0'  [ RunTime:0.0007s ]
SQL: SELECT * FROM `sp_category` WHERE `cat_level` = '1'  [ RunTime:0.0004s ]
SQL: SELECT * FROM `sp_category` WHERE `cat_level` = '2'  [ RunTime:0.0004s ]
ERR: 参数错误或者未定义:goods_id

[ 2016-04-14T17:35:10+08:00 ] 127.0.0.1 /index.php/Home/Comment/getPageInfo?page_index=0
INFO: [ app_begin ] --START--
INFO: Run Behavior\ReadHtmlCacheBehavior [ RunTime:0.001178s ]
INFO: [ app_begin ] --END-- [ RunTime:0.001972s ]
SQL: SHOW COLUMNS FROM `sp_category` [ RunTime:0.0094s ]
SQL: SELECT * FROM `sp_category` WHERE `cat_level` = '0'  [ RunTime:0.0021s ]
SQL: SELECT * FROM `sp_category` WHERE `cat_level` = '1'  [ RunTime:0.0004s ]
SQL: SELECT * FROM `sp_category` WHERE `cat_level` = '2'  [ RunTime:0.0004s ]
ERR: 参数错误或者未定义:goods_id

[ 2016-04-14T17:36:42+08:00 ] 127.0.0.1 /index.php/Home/Comment/getPageInfo/goods_id/undefined?page_index=0
INFO: [ app_begin ] --START--
INFO: Run Behavior\ReadHtmlCacheBehavior [ RunTime:0.001485s ]
INFO: [ app_begin ] --END-- [ RunTime:0.002563s ]
SQL: SHOW COLUMNS FROM `sp_category` [ RunTime:0.0100s ]
SQL: SELECT * FROM `sp_category` WHERE `cat_level` = '0'  [ RunTime:0.0004s ]
SQL: SELECT * FROM `sp_category` WHERE `cat_level` = '1'  [ RunTime:0.0003s ]
SQL: SELECT * FROM `sp_category` WHERE `cat_level` = '2'  [ RunTime:0.0003s ]
SQL: SHOW COLUMNS FROM `sp_comment` [ RunTime:0.0103s ]
SQL: SELECT c.cmt_id,c.cmt_msg,from_unixtime(c.add_time) as cmt_add_time,c.cmt_star,uu.user_name as cmt_user_name,b.back_id,b.back_msg,from_unixtime(b.add_time) as back_add_time,u.user_name as back_user_name FROM sp_comment c left join sp_back b on c.cmt_id=b.cmt_id left join sp_user u on b.user_id=u.user_id INNER JOIN sp_user uu on c.user_id=uu.user_id  WHERE c.goods_id = 'undefined' ORDER BY c.cmt_id desc LIMIT 0,3   [ RunTime:0.0007s ]
INFO: [ app_end ] --START--
INFO: Run Behavior\ShowPageTraceBehavior [ RunTime:0.001126s ]
INFO: [ app_end ] --END-- [ RunTime:0.001312s ]

[ 2016-04-14T17:37:10+08:00 ] 127.0.0.1 /index.php/Home/Comment/getPageInfo/goods_id/undefined?page_index=0
INFO: [ app_begin ] --START--
INFO: Run Behavior\ReadHtmlCacheBehavior [ RunTime:0.003587s ]
INFO: [ app_begin ] --END-- [ RunTime:0.004903s ]
SQL: SHOW COLUMNS FROM `sp_category` [ RunTime:0.0154s ]
SQL: SELECT * FROM `sp_category` WHERE `cat_level` = '0'  [ RunTime:0.0007s ]
SQL: SELECT * FROM `sp_category` WHERE `cat_level` = '1'  [ RunTime:0.0005s ]
SQL: SELECT * FROM `sp_category` WHERE `cat_level` = '2'  [ RunTime:0.0006s ]
SQL: SHOW COLUMNS FROM `sp_comment` [ RunTime:0.0119s ]
SQL: SELECT c.cmt_id,c.cmt_msg,from_unixtime(c.add_time) as cmt_add_time,c.cmt_star,uu.user_name as cmt_user_name,b.back_id,b.back_msg,from_unixtime(b.add_time) as back_add_time,u.user_name as back_user_name FROM sp_comment c left join sp_back b on c.cmt_id=b.cmt_id left join sp_user u on b.user_id=u.user_id INNER JOIN sp_user uu on c.user_id=uu.user_id  WHERE c.goods_id = 'undefined' ORDER BY c.cmt_id desc LIMIT 0,3   [ RunTime:0.0009s ]
INFO: [ app_end ] --START--
INFO: Run Behavior\ShowPageTraceBehavior [ RunTime:0.001580s ]
INFO: [ app_end ] --END-- [ RunTime:0.001866s ]

[ 2016-04-14T17:39:10+08:00 ] 127.0.0.1 /index.php/Home/Comment/getPageInfo/goods_id/18?page_index=0
INFO: [ app_begin ] --START--
INFO: Run Behavior\ReadHtmlCacheBehavior [ RunTime:0.001431s ]
INFO: [ app_begin ] --END-- [ RunTime:0.002498s ]
SQL: SHOW COLUMNS FROM `sp_category` [ RunTime:0.0162s ]
SQL: SELECT * FROM `sp_category` WHERE `cat_level` = '0'  [ RunTime:0.0007s ]
SQL: SELECT * FROM `sp_category` WHERE `cat_level` = '1'  [ RunTime:0.0005s ]
SQL: SELECT * FROM `sp_category` WHERE `cat_level` = '2'  [ RunTime:0.0008s ]
SQL: SHOW COLUMNS FROM `sp_comment` [ RunTime:0.0106s ]
SQL: SELECT c.cmt_id,c.cmt_msg,from_unixtime(c.add_time) as cmt_add_time,c.cmt_star,uu.user_name as cmt_user_name,b.back_id,b.back_msg,from_unixtime(b.add_time) as back_add_time,u.user_name as back_user_name FROM sp_comment c left join sp_back b on c.cmt_id=b.cmt_id left join sp_user u on b.user_id=u.user_id INNER JOIN sp_user uu on c.user_id=uu.user_id  WHERE c.goods_id = '18' ORDER BY c.cmt_id desc LIMIT 0,3   [ RunTime:0.0040s ]
INFO: [ app_end ] --START--
INFO: Run Behavior\ShowPageTraceBehavior [ RunTime:0.001756s ]
INFO: [ app_end ] --END-- [ RunTime:0.002057s ]

[ 2016-04-14T17:40:26+08:00 ] 127.0.0.1 /index.php/Home/User/isLogin
INFO: [ app_begin ] --START--
INFO: Run Behavior\ReadHtmlCacheBehavior [ RunTime:0.017534s ]
INFO: [ app_begin ] --END-- [ RunTime:0.019184s ]
SQL: SHOW COLUMNS FROM `sp_category` [ RunTime:0.0075s ]
SQL: SELECT * FROM `sp_category` WHERE `cat_level` = '0'  [ RunTime:0.0003s ]
SQL: SELECT * FROM `sp_category` WHERE `cat_level` = '1'  [ RunTime:0.0003s ]
SQL: SELECT * FROM `sp_category` WHERE `cat_level` = '2'  [ RunTime:0.0002s ]
INFO: [ app_end ] --START--
INFO: Run Behavior\ShowPageTraceBehavior [ RunTime:0.001224s ]
INFO: [ app_end ] --END-- [ RunTime:0.001327s ]

[ 2016-04-14T17:40:31+08:00 ] 127.0.0.1 /index.php/Home/User/login/ajax/2
INFO: [ app_begin ] --START--
INFO: Run Behavior\ReadHtmlCacheBehavior [ RunTime:0.001466s ]
INFO: [ app_begin ] --END-- [ RunTime:0.007277s ]
SQL: SHOW COLUMNS FROM `sp_category` [ RunTime:0.0077s ]
SQL: SELECT * FROM `sp_category` WHERE `cat_level` = '0'  [ RunTime:0.0004s ]
SQL: SELECT * FROM `sp_category` WHERE `cat_level` = '1'  [ RunTime:0.0017s ]
SQL: SELECT * FROM `sp_category` WHERE `cat_level` = '2'  [ RunTime:0.0003s ]
SQL: SHOW COLUMNS FROM `sp_user` [ RunTime:0.0074s ]
SQL: SELECT * FROM `sp_user` WHERE `user_name` = 'bob' AND `user_pwd` = '123' LIMIT 1   [ RunTime:0.0061s ]

[ 2016-04-14T17:40:32+08:00 ] 127.0.0.1 /index.php/Home/Comment/getPageInfo/goods_id/18?page_index=0
INFO: [ app_begin ] --START--
INFO: Run Behavior\ReadHtmlCacheBehavior [ RunTime:0.002166s ]
INFO: [ app_begin ] --END-- [ RunTime:0.003463s ]
SQL: SHOW COLUMNS FROM `sp_category` [ RunTime:0.0122s ]
SQL: SELECT * FROM `sp_category` WHERE `cat_level` = '0'  [ RunTime:0.0019s ]
SQL: SELECT * FROM `sp_category` WHERE `cat_level` = '1'  [ RunTime:0.0005s ]
SQL: SELECT * FROM `sp_category` WHERE `cat_level` = '2'  [ RunTime:0.0004s ]
SQL: SHOW COLUMNS FROM `sp_comment` [ RunTime:0.0124s ]
SQL: SELECT c.cmt_id,c.cmt_msg,from_unixtime(c.add_time) as cmt_add_time,c.cmt_star,uu.user_name as cmt_user_name,b.back_id,b.back_msg,from_unixtime(b.add_time) as back_add_time,u.user_name as back_user_name FROM sp_comment c left join sp_back b on c.cmt_id=b.cmt_id left join sp_user u on b.user_id=u.user_id INNER JOIN sp_user uu on c.user_id=uu.user_id  WHERE c.goods_id = '18' ORDER BY c.cmt_id desc LIMIT 0,3   [ RunTime:0.0019s ]
INFO: [ app_end ] --START--
INFO: Run Behavior\ShowPageTraceBehavior [ RunTime:0.001594s ]
INFO: [ app_end ] --END-- [ RunTime:0.001754s ]

[ 2016-04-14T17:40:35+08:00 ] 127.0.0.1 /index.php/Home/User/isLogin
INFO: [ app_begin ] --START--
INFO: Run Behavior\ReadHtmlCacheBehavior [ RunTime:0.001019s ]
INFO: [ app_begin ] --END-- [ RunTime:0.001895s ]
SQL: SHOW COLUMNS FROM `sp_category` [ RunTime:0.0073s ]
SQL: SELECT * FROM `sp_category` WHERE `cat_level` = '0'  [ RunTime:0.0005s ]
SQL: SELECT * FROM `sp_category` WHERE `cat_level` = '1'  [ RunTime:0.0003s ]
SQL: SELECT * FROM `sp_category` WHERE `cat_level` = '2'  [ RunTime:0.0003s ]
INFO: [ app_end ] --START--
INFO: Run Behavior\ShowPageTraceBehavior [ RunTime:0.001091s ]
INFO: [ app_end ] --END-- [ RunTime:0.001193s ]

[ 2016-04-14T17:40:39+08:00 ] 127.0.0.1 /index.php/Home/Comment/sendback
INFO: [ app_begin ] --START--
INFO: Run Behavior\ReadHtmlCacheBehavior [ RunTime:0.001002s ]
INFO: [ app_begin ] --END-- [ RunTime:0.001748s ]
SQL: SHOW COLUMNS FROM `sp_category` [ RunTime:0.0069s ]
SQL: SELECT * FROM `sp_category` WHERE `cat_level` = '0'  [ RunTime:0.0004s ]
SQL: SELECT * FROM `sp_category` WHERE `cat_level` = '1'  [ RunTime:0.0003s ]
SQL: SELECT * FROM `sp_category` WHERE `cat_level` = '2'  [ RunTime:0.0003s ]
SQL: SHOW COLUMNS FROM `sp_back` [ RunTime:0.0079s ]
SQL: INSERT INTO `sp_back` (`cmt_id`,`back_msg`,`user_id`,`add_time`) VALUES ('10','时口袋里圣诞快乐','12','1460626839') [ RunTime:0.0006s ]
INFO: [ app_end ] --START--
INFO: Run Behavior\ShowPageTraceBehavior [ RunTime:0.001120s ]
INFO: [ app_end ] --END-- [ RunTime:0.001224s ]

[ 2016-04-14T17:44:14+08:00 ] 127.0.0.1 /index.php/Home/Comment/getPageInfo/goods_id/18?page_index=0
INFO: [ app_begin ] --START--
INFO: Run Behavior\ReadHtmlCacheBehavior [ RunTime:0.001193s ]
INFO: [ app_begin ] --END-- [ RunTime:0.002017s ]
SQL: SHOW COLUMNS FROM `sp_category` [ RunTime:0.0107s ]
SQL: SELECT * FROM `sp_category` WHERE `cat_level` = '0'  [ RunTime:0.0017s ]
SQL: SELECT * FROM `sp_category` WHERE `cat_level` = '1'  [ RunTime:0.0005s ]
SQL: SELECT * FROM `sp_category` WHERE `cat_level` = '2'  [ RunTime:0.0007s ]
SQL: SHOW COLUMNS FROM `sp_comment` [ RunTime:0.0133s ]
SQL: SELECT c.cmt_id,c.cmt_msg,from_unixtime(c.add_time) as cmt_add_time,c.cmt_star,uu.user_name as cmt_user_name,b.back_id,b.back_msg,from_unixtime(b.add_time) as back_add_time,u.user_name as back_user_name FROM sp_comment c left join sp_back b on c.cmt_id=b.cmt_id left join sp_user u on b.user_id=u.user_id INNER JOIN sp_user uu on c.user_id=uu.user_id  WHERE c.goods_id = '18' ORDER BY c.cmt_id desc LIMIT 0,3   [ RunTime:0.0047s ]
INFO: [ app_end ] --START--
INFO: Run Behavior\ShowPageTraceBehavior [ RunTime:0.002937s ]
INFO: [ app_end ] --END-- [ RunTime:0.003116s ]

[ 2016-04-14T17:44:29+08:00 ] 127.0.0.1 /index.php/Home/Comment/getPageInfo/goods_id/18?page_index=0
INFO: [ app_begin ] --START--
INFO: Run Behavior\ReadHtmlCacheBehavior [ RunTime:0.001073s ]
INFO: [ app_begin ] --END-- [ RunTime:0.001769s ]
SQL: SHOW COLUMNS FROM `sp_category` [ RunTime:0.0119s ]
SQL: SELECT * FROM `sp_category` WHERE `cat_level` = '0'  [ RunTime:0.0006s ]
SQL: SELECT * FROM `sp_category` WHERE `cat_level` = '1'  [ RunTime:0.0009s ]
SQL: SELECT * FROM `sp_category` WHERE `cat_level` = '2'  [ RunTime:0.0005s ]
SQL: SHOW COLUMNS FROM `sp_comment` [ RunTime:0.0098s ]
SQL: SELECT c.cmt_id,c.cmt_msg,from_unixtime(c.add_time) as cmt_add_time,c.cmt_star,uu.user_name as cmt_user_name,b.back_id,b.back_msg,from_unixtime(b.add_time) as back_add_time,u.user_name as back_user_name FROM sp_comment c left join sp_back b on c.cmt_id=b.cmt_id left join sp_user u on b.user_id=u.user_id INNER JOIN sp_user uu on c.user_id=uu.user_id  WHERE c.goods_id = '18' ORDER BY c.cmt_id desc LIMIT 0,3   [ RunTime:0.0004s ]
INFO: [ app_end ] --START--
INFO: Run Behavior\ShowPageTraceBehavior [ RunTime:0.001261s ]
INFO: [ app_end ] --END-- [ RunTime:0.001414s ]

[ 2016-04-14T17:46:58+08:00 ] 127.0.0.1 /index.php/Home/Comment/getPageInfo/goods_id/18?page_index=0
INFO: [ app_begin ] --START--
INFO: Run Behavior\ReadHtmlCacheBehavior [ RunTime:0.008058s ]
INFO: [ app_begin ] --END-- [ RunTime:0.009039s ]
SQL: SHOW COLUMNS FROM `sp_category` [ RunTime:0.0107s ]
SQL: SELECT * FROM `sp_category` WHERE `cat_level` = '0'  [ RunTime:0.0043s ]
SQL: SELECT * FROM `sp_category` WHERE `cat_level` = '1'  [ RunTime:0.0029s ]
SQL: SELECT * FROM `sp_category` WHERE `cat_level` = '2'  [ RunTime:0.0105s ]
SQL: SHOW COLUMNS FROM `sp_comment` [ RunTime:0.0128s ]
SQL: SELECT c.cmt_id,c.cmt_msg,from_unixtime(c.add_time) as cmt_add_time,c.cmt_star,uu.user_name as cmt_user_name,b.back_id,b.back_msg,from_unixtime(b.add_time) as back_add_time,u.user_name as back_user_name FROM sp_comment c left join sp_back b on c.cmt_id=b.cmt_id left join sp_user u on b.user_id=u.user_id INNER JOIN sp_user uu on c.user_id=uu.user_id  WHERE c.goods_id = '18' ORDER BY c.cmt_id desc LIMIT 0,3   [ RunTime:0.0024s ]
INFO: [ app_end ] --START--
INFO: Run Behavior\ShowPageTraceBehavior [ RunTime:0.004194s ]
INFO: [ app_end ] --END-- [ RunTime:0.004393s ]

[ 2016-04-14T17:48:22+08:00 ] 127.0.0.1 /index.php/Home/Comment/getPageInfo/goods_id/18?page_index=0
INFO: [ app_begin ] --START--
INFO: Run Behavior\ReadHtmlCacheBehavior [ RunTime:0.002012s ]
INFO: [ app_begin ] --END-- [ RunTime:0.003035s ]
SQL: SHOW COLUMNS FROM `sp_category` [ RunTime:0.0174s ]
SQL: SELECT * FROM `sp_category` WHERE `cat_level` = '0'  [ RunTime:0.0008s ]
SQL: SELECT * FROM `sp_category` WHERE `cat_level` = '1'  [ RunTime:0.0008s ]
SQL: SELECT * FROM `sp_category` WHERE `cat_level` = '2'  [ RunTime:0.0005s ]
SQL: SHOW COLUMNS FROM `sp_comment` [ RunTime:0.0127s ]
SQL: SELECT c.cmt_id,c.cmt_msg,from_unixtime(c.add_time) as cmt_add_time,c.cmt_star,uu.user_name as cmt_user_name,b.back_id,b.back_msg,from_unixtime(b.add_time) as back_add_time,u.user_name as back_user_name FROM sp_comment c left join sp_back b on c.cmt_id=b.cmt_id left join sp_user u on b.user_id=u.user_id INNER JOIN sp_user uu on c.user_id=uu.user_id  WHERE c.goods_id = '18' ORDER BY c.cmt_id desc LIMIT 0,3   [ RunTime:0.0006s ]
INFO: [ app_end ] --START--
INFO: Run Behavior\ShowPageTraceBehavior [ RunTime:0.001662s ]
INFO: [ app_end ] --END-- [ RunTime:0.001832s ]

[ 2016-04-14T17:55:05+08:00 ] 127.0.0.1 /index.php/Home/Comment/getPageInfo/goods_id/18?page_index=0
INFO: [ app_begin ] --START--
INFO: Run Behavior\ReadHtmlCacheBehavior [ RunTime:0.001569s ]
INFO: [ app_begin ] --END-- [ RunTime:0.002622s ]
SQL: SHOW COLUMNS FROM `sp_category` [ RunTime:0.0104s ]
SQL: SELECT * FROM `sp_category` WHERE `cat_level` = '0'  [ RunTime:0.0005s ]
SQL: SELECT * FROM `sp_category` WHERE `cat_level` = '1'  [ RunTime:0.0004s ]
SQL: SELECT * FROM `sp_category` WHERE `cat_level` = '2'  [ RunTime:0.0004s ]
SQL: SHOW COLUMNS FROM `sp_comment` [ RunTime:0.0095s ]
SQL: SELECT c.cmt_id,c.cmt_msg,from_unixtime(c.add_time) as cmt_add_time,c.cmt_star,uu.user_name as cmt_user_name,b.back_id,b.back_msg,from_unixtime(b.add_time) as back_add_time,u.user_name as back_user_name FROM sp_comment c left join sp_back b on c.cmt_id=b.cmt_id left join sp_user u on b.user_id=u.user_id INNER JOIN sp_user uu on c.user_id=uu.user_id  WHERE c.goods_id = '18' ORDER BY c.cmt_id desc LIMIT 0,3   [ RunTime:0.0004s ]
INFO: [ app_end ] --START--
INFO: Run Behavior\ShowPageTraceBehavior [ RunTime:0.001383s ]
INFO: [ app_end ] --END-- [ RunTime:0.001491s ]

[ 2016-04-14T17:55:22+08:00 ] 127.0.0.1 /index.php/Home/Comment/getPageInfo/goods_id/18?page_index=0
INFO: [ app_begin ] --START--
INFO: Run Behavior\ReadHtmlCacheBehavior [ RunTime:0.001567s ]
INFO: [ app_begin ] --END-- [ RunTime:0.002474s ]
SQL: SHOW COLUMNS FROM `sp_category` [ RunTime:0.0117s ]
SQL: SELECT * FROM `sp_category` WHERE `cat_level` = '0'  [ RunTime:0.0006s ]
SQL: SELECT * FROM `sp_category` WHERE `cat_level` = '1'  [ RunTime:0.0005s ]
SQL: SELECT * FROM `sp_category` WHERE `cat_level` = '2'  [ RunTime:0.0003s ]
SQL: SHOW COLUMNS FROM `sp_comment` [ RunTime:0.0127s ]
SQL: SELECT c.cmt_id,c.cmt_msg,from_unixtime(c.add_time) as cmt_add_time,c.cmt_star,uu.user_name as cmt_user_name,b.back_id,b.back_msg,from_unixtime(b.add_time) as back_add_time,u.user_name as back_user_name FROM sp_comment c left join sp_back b on c.cmt_id=b.cmt_id left join sp_user u on b.user_id=u.user_id INNER JOIN sp_user uu on c.user_id=uu.user_id  WHERE c.goods_id = '18' ORDER BY c.cmt_id desc LIMIT 0,3   [ RunTime:0.0006s ]
INFO: [ app_end ] --START--
INFO: Run Behavior\ShowPageTraceBehavior [ RunTime:0.002183s ]
INFO: [ app_end ] --END-- [ RunTime:0.002344s ]

[ 2016-04-14T17:55:25+08:00 ] 127.0.0.1 /index.php/Home/Comment/getPageInfo/goods_id/18?page_index=1
INFO: [ app_begin ] --START--
INFO: Run Behavior\ReadHtmlCacheBehavior [ RunTime:0.001397s ]
INFO: [ app_begin ] --END-- [ RunTime:0.002523s ]
SQL: SHOW COLUMNS FROM `sp_category` [ RunTime:0.0075s ]
SQL: SELECT * FROM `sp_category` WHERE `cat_level` = '0'  [ RunTime:0.0004s ]
SQL: SELECT * FROM `sp_category` WHERE `cat_level` = '1'  [ RunTime:0.0003s ]
SQL: SELECT * FROM `sp_category` WHERE `cat_level` = '2'  [ RunTime:0.0003s ]
SQL: SHOW COLUMNS FROM `sp_comment` [ RunTime:0.0070s ]
SQL: SELECT c.cmt_id,c.cmt_msg,from_unixtime(c.add_time) as cmt_add_time,c.cmt_star,uu.user_name as cmt_user_name,b.back_id,b.back_msg,from_unixtime(b.add_time) as back_add_time,u.user_name as back_user_name FROM sp_comment c left join sp_back b on c.cmt_id=b.cmt_id left join sp_user u on b.user_id=u.user_id INNER JOIN sp_user uu on c.user_id=uu.user_id  WHERE c.goods_id = '18' ORDER BY c.cmt_id desc LIMIT 3,3   [ RunTime:0.0011s ]
INFO: [ app_end ] --START--
INFO: Run Behavior\ShowPageTraceBehavior [ RunTime:0.001134s ]
INFO: [ app_end ] --END-- [ RunTime:0.001236s ]

[ 2016-04-14T17:55:50+08:00 ] 127.0.0.1 /index.php/Home/Comment/getPageInfo/goods_id/18?page_index=2
INFO: [ app_begin ] --START--
INFO: Run Behavior\ReadHtmlCacheBehavior [ RunTime:0.001308s ]
INFO: [ app_begin ] --END-- [ RunTime:0.002313s ]
SQL: SHOW COLUMNS FROM `sp_category` [ RunTime:0.0101s ]
SQL: SELECT * FROM `sp_category` WHERE `cat_level` = '0'  [ RunTime:0.0005s ]
SQL: SELECT * FROM `sp_category` WHERE `cat_level` = '1'  [ RunTime:0.0004s ]
SQL: SELECT * FROM `sp_category` WHERE `cat_level` = '2'  [ RunTime:0.0004s ]
SQL: SHOW COLUMNS FROM `sp_comment` [ RunTime:0.0105s ]
SQL: SELECT c.cmt_id,c.cmt_msg,from_unixtime(c.add_time) as cmt_add_time,c.cmt_star,uu.user_name as cmt_user_name,b.back_id,b.back_msg,from_unixtime(b.add_time) as back_add_time,u.user_name as back_user_name FROM sp_comment c left join sp_back b on c.cmt_id=b.cmt_id left join sp_user u on b.user_id=u.user_id INNER JOIN sp_user uu on c.user_id=uu.user_id  WHERE c.goods_id = '18' ORDER BY c.cmt_id desc LIMIT 6,3   [ RunTime:0.0019s ]
INFO: [ app_end ] --START--
INFO: Run Behavior\ShowPageTraceBehavior [ RunTime:0.001663s ]
INFO: [ app_end ] --END-- [ RunTime:0.001838s ]

[ 2016-04-14T17:58:15+08:00 ] 127.0.0.1 /index.php/Home/Comment/getPageInfo/goods_id/18?page_index=0
INFO: [ app_begin ] --START--
INFO: Run Behavior\ReadHtmlCacheBehavior [ RunTime:0.001791s ]
INFO: [ app_begin ] --END-- [ RunTime:0.003361s ]
SQL: SHOW COLUMNS FROM `sp_category` [ RunTime:0.0117s ]
SQL: SELECT * FROM `sp_category` WHERE `cat_level` = '0'  [ RunTime:0.0007s ]
SQL: SELECT * FROM `sp_category` WHERE `cat_level` = '1'  [ RunTime:0.0004s ]
SQL: SELECT * FROM `sp_category` WHERE `cat_level` = '2'  [ RunTime:0.0004s ]
SQL: SHOW COLUMNS FROM `sp_comment` [ RunTime:0.0093s ]
SQL: SELECT c.cmt_id,c.cmt_msg,from_unixtime(c.add_time) as cmt_add_time,c.cmt_star,uu.user_name as cmt_user_name,b.back_id,b.back_msg,from_unixtime(b.add_time) as back_add_time,u.user_name as back_user_name FROM sp_comment c left join sp_back b on c.cmt_id=b.cmt_id left join sp_user u on b.user_id=u.user_id INNER JOIN sp_user uu on c.user_id=uu.user_id  WHERE c.goods_id = '18' ORDER BY c.cmt_id desc LIMIT 0,3   [ RunTime:0.0015s ]
INFO: [ app_end ] --START--
INFO: Run Behavior\ShowPageTraceBehavior [ RunTime:0.001755s ]
INFO: [ app_end ] --END-- [ RunTime:0.001904s ]

[ 2016-04-14T17:58:31+08:00 ] 127.0.0.1 /index.php/Home/Comment/getPageInfo/goods_id/18?page_index=0
INFO: [ app_begin ] --START--
INFO: Run Behavior\ReadHtmlCacheBehavior [ RunTime:0.001619s ]
INFO: [ app_begin ] --END-- [ RunTime:0.002658s ]
SQL: SHOW COLUMNS FROM `sp_category` [ RunTime:0.0105s ]
SQL: SELECT * FROM `sp_category` WHERE `cat_level` = '0'  [ RunTime:0.0005s ]
SQL: SELECT * FROM `sp_category` WHERE `cat_level` = '1'  [ RunTime:0.0004s ]
SQL: SELECT * FROM `sp_category` WHERE `cat_level` = '2'  [ RunTime:0.0003s ]
SQL: SHOW COLUMNS FROM `sp_comment` [ RunTime:0.0088s ]
SQL: SELECT c.cmt_id,c.cmt_msg,from_unixtime(c.add_time) as cmt_add_time,c.cmt_star,uu.user_name as cmt_user_name,b.back_id,b.back_msg,from_unixtime(b.add_time) as back_add_time,u.user_name as back_user_name FROM sp_comment c left join sp_back b on c.cmt_id=b.cmt_id left join sp_user u on b.user_id=u.user_id INNER JOIN sp_user uu on c.user_id=uu.user_id  WHERE c.goods_id = '18' ORDER BY c.cmt_id desc LIMIT 0,3   [ RunTime:0.0004s ]
INFO: [ app_end ] --START--
INFO: Run Behavior\ShowPageTraceBehavior [ RunTime:0.001449s ]
INFO: [ app_end ] --END-- [ RunTime:0.001603s ]

[ 2016-04-14T17:59:22+08:00 ] 127.0.0.1 /index.php/Home/Comment/getPageInfo/goods_id/18?page_index=0
INFO: [ app_begin ] --START--
INFO: Run Behavior\ReadHtmlCacheBehavior [ RunTime:0.001364s ]
INFO: [ app_begin ] --END-- [ RunTime:0.002196s ]
SQL: SHOW COLUMNS FROM `sp_category` [ RunTime:0.0086s ]
SQL: SELECT * FROM `sp_category` WHERE `cat_level` = '0'  [ RunTime:0.0004s ]
SQL: SELECT * FROM `sp_category` WHERE `cat_level` = '1'  [ RunTime:0.0003s ]
SQL: SELECT * FROM `sp_category` WHERE `cat_level` = '2'  [ RunTime:0.0003s ]
SQL: SHOW COLUMNS FROM `sp_comment` [ RunTime:0.0083s ]
SQL: SELECT c.cmt_id,c.cmt_msg,from_unixtime(c.add_time) as cmt_add_time,c.cmt_star,uu.user_name as cmt_user_name,b.back_id,b.back_msg,from_unixtime(b.add_time) as back_add_time,u.user_name as back_user_name FROM sp_comment c left join sp_back b on c.cmt_id=b.cmt_id left join sp_user u on b.user_id=u.user_id INNER JOIN sp_user uu on c.user_id=uu.user_id  WHERE c.goods_id = '18' ORDER BY c.cmt_id desc LIMIT 0,3   [ RunTime:0.0004s ]
INFO: [ app_end ] --START--
INFO: Run Behavior\ShowPageTraceBehavior [ RunTime:0.001531s ]
INFO: [ app_end ] --END-- [ RunTime:0.001668s ]

[ 2016-04-14T17:59:25+08:00 ] 127.0.0.1 /index.php/Home/Comment/getPageInfo/goods_id/18?page_index=1
INFO: [ app_begin ] --START--
INFO: Run Behavior\ReadHtmlCacheBehavior [ RunTime:0.002242s ]
INFO: [ app_begin ] --END-- [ RunTime:0.003546s ]
SQL: SHOW COLUMNS FROM `sp_category` [ RunTime:0.0095s ]
SQL: SELECT * FROM `sp_category` WHERE `cat_level` = '0'  [ RunTime:0.0005s ]
SQL: SELECT * FROM `sp_category` WHERE `cat_level` = '1'  [ RunTime:0.0016s ]
SQL: SELECT * FROM `sp_category` WHERE `cat_level` = '2'  [ RunTime:0.0003s ]
SQL: SHOW COLUMNS FROM `sp_comment` [ RunTime:0.0086s ]
SQL: SELECT c.cmt_id,c.cmt_msg,from_unixtime(c.add_time) as cmt_add_time,c.cmt_star,uu.user_name as cmt_user_name,b.back_id,b.back_msg,from_unixtime(b.add_time) as back_add_time,u.user_name as back_user_name FROM sp_comment c left join sp_back b on c.cmt_id=b.cmt_id left join sp_user u on b.user_id=u.user_id INNER JOIN sp_user uu on c.user_id=uu.user_id  WHERE c.goods_id = '18' ORDER BY c.cmt_id desc LIMIT 3,3   [ RunTime:0.0011s ]
INFO: [ app_end ] --START--
INFO: Run Behavior\ShowPageTraceBehavior [ RunTime:0.001409s ]
INFO: [ app_end ] --END-- [ RunTime:0.001552s ]

[ 2016-04-14T17:59:28+08:00 ] 127.0.0.1 /index.php/Home/Comment/getPageInfo/goods_id/18?page_index=2
INFO: [ app_begin ] --START--
INFO: Run Behavior\ReadHtmlCacheBehavior [ RunTime:0.001100s ]
INFO: [ app_begin ] --END-- [ RunTime:0.001947s ]
SQL: SHOW COLUMNS FROM `sp_category` [ RunTime:0.0076s ]
SQL: SELECT * FROM `sp_category` WHERE `cat_level` = '0'  [ RunTime:0.0004s ]
SQL: SELECT * FROM `sp_category` WHERE `cat_level` = '1'  [ RunTime:0.0003s ]
SQL: SELECT * FROM `sp_category` WHERE `cat_level` = '2'  [ RunTime:0.0003s ]
SQL: SHOW COLUMNS FROM `sp_comment` [ RunTime:0.0088s ]
SQL: SELECT c.cmt_id,c.cmt_msg,from_unixtime(c.add_time) as cmt_add_time,c.cmt_star,uu.user_name as cmt_user_name,b.back_id,b.back_msg,from_unixtime(b.add_time) as back_add_time,u.user_name as back_user_name FROM sp_comment c left join sp_back b on c.cmt_id=b.cmt_id left join sp_user u on b.user_id=u.user_id INNER JOIN sp_user uu on c.user_id=uu.user_id  WHERE c.goods_id = '18' ORDER BY c.cmt_id desc LIMIT 6,3   [ RunTime:0.0016s ]
INFO: [ app_end ] --START--
INFO: Run Behavior\ShowPageTraceBehavior [ RunTime:0.001352s ]
INFO: [ app_end ] --END-- [ RunTime:0.001476s ]

[ 2016-04-14T17:59:30+08:00 ] 127.0.0.1 /index.php/Home/Comment/getPageInfo/goods_id/18?page_index=3
INFO: [ app_begin ] --START--
INFO: Run Behavior\ReadHtmlCacheBehavior [ RunTime:0.001671s ]
INFO: [ app_begin ] --END-- [ RunTime:0.002652s ]
SQL: SHOW COLUMNS FROM `sp_category` [ RunTime:0.0098s ]
SQL: SELECT * FROM `sp_category` WHERE `cat_level` = '0'  [ RunTime:0.0008s ]
SQL: SELECT * FROM `sp_category` WHERE `cat_level` = '1'  [ RunTime:0.0007s ]
SQL: SELECT * FROM `sp_category` WHERE `cat_level` = '2'  [ RunTime:0.0008s ]
SQL: SHOW COLUMNS FROM `sp_comment` [ RunTime:0.0086s ]
SQL: SELECT c.cmt_id,c.cmt_msg,from_unixtime(c.add_time) as cmt_add_time,c.cmt_star,uu.user_name as cmt_user_name,b.back_id,b.back_msg,from_unixtime(b.add_time) as back_add_time,u.user_name as back_user_name FROM sp_comment c left join sp_back b on c.cmt_id=b.cmt_id left join sp_user u on b.user_id=u.user_id INNER JOIN sp_user uu on c.user_id=uu.user_id  WHERE c.goods_id = '18' ORDER BY c.cmt_id desc LIMIT 9,3   [ RunTime:0.0020s ]
INFO: [ app_end ] --START--
INFO: Run Behavior\ShowPageTraceBehavior [ RunTime:0.001542s ]
INFO: [ app_end ] --END-- [ RunTime:0.001705s ]

[ 2016-04-14T17:59:33+08:00 ] 127.0.0.1 /index.php/Home/Comment/getPageInfo/goods_id/18?page_index=1
INFO: [ app_begin ] --START--
INFO: Run Behavior\ReadHtmlCacheBehavior [ RunTime:0.000973s ]
INFO: [ app_begin ] --END-- [ RunTime:0.001748s ]
SQL: SHOW COLUMNS FROM `sp_category` [ RunTime:0.0095s ]
SQL: SELECT * FROM `sp_category` WHERE `cat_level` = '0'  [ RunTime:0.0005s ]
SQL: SELECT * FROM `sp_category` WHERE `cat_level` = '1'  [ RunTime:0.0004s ]
SQL: SELECT * FROM `sp_category` WHERE `cat_level` = '2'  [ RunTime:0.0006s ]
SQL: SHOW COLUMNS FROM `sp_comment` [ RunTime:0.0212s ]
SQL: SELECT c.cmt_id,c.cmt_msg,from_unixtime(c.add_time) as cmt_add_time,c.cmt_star,uu.user_name as cmt_user_name,b.back_id,b.back_msg,from_unixtime(b.add_time) as back_add_time,u.user_name as back_user_name FROM sp_comment c left join sp_back b on c.cmt_id=b.cmt_id left join sp_user u on b.user_id=u.user_id INNER JOIN sp_user uu on c.user_id=uu.user_id  WHERE c.goods_id = '18' ORDER BY c.cmt_id desc LIMIT 3,3   [ RunTime:0.0009s ]
INFO: [ app_end ] --START--
INFO: Run Behavior\ShowPageTraceBehavior [ RunTime:0.001893s ]
INFO: [ app_end ] --END-- [ RunTime:0.002098s ]

[ 2016-04-14T17:59:34+08:00 ] 127.0.0.1 /index.php/Home/Comment/getPageInfo/goods_id/18?page_index=2
INFO: [ app_begin ] --START--
INFO: Run Behavior\ReadHtmlCacheBehavior [ RunTime:0.001419s ]
INFO: [ app_begin ] --END-- [ RunTime:0.002233s ]
SQL: SHOW COLUMNS FROM `sp_category` [ RunTime:0.0081s ]
SQL: SELECT * FROM `sp_category` WHERE `cat_level` = '0'  [ RunTime:0.0005s ]
SQL: SELECT * FROM `sp_category` WHERE `cat_level` = '1'  [ RunTime:0.0003s ]
SQL: SELECT * FROM `sp_category` WHERE `cat_level` = '2'  [ RunTime:0.0003s ]
SQL: SHOW COLUMNS FROM `sp_comment` [ RunTime:0.0095s ]
SQL: SELECT c.cmt_id,c.cmt_msg,from_unixtime(c.add_time) as cmt_add_time,c.cmt_star,uu.user_name as cmt_user_name,b.back_id,b.back_msg,from_unixtime(b.add_time) as back_add_time,u.user_name as back_user_name FROM sp_comment c left join sp_back b on c.cmt_id=b.cmt_id left join sp_user u on b.user_id=u.user_id INNER JOIN sp_user uu on c.user_id=uu.user_id  WHERE c.goods_id = '18' ORDER BY c.cmt_id desc LIMIT 6,3   [ RunTime:0.0004s ]
INFO: [ app_end ] --START--
INFO: Run Behavior\ShowPageTraceBehavior [ RunTime:0.001387s ]
INFO: [ app_end ] --END-- [ RunTime:0.001533s ]

[ 2016-04-14T17:59:36+08:00 ] 127.0.0.1 /index.php/Home/Comment/getPageInfo/goods_id/18?page_index=0
INFO: [ app_begin ] --START--
INFO: Run Behavior\ReadHtmlCacheBehavior [ RunTime:0.001235s ]
INFO: [ app_begin ] --END-- [ RunTime:0.002383s ]
SQL: SHOW COLUMNS FROM `sp_category` [ RunTime:0.0081s ]
SQL: SELECT * FROM `sp_category` WHERE `cat_level` = '0'  [ RunTime:0.0009s ]
SQL: SELECT * FROM `sp_category` WHERE `cat_level` = '1'  [ RunTime:0.0005s ]
SQL: SELECT * FROM `sp_category` WHERE `cat_level` = '2'  [ RunTime:0.0004s ]
SQL: SHOW COLUMNS FROM `sp_comment` [ RunTime:0.0102s ]
SQL: SELECT c.cmt_id,c.cmt_msg,from_unixtime(c.add_time) as cmt_add_time,c.cmt_star,uu.user_name as cmt_user_name,b.back_id,b.back_msg,from_unixtime(b.add_time) as back_add_time,u.user_name as back_user_name FROM sp_comment c left join sp_back b on c.cmt_id=b.cmt_id left join sp_user u on b.user_id=u.user_id INNER JOIN sp_user uu on c.user_id=uu.user_id  WHERE c.goods_id = '18' ORDER BY c.cmt_id desc LIMIT 0,3   [ RunTime:0.0011s ]
INFO: [ app_end ] --START--
INFO: Run Behavior\ShowPageTraceBehavior [ RunTime:0.001615s ]
INFO: [ app_end ] --END-- [ RunTime:0.001785s ]

[ 2016-04-14T17:59:38+08:00 ] 127.0.0.1 /index.php/Home/Comment/getPageInfo/goods_id/18?page_index=1
INFO: [ app_begin ] --START--
INFO: Run Behavior\ReadHtmlCacheBehavior [ RunTime:0.001335s ]
INFO: [ app_begin ] --END-- [ RunTime:0.002164s ]
SQL: SHOW COLUMNS FROM `sp_category` [ RunTime:0.0098s ]
SQL: SELECT * FROM `sp_category` WHERE `cat_level` = '0'  [ RunTime:0.0005s ]
SQL: SELECT * FROM `sp_category` WHERE `cat_level` = '1'  [ RunTime:0.0003s ]
SQL: SELECT * FROM `sp_category` WHERE `cat_level` = '2'  [ RunTime:0.0005s ]
SQL: SHOW COLUMNS FROM `sp_comment` [ RunTime:0.0089s ]
SQL: SELECT c.cmt_id,c.cmt_msg,from_unixtime(c.add_time) as cmt_add_time,c.cmt_star,uu.user_name as cmt_user_name,b.back_id,b.back_msg,from_unixtime(b.add_time) as back_add_time,u.user_name as back_user_name FROM sp_comment c left join sp_back b on c.cmt_id=b.cmt_id left join sp_user u on b.user_id=u.user_id INNER JOIN sp_user uu on c.user_id=uu.user_id  WHERE c.goods_id = '18' ORDER BY c.cmt_id desc LIMIT 3,3   [ RunTime:0.0004s ]
INFO: [ app_end ] --START--
INFO: Run Behavior\ShowPageTraceBehavior [ RunTime:0.001261s ]
INFO: [ app_end ] --END-- [ RunTime:0.001380s ]

[ 2016-04-14T18:00:07+08:00 ] 127.0.0.1 /index.php/Home/Comment/getPageInfo/goods_id/18?page_index=0
INFO: [ app_begin ] --START--
INFO: Run Behavior\ReadHtmlCacheBehavior [ RunTime:0.001772s ]
INFO: [ app_begin ] --END-- [ RunTime:0.002996s ]
SQL: SHOW COLUMNS FROM `sp_category` [ RunTime:0.0082s ]
SQL: SELECT * FROM `sp_category` WHERE `cat_level` = '0'  [ RunTime:0.0004s ]
SQL: SELECT * FROM `sp_category` WHERE `cat_level` = '1'  [ RunTime:0.0003s ]
SQL: SELECT * FROM `sp_category` WHERE `cat_level` = '2'  [ RunTime:0.0005s ]
SQL: SHOW COLUMNS FROM `sp_comment` [ RunTime:0.0084s ]
SQL: SELECT c.cmt_id,c.cmt_msg,from_unixtime(c.add_time) as cmt_add_time,c.cmt_star,uu.user_name as cmt_user_name,b.back_id,b.back_msg,from_unixtime(b.add_time) as back_add_time,u.user_name as back_user_name FROM sp_comment c left join sp_back b on c.cmt_id=b.cmt_id left join sp_user u on b.user_id=u.user_id INNER JOIN sp_user uu on c.user_id=uu.user_id  WHERE c.goods_id = '18' ORDER BY c.cmt_id desc LIMIT 0,3   [ RunTime:0.0004s ]
INFO: [ app_end ] --START--
INFO: Run Behavior\ShowPageTraceBehavior [ RunTime:0.001310s ]
INFO: [ app_end ] --END-- [ RunTime:0.001453s ]

[ 2016-04-14T18:00:15+08:00 ] 127.0.0.1 /index.php/Home/Comment/getPageInfo/goods_id/18?page_index=1
INFO: [ app_begin ] --START--
INFO: Run Behavior\ReadHtmlCacheBehavior [ RunTime:0.001680s ]
INFO: [ app_begin ] --END-- [ RunTime:0.002977s ]
SQL: SHOW COLUMNS FROM `sp_category` [ RunTime:0.0104s ]
SQL: SELECT * FROM `sp_category` WHERE `cat_level` = '0'  [ RunTime:0.0004s ]
SQL: SELECT * FROM `sp_category` WHERE `cat_level` = '1'  [ RunTime:0.0003s ]
SQL: SELECT * FROM `sp_category` WHERE `cat_level` = '2'  [ RunTime:0.0002s ]
SQL: SHOW COLUMNS FROM `sp_comment` [ RunTime:0.0070s ]
SQL: SELECT c.cmt_id,c.cmt_msg,from_unixtime(c.add_time) as cmt_add_time,c.cmt_star,uu.user_name as cmt_user_name,b.back_id,b.back_msg,from_unixtime(b.add_time) as back_add_time,u.user_name as back_user_name FROM sp_comment c left join sp_back b on c.cmt_id=b.cmt_id left join sp_user u on b.user_id=u.user_id INNER JOIN sp_user uu on c.user_id=uu.user_id  WHERE c.goods_id = '18' ORDER BY c.cmt_id desc LIMIT 3,3   [ RunTime:0.0004s ]
INFO: [ app_end ] --START--
INFO: Run Behavior\ShowPageTraceBehavior [ RunTime:0.001735s ]
INFO: [ app_end ] --END-- [ RunTime:0.001874s ]

[ 2016-04-14T18:01:01+08:00 ] 127.0.0.1 /index.php/Home/Comment/getPageInfo/goods_id/18?page_index=0
INFO: [ app_begin ] --START--
INFO: Run Behavior\ReadHtmlCacheBehavior [ RunTime:0.008500s ]
INFO: [ app_begin ] --END-- [ RunTime:0.011207s ]
SQL: SHOW COLUMNS FROM `sp_category` [ RunTime:0.0124s ]
SQL: SELECT * FROM `sp_category` WHERE `cat_level` = '0'  [ RunTime:0.0005s ]
SQL: SELECT * FROM `sp_category` WHERE `cat_level` = '1'  [ RunTime:0.0005s ]
SQL: SELECT * FROM `sp_category` WHERE `cat_level` = '2'  [ RunTime:0.0004s ]
SQL: SHOW COLUMNS FROM `sp_comment` [ RunTime:0.0166s ]
SQL: SELECT c.cmt_id,c.cmt_msg,from_unixtime(c.add_time) as cmt_add_time,c.cmt_star,uu.user_name as cmt_user_name,b.back_id,b.back_msg,from_unixtime(b.add_time) as back_add_time,u.user_name as back_user_name FROM sp_comment c left join sp_back b on c.cmt_id=b.cmt_id left join sp_user u on b.user_id=u.user_id INNER JOIN sp_user uu on c.user_id=uu.user_id  WHERE c.goods_id = '18' ORDER BY c.cmt_id desc LIMIT 0,3   [ RunTime:0.0008s ]
INFO: [ app_end ] --START--
INFO: Run Behavior\ShowPageTraceBehavior [ RunTime:0.002102s ]
INFO: [ app_end ] --END-- [ RunTime:0.002275s ]

[ 2016-04-14T18:01:05+08:00 ] 127.0.0.1 /index.php/Home/Comment/getPageInfo/goods_id/18?page_index=1
INFO: [ app_begin ] --START--
INFO: Run Behavior\ReadHtmlCacheBehavior [ RunTime:0.001102s ]
INFO: [ app_begin ] --END-- [ RunTime:0.001861s ]
SQL: SHOW COLUMNS FROM `sp_category` [ RunTime:0.0455s ]
SQL: SELECT * FROM `sp_category` WHERE `cat_level` = '0'  [ RunTime:0.0006s ]
SQL: SELECT * FROM `sp_category` WHERE `cat_level` = '1'  [ RunTime:0.0006s ]
SQL: SELECT * FROM `sp_category` WHERE `cat_level` = '2'  [ RunTime:0.0005s ]
SQL: SHOW COLUMNS FROM `sp_comment` [ RunTime:0.0098s ]
SQL: SELECT c.cmt_id,c.cmt_msg,from_unixtime(c.add_time) as cmt_add_time,c.cmt_star,uu.user_name as cmt_user_name,b.back_id,b.back_msg,from_unixtime(b.add_time) as back_add_time,u.user_name as back_user_name FROM sp_comment c left join sp_back b on c.cmt_id=b.cmt_id left join sp_user u on b.user_id=u.user_id INNER JOIN sp_user uu on c.user_id=uu.user_id  WHERE c.goods_id = '18' ORDER BY c.cmt_id desc LIMIT 3,3   [ RunTime:0.0003s ]
INFO: [ app_end ] --START--
INFO: Run Behavior\ShowPageTraceBehavior [ RunTime:0.001568s ]
INFO: [ app_end ] --END-- [ RunTime:0.001704s ]

[ 2016-04-14T18:01:43+08:00 ] 127.0.0.1 /index.php/Home/Comment/getPageInfo/goods_id/18?page_index=0
INFO: [ app_begin ] --START--
INFO: Run Behavior\ReadHtmlCacheBehavior [ RunTime:0.001384s ]
INFO: [ app_begin ] --END-- [ RunTime:0.002685s ]
SQL: SHOW COLUMNS FROM `sp_category` [ RunTime:0.0091s ]
SQL: SELECT * FROM `sp_category` WHERE `cat_level` = '0'  [ RunTime:0.0004s ]
SQL: SELECT * FROM `sp_category` WHERE `cat_level` = '1'  [ RunTime:0.0003s ]
SQL: SELECT * FROM `sp_category` WHERE `cat_level` = '2'  [ RunTime:0.0003s ]
SQL: SHOW COLUMNS FROM `sp_comment` [ RunTime:0.0094s ]
SQL: SELECT c.cmt_id,c.cmt_msg,from_unixtime(c.add_time) as cmt_add_time,c.cmt_star,uu.user_name as cmt_user_name,b.back_id,b.back_msg,from_unixtime(b.add_time) as back_add_time,u.user_name as back_user_name FROM sp_comment c left join sp_back b on c.cmt_id=b.cmt_id left join sp_user u on b.user_id=u.user_id INNER JOIN sp_user uu on c.user_id=uu.user_id  WHERE c.goods_id = '18' ORDER BY c.cmt_id desc LIMIT 0,3   [ RunTime:0.0005s ]
INFO: [ app_end ] --START--
INFO: Run Behavior\ShowPageTraceBehavior [ RunTime:0.001202s ]
INFO: [ app_end ] --END-- [ RunTime:0.001312s ]

[ 2016-04-14T18:02:05+08:00 ] 127.0.0.1 /index.php/Home/Comment/getPageInfo/goods_id/18?page_index=0
INFO: [ app_begin ] --START--
INFO: Run Behavior\ReadHtmlCacheBehavior [ RunTime:0.001067s ]
INFO: [ app_begin ] --END-- [ RunTime:0.001797s ]
SQL: SHOW COLUMNS FROM `sp_category` [ RunTime:0.0106s ]
SQL: SELECT * FROM `sp_category` WHERE `cat_level` = '0'  [ RunTime:0.0007s ]
SQL: SELECT * FROM `sp_category` WHERE `cat_level` = '1'  [ RunTime:0.0005s ]
SQL: SELECT * FROM `sp_category` WHERE `cat_level` = '2'  [ RunTime:0.0004s ]
SQL: SHOW COLUMNS FROM `sp_comment` [ RunTime:0.0083s ]
SQL: SELECT c.cmt_id,c.cmt_msg,from_unixtime(c.add_time) as cmt_add_time,c.cmt_star,uu.user_name as cmt_user_name,b.back_id,b.back_msg,from_unixtime(b.add_time) as back_add_time,u.user_name as back_user_name FROM sp_comment c left join sp_back b on c.cmt_id=b.cmt_id left join sp_user u on b.user_id=u.user_id INNER JOIN sp_user uu on c.user_id=uu.user_id  WHERE c.goods_id = '18' ORDER BY c.cmt_id desc LIMIT 0,3   [ RunTime:0.0004s ]
INFO: [ app_end ] --START--
INFO: Run Behavior\ShowPageTraceBehavior [ RunTime:0.001511s ]
INFO: [ app_end ] --END-- [ RunTime:0.001656s ]

[ 2016-04-14T18:02:08+08:00 ] 127.0.0.1 /index.php/Home/Comment/getPageInfo/goods_id/18?page_index=1
INFO: [ app_begin ] --START--
INFO: Run Behavior\ReadHtmlCacheBehavior [ RunTime:0.000947s ]
INFO: [ app_begin ] --END-- [ RunTime:0.001796s ]
SQL: SHOW COLUMNS FROM `sp_category` [ RunTime:0.0080s ]
SQL: SELECT * FROM `sp_category` WHERE `cat_level` = '0'  [ RunTime:0.0004s ]
SQL: SELECT * FROM `sp_category` WHERE `cat_level` = '1'  [ RunTime:0.0003s ]
SQL: SELECT * FROM `sp_category` WHERE `cat_level` = '2'  [ RunTime:0.0003s ]
SQL: SHOW COLUMNS FROM `sp_comment` [ RunTime:0.0075s ]
SQL: SELECT c.cmt_id,c.cmt_msg,from_unixtime(c.add_time) as cmt_add_time,c.cmt_star,uu.user_name as cmt_user_name,b.back_id,b.back_msg,from_unixtime(b.add_time) as back_add_time,u.user_name as back_user_name FROM sp_comment c left join sp_back b on c.cmt_id=b.cmt_id left join sp_user u on b.user_id=u.user_id INNER JOIN sp_user uu on c.user_id=uu.user_id  WHERE c.goods_id = '18' ORDER BY c.cmt_id desc LIMIT 3,3   [ RunTime:0.0004s ]
INFO: [ app_end ] --START--
INFO: Run Behavior\ShowPageTraceBehavior [ RunTime:0.001059s ]
INFO: [ app_end ] --END-- [ RunTime:0.001172s ]

[ 2016-04-14T18:17:58+08:00 ] 127.0.0.1 /index.php/Home/Comment/getPageInfo/goods_id/18?page_index=0
INFO: [ app_begin ] --START--
INFO: Run Behavior\ReadHtmlCacheBehavior [ RunTime:0.001484s ]
INFO: [ app_begin ] --END-- [ RunTime:0.002636s ]
SQL: SHOW COLUMNS FROM `sp_category` [ RunTime:0.0143s ]
SQL: SELECT * FROM `sp_category` WHERE `cat_level` = '0'  [ RunTime:0.0006s ]
SQL: SELECT * FROM `sp_category` WHERE `cat_level` = '1'  [ RunTime:0.0007s ]
SQL: SELECT * FROM `sp_category` WHERE `cat_level` = '2'  [ RunTime:0.0003s ]
SQL: SHOW COLUMNS FROM `sp_comment` [ RunTime:0.0088s ]
SQL: SELECT c.cmt_id,c.cmt_msg,from_unixtime(c.add_time) as cmt_add_time,c.cmt_star,uu.user_name as cmt_user_name FROM sp_comment c INNER JOIN sp_user uu on c.user_id=uu.user_id  WHERE c.goods_id = '18' ORDER BY c.cmt_id desc LIMIT 0,3   [ RunTime:0.0011s ]
SQL: SHOW COLUMNS FROM `sp_back` [ RunTime:0.0088s ]
SQL: SELECT b.back_id,b.back_msg,from_unixtime(b.add_time) as back_add_time,u.user_name as back_user_name,b.cmt_id FROM sp_back b left join sp_user u on b.user_id=u.user_id  WHERE `cmt_id` IN ('11','10','9')  [ RunTime:0.0011s ]
INFO: [ app_end ] --START--
INFO: Run Behavior\ShowPageTraceBehavior [ RunTime:0.001613s ]
INFO: [ app_end ] --END-- [ RunTime:0.001791s ]

[ 2016-04-14T18:18:02+08:00 ] 127.0.0.1 /index.php/Home/Comment/getPageInfo/goods_id/18?page_index=1
INFO: [ app_begin ] --START--
INFO: Run Behavior\ReadHtmlCacheBehavior [ RunTime:0.001092s ]
INFO: [ app_begin ] --END-- [ RunTime:0.001876s ]
SQL: SHOW COLUMNS FROM `sp_category` [ RunTime:0.0108s ]
SQL: SELECT * FROM `sp_category` WHERE `cat_level` = '0'  [ RunTime:0.0008s ]
SQL: SELECT * FROM `sp_category` WHERE `cat_level` = '1'  [ RunTime:0.0067s ]
SQL: SELECT * FROM `sp_category` WHERE `cat_level` = '2'  [ RunTime:0.0017s ]
SQL: SHOW COLUMNS FROM `sp_comment` [ RunTime:0.0126s ]
SQL: SELECT c.cmt_id,c.cmt_msg,from_unixtime(c.add_time) as cmt_add_time,c.cmt_star,uu.user_name as cmt_user_name FROM sp_comment c INNER JOIN sp_user uu on c.user_id=uu.user_id  WHERE c.goods_id = '18' ORDER BY c.cmt_id desc LIMIT 3,3   [ RunTime:0.0014s ]
SQL: SHOW COLUMNS FROM `sp_back` [ RunTime:0.0145s ]
SQL: SELECT b.back_id,b.back_msg,from_unixtime(b.add_time) as back_add_time,u.user_name as back_user_name,b.cmt_id FROM sp_back b left join sp_user u on b.user_id=u.user_id  WHERE `cmt_id` IN ('8','7','6')  [ RunTime:0.0010s ]
INFO: [ app_end ] --START--
INFO: Run Behavior\ShowPageTraceBehavior [ RunTime:0.001610s ]
INFO: [ app_end ] --END-- [ RunTime:0.001784s ]

[ 2016-04-14T18:18:04+08:00 ] 127.0.0.1 /index.php/Home/Comment/getPageInfo/goods_id/18?page_index=2
INFO: [ app_begin ] --START--
INFO: Run Behavior\ReadHtmlCacheBehavior [ RunTime:0.001263s ]
INFO: [ app_begin ] --END-- [ RunTime:0.002464s ]
SQL: SHOW COLUMNS FROM `sp_category` [ RunTime:0.0090s ]
SQL: SELECT * FROM `sp_category` WHERE `cat_level` = '0'  [ RunTime:0.0005s ]
SQL: SELECT * FROM `sp_category` WHERE `cat_level` = '1'  [ RunTime:0.0003s ]
SQL: SELECT * FROM `sp_category` WHERE `cat_level` = '2'  [ RunTime:0.0004s ]
SQL: SHOW COLUMNS FROM `sp_comment` [ RunTime:0.0104s ]
SQL: SELECT c.cmt_id,c.cmt_msg,from_unixtime(c.add_time) as cmt_add_time,c.cmt_star,uu.user_name as cmt_user_name FROM sp_comment c INNER JOIN sp_user uu on c.user_id=uu.user_id  WHERE c.goods_id = '18' ORDER BY c.cmt_id desc LIMIT 6,3   [ RunTime:0.0013s ]
SQL: SHOW COLUMNS FROM `sp_back` [ RunTime:0.0085s ]
SQL: SELECT b.back_id,b.back_msg,from_unixtime(b.add_time) as back_add_time,u.user_name as back_user_name,b.cmt_id FROM sp_back b left join sp_user u on b.user_id=u.user_id  WHERE `cmt_id` IN ('5','4','3')  [ RunTime:0.0007s ]
INFO: [ app_end ] --START--
INFO: Run Behavior\ShowPageTraceBehavior [ RunTime:0.001331s ]
INFO: [ app_end ] --END-- [ RunTime:0.001531s ]

[ 2016-04-14T18:18:06+08:00 ] 127.0.0.1 /index.php/Home/Comment/getPageInfo/goods_id/18?page_index=3
INFO: [ app_begin ] --START--
INFO: Run Behavior\ReadHtmlCacheBehavior [ RunTime:0.001729s ]
INFO: [ app_begin ] --END-- [ RunTime:0.002852s ]
SQL: SHOW COLUMNS FROM `sp_category` [ RunTime:0.0080s ]
SQL: SELECT * FROM `sp_category` WHERE `cat_level` = '0'  [ RunTime:0.0003s ]
SQL: SELECT * FROM `sp_category` WHERE `cat_level` = '1'  [ RunTime:0.0002s ]
SQL: SELECT * FROM `sp_category` WHERE `cat_level` = '2'  [ RunTime:0.0006s ]
SQL: SHOW COLUMNS FROM `sp_comment` [ RunTime:0.0075s ]
SQL: SELECT c.cmt_id,c.cmt_msg,from_unixtime(c.add_time) as cmt_add_time,c.cmt_star,uu.user_name as cmt_user_name FROM sp_comment c INNER JOIN sp_user uu on c.user_id=uu.user_id  WHERE c.goods_id = '18' ORDER BY c.cmt_id desc LIMIT 9,3   [ RunTime:0.0017s ]
SQL: SHOW COLUMNS FROM `sp_back` [ RunTime:0.0080s ]
SQL: SELECT b.back_id,b.back_msg,from_unixtime(b.add_time) as back_add_time,u.user_name as back_user_name,b.cmt_id FROM sp_back b left join sp_user u on b.user_id=u.user_id  WHERE `cmt_id` IN ('2')  [ RunTime:0.0005s ]
INFO: [ app_end ] --START--
INFO: Run Behavior\ShowPageTraceBehavior [ RunTime:0.001157s ]
INFO: [ app_end ] --END-- [ RunTime:0.001263s ]

[ 2016-04-14T18:18:09+08:00 ] 127.0.0.1 /index.php/Home/Comment/getPageInfo/goods_id/18?page_index=2
INFO: [ app_begin ] --START--
INFO: Run Behavior\ReadHtmlCacheBehavior [ RunTime:0.001895s ]
INFO: [ app_begin ] --END-- [ RunTime:0.002961s ]
SQL: SHOW COLUMNS FROM `sp_category` [ RunTime:0.0129s ]
SQL: SELECT * FROM `sp_category` WHERE `cat_level` = '0'  [ RunTime:0.0004s ]
SQL: SELECT * FROM `sp_category` WHERE `cat_level` = '1'  [ RunTime:0.0003s ]
SQL: SELECT * FROM `sp_category` WHERE `cat_level` = '2'  [ RunTime:0.0003s ]
SQL: SHOW COLUMNS FROM `sp_comment` [ RunTime:0.0106s ]
SQL: SELECT c.cmt_id,c.cmt_msg,from_unixtime(c.add_time) as cmt_add_time,c.cmt_star,uu.user_name as cmt_user_name FROM sp_comment c INNER JOIN sp_user uu on c.user_id=uu.user_id  WHERE c.goods_id = '18' ORDER BY c.cmt_id desc LIMIT 6,3   [ RunTime:0.0011s ]
SQL: SHOW COLUMNS FROM `sp_back` [ RunTime:0.0095s ]
SQL: SELECT b.back_id,b.back_msg,from_unixtime(b.add_time) as back_add_time,u.user_name as back_user_name,b.cmt_id FROM sp_back b left join sp_user u on b.user_id=u.user_id  WHERE `cmt_id` IN ('5','4','3')  [ RunTime:0.0004s ]
INFO: [ app_end ] --START--
INFO: Run Behavior\ShowPageTraceBehavior [ RunTime:0.001545s ]
INFO: [ app_end ] --END-- [ RunTime:0.001728s ]

[ 2016-04-14T18:18:14+08:00 ] 127.0.0.1 /index.php/Home/Comment/getPageInfo/goods_id/18?page_index=0
INFO: [ app_begin ] --START--
INFO: Run Behavior\ReadHtmlCacheBehavior [ RunTime:0.002053s ]
INFO: [ app_begin ] --END-- [ RunTime:0.003305s ]
SQL: SHOW COLUMNS FROM `sp_category` [ RunTime:0.0070s ]
SQL: SELECT * FROM `sp_category` WHERE `cat_level` = '0'  [ RunTime:0.0006s ]
SQL: SELECT * FROM `sp_category` WHERE `cat_level` = '1'  [ RunTime:0.0003s ]
SQL: SELECT * FROM `sp_category` WHERE `cat_level` = '2'  [ RunTime:0.0003s ]
SQL: SHOW COLUMNS FROM `sp_comment` [ RunTime:0.0068s ]
SQL: SELECT c.cmt_id,c.cmt_msg,from_unixtime(c.add_time) as cmt_add_time,c.cmt_star,uu.user_name as cmt_user_name FROM sp_comment c INNER JOIN sp_user uu on c.user_id=uu.user_id  WHERE c.goods_id = '18' ORDER BY c.cmt_id desc LIMIT 0,3   [ RunTime:0.0003s ]
SQL: SHOW COLUMNS FROM `sp_back` [ RunTime:0.0070s ]
SQL: SELECT b.back_id,b.back_msg,from_unixtime(b.add_time) as back_add_time,u.user_name as back_user_name,b.cmt_id FROM sp_back b left join sp_user u on b.user_id=u.user_id  WHERE `cmt_id` IN ('11','10','9')  [ RunTime:0.0004s ]
INFO: [ app_end ] --START--
INFO: Run Behavior\ShowPageTraceBehavior [ RunTime:0.001193s ]
INFO: [ app_end ] --END-- [ RunTime:0.001338s ]

