[ 2016-12-06T09:45:55+08:00 ] 127.0.0.1 /
INFO: [ app_init ] --START--
INFO: Run Behavior\BuildLiteBehavior [ RunTime:0.000058s ]
INFO: [ app_init ] --END-- [ RunTime:0.015808s ]

[ 2016-12-06T09:47:30+08:00 ] 127.0.0.1 /
INFO: [ app_init ] --START--
INFO: Run Behavior\BuildLiteBehavior [ RunTime:0.000137s ]
INFO: [ app_init ] --END-- [ RunTime:0.008525s ]
INFO: [ app_begin ] --START--
INFO: Run Behavior\ReadHtmlCacheBehavior [ RunTime:0.022021s ]
INFO: [ app_begin ] --END-- [ RunTime:0.022410s ]
NOTIC: [8] Undefined index: userData E:\xiangmu\zq\zxzq\Application\Home\Controller\IndexController.class.php 第 10 行.
INFO: [ view_parse ] --START--
INFO: [ template_filter ] --START--
INFO: Run Behavior\ContentReplaceBehavior [ RunTime:0.000154s ]
INFO: [ template_filter ] --END-- [ RunTime:0.000386s ]
INFO: Run Behavior\ParseTemplateBehavior [ RunTime:0.090017s ]
INFO: [ view_parse ] --END-- [ RunTime:0.090600s ]
INFO: [ view_filter ] --START--
INFO: Run Behavior\WriteHtmlCacheBehavior [ RunTime:0.005544s ]
INFO: [ view_filter ] --END-- [ RunTime:0.006193s ]

[ 2016-12-06T09:47:31+08:00 ] 127.0.0.1 /index.php/Home/Login/index.html
INFO: [ app_init ] --START--
INFO: Run Behavior\BuildLiteBehavior [ RunTime:0.000084s ]
INFO: [ app_init ] --END-- [ RunTime:0.003212s ]
INFO: [ app_begin ] --START--
INFO: Run Behavior\ReadHtmlCacheBehavior [ RunTime:0.003682s ]
INFO: [ app_begin ] --END-- [ RunTime:0.003960s ]
INFO: [ view_parse ] --START--
INFO: [ template_filter ] --START--
INFO: Run Behavior\ContentReplaceBehavior [ RunTime:0.000477s ]
INFO: [ template_filter ] --END-- [ RunTime:0.000851s ]
INFO: Run Behavior\ParseTemplateBehavior [ RunTime:0.056662s ]
INFO: [ view_parse ] --END-- [ RunTime:0.057124s ]
INFO: [ view_filter ] --START--
INFO: Run Behavior\WriteHtmlCacheBehavior [ RunTime:0.000933s ]
INFO: [ view_filter ] --END-- [ RunTime:0.001132s ]
INFO: [ app_end ] --START--
INFO: Run Behavior\ShowPageTraceBehavior [ RunTime:0.020966s ]
INFO: [ app_end ] --END-- [ RunTime:0.021518s ]

[ 2016-12-06T09:47:46+08:00 ] 127.0.0.1 /index.php/Home/Login/login
INFO: [ app_init ] --START--
INFO: Run Behavior\BuildLiteBehavior [ RunTime:0.000057s ]
INFO: [ app_init ] --END-- [ RunTime:0.001862s ]
INFO: [ app_begin ] --START--
INFO: Run Behavior\ReadHtmlCacheBehavior [ RunTime:0.002845s ]
INFO: [ app_begin ] --END-- [ RunTime:0.003146s ]
SQL: SHOW COLUMNS FROM `member` [ RunTime:0.0243s ]
SQL: SELECT * FROM `member` WHERE `member_name` = null LIMIT 1   [ RunTime:0.0026s ]

[ 2016-12-06T09:48:36+08:00 ] 127.0.0.1 /index.php/Home/Login/login
INFO: [ app_init ] --START--
INFO: Run Behavior\BuildLiteBehavior [ RunTime:0.000083s ]
INFO: [ app_init ] --END-- [ RunTime:0.011454s ]
INFO: [ app_begin ] --START--
INFO: Run Behavior\ReadHtmlCacheBehavior [ RunTime:0.002825s ]
INFO: [ app_begin ] --END-- [ RunTime:0.003205s ]
SQL: SHOW COLUMNS FROM `member` [ RunTime:0.0477s ]
SQL: SELECT * FROM `member` WHERE `member_name` = null LIMIT 1   [ RunTime:0.0050s ]

[ 2016-12-06T09:49:47+08:00 ] 127.0.0.1 /index.php/Home/Login/login
INFO: [ app_init ] --START--
INFO: Run Behavior\BuildLiteBehavior [ RunTime:0.000052s ]
INFO: [ app_init ] --END-- [ RunTime:0.001638s ]
INFO: [ app_begin ] --START--
INFO: Run Behavior\ReadHtmlCacheBehavior [ RunTime:0.002723s ]
INFO: [ app_begin ] --END-- [ RunTime:0.002995s ]
SQL: SHOW COLUMNS FROM `member` [ RunTime:0.0266s ]
SQL: SELECT * FROM `member` WHERE `member_name` = null LIMIT 1   [ RunTime:0.0047s ]

[ 2016-12-06T09:50:04+08:00 ] 127.0.0.1 /index.php/Home/Change/index
INFO: [ app_init ] --START--
INFO: Run Behavior\BuildLiteBehavior [ RunTime:0.000050s ]
INFO: [ app_init ] --END-- [ RunTime:0.001602s ]
INFO: [ app_begin ] --START--
INFO: Run Behavior\ReadHtmlCacheBehavior [ RunTime:0.002554s ]
INFO: [ app_begin ] --END-- [ RunTime:0.002849s ]
INFO: [ view_parse ] --START--
INFO: [ template_filter ] --START--
INFO: Run Behavior\ContentReplaceBehavior [ RunTime:0.000497s ]
INFO: [ template_filter ] --END-- [ RunTime:0.000795s ]
INFO: Run Behavior\ParseTemplateBehavior [ RunTime:0.093264s ]
INFO: [ view_parse ] --END-- [ RunTime:0.093627s ]
INFO: [ view_filter ] --START--
INFO: Run Behavior\WriteHtmlCacheBehavior [ RunTime:0.002158s ]
INFO: [ view_filter ] --END-- [ RunTime:0.002516s ]
INFO: [ app_end ] --START--
INFO: Run Behavior\ShowPageTraceBehavior [ RunTime:0.004242s ]
INFO: [ app_end ] --END-- [ RunTime:0.004781s ]

[ 2016-12-06T09:50:09+08:00 ] 127.0.0.1 /index.php/Home/Change/chaxun
INFO: [ app_init ] --START--
INFO: Run Behavior\BuildLiteBehavior [ RunTime:0.000048s ]
INFO: [ app_init ] --END-- [ RunTime:0.001546s ]
INFO: [ app_begin ] --START--
INFO: Run Behavior\ReadHtmlCacheBehavior [ RunTime:0.001828s ]
INFO: [ app_begin ] --END-- [ RunTime:0.002218s ]
SQL: SHOW COLUMNS FROM `member` [ RunTime:0.0277s ]
SQL: SELECT * FROM `member` WHERE `member_name` = '' LIMIT 1   [ RunTime:0.0037s ]
INFO: [ app_end ] --START--
INFO: Run Behavior\ShowPageTraceBehavior [ RunTime:0.003110s ]
INFO: [ app_end ] --END-- [ RunTime:0.003335s ]

[ 2016-12-06T09:50:09+08:00 ] 127.0.0.1 /index.php/Home/Change/chaxun
INFO: [ app_init ] --START--
INFO: Run Behavior\BuildLiteBehavior [ RunTime:0.000052s ]
INFO: [ app_init ] --END-- [ RunTime:0.001815s ]
INFO: [ app_begin ] --START--
INFO: Run Behavior\ReadHtmlCacheBehavior [ RunTime:0.002787s ]
INFO: [ app_begin ] --END-- [ RunTime:0.003034s ]
SQL: SHOW COLUMNS FROM `member` [ RunTime:0.0422s ]
SQL: SELECT * FROM `member` WHERE `member_name` = '' LIMIT 1   [ RunTime:0.0039s ]
INFO: [ app_end ] --START--
INFO: Run Behavior\ShowPageTraceBehavior [ RunTime:0.003935s ]
INFO: [ app_end ] --END-- [ RunTime:0.004234s ]

[ 2016-12-06T09:50:17+08:00 ] 127.0.0.1 /index.php/Home/Regist/index
INFO: [ app_init ] --START--
INFO: Run Behavior\BuildLiteBehavior [ RunTime:0.000051s ]
INFO: [ app_init ] --END-- [ RunTime:0.002386s ]
INFO: [ app_begin ] --START--
INFO: Run Behavior\ReadHtmlCacheBehavior [ RunTime:0.003043s ]
INFO: [ app_begin ] --END-- [ RunTime:0.003324s ]
SQL: SHOW COLUMNS FROM `tb_bankinfo` [ RunTime:0.1622s ]
SQL: SELECT * FROM `tb_bankinfo`  [ RunTime:0.0031s ]
INFO: [ view_parse ] --START--
INFO: [ template_filter ] --START--
INFO: Run Behavior\ContentReplaceBehavior [ RunTime:0.000840s ]
INFO: [ template_filter ] --END-- [ RunTime:0.001086s ]
INFO: Run Behavior\ParseTemplateBehavior [ RunTime:0.111501s ]
INFO: [ view_parse ] --END-- [ RunTime:0.111902s ]
INFO: [ view_filter ] --START--
INFO: Run Behavior\WriteHtmlCacheBehavior [ RunTime:0.001300s ]
INFO: [ view_filter ] --END-- [ RunTime:0.001494s ]
INFO: [ app_end ] --START--
INFO: Run Behavior\ShowPageTraceBehavior [ RunTime:0.003916s ]
INFO: [ app_end ] --END-- [ RunTime:0.004448s ]

[ 2016-12-06T09:52:45+08:00 ] 127.0.0.1 /index.php/Home/Code/code
INFO: [ app_init ] --START--
INFO: Run Behavior\BuildLiteBehavior [ RunTime:0.000054s ]
INFO: [ app_init ] --END-- [ RunTime:0.001660s ]
INFO: [ app_begin ] --START--
INFO: Run Behavior\ReadHtmlCacheBehavior [ RunTime:0.002346s ]
INFO: [ app_begin ] --END-- [ RunTime:0.002566s ]

[ 2016-12-06T09:54:28+08:00 ] 127.0.0.1 /index.php/Home/Login/login
INFO: [ app_init ] --START--
INFO: Run Behavior\BuildLiteBehavior [ RunTime:0.000052s ]
INFO: [ app_init ] --END-- [ RunTime:0.001677s ]
INFO: [ app_begin ] --START--
INFO: Run Behavior\ReadHtmlCacheBehavior [ RunTime:0.011125s ]
INFO: [ app_begin ] --END-- [ RunTime:0.011389s ]
SQL: SHOW COLUMNS FROM `member` [ RunTime:0.0368s ]
SQL: SELECT * FROM `member` WHERE `member_name` = null LIMIT 1   [ RunTime:0.0037s ]

[ 2016-12-06T09:54:59+08:00 ] 127.0.0.1 /index.php/Home/Login/login
INFO: [ app_init ] --START--
INFO: Run Behavior\BuildLiteBehavior [ RunTime:0.000064s ]
INFO: [ app_init ] --END-- [ RunTime:0.001897s ]
INFO: [ app_begin ] --START--
INFO: Run Behavior\ReadHtmlCacheBehavior [ RunTime:0.002494s ]
INFO: [ app_begin ] --END-- [ RunTime:0.002946s ]
SQL: SHOW COLUMNS FROM `member` [ RunTime:0.0316s ]
SQL: SELECT * FROM `member` WHERE `member_name` = null LIMIT 1   [ RunTime:0.0037s ]

[ 2016-12-06T10:04:15+08:00 ] 127.0.0.1 /index.php/Home/Login/login
INFO: [ app_init ] --START--
INFO: Run Behavior\BuildLiteBehavior [ RunTime:0.000054s ]
INFO: [ app_init ] --END-- [ RunTime:0.001878s ]
INFO: [ app_begin ] --START--
INFO: Run Behavior\ReadHtmlCacheBehavior [ RunTime:0.003363s ]
INFO: [ app_begin ] --END-- [ RunTime:0.003703s ]
SQL: SHOW COLUMNS FROM `member` [ RunTime:0.0823s ]
ERR: 1054:Unknown column 'userName' in 'where clause'
 [ SQL语句 ] : SELECT * FROM `member` WHERE (  `userName` = 'zxkj' AND `passWord` = 'godv' ) LIMIT 1  
ERR: 1054:Unknown column 'userName' in 'where clause'
 [ SQL语句 ] : SELECT * FROM `member` WHERE (  `userName` = 'zxkj' AND `passWord` = 'godv' ) LIMIT 1  

[ 2016-12-06T10:04:45+08:00 ] 127.0.0.1 /index.php/Home/Login/login
INFO: [ app_init ] --START--
INFO: Run Behavior\BuildLiteBehavior [ RunTime:0.000081s ]
INFO: [ app_init ] --END-- [ RunTime:0.002379s ]
INFO: [ app_begin ] --START--
INFO: Run Behavior\ReadHtmlCacheBehavior [ RunTime:0.007578s ]
INFO: [ app_begin ] --END-- [ RunTime:0.008008s ]

[ 2016-12-06T10:04:49+08:00 ] 127.0.0.1 /index.php/Home/Login/index.html
INFO: [ app_init ] --START--
INFO: Run Behavior\BuildLiteBehavior [ RunTime:0.000081s ]
INFO: [ app_init ] --END-- [ RunTime:0.002289s ]
INFO: [ app_begin ] --START--
INFO: Run Behavior\ReadHtmlCacheBehavior [ RunTime:0.006949s ]
INFO: [ app_begin ] --END-- [ RunTime:0.007611s ]
INFO: [ view_parse ] --START--
INFO: [ template_filter ] --START--
INFO: Run Behavior\ContentReplaceBehavior [ RunTime:0.000638s ]
INFO: [ template_filter ] --END-- [ RunTime:0.001028s ]
INFO: Run Behavior\ParseTemplateBehavior [ RunTime:0.081253s ]
INFO: [ view_parse ] --END-- [ RunTime:0.081679s ]
INFO: [ view_filter ] --START--
INFO: Run Behavior\WriteHtmlCacheBehavior [ RunTime:0.009610s ]
INFO: [ view_filter ] --END-- [ RunTime:0.010109s ]
INFO: [ app_end ] --START--
INFO: Run Behavior\ShowPageTraceBehavior [ RunTime:0.031862s ]
INFO: [ app_end ] --END-- [ RunTime:0.032288s ]

[ 2016-12-06T10:05:01+08:00 ] 127.0.0.1 /index.php/Home/Login/login
INFO: [ app_init ] --START--
INFO: Run Behavior\BuildLiteBehavior [ RunTime:0.000069s ]
INFO: [ app_init ] --END-- [ RunTime:0.002005s ]
INFO: [ app_begin ] --START--
INFO: Run Behavior\ReadHtmlCacheBehavior [ RunTime:0.004359s ]
INFO: [ app_begin ] --END-- [ RunTime:0.004708s ]

[ 2016-12-06T10:07:59+08:00 ] 127.0.0.1 /index.php/Home/Login/index.html
INFO: [ app_init ] --START--
INFO: Run Behavior\BuildLiteBehavior [ RunTime:0.000199s ]
INFO: [ app_init ] --END-- [ RunTime:0.008364s ]
INFO: [ app_begin ] --START--
INFO: Run Behavior\ReadHtmlCacheBehavior [ RunTime:0.003586s ]
INFO: [ app_begin ] --END-- [ RunTime:0.004035s ]

[ 2016-12-06T10:08:44+08:00 ] 127.0.0.1 /index.php/Home/Login/index.html
INFO: [ app_init ] --START--
INFO: Run Behavior\BuildLiteBehavior [ RunTime:0.000050s ]
INFO: [ app_init ] --END-- [ RunTime:0.001350s ]
INFO: [ app_begin ] --START--
INFO: Run Behavior\ReadHtmlCacheBehavior [ RunTime:0.002874s ]
INFO: [ app_begin ] --END-- [ RunTime:0.003173s ]
INFO: [ view_parse ] --START--
INFO: [ template_filter ] --START--
INFO: Run Behavior\ContentReplaceBehavior [ RunTime:0.000486s ]
INFO: [ template_filter ] --END-- [ RunTime:0.000799s ]
INFO: Run Behavior\ParseTemplateBehavior [ RunTime:0.034975s ]
INFO: [ view_parse ] --END-- [ RunTime:0.035251s ]
INFO: [ view_filter ] --START--
INFO: Run Behavior\WriteHtmlCacheBehavior [ RunTime:0.001329s ]
INFO: [ view_filter ] --END-- [ RunTime:0.001519s ]
INFO: [ app_end ] --START--
INFO: Run Behavior\ShowPageTraceBehavior [ RunTime:0.003520s ]
INFO: [ app_end ] --END-- [ RunTime:0.003792s ]

[ 2016-12-06T10:09:52+08:00 ] 127.0.0.1 /index.php/Home/Login/index.html
INFO: [ app_init ] --START--
INFO: Run Behavior\BuildLiteBehavior [ RunTime:0.000085s ]
INFO: [ app_init ] --END-- [ RunTime:0.010950s ]
INFO: [ app_begin ] --START--
INFO: Run Behavior\ReadHtmlCacheBehavior [ RunTime:0.011141s ]
INFO: [ app_begin ] --END-- [ RunTime:0.011546s ]
INFO: [ view_parse ] --START--
INFO: [ template_filter ] --START--
INFO: Run Behavior\ContentReplaceBehavior [ RunTime:0.000529s ]
INFO: [ template_filter ] --END-- [ RunTime:0.001700s ]
INFO: Run Behavior\ParseTemplateBehavior [ RunTime:0.067138s ]
INFO: [ view_parse ] --END-- [ RunTime:0.067617s ]
INFO: [ view_filter ] --START--
INFO: Run Behavior\WriteHtmlCacheBehavior [ RunTime:0.002563s ]
INFO: [ view_filter ] --END-- [ RunTime:0.002886s ]
INFO: [ app_end ] --START--
INFO: Run Behavior\ShowPageTraceBehavior [ RunTime:0.004847s ]
INFO: [ app_end ] --END-- [ RunTime:0.005284s ]

[ 2016-12-06T10:10:02+08:00 ] 127.0.0.1 /index.php/Home/Login/login
INFO: [ app_init ] --START--
INFO: Run Behavior\BuildLiteBehavior [ RunTime:0.000080s ]
INFO: [ app_init ] --END-- [ RunTime:0.002171s ]
INFO: [ app_begin ] --START--
INFO: Run Behavior\ReadHtmlCacheBehavior [ RunTime:0.005603s ]
INFO: [ app_begin ] --END-- [ RunTime:0.006036s ]

[ 2016-12-06T10:11:42+08:00 ] 127.0.0.1 /index.php/Home/Change/index
INFO: [ app_init ] --START--
INFO: Run Behavior\BuildLiteBehavior [ RunTime:0.000084s ]
INFO: [ app_init ] --END-- [ RunTime:0.004153s ]
INFO: [ app_begin ] --START--
INFO: Run Behavior\ReadHtmlCacheBehavior [ RunTime:0.004676s ]
INFO: [ app_begin ] --END-- [ RunTime:0.005038s ]
INFO: [ view_parse ] --START--
INFO: [ template_filter ] --START--
INFO: Run Behavior\ContentReplaceBehavior [ RunTime:0.000596s ]
INFO: [ template_filter ] --END-- [ RunTime:0.000937s ]
INFO: Run Behavior\ParseTemplateBehavior [ RunTime:0.072772s ]
INFO: [ view_parse ] --END-- [ RunTime:0.073204s ]
INFO: [ view_filter ] --START--
INFO: Run Behavior\WriteHtmlCacheBehavior [ RunTime:0.001135s ]
INFO: [ view_filter ] --END-- [ RunTime:0.001415s ]
INFO: [ app_end ] --START--
INFO: Run Behavior\ShowPageTraceBehavior [ RunTime:0.007321s ]
INFO: [ app_end ] --END-- [ RunTime:0.007740s ]

[ 2016-12-06T10:11:59+08:00 ] 127.0.0.1 /index.php/Home/Regist/index
INFO: [ app_init ] --START--
INFO: Run Behavior\BuildLiteBehavior [ RunTime:0.000082s ]
INFO: [ app_init ] --END-- [ RunTime:0.002499s ]
INFO: [ app_begin ] --START--
INFO: Run Behavior\ReadHtmlCacheBehavior [ RunTime:0.012608s ]
INFO: [ app_begin ] --END-- [ RunTime:0.013124s ]
SQL: SHOW COLUMNS FROM `tb_bankinfo` [ RunTime:0.0532s ]
SQL: SELECT * FROM `tb_bankinfo`  [ RunTime:0.0066s ]
INFO: [ view_parse ] --START--
INFO: [ template_filter ] --START--
INFO: Run Behavior\ContentReplaceBehavior [ RunTime:0.003502s ]
INFO: [ template_filter ] --END-- [ RunTime:0.003902s ]
INFO: Run Behavior\ParseTemplateBehavior [ RunTime:0.141687s ]
INFO: [ view_parse ] --END-- [ RunTime:0.142133s ]
INFO: [ view_filter ] --START--
INFO: Run Behavior\WriteHtmlCacheBehavior [ RunTime:0.004299s ]
INFO: [ view_filter ] --END-- [ RunTime:0.004700s ]
INFO: [ app_end ] --START--
INFO: Run Behavior\ShowPageTraceBehavior [ RunTime:0.008642s ]
INFO: [ app_end ] --END-- [ RunTime:0.009062s ]

[ 2016-12-06T10:12:12+08:00 ] 127.0.0.1 /index.php/Home/Login/login
INFO: [ app_init ] --START--
INFO: Run Behavior\BuildLiteBehavior [ RunTime:0.000076s ]
INFO: [ app_init ] --END-- [ RunTime:0.007465s ]
INFO: [ app_begin ] --START--
INFO: Run Behavior\ReadHtmlCacheBehavior [ RunTime:0.003724s ]
INFO: [ app_begin ] --END-- [ RunTime:0.004187s ]

[ 2016-12-06T10:15:03+08:00 ] 127.0.0.1 /index.php/Home/Login/index.html
INFO: [ app_init ] --START--
INFO: Run Behavior\BuildLiteBehavior [ RunTime:0.000086s ]
INFO: [ app_init ] --END-- [ RunTime:0.005261s ]
INFO: [ app_begin ] --START--
INFO: Run Behavior\ReadHtmlCacheBehavior [ RunTime:0.003616s ]
INFO: [ app_begin ] --END-- [ RunTime:0.004021s ]
INFO: [ view_parse ] --START--
INFO: [ template_filter ] --START--
INFO: Run Behavior\ContentReplaceBehavior [ RunTime:0.000519s ]
INFO: [ template_filter ] --END-- [ RunTime:0.000905s ]
INFO: Run Behavior\ParseTemplateBehavior [ RunTime:0.100877s ]
INFO: [ view_parse ] --END-- [ RunTime:0.101280s ]
INFO: [ view_filter ] --START--
INFO: Run Behavior\WriteHtmlCacheBehavior [ RunTime:0.025790s ]
INFO: [ view_filter ] --END-- [ RunTime:0.026275s ]
INFO: [ app_end ] --START--
INFO: Run Behavior\ShowPageTraceBehavior [ RunTime:0.010706s ]
INFO: [ app_end ] --END-- [ RunTime:0.011518s ]

[ 2016-12-06T10:15:08+08:00 ] 127.0.0.1 /index.php/Home/Login/login
INFO: [ app_init ] --START--
INFO: Run Behavior\BuildLiteBehavior [ RunTime:0.000115s ]
INFO: [ app_init ] --END-- [ RunTime:0.003784s ]
INFO: [ app_begin ] --START--
INFO: Run Behavior\ReadHtmlCacheBehavior [ RunTime:0.004502s ]
INFO: [ app_begin ] --END-- [ RunTime:0.005691s ]

[ 2016-12-06T10:15:27+08:00 ] 127.0.0.1 /index.php/Home/Login/login
INFO: [ app_init ] --START--
INFO: Run Behavior\BuildLiteBehavior [ RunTime:0.000076s ]
INFO: [ app_init ] --END-- [ RunTime:0.001779s ]
INFO: [ app_begin ] --START--
INFO: Run Behavior\ReadHtmlCacheBehavior [ RunTime:0.003189s ]
INFO: [ app_begin ] --END-- [ RunTime:0.003570s ]
SQL: SHOW COLUMNS FROM `member` [ RunTime:0.0567s ]
ERR: 1054:Unknown column 'userName' in 'where clause'
 [ SQL语句 ] : SELECT * FROM `member` WHERE (  `userName` = 'zxkj' AND `passWord` = 'godv' ) LIMIT 1  
ERR: 1054:Unknown column 'userName' in 'where clause'
 [ SQL语句 ] : SELECT * FROM `member` WHERE (  `userName` = 'zxkj' AND `passWord` = 'godv' ) LIMIT 1  

[ 2016-12-06T10:16:26+08:00 ] 127.0.0.1 /index.php/Home/Login/login
INFO: [ app_init ] --START--
INFO: Run Behavior\BuildLiteBehavior [ RunTime:0.000075s ]
INFO: [ app_init ] --END-- [ RunTime:0.002176s ]
INFO: [ app_begin ] --START--
INFO: Run Behavior\ReadHtmlCacheBehavior [ RunTime:0.002739s ]
INFO: [ app_begin ] --END-- [ RunTime:0.003115s ]
SQL: SHOW COLUMNS FROM `member` [ RunTime:0.0475s ]
SQL: SELECT * FROM `member` WHERE (  `member_name` = 'zxkj' AND `member_passwd` = 'godv' ) LIMIT 1   [ RunTime:0.0059s ]
NOTIC: [8] Undefined variable: userRe E:\xiangmu\zq\zxzq\Application\Home\Controller\LoginController.class.php 第 45 行.
NOTIC: [8] Undefined variable: result E:\xiangmu\zq\zxzq\Application\Home\Controller\LoginController.class.php 第 103 行.

[ 2016-12-06T10:17:26+08:00 ] 127.0.0.1 /index.php/Home/Login/login
INFO: [ app_init ] --START--
INFO: Run Behavior\BuildLiteBehavior [ RunTime:0.000078s ]
INFO: [ app_init ] --END-- [ RunTime:0.002511s ]
INFO: [ app_begin ] --START--
INFO: Run Behavior\ReadHtmlCacheBehavior [ RunTime:0.003567s ]
INFO: [ app_begin ] --END-- [ RunTime:0.003973s ]
SQL: SHOW COLUMNS FROM `member` [ RunTime:0.0805s ]
SQL: SELECT * FROM `member` WHERE (  `member_name` = 'zxkj' AND `member_passwd` = 'godv' ) LIMIT 1   [ RunTime:0.0197s ]

[ 2016-12-06T10:17:32+08:00 ] 127.0.0.1 /index.php/Home/Login/login
INFO: [ app_init ] --START--
INFO: Run Behavior\BuildLiteBehavior [ RunTime:0.000075s ]
INFO: [ app_init ] --END-- [ RunTime:0.002222s ]
INFO: [ app_begin ] --START--
INFO: Run Behavior\ReadHtmlCacheBehavior [ RunTime:0.006281s ]
INFO: [ app_begin ] --END-- [ RunTime:0.010147s ]
SQL: SHOW COLUMNS FROM `member` [ RunTime:0.0609s ]
SQL: SELECT * FROM `member` WHERE (  `member_name` = 'zxkj' AND `member_passwd` = 'godv' ) LIMIT 1   [ RunTime:0.0136s ]

[ 2016-12-06T10:18:06+08:00 ] 127.0.0.1 /index.php/Home/Login/index.html
INFO: [ app_init ] --START--
INFO: Run Behavior\BuildLiteBehavior [ RunTime:0.000079s ]
INFO: [ app_init ] --END-- [ RunTime:0.002228s ]
INFO: [ app_begin ] --START--
INFO: Run Behavior\ReadHtmlCacheBehavior [ RunTime:0.003678s ]
INFO: [ app_begin ] --END-- [ RunTime:0.004159s ]
INFO: [ view_parse ] --START--
INFO: [ template_filter ] --START--
INFO: Run Behavior\ContentReplaceBehavior [ RunTime:0.000693s ]
INFO: [ template_filter ] --END-- [ RunTime:0.001588s ]
INFO: Run Behavior\ParseTemplateBehavior [ RunTime:0.093432s ]
INFO: [ view_parse ] --END-- [ RunTime:0.093873s ]
INFO: [ view_filter ] --START--
INFO: Run Behavior\WriteHtmlCacheBehavior [ RunTime:0.004559s ]
INFO: [ view_filter ] --END-- [ RunTime:0.005004s ]
INFO: [ app_end ] --START--
INFO: Run Behavior\ShowPageTraceBehavior [ RunTime:0.004371s ]
INFO: [ app_end ] --END-- [ RunTime:0.005343s ]

[ 2016-12-06T10:18:11+08:00 ] 127.0.0.1 /index.php/Home/Login/login
INFO: [ app_init ] --START--
INFO: Run Behavior\BuildLiteBehavior [ RunTime:0.000053s ]
INFO: [ app_init ] --END-- [ RunTime:0.001374s ]
INFO: [ app_begin ] --START--
INFO: Run Behavior\ReadHtmlCacheBehavior [ RunTime:0.003153s ]
INFO: [ app_begin ] --END-- [ RunTime:0.003686s ]

[ 2016-12-06T10:18:17+08:00 ] 127.0.0.1 /index.php/Home/Login/login
INFO: [ app_init ] --START--
INFO: Run Behavior\BuildLiteBehavior [ RunTime:0.000090s ]
INFO: [ app_init ] --END-- [ RunTime:0.002143s ]
INFO: [ app_begin ] --START--
INFO: Run Behavior\ReadHtmlCacheBehavior [ RunTime:0.002634s ]
INFO: [ app_begin ] --END-- [ RunTime:0.002963s ]

[ 2016-12-06T10:18:19+08:00 ] 127.0.0.1 /index.php/Home/Login/index.html
INFO: [ app_init ] --START--
INFO: Run Behavior\BuildLiteBehavior [ RunTime:0.000075s ]
INFO: [ app_init ] --END-- [ RunTime:0.002857s ]
INFO: [ app_begin ] --START--
INFO: Run Behavior\ReadHtmlCacheBehavior [ RunTime:0.004800s ]
INFO: [ app_begin ] --END-- [ RunTime:0.005152s ]
INFO: [ view_parse ] --START--
INFO: [ template_filter ] --START--
INFO: Run Behavior\ContentReplaceBehavior [ RunTime:0.000635s ]
INFO: [ template_filter ] --END-- [ RunTime:0.001061s ]
INFO: Run Behavior\ParseTemplateBehavior [ RunTime:0.052027s ]
INFO: [ view_parse ] --END-- [ RunTime:0.052343s ]
INFO: [ view_filter ] --START--
INFO: Run Behavior\WriteHtmlCacheBehavior [ RunTime:0.002035s ]
INFO: [ view_filter ] --END-- [ RunTime:0.002301s ]
INFO: [ app_end ] --START--
INFO: Run Behavior\ShowPageTraceBehavior [ RunTime:0.006498s ]
INFO: [ app_end ] --END-- [ RunTime:0.008459s ]

[ 2016-12-06T10:18:22+08:00 ] 127.0.0.1 /index.php/Home/Login/login
INFO: [ app_init ] --START--
INFO: Run Behavior\BuildLiteBehavior [ RunTime:0.000082s ]
INFO: [ app_init ] --END-- [ RunTime:0.002239s ]
INFO: [ app_begin ] --START--
INFO: Run Behavior\ReadHtmlCacheBehavior [ RunTime:0.005819s ]
INFO: [ app_begin ] --END-- [ RunTime:0.006196s ]

[ 2016-12-06T10:19:08+08:00 ] 127.0.0.1 /index.php/Home/Login/login
INFO: [ app_init ] --START--
INFO: Run Behavior\BuildLiteBehavior [ RunTime:0.000076s ]
INFO: [ app_init ] --END-- [ RunTime:0.001870s ]
INFO: [ app_begin ] --START--
INFO: Run Behavior\ReadHtmlCacheBehavior [ RunTime:0.004891s ]
INFO: [ app_begin ] --END-- [ RunTime:0.005244s ]

[ 2016-12-06T10:19:10+08:00 ] 127.0.0.1 /index.php/Home/Login/index.html
INFO: [ app_init ] --START--
INFO: Run Behavior\BuildLiteBehavior [ RunTime:0.000124s ]
INFO: [ app_init ] --END-- [ RunTime:0.001745s ]
INFO: [ app_begin ] --START--
INFO: Run Behavior\ReadHtmlCacheBehavior [ RunTime:0.004703s ]
INFO: [ app_begin ] --END-- [ RunTime:0.005302s ]
INFO: [ view_parse ] --START--
INFO: [ template_filter ] --START--
INFO: Run Behavior\ContentReplaceBehavior [ RunTime:0.001056s ]
INFO: [ template_filter ] --END-- [ RunTime:0.001596s ]
INFO: Run Behavior\ParseTemplateBehavior [ RunTime:0.080309s ]
INFO: [ view_parse ] --END-- [ RunTime:0.082061s ]
INFO: [ view_filter ] --START--
INFO: Run Behavior\WriteHtmlCacheBehavior [ RunTime:0.004927s ]
INFO: [ view_filter ] --END-- [ RunTime:0.005207s ]
INFO: [ app_end ] --START--
INFO: Run Behavior\ShowPageTraceBehavior [ RunTime:0.007947s ]
INFO: [ app_end ] --END-- [ RunTime:0.012055s ]

[ 2016-12-06T10:19:14+08:00 ] 127.0.0.1 /index.php/Home/Login/login
INFO: [ app_init ] --START--
INFO: Run Behavior\BuildLiteBehavior [ RunTime:0.000082s ]
INFO: [ app_init ] --END-- [ RunTime:0.003528s ]
INFO: [ app_begin ] --START--
INFO: Run Behavior\ReadHtmlCacheBehavior [ RunTime:0.002596s ]
INFO: [ app_begin ] --END-- [ RunTime:0.002954s ]

[ 2016-12-06T10:19:36+08:00 ] 127.0.0.1 /index.php/Home/Login/login
INFO: [ app_init ] --START--
INFO: Run Behavior\BuildLiteBehavior [ RunTime:0.000095s ]
INFO: [ app_init ] --END-- [ RunTime:0.002894s ]
INFO: [ app_begin ] --START--
INFO: Run Behavior\ReadHtmlCacheBehavior [ RunTime:0.002842s ]
INFO: [ app_begin ] --END-- [ RunTime:0.003171s ]
SQL: SHOW COLUMNS FROM `member` [ RunTime:0.0335s ]
SQL: SELECT * FROM `member` WHERE (  `member_name` = 'zxkj' AND `member_passwd` = 'godv' ) LIMIT 1   [ RunTime:0.0042s ]

[ 2016-12-06T10:21:01+08:00 ] 127.0.0.1 /index.php/Home/Login/login
INFO: [ app_init ] --START--
INFO: Run Behavior\BuildLiteBehavior [ RunTime:0.000084s ]
INFO: [ app_init ] --END-- [ RunTime:0.004660s ]
INFO: [ app_begin ] --START--
INFO: Run Behavior\ReadHtmlCacheBehavior [ RunTime:0.002605s ]
INFO: [ app_begin ] --END-- [ RunTime:0.002990s ]
SQL: SHOW COLUMNS FROM `member` [ RunTime:0.0608s ]
SQL: SELECT * FROM `member` WHERE (  `member_name` = 'zxkj' AND `member_passwd` = '638829c3b9be36c862dd601bae8de183' ) LIMIT 1   [ RunTime:0.0124s ]

[ 2016-12-06T10:24:46+08:00 ] 127.0.0.1 /index.php/Home/Login/login
INFO: [ app_init ] --START--
INFO: Run Behavior\BuildLiteBehavior [ RunTime:0.000071s ]
INFO: [ app_init ] --END-- [ RunTime:0.001545s ]
INFO: [ app_begin ] --START--
INFO: Run Behavior\ReadHtmlCacheBehavior [ RunTime:0.004830s ]
INFO: [ app_begin ] --END-- [ RunTime:0.007293s ]
SQL: SHOW COLUMNS FROM `member` [ RunTime:0.0433s ]
SQL: SELECT * FROM `member` WHERE (  `member_name` = 'zxkj' AND `member_passwd` = '638829c3b9be36c862dd601bae8de183' ) LIMIT 1   [ RunTime:0.1048s ]
NOTIC: [8] Undefined variable: token E:\xiangmu\zq\zxzq\Application\Home\Controller\LoginController.class.php 第 53 行.
NOTIC: [8] Undefined variable: iip E:\xiangmu\zq\zxzq\Application\Home\Controller\LoginController.class.php 第 80 行.
INFO: [ view_parse ] --START--
INFO: [ template_filter ] --START--
INFO: Run Behavior\ContentReplaceBehavior [ RunTime:0.000247s ]
INFO: [ template_filter ] --END-- [ RunTime:0.000627s ]
INFO: Run Behavior\ParseTemplateBehavior [ RunTime:0.049011s ]
INFO: [ view_parse ] --END-- [ RunTime:0.049409s ]
INFO: [ view_filter ] --START--
INFO: Run Behavior\WriteHtmlCacheBehavior [ RunTime:0.002580s ]
INFO: [ view_filter ] --END-- [ RunTime:0.002912s ]
INFO: [ app_end ] --START--
INFO: Run Behavior\ShowPageTraceBehavior [ RunTime:0.004153s ]
INFO: [ app_end ] --END-- [ RunTime:0.004500s ]

[ 2016-12-06T10:24:49+08:00 ] 127.0.0.1 /index.php/Home/Index/index.html
INFO: [ app_init ] --START--
INFO: Run Behavior\BuildLiteBehavior [ RunTime:0.000075s ]
INFO: [ app_init ] --END-- [ RunTime:0.001822s ]
INFO: [ app_begin ] --START--
INFO: Run Behavior\ReadHtmlCacheBehavior [ RunTime:0.002652s ]
INFO: [ app_begin ] --END-- [ RunTime:0.003028s ]
SQL: SHOW COLUMNS FROM `member` [ RunTime:0.0357s ]
SQL: SELECT * FROM `member` WHERE `member_id` = 1 LIMIT 1   [ RunTime:0.0051s ]
SQL: SHOW COLUMNS FROM `zxzq_information` [ RunTime:0.0683s ]
SQL: SELECT * FROM `zxzq_information` WHERE `memberid` = 1 LIMIT 1   [ RunTime:0.0113s ]
SQL: SHOW COLUMNS FROM `zxzq_wallet` [ RunTime:0.0437s ]
SQL: SELECT * FROM `zxzq_wallet` WHERE `memberid` = 1 LIMIT 1   [ RunTime:0.0030s ]
SQL: SHOW COLUMNS FROM `zxzq_rate` [ RunTime:0.0353s ]
SQL: SELECT * FROM `zxzq_rate` ORDER BY id DESC LIMIT 1   [ RunTime:0.0594s ]
SQL: SHOW COLUMNS FROM `zxzq_variable` [ RunTime:0.0332s ]
SQL: SELECT * FROM `zxzq_variable` WHERE ( id=1 ) LIMIT 1   [ RunTime:0.0043s ]
INFO: [ view_parse ] --START--
INFO: [ template_filter ] --START--
INFO: Run Behavior\ContentReplaceBehavior [ RunTime:0.000731s ]
INFO: [ template_filter ] --END-- [ RunTime:0.001158s ]
NOTIC: [8] Undefined index: member_sn E:\xiangmu\zq\zxzq\Application\Runtime\Cache\Home\2a94b8bda04ff446dcedd42276fc99ee.php 第 311 行.
INFO: Run Behavior\ParseTemplateBehavior [ RunTime:0.119233s ]
INFO: [ view_parse ] --END-- [ RunTime:0.119586s ]
INFO: [ view_filter ] --START--
INFO: Run Behavior\WriteHtmlCacheBehavior [ RunTime:0.003635s ]
INFO: [ view_filter ] --END-- [ RunTime:0.004155s ]
INFO: [ app_end ] --START--
INFO: Run Behavior\ShowPageTraceBehavior [ RunTime:0.006593s ]
INFO: [ app_end ] --END-- [ RunTime:0.006979s ]

[ 2016-12-06T10:25:07+08:00 ] 127.0.0.1 /index.php/Home/Index/index
INFO: [ app_init ] --START--
INFO: Run Behavior\BuildLiteBehavior [ RunTime:0.000093s ]
INFO: [ app_init ] --END-- [ RunTime:0.002439s ]
INFO: [ app_begin ] --START--
INFO: Run Behavior\ReadHtmlCacheBehavior [ RunTime:0.004665s ]
INFO: [ app_begin ] --END-- [ RunTime:0.005064s ]
SQL: SHOW COLUMNS FROM `member` [ RunTime:0.0385s ]
SQL: SELECT * FROM `member` WHERE `member_id` = 1 LIMIT 1   [ RunTime:0.0046s ]
SQL: SHOW COLUMNS FROM `zxzq_information` [ RunTime:0.0309s ]
SQL: SELECT * FROM `zxzq_information` WHERE `memberid` = 1 LIMIT 1   [ RunTime:0.0012s ]
SQL: SHOW COLUMNS FROM `zxzq_wallet` [ RunTime:0.0309s ]
SQL: SELECT * FROM `zxzq_wallet` WHERE `memberid` = 1 LIMIT 1   [ RunTime:0.0013s ]
SQL: SHOW COLUMNS FROM `zxzq_rate` [ RunTime:0.0327s ]
SQL: SELECT * FROM `zxzq_rate` ORDER BY id DESC LIMIT 1   [ RunTime:0.0018s ]
SQL: SHOW COLUMNS FROM `zxzq_variable` [ RunTime:0.0266s ]
SQL: SELECT * FROM `zxzq_variable` WHERE ( id=1 ) LIMIT 1   [ RunTime:0.0018s ]
INFO: [ view_parse ] --START--
INFO: [ template_filter ] --START--
INFO: Run Behavior\ContentReplaceBehavior [ RunTime:0.001025s ]
INFO: [ template_filter ] --END-- [ RunTime:0.001583s ]
NOTIC: [8] Undefined index: member_sn E:\xiangmu\zq\zxzq\Application\Runtime\Cache\Home\2a94b8bda04ff446dcedd42276fc99ee.php 第 311 行.
INFO: Run Behavior\ParseTemplateBehavior [ RunTime:0.069161s ]
INFO: [ view_parse ] --END-- [ RunTime:0.069529s ]
INFO: [ view_filter ] --START--
INFO: Run Behavior\WriteHtmlCacheBehavior [ RunTime:0.002497s ]
INFO: [ view_filter ] --END-- [ RunTime:0.002918s ]
INFO: [ app_end ] --START--
INFO: Run Behavior\ShowPageTraceBehavior [ RunTime:0.004480s ]
INFO: [ app_end ] --END-- [ RunTime:0.005357s ]

[ 2016-12-06T10:25:11+08:00 ] 127.0.0.1 /index.php/Home/Index/userInfo
INFO: [ app_init ] --START--
INFO: Run Behavior\BuildLiteBehavior [ RunTime:0.000072s ]
INFO: [ app_init ] --END-- [ RunTime:0.001950s ]
INFO: [ app_begin ] --START--
INFO: Run Behavior\ReadHtmlCacheBehavior [ RunTime:0.002952s ]
INFO: [ app_begin ] --END-- [ RunTime:0.003353s ]
SQL: SHOW COLUMNS FROM `member` [ RunTime:0.0381s ]
SQL: SELECT * FROM `member` WHERE `member_id` = 1 LIMIT 1   [ RunTime:0.0105s ]
SQL: SHOW COLUMNS FROM `zxzq_information` [ RunTime:0.0411s ]
SQL: SELECT * FROM `zxzq_information` WHERE `memberid` = 1 LIMIT 1   [ RunTime:0.0046s ]
SQL: SHOW COLUMNS FROM `zxzq_wallet` [ RunTime:0.0340s ]
SQL: SELECT * FROM `zxzq_wallet` WHERE `memberid` = 1 LIMIT 1   [ RunTime:0.0029s ]
INFO: [ view_parse ] --START--
INFO: [ template_filter ] --START--
INFO: Run Behavior\ContentReplaceBehavior [ RunTime:0.000830s ]
INFO: [ template_filter ] --END-- [ RunTime:0.001200s ]
INFO: Run Behavior\ParseTemplateBehavior [ RunTime:0.104462s ]
INFO: [ view_parse ] --END-- [ RunTime:0.104979s ]
INFO: [ view_filter ] --START--
INFO: Run Behavior\WriteHtmlCacheBehavior [ RunTime:0.001438s ]
INFO: [ view_filter ] --END-- [ RunTime:0.001712s ]
INFO: [ app_end ] --START--
INFO: Run Behavior\ShowPageTraceBehavior [ RunTime:0.003055s ]
INFO: [ app_end ] --END-- [ RunTime:0.003745s ]

[ 2016-12-06T10:25:17+08:00 ] 127.0.0.1 /index.php/Home/Index/accountProfile
INFO: [ app_init ] --START--
INFO: Run Behavior\BuildLiteBehavior [ RunTime:0.000075s ]
INFO: [ app_init ] --END-- [ RunTime:0.002476s ]
INFO: [ app_begin ] --START--
INFO: Run Behavior\ReadHtmlCacheBehavior [ RunTime:0.002640s ]
INFO: [ app_begin ] --END-- [ RunTime:0.002936s ]
SQL: SHOW COLUMNS FROM `member` [ RunTime:0.0343s ]
SQL: SELECT * FROM `member` WHERE `member_name` = 'zxkj' LIMIT 1   [ RunTime:0.0043s ]
SQL: SHOW COLUMNS FROM `tb_bankinfo` [ RunTime:0.0286s ]
SQL: SELECT * FROM `tb_bankinfo`  [ RunTime:0.0024s ]
INFO: [ view_parse ] --START--
INFO: [ template_filter ] --START--
INFO: Run Behavior\ContentReplaceBehavior [ RunTime:0.000669s ]
INFO: [ template_filter ] --END-- [ RunTime:0.000913s ]
INFO: Run Behavior\ParseTemplateBehavior [ RunTime:0.087795s ]
INFO: [ view_parse ] --END-- [ RunTime:0.088115s ]
INFO: [ view_filter ] --START--
INFO: Run Behavior\WriteHtmlCacheBehavior [ RunTime:0.001343s ]
INFO: [ view_filter ] --END-- [ RunTime:0.001594s ]
INFO: [ app_end ] --START--
INFO: Run Behavior\ShowPageTraceBehavior [ RunTime:0.004050s ]
INFO: [ app_end ] --END-- [ RunTime:0.004446s ]

[ 2016-12-06T10:25:22+08:00 ] 127.0.0.1 /index.php/Home/Unit/recharge
INFO: [ app_init ] --START--
INFO: Run Behavior\BuildLiteBehavior [ RunTime:0.000135s ]
INFO: [ app_init ] --END-- [ RunTime:0.002491s ]
INFO: [ app_begin ] --START--
INFO: Run Behavior\ReadHtmlCacheBehavior [ RunTime:0.002461s ]
INFO: [ app_begin ] --END-- [ RunTime:0.002815s ]
SQL: SHOW COLUMNS FROM `member` [ RunTime:0.0435s ]
SQL: SELECT * FROM `member` WHERE `member_id` = 1 LIMIT 1   [ RunTime:0.0114s ]
SQL: SHOW COLUMNS FROM `zxzq_information` [ RunTime:0.0537s ]
SQL: SELECT * FROM `zxzq_information` WHERE `memberid` = 1 LIMIT 1   [ RunTime:0.0093s ]
SQL: SHOW COLUMNS FROM `zxzq_wallet` [ RunTime:0.0413s ]
SQL: SELECT * FROM `zxzq_wallet` WHERE `memberid` = 1 LIMIT 1   [ RunTime:0.0122s ]
INFO: [ view_parse ] --START--
INFO: [ template_filter ] --START--
INFO: Run Behavior\ContentReplaceBehavior [ RunTime:0.000930s ]
INFO: [ template_filter ] --END-- [ RunTime:0.001330s ]
INFO: Run Behavior\ParseTemplateBehavior [ RunTime:0.113876s ]
INFO: [ view_parse ] --END-- [ RunTime:0.114454s ]
INFO: [ view_filter ] --START--
INFO: Run Behavior\WriteHtmlCacheBehavior [ RunTime:0.002128s ]
INFO: [ view_filter ] --END-- [ RunTime:0.002815s ]
INFO: [ app_end ] --START--
INFO: Run Behavior\ShowPageTraceBehavior [ RunTime:0.003587s ]
INFO: [ app_end ] --END-- [ RunTime:0.004103s ]

[ 2016-12-06T10:25:28+08:00 ] 127.0.0.1 /index.php/Home/Unit/subScription
INFO: [ app_init ] --START--
INFO: Run Behavior\BuildLiteBehavior [ RunTime:0.000076s ]
INFO: [ app_init ] --END-- [ RunTime:0.002043s ]
INFO: [ app_begin ] --START--
INFO: Run Behavior\ReadHtmlCacheBehavior [ RunTime:0.002327s ]
INFO: [ app_begin ] --END-- [ RunTime:0.002640s ]
SQL: SHOW COLUMNS FROM `member` [ RunTime:0.0424s ]
SQL: SELECT * FROM `member` WHERE `member_id` = 1 LIMIT 1   [ RunTime:0.0043s ]
SQL: SHOW COLUMNS FROM `zxzq_information` [ RunTime:0.0303s ]
SQL: SELECT * FROM `zxzq_information` WHERE `memberid` = 1 LIMIT 1   [ RunTime:0.0019s ]
SQL: SHOW COLUMNS FROM `zxzq_wallet` [ RunTime:0.0246s ]
SQL: SELECT * FROM `zxzq_wallet` WHERE `memberid` = 1 LIMIT 1   [ RunTime:0.0030s ]
SQL: SHOW COLUMNS FROM `zxzq_variable` [ RunTime:0.0331s ]
SQL: SELECT * FROM `zxzq_variable` WHERE ( id=1 ) LIMIT 1   [ RunTime:0.0015s ]
SQL: SHOW COLUMNS FROM `zxzq_rate` [ RunTime:0.0304s ]
SQL: SELECT * FROM `zxzq_rate` ORDER BY id DESC LIMIT 1   [ RunTime:0.0015s ]
SQL: SHOW COLUMNS FROM `zxzq_goods` [ RunTime:0.0274s ]
SQL: SELECT * FROM `zxzq_goods` ORDER BY securities DESC  [ RunTime:0.0023s ]
NOTIC: [8] Undefined index: member_id E:\xiangmu\zq\zxzq\Application\Home\Controller\UnitController.class.php 第 35 行.
INFO: [ view_parse ] --START--
INFO: [ template_filter ] --START--
INFO: Run Behavior\ContentReplaceBehavior [ RunTime:0.000599s ]
INFO: [ template_filter ] --END-- [ RunTime:0.000846s ]
INFO: Run Behavior\ParseTemplateBehavior [ RunTime:0.085100s ]
INFO: [ view_parse ] --END-- [ RunTime:0.085488s ]
INFO: [ view_filter ] --START--
INFO: Run Behavior\WriteHtmlCacheBehavior [ RunTime:0.001343s ]
INFO: [ view_filter ] --END-- [ RunTime:0.001645s ]
INFO: [ app_end ] --START--
INFO: Run Behavior\ShowPageTraceBehavior [ RunTime:0.004627s ]
INFO: [ app_end ] --END-- [ RunTime:0.005040s ]

[ 2016-12-06T10:25:33+08:00 ] 127.0.0.1 /index.php/Home/Unit/extractWallet
INFO: [ app_init ] --START--
INFO: Run Behavior\BuildLiteBehavior [ RunTime:0.000078s ]
INFO: [ app_init ] --END-- [ RunTime:0.002258s ]
INFO: [ app_begin ] --START--
INFO: Run Behavior\ReadHtmlCacheBehavior [ RunTime:0.003266s ]
INFO: [ app_begin ] --END-- [ RunTime:0.003863s ]
SQL: SHOW COLUMNS FROM `member` [ RunTime:0.0512s ]
SQL: SELECT * FROM `member` WHERE `member_id` = 1 LIMIT 1   [ RunTime:0.0025s ]
SQL: SHOW COLUMNS FROM `zxzq_information` [ RunTime:0.0408s ]
SQL: SELECT * FROM `zxzq_information` WHERE `memberid` = 1 LIMIT 1   [ RunTime:0.0018s ]
SQL: SHOW COLUMNS FROM `zxzq_wallet` [ RunTime:0.0533s ]
SQL: SELECT * FROM `zxzq_wallet` WHERE `memberid` = 1 LIMIT 1   [ RunTime:0.0010s ]
SQL: SELECT * FROM `zxzq_information` WHERE `memberid` = 1 LIMIT 1   [ RunTime:0.0037s ]
SQL: SHOW COLUMNS FROM `zxzq_rate` [ RunTime:0.0312s ]
SQL: SELECT * FROM `zxzq_rate` ORDER BY id DESC LIMIT 1   [ RunTime:0.0010s ]
INFO: [ view_parse ] --START--
INFO: [ template_filter ] --START--
INFO: Run Behavior\ContentReplaceBehavior [ RunTime:0.000820s ]
INFO: [ template_filter ] --END-- [ RunTime:0.001235s ]
INFO: Run Behavior\ParseTemplateBehavior [ RunTime:0.090011s ]
INFO: [ view_parse ] --END-- [ RunTime:0.090521s ]
INFO: [ view_filter ] --START--
INFO: Run Behavior\WriteHtmlCacheBehavior [ RunTime:0.001283s ]
INFO: [ view_filter ] --END-- [ RunTime:0.001585s ]
INFO: [ app_end ] --START--
INFO: Run Behavior\ShowPageTraceBehavior [ RunTime:0.003213s ]
INFO: [ app_end ] --END-- [ RunTime:0.003614s ]

[ 2016-12-06T10:25:37+08:00 ] 127.0.0.1 /index.php/Home/Team/myTeam
INFO: [ app_init ] --START--
INFO: Run Behavior\BuildLiteBehavior [ RunTime:0.000085s ]
INFO: [ app_init ] --END-- [ RunTime:0.002174s ]
INFO: [ app_begin ] --START--
INFO: Run Behavior\ReadHtmlCacheBehavior [ RunTime:0.003370s ]
INFO: [ app_begin ] --END-- [ RunTime:0.006609s ]
SQL: SHOW COLUMNS FROM `member` [ RunTime:0.0423s ]
SQL: SELECT * FROM `member` WHERE `member_id` = 1 LIMIT 1   [ RunTime:0.0180s ]
SQL: SHOW COLUMNS FROM `zxzq_information` [ RunTime:0.0550s ]
SQL: SELECT * FROM `zxzq_information` WHERE `memberid` = 1 LIMIT 1   [ RunTime:0.0027s ]
SQL: SHOW COLUMNS FROM `zxzq_wallet` [ RunTime:0.0468s ]
SQL: SELECT * FROM `zxzq_wallet` WHERE `memberid` = 1 LIMIT 1   [ RunTime:0.0032s ]
SQL: SELECT * FROM `member` left join zxzq_information on member.member_id=zxzq_information.memberid  WHERE ( member.member_id=1 ) LIMIT 1   [ RunTime:0.0505s ]
SQL: SHOW COLUMNS FROM `zxzq_record` [ RunTime:0.0646s ]
SQL: SELECT SUM(securities) AS tp_SUM FROM `zxzq_record` WHERE ( memberid in(SELECT member_id from member  where  network_team like '%' and network_team !='') and status='1' and YEARWEEK(date_format(otime,'%Y-%m-%d')) = YEARWEEK(now()) ) LIMIT 1   [ RunTime:0.1167s ]
SQL: SHOW COLUMNS FROM `zxzq_drawcash_record` [ RunTime:0.1227s ]
SQL: SELECT SUM(securitiesnum) AS tp_SUM FROM `zxzq_drawcash_record` WHERE ( status='2' and memberid='1' and YEARWEEK(date_format(time,'%Y-%m-%d')) = YEARWEEK(now()) ) LIMIT 1   [ RunTime:0.0193s ]
SQL: SELECT SUM(securitiesnum) AS tp_SUM FROM `zxzq_drawcash_record` WHERE ( status='1' and memberid='1' and YEARWEEK(date_format(time,'%Y-%m-%d')) = YEARWEEK(now()) ) LIMIT 1   [ RunTime:0.0032s ]
NOTIC: [8] Undefined variable: team E:\xiangmu\zq\zxzq\Application\Home\Controller\TeamController.class.php 第 51 行.
NOTIC: [8] Undefined variable: show E:\xiangmu\zq\zxzq\Application\Home\Controller\TeamController.class.php 第 54 行.
INFO: [ view_parse ] --START--
INFO: [ template_filter ] --START--
INFO: Run Behavior\ContentReplaceBehavior [ RunTime:0.001235s ]
INFO: [ template_filter ] --END-- [ RunTime:0.001610s ]
INFO: Run Behavior\ParseTemplateBehavior [ RunTime:0.135587s ]
INFO: [ view_parse ] --END-- [ RunTime:0.135996s ]
INFO: [ view_filter ] --START--
INFO: Run Behavior\WriteHtmlCacheBehavior [ RunTime:0.001508s ]
INFO: [ view_filter ] --END-- [ RunTime:0.001902s ]
INFO: [ app_end ] --START--
INFO: Run Behavior\ShowPageTraceBehavior [ RunTime:0.003138s ]
INFO: [ app_end ] --END-- [ RunTime:0.003709s ]

[ 2016-12-06T10:25:43+08:00 ] 127.0.0.1 /index.php/Home/List/rechargeList
INFO: [ app_init ] --START--
INFO: Run Behavior\BuildLiteBehavior [ RunTime:0.000075s ]
INFO: [ app_init ] --END-- [ RunTime:0.001870s ]
INFO: [ app_begin ] --START--
INFO: Run Behavior\ReadHtmlCacheBehavior [ RunTime:0.002677s ]
INFO: [ app_begin ] --END-- [ RunTime:0.003052s ]
SQL: SHOW COLUMNS FROM `member` [ RunTime:0.0322s ]
SQL: SELECT * FROM `member` WHERE `member_id` = 1 LIMIT 1   [ RunTime:0.0024s ]
SQL: SHOW COLUMNS FROM `zxzq_information` [ RunTime:0.0261s ]
SQL: SELECT * FROM `zxzq_information` WHERE `memberid` = 1 LIMIT 1   [ RunTime:0.0010s ]
SQL: SHOW COLUMNS FROM `zxzq_wallet` [ RunTime:0.0315s ]
SQL: SELECT * FROM `zxzq_wallet` WHERE `memberid` = 1 LIMIT 1   [ RunTime:0.0010s ]
SQL: SHOW COLUMNS FROM `zxzq_wallet_record` [ RunTime:0.0447s ]
SQL: SELECT COUNT(*) AS tp_count FROM `zxzq_wallet_record` WHERE ( memberid=1 and paystatus='1' and (paytype='1' or paytype='2') ) LIMIT 1   [ RunTime:0.0030s ]
SQL: SELECT * FROM `zxzq_wallet_record` WHERE ( memberid=1 and paystatus='1' and (paytype='1' or paytype='2') ) ORDER BY paytime desc LIMIT 0,10   [ RunTime:0.0037s ]
INFO: [ view_parse ] --START--
INFO: [ template_filter ] --START--
INFO: Run Behavior\ContentReplaceBehavior [ RunTime:0.000566s ]
INFO: [ template_filter ] --END-- [ RunTime:0.000821s ]
INFO: Run Behavior\ParseTemplateBehavior [ RunTime:0.111887s ]
INFO: [ view_parse ] --END-- [ RunTime:0.112287s ]
INFO: [ view_filter ] --START--
INFO: Run Behavior\WriteHtmlCacheBehavior [ RunTime:0.001321s ]
INFO: [ view_filter ] --END-- [ RunTime:0.001821s ]
INFO: [ app_end ] --START--
INFO: Run Behavior\ShowPageTraceBehavior [ RunTime:0.003230s ]
INFO: [ app_end ] --END-- [ RunTime:0.003594s ]

[ 2016-12-06T10:25:46+08:00 ] 127.0.0.1 /index.php/Home/List/tradeList
INFO: [ app_init ] --START--
INFO: Run Behavior\BuildLiteBehavior [ RunTime:0.000077s ]
INFO: [ app_init ] --END-- [ RunTime:0.003281s ]
INFO: [ app_begin ] --START--
INFO: Run Behavior\ReadHtmlCacheBehavior [ RunTime:0.010898s ]
INFO: [ app_begin ] --END-- [ RunTime:0.011592s ]
SQL: SHOW COLUMNS FROM `member` [ RunTime:0.0527s ]
SQL: SELECT * FROM `member` WHERE `member_id` = 1 LIMIT 1   [ RunTime:0.0051s ]
SQL: SHOW COLUMNS FROM `zxzq_information` [ RunTime:0.0507s ]
SQL: SELECT * FROM `zxzq_information` WHERE `memberid` = 1 LIMIT 1   [ RunTime:0.0014s ]
SQL: SHOW COLUMNS FROM `zxzq_wallet` [ RunTime:0.0478s ]
SQL: SELECT * FROM `zxzq_wallet` WHERE `memberid` = 1 LIMIT 1   [ RunTime:0.0027s ]
SQL: SHOW COLUMNS FROM `zxzq_record` [ RunTime:0.0445s ]
SQL: SELECT COUNT(*) AS tp_count FROM `zxzq_record` WHERE ( memberid=1 ) LIMIT 1   [ RunTime:0.0025s ]
SQL: SELECT * FROM `zxzq_record` WHERE ( memberid=1 ) ORDER BY otime desc LIMIT 0,10   [ RunTime:0.0024s ]
INFO: [ view_parse ] --START--
INFO: [ template_filter ] --START--
INFO: Run Behavior\ContentReplaceBehavior [ RunTime:0.000694s ]
INFO: [ template_filter ] --END-- [ RunTime:0.001037s ]
INFO: Run Behavior\ParseTemplateBehavior [ RunTime:0.121450s ]
INFO: [ view_parse ] --END-- [ RunTime:0.122088s ]
INFO: [ view_filter ] --START--
INFO: Run Behavior\WriteHtmlCacheBehavior [ RunTime:0.002229s ]
INFO: [ view_filter ] --END-- [ RunTime:0.002907s ]
INFO: [ app_end ] --START--
INFO: Run Behavior\ShowPageTraceBehavior [ RunTime:0.004445s ]
INFO: [ app_end ] --END-- [ RunTime:0.004820s ]

[ 2016-12-06T10:25:56+08:00 ] 127.0.0.1 /index.php/Home/Index/index
INFO: [ app_init ] --START--
INFO: Run Behavior\BuildLiteBehavior [ RunTime:0.000076s ]
INFO: [ app_init ] --END-- [ RunTime:0.001894s ]
INFO: [ app_begin ] --START--
INFO: Run Behavior\ReadHtmlCacheBehavior [ RunTime:0.003076s ]
INFO: [ app_begin ] --END-- [ RunTime:0.003444s ]
SQL: SHOW COLUMNS FROM `member` [ RunTime:0.0483s ]
SQL: SELECT * FROM `member` WHERE `member_id` = 1 LIMIT 1   [ RunTime:0.0075s ]
SQL: SHOW COLUMNS FROM `zxzq_information` [ RunTime:0.0323s ]
SQL: SELECT * FROM `zxzq_information` WHERE `memberid` = 1 LIMIT 1   [ RunTime:0.0021s ]
SQL: SHOW COLUMNS FROM `zxzq_wallet` [ RunTime:0.0288s ]
SQL: SELECT * FROM `zxzq_wallet` WHERE `memberid` = 1 LIMIT 1   [ RunTime:0.0011s ]
SQL: SHOW COLUMNS FROM `zxzq_rate` [ RunTime:0.0330s ]
SQL: SELECT * FROM `zxzq_rate` ORDER BY id DESC LIMIT 1   [ RunTime:0.0010s ]
SQL: SHOW COLUMNS FROM `zxzq_variable` [ RunTime:0.0265s ]
SQL: SELECT * FROM `zxzq_variable` WHERE ( id=1 ) LIMIT 1   [ RunTime:0.0011s ]
INFO: [ view_parse ] --START--
INFO: [ template_filter ] --START--
INFO: Run Behavior\ContentReplaceBehavior [ RunTime:0.000588s ]
INFO: [ template_filter ] --END-- [ RunTime:0.000835s ]
NOTIC: [8] Undefined index: member_sn E:\xiangmu\zq\zxzq\Application\Runtime\Cache\Home\2a94b8bda04ff446dcedd42276fc99ee.php 第 311 行.
INFO: Run Behavior\ParseTemplateBehavior [ RunTime:0.065477s ]
INFO: [ view_parse ] --END-- [ RunTime:0.065722s ]
INFO: [ view_filter ] --START--
INFO: Run Behavior\WriteHtmlCacheBehavior [ RunTime:0.000914s ]
INFO: [ view_filter ] --END-- [ RunTime:0.001097s ]
INFO: [ app_end ] --START--
INFO: Run Behavior\ShowPageTraceBehavior [ RunTime:0.002386s ]
INFO: [ app_end ] --END-- [ RunTime:0.002776s ]

