[ 2016-04-10T09:36:26+08:00 ] 127.0.0.1 /index.php/Admin/Manager/checkVerify?code=v3pv
INFO: [ app_begin ] --START--
INFO: Run Behavior\ReadHtmlCacheBehavior [ RunTime:0.001683s ]
INFO: [ app_begin ] --END-- [ RunTime:0.002706s ]
INFO: [ app_end ] --START--
INFO: Run Behavior\ShowPageTraceBehavior [ RunTime:0.001587s ]
INFO: [ app_end ] --END-- [ RunTime:0.001761s ]

[ 2016-04-10T09:36:27+08:00 ] 127.0.0.1 /index.php/Admin/Index/index.html
INFO: [ view_parse ] --START--
INFO: [ template_filter ] --START--
INFO: Run Behavior\ContentReplaceBehavior [ RunTime:0.000090s ]
INFO: [ template_filter ] --END-- [ RunTime:0.000220s ]
INFO: Run Behavior\ParseTemplateBehavior [ RunTime:0.019551s ]
INFO: [ view_parse ] --END-- [ RunTime:0.020553s ]
INFO: [ view_filter ] --START--
INFO: Run Behavior\WriteHtmlCacheBehavior [ RunTime:0.001216s ]
INFO: [ view_filter ] --END-- [ RunTime:0.001371s ]
INFO: [ app_end ] --START--
INFO: Run Behavior\ShowPageTraceBehavior [ RunTime:0.001141s ]
INFO: [ app_end ] --END-- [ RunTime:0.001247s ]

[ 2016-04-10T09:36:27+08:00 ] 127.0.0.1 /index.php/Admin/Index/center.html
INFO: [ view_parse ] --START--
INFO: [ template_filter ] --START--
INFO: Run Behavior\ContentReplaceBehavior [ RunTime:0.000153s ]
INFO: [ template_filter ] --END-- [ RunTime:0.000387s ]
INFO: Run Behavior\ParseTemplateBehavior [ RunTime:0.023088s ]
INFO: [ view_parse ] --END-- [ RunTime:0.023990s ]
INFO: [ view_filter ] --START--
INFO: Run Behavior\WriteHtmlCacheBehavior [ RunTime:0.000805s ]
INFO: [ view_filter ] --END-- [ RunTime:0.000969s ]
INFO: [ app_end ] --START--
INFO: Run Behavior\ShowPageTraceBehavior [ RunTime:0.001488s ]
INFO: [ app_end ] --END-- [ RunTime:0.001650s ]

[ 2016-04-10T09:36:27+08:00 ] 127.0.0.1 /index.php/Admin/Index/top.html
INFO: [ view_parse ] --START--
INFO: [ template_filter ] --START--
INFO: Run Behavior\ContentReplaceBehavior [ RunTime:0.000174s ]
INFO: [ template_filter ] --END-- [ RunTime:0.000422s ]
INFO: Run Behavior\ParseTemplateBehavior [ RunTime:0.027556s ]
INFO: [ view_parse ] --END-- [ RunTime:0.028756s ]
INFO: [ view_filter ] --START--
INFO: Run Behavior\WriteHtmlCacheBehavior [ RunTime:0.001868s ]
INFO: [ view_filter ] --END-- [ RunTime:0.002100s ]
INFO: [ app_end ] --START--
INFO: Run Behavior\ShowPageTraceBehavior [ RunTime:0.002477s ]
INFO: [ app_end ] --END-- [ RunTime:0.002711s ]

[ 2016-04-10T09:36:27+08:00 ] 127.0.0.1 /index.php/Admin/Index/down.html
INFO: [ view_parse ] --START--
INFO: [ template_filter ] --START--
INFO: Run Behavior\ContentReplaceBehavior [ RunTime:0.000111s ]
INFO: [ template_filter ] --END-- [ RunTime:0.000276s ]
INFO: Run Behavior\ParseTemplateBehavior [ RunTime:0.038309s ]
INFO: [ view_parse ] --END-- [ RunTime:0.039660s ]
INFO: [ view_filter ] --START--
INFO: Run Behavior\WriteHtmlCacheBehavior [ RunTime:0.001028s ]
INFO: [ view_filter ] --END-- [ RunTime:0.001189s ]
INFO: [ app_end ] --START--
INFO: Run Behavior\ShowPageTraceBehavior [ RunTime:0.002403s ]
INFO: [ app_end ] --END-- [ RunTime:0.002582s ]

[ 2016-04-10T09:36:28+08:00 ] 127.0.0.1 /index.php/Admin/Index/left.html
SQL: SHOW COLUMNS FROM `sp_auth` [ RunTime:0.0088s ]
SQL: SELECT `auth_id`,`auth_name`,`auth_pid`,`auth_c`,`auth_a` FROM `sp_auth` WHERE `auth_level` = 0  [ RunTime:0.0008s ]
SQL: SELECT `auth_id`,`auth_name`,`auth_pid`,`auth_c`,`auth_a` FROM `sp_auth` WHERE `auth_level` = 1  [ RunTime:0.0007s ]
INFO: [ view_parse ] --START--
INFO: [ template_filter ] --START--
INFO: Run Behavior\ContentReplaceBehavior [ RunTime:0.000091s ]
INFO: [ template_filter ] --END-- [ RunTime:0.000223s ]
INFO: Run Behavior\ParseTemplateBehavior [ RunTime:0.033873s ]
INFO: [ view_parse ] --END-- [ RunTime:0.034050s ]
INFO: [ view_filter ] --START--
INFO: Run Behavior\WriteHtmlCacheBehavior [ RunTime:0.000567s ]
INFO: [ view_filter ] --END-- [ RunTime:0.000675s ]
INFO: [ app_end ] --START--
INFO: Run Behavior\ShowPageTraceBehavior [ RunTime:0.001092s ]
INFO: [ app_end ] --END-- [ RunTime:0.001214s ]

[ 2016-04-10T09:37:29+08:00 ] 127.0.0.1 /index.php/Admin/Attribute/getAttributeByTypeUpd?type_id=0&goods_id=18
INFO: [ app_begin ] --START--
INFO: Run Behavior\ReadHtmlCacheBehavior [ RunTime:0.001313s ]
INFO: [ app_begin ] --END-- [ RunTime:0.002104s ]
SQL: SHOW COLUMNS FROM `sp_manager` [ RunTime:0.0110s ]
SQL: SELECT r.role_auth_ac FROM sp_manager m left join sp_role r on m.role_id=r.role_id  WHERE m.mg_id = '502' LIMIT 1   [ RunTime:0.0005s ]
SQL: SHOW COLUMNS FROM `sp_goods` [ RunTime:0.0101s ]
SQL: SELECT * FROM `sp_goods` WHERE `goods_id` = 18 AND `type_id` = 0 LIMIT 1   [ RunTime:0.0008s ]
SQL: SHOW COLUMNS FROM `sp_goods_attr` [ RunTime:0.0170s ]
SQL: SELECT ga.goods_id,ga.attr_id,ga.attr_val,a.attr_name,a.attr_sel,a.attr_opt_vals FROM sp_goods_attr ga INNER JOIN sp_attribute a on ga.attr_id=a.attr_id  WHERE ga.goods_id = '18'  [ RunTime:0.0022s ]
INFO: [ app_end ] --START--
INFO: Run Behavior\ShowPageTraceBehavior [ RunTime:0.001538s ]
INFO: [ app_end ] --END-- [ RunTime:0.001714s ]

[ 2016-04-10T09:37:37+08:00 ] 127.0.0.1 /index.php/Admin/Attribute/getAttributeByTypeUpd?type_id=1&goods_id=18
INFO: [ app_begin ] --START--
INFO: Run Behavior\ReadHtmlCacheBehavior [ RunTime:0.001075s ]
INFO: [ app_begin ] --END-- [ RunTime:0.001788s ]
SQL: SHOW COLUMNS FROM `sp_manager` [ RunTime:0.0117s ]
SQL: SELECT r.role_auth_ac FROM sp_manager m left join sp_role r on m.role_id=r.role_id  WHERE m.mg_id = '502' LIMIT 1   [ RunTime:0.0005s ]
SQL: SHOW COLUMNS FROM `sp_goods` [ RunTime:0.0092s ]
SQL: SELECT * FROM `sp_goods` WHERE `goods_id` = 18 AND `type_id` = 1 LIMIT 1   [ RunTime:0.0008s ]
SQL: SHOW COLUMNS FROM `sp_attribute` [ RunTime:0.0080s ]
SQL: SELECT a.*,t.type_name FROM sp_attribute a INNER JOIN sp_type t on a.type_id=t.type_id  WHERE a.type_id = '1'  [ RunTime:0.0007s ]
INFO: [ app_end ] --START--
INFO: Run Behavior\ShowPageTraceBehavior [ RunTime:0.001346s ]
INFO: [ app_end ] --END-- [ RunTime:0.001479s ]

[ 2016-04-10T09:37:39+08:00 ] 127.0.0.1 /index.php/Admin/Attribute/getAttributeByTypeUpd?type_id=2&goods_id=18
INFO: [ app_begin ] --START--
INFO: Run Behavior\ReadHtmlCacheBehavior [ RunTime:0.001297s ]
INFO: [ app_begin ] --END-- [ RunTime:0.002316s ]
SQL: SHOW COLUMNS FROM `sp_manager` [ RunTime:0.0092s ]
SQL: SELECT r.role_auth_ac FROM sp_manager m left join sp_role r on m.role_id=r.role_id  WHERE m.mg_id = '502' LIMIT 1   [ RunTime:0.0003s ]
SQL: SHOW COLUMNS FROM `sp_goods` [ RunTime:0.0087s ]
SQL: SELECT * FROM `sp_goods` WHERE `goods_id` = 18 AND `type_id` = 2 LIMIT 1   [ RunTime:0.0006s ]
SQL: SHOW COLUMNS FROM `sp_attribute` [ RunTime:0.0074s ]
SQL: SELECT a.*,t.type_name FROM sp_attribute a INNER JOIN sp_type t on a.type_id=t.type_id  WHERE a.type_id = '2'  [ RunTime:0.0006s ]
INFO: [ app_end ] --START--
INFO: Run Behavior\ShowPageTraceBehavior [ RunTime:0.001151s ]
INFO: [ app_end ] --END-- [ RunTime:0.001255s ]

[ 2016-04-10T09:37:41+08:00 ] 127.0.0.1 /index.php/Admin/Attribute/getAttributeByTypeUpd?type_id=4&goods_id=18
INFO: [ app_begin ] --START--
INFO: Run Behavior\ReadHtmlCacheBehavior [ RunTime:0.000916s ]
INFO: [ app_begin ] --END-- [ RunTime:0.001658s ]
SQL: SHOW COLUMNS FROM `sp_manager` [ RunTime:0.0078s ]
SQL: SELECT r.role_auth_ac FROM sp_manager m left join sp_role r on m.role_id=r.role_id  WHERE m.mg_id = '502' LIMIT 1   [ RunTime:0.0003s ]
SQL: SHOW COLUMNS FROM `sp_goods` [ RunTime:0.0108s ]
SQL: SELECT * FROM `sp_goods` WHERE `goods_id` = 18 AND `type_id` = 4 LIMIT 1   [ RunTime:0.0007s ]
SQL: SHOW COLUMNS FROM `sp_attribute` [ RunTime:0.0100s ]
SQL: SELECT a.*,t.type_name FROM sp_attribute a INNER JOIN sp_type t on a.type_id=t.type_id  WHERE a.type_id = '4'  [ RunTime:0.0007s ]
INFO: [ app_end ] --START--
INFO: Run Behavior\ShowPageTraceBehavior [ RunTime:0.001137s ]
INFO: [ app_end ] --END-- [ RunTime:0.001241s ]

[ 2016-04-10T09:38:28+08:00 ] 127.0.0.1 /index.php/Admin/Attribute/getAttributeByTypeUpd?type_id=4&goods_id=18
INFO: [ app_begin ] --START--
INFO: Run Behavior\ReadHtmlCacheBehavior [ RunTime:0.001842s ]
INFO: [ app_begin ] --END-- [ RunTime:0.002922s ]
SQL: SHOW COLUMNS FROM `sp_manager` [ RunTime:0.0082s ]
SQL: SELECT r.role_auth_ac FROM sp_manager m left join sp_role r on m.role_id=r.role_id  WHERE m.mg_id = '502' LIMIT 1   [ RunTime:0.0003s ]
SQL: SHOW COLUMNS FROM `sp_goods` [ RunTime:0.0096s ]
SQL: SELECT * FROM `sp_goods` WHERE `goods_id` = 18 AND `type_id` = 4 LIMIT 1   [ RunTime:0.0011s ]
SQL: SHOW COLUMNS FROM `sp_goods_attr` [ RunTime:0.0094s ]
SQL: SELECT ga.goods_id,ga.attr_id,ga.attr_val,a.attr_name,a.attr_sel,a.attr_opt_vals FROM sp_goods_attr ga INNER JOIN sp_attribute a on ga.attr_id=a.attr_id  WHERE ga.goods_id = '18'  [ RunTime:0.0010s ]
INFO: [ app_end ] --START--
INFO: Run Behavior\ShowPageTraceBehavior [ RunTime:0.001668s ]
INFO: [ app_end ] --END-- [ RunTime:0.001826s ]

[ 2016-04-10T10:31:10+08:00 ] 127.0.0.1 /index.php/Admin/Attribute/getAttributeByTypeUpd?type_id=4&goods_id=18
INFO: [ app_begin ] --START--
INFO: Run Behavior\ReadHtmlCacheBehavior [ RunTime:0.001459s ]
INFO: [ app_begin ] --END-- [ RunTime:0.002330s ]
SQL: SHOW COLUMNS FROM `sp_manager` [ RunTime:0.0103s ]
SQL: SELECT r.role_auth_ac FROM sp_manager m left join sp_role r on m.role_id=r.role_id  WHERE m.mg_id = '502' LIMIT 1   [ RunTime:0.0005s ]
SQL: SHOW COLUMNS FROM `sp_goods` [ RunTime:0.0115s ]
SQL: SELECT * FROM `sp_goods` WHERE `goods_id` = 18 AND `type_id` = 4 LIMIT 1   [ RunTime:0.0010s ]
SQL: SHOW COLUMNS FROM `sp_goods_attr` [ RunTime:0.0113s ]
SQL: SELECT ga.goods_id,ga.attr_id,ga.attr_val,a.attr_name,a.attr_sel,a.attr_opt_vals FROM sp_goods_attr ga INNER JOIN sp_attribute a on ga.attr_id=a.attr_id  WHERE ga.goods_id = '18'  [ RunTime:0.0025s ]
INFO: [ app_end ] --START--
INFO: Run Behavior\ShowPageTraceBehavior [ RunTime:0.003833s ]
INFO: [ app_end ] --END-- [ RunTime:0.004075s ]

[ 2016-04-10T10:31:59+08:00 ] 127.0.0.1 /index.php/Admin/Attribute/getAttributeByTypeUpd?type_id=4&goods_id=18
INFO: [ app_begin ] --START--
INFO: Run Behavior\ReadHtmlCacheBehavior [ RunTime:0.002327s ]
INFO: [ app_begin ] --END-- [ RunTime:0.006990s ]
SQL: SHOW COLUMNS FROM `sp_manager` [ RunTime:0.0109s ]
SQL: SELECT r.role_auth_ac FROM sp_manager m left join sp_role r on m.role_id=r.role_id  WHERE m.mg_id = '502' LIMIT 1   [ RunTime:0.0004s ]
SQL: SHOW COLUMNS FROM `sp_goods` [ RunTime:0.0115s ]
SQL: SELECT * FROM `sp_goods` WHERE `goods_id` = 18 AND `type_id` = 4 LIMIT 1   [ RunTime:0.0011s ]
SQL: SHOW COLUMNS FROM `sp_goods_attr` [ RunTime:0.0099s ]
SQL: SELECT ga.goods_id,ga.attr_id,ga.attr_val,a.attr_name,a.attr_sel,a.attr_opt_vals FROM sp_goods_attr ga INNER JOIN sp_attribute a on ga.attr_id=a.attr_id  WHERE ga.goods_id = '18'  [ RunTime:0.0010s ]
INFO: [ app_end ] --START--
INFO: Run Behavior\ShowPageTraceBehavior [ RunTime:0.001405s ]
INFO: [ app_end ] --END-- [ RunTime:0.001514s ]

