[ 2016-04-01T09:17:51+08:00 ] 127.0.0.1 /index.php/Admin/Manager/checkVerify?code=k2b7
INFO: [ app_begin ] --START--
INFO: Run Behavior\ReadHtmlCacheBehavior [ RunTime:0.001800s ]
INFO: [ app_begin ] --END-- [ RunTime:0.003668s ]
INFO: [ app_end ] --START--
INFO: Run Behavior\ShowPageTraceBehavior [ RunTime:0.001403s ]
INFO: [ app_end ] --END-- [ RunTime:0.001560s ]

[ 2016-04-01T09:52:23+08:00 ] 127.0.0.1 /index.php/Admin/Manager/checkVerify?code=8xib
INFO: [ app_begin ] --START--
INFO: Run Behavior\ReadHtmlCacheBehavior [ RunTime:0.001410s ]
INFO: [ app_begin ] --END-- [ RunTime:0.002449s ]
INFO: [ app_end ] --START--
INFO: Run Behavior\ShowPageTraceBehavior [ RunTime:0.001565s ]
INFO: [ app_end ] --END-- [ RunTime:0.001799s ]

[ 2016-04-01T10:02:44+08:00 ] 127.0.0.1 /index.php/Admin/Manager/checkVerify?code=4xkx
INFO: [ app_begin ] --START--
INFO: Run Behavior\ReadHtmlCacheBehavior [ RunTime:0.000994s ]
INFO: [ app_begin ] --END-- [ RunTime:0.001709s ]
INFO: [ app_end ] --START--
INFO: Run Behavior\ShowPageTraceBehavior [ RunTime:0.001189s ]
INFO: [ app_end ] --END-- [ RunTime:0.001334s ]

[ 2016-04-01T10:02:49+08:00 ] 127.0.0.1 /index.php/Admin/Manager/checkVerify?code=axkx
INFO: [ app_begin ] --START--
INFO: Run Behavior\ReadHtmlCacheBehavior [ RunTime:0.001178s ]
INFO: [ app_begin ] --END-- [ RunTime:0.002128s ]
INFO: [ app_end ] --START--
INFO: Run Behavior\ShowPageTraceBehavior [ RunTime:0.001341s ]
INFO: [ app_end ] --END-- [ RunTime:0.001539s ]

[ 2016-04-01T10:17:52+08:00 ] 127.0.0.1 /index.php/Admin/Manager/checkVerify?code=cgmz
INFO: [ app_begin ] --START--
INFO: Run Behavior\ReadHtmlCacheBehavior [ RunTime:0.001311s ]
INFO: [ app_begin ] --END-- [ RunTime:0.002233s ]
INFO: [ app_end ] --START--
INFO: Run Behavior\ShowPageTraceBehavior [ RunTime:0.001115s ]
INFO: [ app_end ] --END-- [ RunTime:0.001243s ]

[ 2016-04-01T10:17:54+08:00 ] 127.0.0.1 /index.php/Admin/Index/left.html
ERR: SQLSTATE[42000]: Syntax error or access violation: 1064 You have an error in your SQL syntax; check the manual that corresponds to your MySQL server version for the right syntax to use near ') AND `auth_level` = 0' at line 1

[ 2016-04-01T10:18:01+08:00 ] 127.0.0.1 /index.php/Admin/Index/left
ERR: SQLSTATE[42000]: Syntax error or access violation: 1064 You have an error in your SQL syntax; check the manual that corresponds to your MySQL server version for the right syntax to use near ') AND `auth_level` = 0' at line 1

[ 2016-04-01T10:31:12+08:00 ] 127.0.0.1 /index.php/Admin/Index/index.html
INFO: [ view_parse ] --START--
INFO: [ template_filter ] --START--
INFO: Run Behavior\ContentReplaceBehavior [ RunTime:0.000132s ]
INFO: [ template_filter ] --END-- [ RunTime:0.000409s ]
INFO: Run Behavior\ParseTemplateBehavior [ RunTime:0.015750s ]
INFO: [ view_parse ] --END-- [ RunTime:0.016833s ]
INFO: [ view_filter ] --START--
INFO: Run Behavior\WriteHtmlCacheBehavior [ RunTime:0.000692s ]
INFO: [ view_filter ] --END-- [ RunTime:0.000798s ]
INFO: [ app_end ] --START--
INFO: Run Behavior\ShowPageTraceBehavior [ RunTime:0.001145s ]
INFO: [ app_end ] --END-- [ RunTime:0.001256s ]

[ 2016-04-01T10:31:12+08:00 ] 127.0.0.1 /index.php/Admin/Index/top.html
INFO: [ view_parse ] --START--
INFO: [ template_filter ] --START--
INFO: Run Behavior\ContentReplaceBehavior [ RunTime:0.000155s ]
INFO: [ template_filter ] --END-- [ RunTime:0.000365s ]
INFO: Run Behavior\ParseTemplateBehavior [ RunTime:0.026767s ]
INFO: [ view_parse ] --END-- [ RunTime:0.027947s ]
INFO: [ view_filter ] --START--
INFO: Run Behavior\WriteHtmlCacheBehavior [ RunTime:0.000922s ]
INFO: [ view_filter ] --END-- [ RunTime:0.001108s ]
INFO: [ app_end ] --START--
INFO: Run Behavior\ShowPageTraceBehavior [ RunTime:0.001794s ]
INFO: [ app_end ] --END-- [ RunTime:0.001966s ]

[ 2016-04-01T10:31:12+08:00 ] 127.0.0.1 /index.php/Admin/Index/down.html
INFO: [ view_parse ] --START--
INFO: [ template_filter ] --START--
INFO: Run Behavior\ContentReplaceBehavior [ RunTime:0.000112s ]
INFO: [ template_filter ] --END-- [ RunTime:0.000295s ]
INFO: Run Behavior\ParseTemplateBehavior [ RunTime:0.017000s ]
INFO: [ view_parse ] --END-- [ RunTime:0.018299s ]
INFO: [ view_filter ] --START--
INFO: Run Behavior\WriteHtmlCacheBehavior [ RunTime:0.000995s ]
INFO: [ view_filter ] --END-- [ RunTime:0.001157s ]
INFO: [ app_end ] --START--
INFO: Run Behavior\ShowPageTraceBehavior [ RunTime:0.001545s ]
INFO: [ app_end ] --END-- [ RunTime:0.001710s ]

[ 2016-04-01T10:31:12+08:00 ] 127.0.0.1 /index.php/Admin/Index/center.html
INFO: [ view_parse ] --START--
INFO: [ template_filter ] --START--
INFO: Run Behavior\ContentReplaceBehavior [ RunTime:0.000150s ]
INFO: [ template_filter ] --END-- [ RunTime:0.000463s ]
INFO: Run Behavior\ParseTemplateBehavior [ RunTime:0.023392s ]
INFO: [ view_parse ] --END-- [ RunTime:0.024522s ]
INFO: [ view_filter ] --START--
INFO: Run Behavior\WriteHtmlCacheBehavior [ RunTime:0.000695s ]
INFO: [ view_filter ] --END-- [ RunTime:0.000825s ]
INFO: [ app_end ] --START--
INFO: Run Behavior\ShowPageTraceBehavior [ RunTime:0.001058s ]
INFO: [ app_end ] --END-- [ RunTime:0.001181s ]

[ 2016-04-01T10:31:12+08:00 ] 127.0.0.1 /index.php/Admin/Index/left.html
SQL: SHOW COLUMNS FROM `sp_auth` [ RunTime:0.0129s ]
SQL: SELECT `auth_id`,`auth_name`,`auth_pid` FROM `sp_auth` WHERE `auth_level` = 0  [ RunTime:0.0005s ]
SQL: SELECT `auth_id`,`auth_name`,`auth_pid` FROM `sp_auth` WHERE `auth_level` = 1  [ RunTime:0.0004s ]
INFO: [ view_parse ] --START--
INFO: [ template_filter ] --START--
INFO: Run Behavior\ContentReplaceBehavior [ RunTime:0.000109s ]
INFO: [ template_filter ] --END-- [ RunTime:0.000259s ]
INFO: Run Behavior\ParseTemplateBehavior [ RunTime:0.024584s ]
INFO: [ view_parse ] --END-- [ RunTime:0.024786s ]
INFO: [ view_filter ] --START--
INFO: Run Behavior\WriteHtmlCacheBehavior [ RunTime:0.000888s ]
INFO: [ view_filter ] --END-- [ RunTime:0.001050s ]
INFO: [ app_end ] --START--
INFO: Run Behavior\ShowPageTraceBehavior [ RunTime:0.001459s ]
INFO: [ app_end ] --END-- [ RunTime:0.001639s ]

[ 2016-04-01T10:33:55+08:00 ] 127.0.0.1 /index.php/Admin/Index/index.html
INFO: [ view_parse ] --START--
INFO: [ template_filter ] --START--
INFO: Run Behavior\ContentReplaceBehavior [ RunTime:0.000081s ]
INFO: [ template_filter ] --END-- [ RunTime:0.000213s ]
INFO: Run Behavior\ParseTemplateBehavior [ RunTime:0.011199s ]
INFO: [ view_parse ] --END-- [ RunTime:0.012097s ]
INFO: [ view_filter ] --START--
INFO: Run Behavior\WriteHtmlCacheBehavior [ RunTime:0.000535s ]
INFO: [ view_filter ] --END-- [ RunTime:0.000649s ]
INFO: [ app_end ] --START--
INFO: Run Behavior\ShowPageTraceBehavior [ RunTime:0.001598s ]
INFO: [ app_end ] --END-- [ RunTime:0.001833s ]

[ 2016-04-01T10:33:55+08:00 ] 127.0.0.1 /index.php/Admin/Index/top.html
INFO: [ view_parse ] --START--
INFO: [ template_filter ] --START--
INFO: Run Behavior\ContentReplaceBehavior [ RunTime:0.000107s ]
INFO: [ template_filter ] --END-- [ RunTime:0.000244s ]
INFO: Run Behavior\ParseTemplateBehavior [ RunTime:0.023956s ]
INFO: [ view_parse ] --END-- [ RunTime:0.025081s ]
INFO: [ view_filter ] --START--
INFO: Run Behavior\WriteHtmlCacheBehavior [ RunTime:0.000688s ]
INFO: [ view_filter ] --END-- [ RunTime:0.000845s ]
INFO: [ app_end ] --START--
INFO: Run Behavior\ShowPageTraceBehavior [ RunTime:0.001347s ]
INFO: [ app_end ] --END-- [ RunTime:0.001513s ]

[ 2016-04-01T10:33:55+08:00 ] 127.0.0.1 /index.php/Admin/Index/down.html
INFO: [ view_parse ] --START--
INFO: [ template_filter ] --START--
INFO: Run Behavior\ContentReplaceBehavior [ RunTime:0.000113s ]
INFO: [ template_filter ] --END-- [ RunTime:0.000303s ]
INFO: Run Behavior\ParseTemplateBehavior [ RunTime:0.017454s ]
INFO: [ view_parse ] --END-- [ RunTime:0.018709s ]
INFO: [ view_filter ] --START--
INFO: Run Behavior\WriteHtmlCacheBehavior [ RunTime:0.001734s ]
INFO: [ view_filter ] --END-- [ RunTime:0.001937s ]
INFO: [ app_end ] --START--
INFO: Run Behavior\ShowPageTraceBehavior [ RunTime:0.001637s ]
INFO: [ app_end ] --END-- [ RunTime:0.001816s ]

[ 2016-04-01T10:33:55+08:00 ] 127.0.0.1 /index.php/Admin/Index/center.html
INFO: [ view_parse ] --START--
INFO: [ template_filter ] --START--
INFO: Run Behavior\ContentReplaceBehavior [ RunTime:0.000081s ]
INFO: [ template_filter ] --END-- [ RunTime:0.000243s ]
INFO: Run Behavior\ParseTemplateBehavior [ RunTime:0.017243s ]
INFO: [ view_parse ] --END-- [ RunTime:0.018384s ]
INFO: [ view_filter ] --START--
INFO: Run Behavior\WriteHtmlCacheBehavior [ RunTime:0.000823s ]
INFO: [ view_filter ] --END-- [ RunTime:0.000946s ]
INFO: [ app_end ] --START--
INFO: Run Behavior\ShowPageTraceBehavior [ RunTime:0.001096s ]
INFO: [ app_end ] --END-- [ RunTime:0.001200s ]

[ 2016-04-01T10:33:55+08:00 ] 127.0.0.1 /index.php/Admin/Index/left.html
SQL: SHOW COLUMNS FROM `sp_auth` [ RunTime:0.0144s ]
SQL: SELECT `auth_id`,`auth_name`,`auth_pid`,`auth_c`,`auth_a` FROM `sp_auth` WHERE `auth_level` = 0  [ RunTime:0.0008s ]
SQL: SELECT `auth_id`,`auth_name`,`auth_pid`,`auth_c`,`auth_a` FROM `sp_auth` WHERE `auth_level` = 1  [ RunTime:0.0010s ]
INFO: [ view_parse ] --START--
INFO: [ template_filter ] --START--
INFO: Run Behavior\ContentReplaceBehavior [ RunTime:0.000154s ]
INFO: [ template_filter ] --END-- [ RunTime:0.000395s ]

[ 2016-04-01T10:34:01+08:00 ] 127.0.0.1 /index.php/Admin/Index/left
SQL: SHOW COLUMNS FROM `sp_auth` [ RunTime:0.0091s ]
SQL: SELECT `auth_id`,`auth_name`,`auth_pid`,`auth_c`,`auth_a` FROM `sp_auth` WHERE `auth_level` = 0  [ RunTime:0.0007s ]
SQL: SELECT `auth_id`,`auth_name`,`auth_pid`,`auth_c`,`auth_a` FROM `sp_auth` WHERE `auth_level` = 1  [ RunTime:0.0003s ]
INFO: [ view_parse ] --START--
INFO: [ template_filter ] --START--
INFO: Run Behavior\ContentReplaceBehavior [ RunTime:0.000112s ]
INFO: [ template_filter ] --END-- [ RunTime:0.000284s ]

[ 2016-04-01T10:34:52+08:00 ] 127.0.0.1 /index.php/Admin/Index/left
SQL: SHOW COLUMNS FROM `sp_auth` [ RunTime:0.0092s ]
SQL: SELECT `auth_id`,`auth_name`,`auth_pid`,`auth_c`,`auth_a` FROM `sp_auth` WHERE `auth_level` = 0  [ RunTime:0.0004s ]
SQL: SELECT `auth_id`,`auth_name`,`auth_pid`,`auth_c`,`auth_a` FROM `sp_auth` WHERE `auth_level` = 1  [ RunTime:0.0003s ]
INFO: [ view_parse ] --START--
INFO: [ template_filter ] --START--
INFO: Run Behavior\ContentReplaceBehavior [ RunTime:0.000096s ]
INFO: [ template_filter ] --END-- [ RunTime:0.000218s ]
INFO: Run Behavior\ParseTemplateBehavior [ RunTime:0.019912s ]
INFO: [ view_parse ] --END-- [ RunTime:0.020116s ]
INFO: [ view_filter ] --START--
INFO: Run Behavior\WriteHtmlCacheBehavior [ RunTime:0.000808s ]
INFO: [ view_filter ] --END-- [ RunTime:0.000966s ]
INFO: [ app_end ] --START--
INFO: Run Behavior\ShowPageTraceBehavior [ RunTime:0.001393s ]
INFO: [ app_end ] --END-- [ RunTime:0.001551s ]

[ 2016-04-01T10:35:03+08:00 ] 127.0.0.1 /index.php/Admin/Index/index.html
INFO: [ view_parse ] --START--
INFO: [ template_filter ] --START--
INFO: Run Behavior\ContentReplaceBehavior [ RunTime:0.000076s ]
INFO: [ template_filter ] --END-- [ RunTime:0.000199s ]
INFO: Run Behavior\ParseTemplateBehavior [ RunTime:0.012503s ]
INFO: [ view_parse ] --END-- [ RunTime:0.013640s ]
INFO: [ view_filter ] --START--
INFO: Run Behavior\WriteHtmlCacheBehavior [ RunTime:0.000817s ]
INFO: [ view_filter ] --END-- [ RunTime:0.000923s ]
INFO: [ app_end ] --START--
INFO: Run Behavior\ShowPageTraceBehavior [ RunTime:0.001098s ]
INFO: [ app_end ] --END-- [ RunTime:0.001199s ]

[ 2016-04-01T10:35:03+08:00 ] 127.0.0.1 /index.php/Admin/Index/top.html
INFO: [ view_parse ] --START--
INFO: [ template_filter ] --START--
INFO: Run Behavior\ContentReplaceBehavior [ RunTime:0.000167s ]
INFO: [ template_filter ] --END-- [ RunTime:0.000351s ]
INFO: Run Behavior\ParseTemplateBehavior [ RunTime:0.035445s ]
INFO: [ view_parse ] --END-- [ RunTime:0.036719s ]
INFO: [ view_filter ] --START--
INFO: Run Behavior\WriteHtmlCacheBehavior [ RunTime:0.000930s ]
INFO: [ view_filter ] --END-- [ RunTime:0.001091s ]
INFO: [ app_end ] --START--
INFO: Run Behavior\ShowPageTraceBehavior [ RunTime:0.001808s ]
INFO: [ app_end ] --END-- [ RunTime:0.001986s ]

[ 2016-04-01T10:35:03+08:00 ] 127.0.0.1 /index.php/Admin/Index/center.html
INFO: [ view_parse ] --START--
INFO: [ template_filter ] --START--
INFO: Run Behavior\ContentReplaceBehavior [ RunTime:0.000110s ]
INFO: [ template_filter ] --END-- [ RunTime:0.000307s ]
INFO: Run Behavior\ParseTemplateBehavior [ RunTime:0.014605s ]
INFO: [ view_parse ] --END-- [ RunTime:0.016029s ]
INFO: [ view_filter ] --START--
INFO: Run Behavior\WriteHtmlCacheBehavior [ RunTime:0.000974s ]
INFO: [ view_filter ] --END-- [ RunTime:0.001131s ]
INFO: [ app_end ] --START--
INFO: Run Behavior\ShowPageTraceBehavior [ RunTime:0.001620s ]
INFO: [ app_end ] --END-- [ RunTime:0.001792s ]

[ 2016-04-01T10:35:03+08:00 ] 127.0.0.1 /index.php/Admin/Index/down.html
INFO: [ view_parse ] --START--
INFO: [ template_filter ] --START--
INFO: Run Behavior\ContentReplaceBehavior [ RunTime:0.000122s ]
INFO: [ template_filter ] --END-- [ RunTime:0.000307s ]
INFO: Run Behavior\ParseTemplateBehavior [ RunTime:0.014919s ]
INFO: [ view_parse ] --END-- [ RunTime:0.016009s ]
INFO: [ view_filter ] --START--
INFO: Run Behavior\WriteHtmlCacheBehavior [ RunTime:0.001474s ]
INFO: [ view_filter ] --END-- [ RunTime:0.001658s ]
INFO: [ app_end ] --START--
INFO: Run Behavior\ShowPageTraceBehavior [ RunTime:0.001945s ]
INFO: [ app_end ] --END-- [ RunTime:0.002134s ]

[ 2016-04-01T10:35:03+08:00 ] 127.0.0.1 /index.php/Admin/Index/left.html
SQL: SHOW COLUMNS FROM `sp_auth` [ RunTime:0.0090s ]
SQL: SELECT `auth_id`,`auth_name`,`auth_pid`,`auth_c`,`auth_a` FROM `sp_auth` WHERE `auth_level` = 0  [ RunTime:0.0003s ]
SQL: SELECT `auth_id`,`auth_name`,`auth_pid`,`auth_c`,`auth_a` FROM `sp_auth` WHERE `auth_level` = 1  [ RunTime:0.0003s ]
INFO: [ view_parse ] --START--
INFO: [ template_filter ] --START--
INFO: Run Behavior\ContentReplaceBehavior [ RunTime:0.000091s ]
INFO: [ template_filter ] --END-- [ RunTime:0.000245s ]
INFO: Run Behavior\ParseTemplateBehavior [ RunTime:0.020959s ]
INFO: [ view_parse ] --END-- [ RunTime:0.021195s ]
INFO: [ view_filter ] --START--
INFO: Run Behavior\WriteHtmlCacheBehavior [ RunTime:0.000543s ]
INFO: [ view_filter ] --END-- [ RunTime:0.000658s ]
INFO: [ app_end ] --START--
INFO: Run Behavior\ShowPageTraceBehavior [ RunTime:0.001024s ]
INFO: [ app_end ] --END-- [ RunTime:0.001167s ]

[ 2016-04-01T10:41:34+08:00 ] 127.0.0.1 /index.php/Admin/Index/index.html
INFO: [ view_parse ] --START--
INFO: [ template_filter ] --START--
INFO: Run Behavior\ContentReplaceBehavior [ RunTime:0.000186s ]
INFO: [ template_filter ] --END-- [ RunTime:0.000335s ]
INFO: Run Behavior\ParseTemplateBehavior [ RunTime:0.010909s ]
INFO: [ view_parse ] --END-- [ RunTime:0.012510s ]
INFO: [ view_filter ] --START--
INFO: Run Behavior\WriteHtmlCacheBehavior [ RunTime:0.000922s ]
INFO: [ view_filter ] --END-- [ RunTime:0.001054s ]
INFO: [ app_end ] --START--
INFO: Run Behavior\ShowPageTraceBehavior [ RunTime:0.001340s ]
INFO: [ app_end ] --END-- [ RunTime:0.001480s ]

[ 2016-04-01T10:41:34+08:00 ] 127.0.0.1 /index.php/Admin/Index/top.html
INFO: [ view_parse ] --START--
INFO: [ template_filter ] --START--
INFO: Run Behavior\ContentReplaceBehavior [ RunTime:0.000178s ]
INFO: [ template_filter ] --END-- [ RunTime:0.000365s ]
INFO: Run Behavior\ParseTemplateBehavior [ RunTime:0.020243s ]
INFO: [ view_parse ] --END-- [ RunTime:0.021266s ]
INFO: [ view_filter ] --START--
INFO: Run Behavior\WriteHtmlCacheBehavior [ RunTime:0.000852s ]
INFO: [ view_filter ] --END-- [ RunTime:0.001005s ]
INFO: [ app_end ] --START--
INFO: Run Behavior\ShowPageTraceBehavior [ RunTime:0.001080s ]
INFO: [ app_end ] --END-- [ RunTime:0.001209s ]

[ 2016-04-01T10:41:34+08:00 ] 127.0.0.1 /index.php/Admin/Index/down.html
INFO: [ view_parse ] --START--
INFO: [ template_filter ] --START--
INFO: Run Behavior\ContentReplaceBehavior [ RunTime:0.000244s ]
INFO: [ template_filter ] --END-- [ RunTime:0.000557s ]
INFO: Run Behavior\ParseTemplateBehavior [ RunTime:0.020726s ]
INFO: [ view_parse ] --END-- [ RunTime:0.021875s ]
INFO: [ view_filter ] --START--
INFO: Run Behavior\WriteHtmlCacheBehavior [ RunTime:0.000894s ]
INFO: [ view_filter ] --END-- [ RunTime:0.001043s ]
INFO: [ app_end ] --START--
INFO: Run Behavior\ShowPageTraceBehavior [ RunTime:0.004792s ]
INFO: [ app_end ] --END-- [ RunTime:0.004970s ]

[ 2016-04-01T10:41:34+08:00 ] 127.0.0.1 /index.php/Admin/Index/center.html
INFO: [ view_parse ] --START--
INFO: [ template_filter ] --START--
INFO: Run Behavior\ContentReplaceBehavior [ RunTime:0.000081s ]
INFO: [ template_filter ] --END-- [ RunTime:0.000232s ]
INFO: Run Behavior\ParseTemplateBehavior [ RunTime:0.017734s ]
INFO: [ view_parse ] --END-- [ RunTime:0.019021s ]
INFO: [ view_filter ] --START--
INFO: Run Behavior\WriteHtmlCacheBehavior [ RunTime:0.001104s ]
INFO: [ view_filter ] --END-- [ RunTime:0.001274s ]
INFO: [ app_end ] --START--
INFO: Run Behavior\ShowPageTraceBehavior [ RunTime:0.001661s ]
INFO: [ app_end ] --END-- [ RunTime:0.001849s ]

[ 2016-04-01T10:41:34+08:00 ] 127.0.0.1 /index.php/Admin/Index/left.html
SQL: SHOW COLUMNS FROM `sp_auth` [ RunTime:0.0115s ]
SQL: SELECT `auth_id`,`auth_name`,`auth_pid`,`auth_c`,`auth_a` FROM `sp_auth` WHERE `auth_level` = 0  [ RunTime:0.0005s ]
SQL: SELECT `auth_id`,`auth_name`,`auth_pid`,`auth_c`,`auth_a` FROM `sp_auth` WHERE `auth_level` = 1  [ RunTime:0.0009s ]
INFO: [ view_parse ] --START--
INFO: [ template_filter ] --START--
INFO: Run Behavior\ContentReplaceBehavior [ RunTime:0.000135s ]
INFO: [ template_filter ] --END-- [ RunTime:0.000294s ]
INFO: Run Behavior\ParseTemplateBehavior [ RunTime:0.021838s ]
INFO: [ view_parse ] --END-- [ RunTime:0.022041s ]
INFO: [ view_filter ] --START--
INFO: Run Behavior\WriteHtmlCacheBehavior [ RunTime:0.000818s ]
INFO: [ view_filter ] --END-- [ RunTime:0.000985s ]
INFO: [ app_end ] --START--
INFO: Run Behavior\ShowPageTraceBehavior [ RunTime:0.001560s ]
INFO: [ app_end ] --END-- [ RunTime:0.001743s ]

[ 2016-04-01T10:44:20+08:00 ] 127.0.0.1 /index.php/Admin/Role/distribute/role_id/30.html
ERR: 模板不存在:E:/web/php43/shop/Admin/View/Role/distribute.html

[ 2016-04-01T14:32:59+08:00 ] 127.0.0.1 /index.php/Admin/Manager/checkVerify?code=bnkq
INFO: [ app_begin ] --START--
INFO: Run Behavior\ReadHtmlCacheBehavior [ RunTime:0.001202s ]
INFO: [ app_begin ] --END-- [ RunTime:0.002256s ]
INFO: [ app_end ] --START--
INFO: Run Behavior\ShowPageTraceBehavior [ RunTime:0.001209s ]
INFO: [ app_end ] --END-- [ RunTime:0.001339s ]

[ 2016-04-01T14:33:00+08:00 ] 127.0.0.1 /index.php/Admin/Index/index.html
INFO: [ view_parse ] --START--
INFO: [ template_filter ] --START--
INFO: Run Behavior\ContentReplaceBehavior [ RunTime:0.000080s ]
INFO: [ template_filter ] --END-- [ RunTime:0.000214s ]
INFO: Run Behavior\ParseTemplateBehavior [ RunTime:0.016403s ]
INFO: [ view_parse ] --END-- [ RunTime:0.017664s ]
INFO: [ view_filter ] --START--
INFO: Run Behavior\WriteHtmlCacheBehavior [ RunTime:0.001109s ]
INFO: [ view_filter ] --END-- [ RunTime:0.001249s ]
INFO: [ app_end ] --START--
INFO: Run Behavior\ShowPageTraceBehavior [ RunTime:0.003342s ]
INFO: [ app_end ] --END-- [ RunTime:0.003526s ]

[ 2016-04-01T14:33:00+08:00 ] 127.0.0.1 /index.php/Admin/Index/top.html
INFO: [ view_parse ] --START--
INFO: [ template_filter ] --START--
INFO: Run Behavior\ContentReplaceBehavior [ RunTime:0.000296s ]
INFO: [ template_filter ] --END-- [ RunTime:0.000660s ]
INFO: Run Behavior\ParseTemplateBehavior [ RunTime:0.017403s ]
INFO: [ view_parse ] --END-- [ RunTime:0.018371s ]
INFO: [ view_filter ] --START--
INFO: Run Behavior\WriteHtmlCacheBehavior [ RunTime:0.001008s ]
INFO: [ view_filter ] --END-- [ RunTime:0.001152s ]
INFO: [ app_end ] --START--
INFO: Run Behavior\ShowPageTraceBehavior [ RunTime:0.001065s ]
INFO: [ app_end ] --END-- [ RunTime:0.001181s ]

[ 2016-04-01T14:33:00+08:00 ] 127.0.0.1 /index.php/Admin/Index/down.html
INFO: [ view_parse ] --START--
INFO: [ template_filter ] --START--
INFO: Run Behavior\ContentReplaceBehavior [ RunTime:0.000112s ]
INFO: [ template_filter ] --END-- [ RunTime:0.000327s ]
INFO: Run Behavior\ParseTemplateBehavior [ RunTime:0.019263s ]
INFO: [ view_parse ] --END-- [ RunTime:0.020395s ]
INFO: [ view_filter ] --START--
INFO: Run Behavior\WriteHtmlCacheBehavior [ RunTime:0.001385s ]
INFO: [ view_filter ] --END-- [ RunTime:0.001672s ]
INFO: [ app_end ] --START--
INFO: Run Behavior\ShowPageTraceBehavior [ RunTime:0.002278s ]
INFO: [ app_end ] --END-- [ RunTime:0.002453s ]

[ 2016-04-01T14:33:00+08:00 ] 127.0.0.1 /index.php/Admin/Index/center.html
INFO: [ view_parse ] --START--
INFO: [ template_filter ] --START--
INFO: Run Behavior\ContentReplaceBehavior [ RunTime:0.000093s ]
INFO: [ template_filter ] --END-- [ RunTime:0.000244s ]
INFO: Run Behavior\ParseTemplateBehavior [ RunTime:0.022000s ]
INFO: [ view_parse ] --END-- [ RunTime:0.023320s ]
INFO: [ view_filter ] --START--
INFO: Run Behavior\WriteHtmlCacheBehavior [ RunTime:0.000809s ]
INFO: [ view_filter ] --END-- [ RunTime:0.000924s ]
INFO: [ app_end ] --START--
INFO: Run Behavior\ShowPageTraceBehavior [ RunTime:0.001666s ]
INFO: [ app_end ] --END-- [ RunTime:0.001859s ]

[ 2016-04-01T14:33:00+08:00 ] 127.0.0.1 /index.php/Admin/Index/left.html
SQL: SHOW COLUMNS FROM `sp_auth` [ RunTime:0.0121s ]
SQL: SELECT `auth_id`,`auth_name`,`auth_pid`,`auth_c`,`auth_a` FROM `sp_auth` WHERE `auth_level` = 0  [ RunTime:0.0007s ]
SQL: SELECT `auth_id`,`auth_name`,`auth_pid`,`auth_c`,`auth_a` FROM `sp_auth` WHERE `auth_level` = 1  [ RunTime:0.0016s ]
INFO: [ view_parse ] --START--
INFO: [ template_filter ] --START--
INFO: Run Behavior\ContentReplaceBehavior [ RunTime:0.000111s ]
INFO: [ template_filter ] --END-- [ RunTime:0.000263s ]
INFO: Run Behavior\ParseTemplateBehavior [ RunTime:0.020228s ]
INFO: [ view_parse ] --END-- [ RunTime:0.020641s ]
INFO: [ view_filter ] --START--
INFO: Run Behavior\WriteHtmlCacheBehavior [ RunTime:0.001668s ]
INFO: [ view_filter ] --END-- [ RunTime:0.001944s ]
INFO: [ app_end ] --START--
INFO: Run Behavior\ShowPageTraceBehavior [ RunTime:0.001933s ]
INFO: [ app_end ] --END-- [ RunTime:0.002162s ]

[ 2016-04-01T14:50:46+08:00 ] 127.0.0.1 /index.php/Admin/Role/tianjia.html
ERR: 非法操作:tianjia

[ 2016-04-01T14:57:45+08:00 ] 127.0.0.1 /index.php/Admin/Role/tianjia.html
ERR: 非法操作:tianjia

[ 2016-04-01T15:02:45+08:00 ] 127.0.0.1 /index.php/Admin/Index/index.html
INFO: [ view_parse ] --START--
INFO: [ template_filter ] --START--
INFO: Run Behavior\ContentReplaceBehavior [ RunTime:0.000150s ]
INFO: [ template_filter ] --END-- [ RunTime:0.000326s ]
NOTIC: [8] Undefined variable: daohang E:\web\php43\shop\Runtime\Cache\Admin\3694671f644e4ed0c60784cb296ae097.php 第 58 行.
NOTIC: [8] Undefined variable: daohang E:\web\php43\shop\Runtime\Cache\Admin\3694671f644e4ed0c60784cb296ae097.php 第 58 行.
NOTIC: [8] Undefined variable: daohang E:\web\php43\shop\Runtime\Cache\Admin\3694671f644e4ed0c60784cb296ae097.php 第 62 行.
NOTIC: [8] Undefined variable: daohang E:\web\php43\shop\Runtime\Cache\Admin\3694671f644e4ed0c60784cb296ae097.php 第 62 行.
INFO: Run Behavior\ParseTemplateBehavior [ RunTime:0.013842s ]
INFO: [ view_parse ] --END-- [ RunTime:0.014560s ]
INFO: [ view_filter ] --START--
INFO: Run Behavior\WriteHtmlCacheBehavior [ RunTime:0.001509s ]
INFO: [ view_filter ] --END-- [ RunTime:0.001687s ]
INFO: [ app_end ] --START--
INFO: Run Behavior\ShowPageTraceBehavior [ RunTime:0.001773s ]
INFO: [ app_end ] --END-- [ RunTime:0.001991s ]

[ 2016-04-01T15:02:45+08:00 ] 127.0.0.1 /index.php/Admin/Index/index.html
INFO: [ view_parse ] --START--
INFO: [ template_filter ] --START--
INFO: Run Behavior\ContentReplaceBehavior [ RunTime:0.000140s ]
INFO: [ template_filter ] --END-- [ RunTime:0.000318s ]
NOTIC: [8] Undefined variable: daohang E:\web\php43\shop\Runtime\Cache\Admin\3694671f644e4ed0c60784cb296ae097.php 第 58 行.
NOTIC: [8] Undefined variable: daohang E:\web\php43\shop\Runtime\Cache\Admin\3694671f644e4ed0c60784cb296ae097.php 第 58 行.
NOTIC: [8] Undefined variable: daohang E:\web\php43\shop\Runtime\Cache\Admin\3694671f644e4ed0c60784cb296ae097.php 第 62 行.
NOTIC: [8] Undefined variable: daohang E:\web\php43\shop\Runtime\Cache\Admin\3694671f644e4ed0c60784cb296ae097.php 第 62 行.
INFO: Run Behavior\ParseTemplateBehavior [ RunTime:0.018588s ]
INFO: [ view_parse ] --END-- [ RunTime:0.019837s ]
INFO: [ view_filter ] --START--
INFO: Run Behavior\WriteHtmlCacheBehavior [ RunTime:0.001289s ]
INFO: [ view_filter ] --END-- [ RunTime:0.001456s ]
INFO: [ app_end ] --START--
INFO: Run Behavior\ShowPageTraceBehavior [ RunTime:0.001162s ]
INFO: [ app_end ] --END-- [ RunTime:0.001270s ]

[ 2016-04-01T15:04:44+08:00 ] 127.0.0.1 /index.php/Admin/Index/index.html
INFO: [ view_parse ] --START--
INFO: [ template_filter ] --START--
INFO: Run Behavior\ContentReplaceBehavior [ RunTime:0.000080s ]
INFO: [ template_filter ] --END-- [ RunTime:0.000215s ]
INFO: Run Behavior\ParseTemplateBehavior [ RunTime:0.012783s ]
INFO: [ view_parse ] --END-- [ RunTime:0.013694s ]
INFO: [ view_filter ] --START--
INFO: Run Behavior\WriteHtmlCacheBehavior [ RunTime:0.000515s ]
INFO: [ view_filter ] --END-- [ RunTime:0.000613s ]
INFO: [ app_end ] --START--
INFO: Run Behavior\ShowPageTraceBehavior [ RunTime:0.000913s ]
INFO: [ app_end ] --END-- [ RunTime:0.001015s ]

[ 2016-04-01T15:04:44+08:00 ] 127.0.0.1 /index.php/Admin/Index/top.html
INFO: [ view_parse ] --START--
INFO: [ template_filter ] --START--
INFO: Run Behavior\ContentReplaceBehavior [ RunTime:0.000173s ]
INFO: [ template_filter ] --END-- [ RunTime:0.000747s ]
INFO: Run Behavior\ParseTemplateBehavior [ RunTime:0.032789s ]
INFO: [ view_parse ] --END-- [ RunTime:0.034118s ]
INFO: [ view_filter ] --START--
INFO: Run Behavior\WriteHtmlCacheBehavior [ RunTime:0.001674s ]
INFO: [ view_filter ] --END-- [ RunTime:0.001884s ]
INFO: [ app_end ] --START--
INFO: Run Behavior\ShowPageTraceBehavior [ RunTime:0.001770s ]
INFO: [ app_end ] --END-- [ RunTime:0.001958s ]

[ 2016-04-01T15:04:44+08:00 ] 127.0.0.1 /index.php/Admin/Index/down.html
INFO: [ view_parse ] --START--
INFO: [ template_filter ] --START--
INFO: Run Behavior\ContentReplaceBehavior [ RunTime:0.000111s ]
INFO: [ template_filter ] --END-- [ RunTime:0.000329s ]
INFO: Run Behavior\ParseTemplateBehavior [ RunTime:0.014054s ]
INFO: [ view_parse ] --END-- [ RunTime:0.015450s ]
INFO: [ view_filter ] --START--
INFO: Run Behavior\WriteHtmlCacheBehavior [ RunTime:0.001005s ]
INFO: [ view_filter ] --END-- [ RunTime:0.001175s ]
INFO: [ app_end ] --START--
INFO: Run Behavior\ShowPageTraceBehavior [ RunTime:0.001729s ]
INFO: [ app_end ] --END-- [ RunTime:0.001913s ]

[ 2016-04-01T15:04:44+08:00 ] 127.0.0.1 /index.php/Admin/Index/center.html
INFO: [ view_parse ] --START--
INFO: [ template_filter ] --START--
INFO: Run Behavior\ContentReplaceBehavior [ RunTime:0.000142s ]
INFO: [ template_filter ] --END-- [ RunTime:0.000378s ]
INFO: Run Behavior\ParseTemplateBehavior [ RunTime:0.012670s ]
INFO: [ view_parse ] --END-- [ RunTime:0.013869s ]
INFO: [ view_filter ] --START--
INFO: Run Behavior\WriteHtmlCacheBehavior [ RunTime:0.001023s ]
INFO: [ view_filter ] --END-- [ RunTime:0.001211s ]
INFO: [ app_end ] --START--
INFO: Run Behavior\ShowPageTraceBehavior [ RunTime:0.001462s ]
INFO: [ app_end ] --END-- [ RunTime:0.001599s ]

[ 2016-04-01T15:04:45+08:00 ] 127.0.0.1 /index.php/Admin/Index/left.html
SQL: SHOW COLUMNS FROM `sp_auth` [ RunTime:0.0092s ]
SQL: SELECT `auth_id`,`auth_name`,`auth_pid`,`auth_c`,`auth_a` FROM `sp_auth` WHERE `auth_level` = 0  [ RunTime:0.0004s ]
SQL: SELECT `auth_id`,`auth_name`,`auth_pid`,`auth_c`,`auth_a` FROM `sp_auth` WHERE `auth_level` = 1  [ RunTime:0.0003s ]
INFO: [ view_parse ] --START--
INFO: [ template_filter ] --START--
INFO: Run Behavior\ContentReplaceBehavior [ RunTime:0.000101s ]
INFO: [ template_filter ] --END-- [ RunTime:0.000240s ]
INFO: Run Behavior\ParseTemplateBehavior [ RunTime:0.017642s ]
INFO: [ view_parse ] --END-- [ RunTime:0.017785s ]
INFO: [ view_filter ] --START--
INFO: Run Behavior\WriteHtmlCacheBehavior [ RunTime:0.000554s ]
INFO: [ view_filter ] --END-- [ RunTime:0.000662s ]
INFO: [ app_end ] --START--
INFO: Run Behavior\ShowPageTraceBehavior [ RunTime:0.001070s ]
INFO: [ app_end ] --END-- [ RunTime:0.001207s ]

[ 2016-04-01T15:53:52+08:00 ] 127.0.0.1 /index.php/Admin/Index/index.html
INFO: [ view_parse ] --START--
INFO: [ template_filter ] --START--
INFO: Run Behavior\ContentReplaceBehavior [ RunTime:0.000090s ]
INFO: [ template_filter ] --END-- [ RunTime:0.000269s ]
INFO: Run Behavior\ParseTemplateBehavior [ RunTime:0.015326s ]
INFO: [ view_parse ] --END-- [ RunTime:0.016320s ]
INFO: [ view_filter ] --START--
INFO: Run Behavior\WriteHtmlCacheBehavior [ RunTime:0.001694s ]
INFO: [ view_filter ] --END-- [ RunTime:0.001868s ]
INFO: [ app_end ] --START--
INFO: Run Behavior\ShowPageTraceBehavior [ RunTime:0.001640s ]
INFO: [ app_end ] --END-- [ RunTime:0.001855s ]

[ 2016-04-01T15:53:52+08:00 ] 127.0.0.1 /index.php/Admin/Index/top.html
INFO: [ view_parse ] --START--
INFO: [ template_filter ] --START--
INFO: Run Behavior\ContentReplaceBehavior [ RunTime:0.000222s ]
INFO: [ template_filter ] --END-- [ RunTime:0.000486s ]
INFO: Run Behavior\ParseTemplateBehavior [ RunTime:0.021769s ]
INFO: [ view_parse ] --END-- [ RunTime:0.022837s ]
INFO: [ view_filter ] --START--
INFO: Run Behavior\WriteHtmlCacheBehavior [ RunTime:0.001731s ]
INFO: [ view_filter ] --END-- [ RunTime:0.001889s ]
INFO: [ app_end ] --START--
INFO: Run Behavior\ShowPageTraceBehavior [ RunTime:0.001356s ]
INFO: [ app_end ] --END-- [ RunTime:0.001515s ]

[ 2016-04-01T15:53:52+08:00 ] 127.0.0.1 /index.php/Admin/Index/center.html
INFO: [ view_parse ] --START--
INFO: [ template_filter ] --START--
INFO: Run Behavior\ContentReplaceBehavior [ RunTime:0.000241s ]
INFO: [ template_filter ] --END-- [ RunTime:0.000548s ]
INFO: Run Behavior\ParseTemplateBehavior [ RunTime:0.018652s ]
INFO: [ view_parse ] --END-- [ RunTime:0.019769s ]
INFO: [ view_filter ] --START--
INFO: Run Behavior\WriteHtmlCacheBehavior [ RunTime:0.001793s ]
INFO: [ view_filter ] --END-- [ RunTime:0.002393s ]
INFO: [ app_end ] --START--
INFO: Run Behavior\ShowPageTraceBehavior [ RunTime:0.001931s ]
INFO: [ app_end ] --END-- [ RunTime:0.002099s ]

[ 2016-04-01T15:53:52+08:00 ] 127.0.0.1 /index.php/Admin/Index/down.html
INFO: [ view_parse ] --START--
INFO: [ template_filter ] --START--
INFO: Run Behavior\ContentReplaceBehavior [ RunTime:0.000113s ]
INFO: [ template_filter ] --END-- [ RunTime:0.000306s ]
INFO: Run Behavior\ParseTemplateBehavior [ RunTime:0.016726s ]
INFO: [ view_parse ] --END-- [ RunTime:0.021454s ]
INFO: [ view_filter ] --START--
INFO: Run Behavior\WriteHtmlCacheBehavior [ RunTime:0.000991s ]
INFO: [ view_filter ] --END-- [ RunTime:0.001159s ]
INFO: [ app_end ] --START--
INFO: Run Behavior\ShowPageTraceBehavior [ RunTime:0.001671s ]
INFO: [ app_end ] --END-- [ RunTime:0.001852s ]

[ 2016-04-01T15:53:53+08:00 ] 127.0.0.1 /index.php/Admin/Index/left.html
SQL: SHOW COLUMNS FROM `sp_auth` [ RunTime:0.0089s ]
SQL: SELECT `auth_id`,`auth_name`,`auth_pid`,`auth_c`,`auth_a` FROM `sp_auth` WHERE `auth_level` = 0  [ RunTime:0.0009s ]
SQL: SELECT `auth_id`,`auth_name`,`auth_pid`,`auth_c`,`auth_a` FROM `sp_auth` WHERE `auth_level` = 1  [ RunTime:0.0014s ]
INFO: [ view_parse ] --START--
INFO: [ template_filter ] --START--
INFO: Run Behavior\ContentReplaceBehavior [ RunTime:0.000088s ]
INFO: [ template_filter ] --END-- [ RunTime:0.000205s ]
INFO: Run Behavior\ParseTemplateBehavior [ RunTime:0.016245s ]
INFO: [ view_parse ] --END-- [ RunTime:0.016418s ]
INFO: [ view_filter ] --START--
INFO: Run Behavior\WriteHtmlCacheBehavior [ RunTime:0.001598s ]
INFO: [ view_filter ] --END-- [ RunTime:0.001813s ]
INFO: [ app_end ] --START--
INFO: Run Behavior\ShowPageTraceBehavior [ RunTime:0.001512s ]
INFO: [ app_end ] --END-- [ RunTime:0.001679s ]

[ 2016-04-01T16:20:24+08:00 ] 127.0.0.1 /index.php/Admin/Manager/checkVerify?code=xctu
INFO: [ app_begin ] --START--
INFO: Run Behavior\ReadHtmlCacheBehavior [ RunTime:0.001106s ]
INFO: [ app_begin ] --END-- [ RunTime:0.001920s ]
INFO: [ app_end ] --START--
INFO: Run Behavior\ShowPageTraceBehavior [ RunTime:0.001577s ]
INFO: [ app_end ] --END-- [ RunTime:0.001715s ]

[ 2016-04-01T16:20:25+08:00 ] 127.0.0.1 /index.php/Admin/Index/index.html
INFO: [ view_parse ] --START--
INFO: [ template_filter ] --START--
INFO: Run Behavior\ContentReplaceBehavior [ RunTime:0.000113s ]
INFO: [ template_filter ] --END-- [ RunTime:0.000332s ]
INFO: Run Behavior\ParseTemplateBehavior [ RunTime:0.015616s ]
INFO: [ view_parse ] --END-- [ RunTime:0.016843s ]
INFO: [ view_filter ] --START--
INFO: Run Behavior\WriteHtmlCacheBehavior [ RunTime:0.000775s ]
INFO: [ view_filter ] --END-- [ RunTime:0.000891s ]
INFO: [ app_end ] --START--
INFO: Run Behavior\ShowPageTraceBehavior [ RunTime:0.001594s ]
INFO: [ app_end ] --END-- [ RunTime:0.001764s ]

[ 2016-04-01T16:20:26+08:00 ] 127.0.0.1 /index.php/Admin/Index/top.html
INFO: [ view_parse ] --START--
INFO: [ template_filter ] --START--
INFO: Run Behavior\ContentReplaceBehavior [ RunTime:0.000130s ]
INFO: [ template_filter ] --END-- [ RunTime:0.000284s ]
INFO: Run Behavior\ParseTemplateBehavior [ RunTime:0.017493s ]
INFO: [ view_parse ] --END-- [ RunTime:0.018242s ]
INFO: [ view_filter ] --START--
INFO: Run Behavior\WriteHtmlCacheBehavior [ RunTime:0.000829s ]
INFO: [ view_filter ] --END-- [ RunTime:0.000991s ]
INFO: [ app_end ] --START--
INFO: Run Behavior\ShowPageTraceBehavior [ RunTime:0.001327s ]
INFO: [ app_end ] --END-- [ RunTime:0.001457s ]

[ 2016-04-01T16:20:26+08:00 ] 127.0.0.1 /index.php/Admin/Index/center.html
INFO: [ view_parse ] --START--
INFO: [ template_filter ] --START--
INFO: Run Behavior\ContentReplaceBehavior [ RunTime:0.000114s ]
INFO: [ template_filter ] --END-- [ RunTime:0.000403s ]
INFO: Run Behavior\ParseTemplateBehavior [ RunTime:0.015219s ]
INFO: [ view_parse ] --END-- [ RunTime:0.017161s ]
INFO: [ view_filter ] --START--
INFO: Run Behavior\WriteHtmlCacheBehavior [ RunTime:0.000788s ]
INFO: [ view_filter ] --END-- [ RunTime:0.000917s ]
INFO: [ app_end ] --START--
INFO: Run Behavior\ShowPageTraceBehavior [ RunTime:0.001361s ]
INFO: [ app_end ] --END-- [ RunTime:0.001498s ]

[ 2016-04-01T16:20:26+08:00 ] 127.0.0.1 /index.php/Admin/Index/down.html
INFO: [ view_parse ] --START--
INFO: [ template_filter ] --START--
INFO: Run Behavior\ContentReplaceBehavior [ RunTime:0.000109s ]
INFO: [ template_filter ] --END-- [ RunTime:0.000297s ]
INFO: Run Behavior\ParseTemplateBehavior [ RunTime:0.019395s ]
INFO: [ view_parse ] --END-- [ RunTime:0.020525s ]
INFO: [ view_filter ] --START--
INFO: Run Behavior\WriteHtmlCacheBehavior [ RunTime:0.000976s ]
INFO: [ view_filter ] --END-- [ RunTime:0.001173s ]
INFO: [ app_end ] --START--
INFO: Run Behavior\ShowPageTraceBehavior [ RunTime:0.001943s ]
INFO: [ app_end ] --END-- [ RunTime:0.002286s ]

[ 2016-04-01T16:20:26+08:00 ] 127.0.0.1 /index.php/Admin/Index/left.html
SQL: SHOW COLUMNS FROM `sp_manager` [ RunTime:0.0137s ]
SQL: SELECT r.role_auth_ids FROM sp_manager m INNER JOIN sp_role r on m.role_id=r.role_id  WHERE m.mg_id = '500' LIMIT 1   [ RunTime:0.0007s ]
SQL: SHOW COLUMNS FROM `sp_auth` [ RunTime:0.0141s ]
SQL: SELECT `auth_id`,`auth_name`,`auth_pid`,`auth_c`,`auth_a` FROM `sp_auth` WHERE `auth_id` IN ('101','104','102','107') AND `auth_level` = 0  [ RunTime:0.0009s ]
SQL: SELECT `auth_id`,`auth_name`,`auth_pid`,`auth_c`,`auth_a` FROM `sp_auth` WHERE `auth_id` IN ('101','104','102','107') AND `auth_level` = 1  [ RunTime:0.0010s ]
INFO: [ view_parse ] --START--
INFO: [ template_filter ] --START--
INFO: Run Behavior\ContentReplaceBehavior [ RunTime:0.000140s ]
INFO: [ template_filter ] --END-- [ RunTime:0.000330s ]
INFO: Run Behavior\ParseTemplateBehavior [ RunTime:0.019620s ]
INFO: [ view_parse ] --END-- [ RunTime:0.019795s ]
INFO: [ view_filter ] --START--
INFO: Run Behavior\WriteHtmlCacheBehavior [ RunTime:0.000614s ]
INFO: [ view_filter ] --END-- [ RunTime:0.000710s ]
INFO: [ app_end ] --START--
INFO: Run Behavior\ShowPageTraceBehavior [ RunTime:0.001757s ]
INFO: [ app_end ] --END-- [ RunTime:0.002070s ]

[ 2016-04-01T16:55:09+08:00 ] 127.0.0.1 /index.php/Admin/Index/index.html
INFO: [ view_parse ] --START--
INFO: [ template_filter ] --START--
INFO: Run Behavior\ContentReplaceBehavior [ RunTime:0.000078s ]
INFO: [ template_filter ] --END-- [ RunTime:0.000205s ]
INFO: Run Behavior\ParseTemplateBehavior [ RunTime:0.032170s ]
INFO: [ view_parse ] --END-- [ RunTime:0.032900s ]
INFO: [ view_filter ] --START--
INFO: Run Behavior\WriteHtmlCacheBehavior [ RunTime:0.001302s ]
INFO: [ view_filter ] --END-- [ RunTime:0.001454s ]
NOTIC: [2] Cannot modify header information - headers already sent by (output started at E:\web\php43\shop\Tools\AdminController.class.php:10) E:\web\php43\ThinkPHP\Library\Think\View.class.php 第 91 行.
NOTIC: [2] Cannot modify header information - headers already sent by (output started at E:\web\php43\shop\Tools\AdminController.class.php:10) E:\web\php43\ThinkPHP\Library\Think\View.class.php 第 92 行.
NOTIC: [2] Cannot modify header information - headers already sent by (output started at E:\web\php43\shop\Tools\AdminController.class.php:10) E:\web\php43\ThinkPHP\Library\Think\View.class.php 第 93 行.
INFO: [ app_end ] --START--
INFO: Run Behavior\ShowPageTraceBehavior [ RunTime:0.011864s ]
INFO: [ app_end ] --END-- [ RunTime:0.012046s ]

[ 2016-04-01T16:55:54+08:00 ] 127.0.0.1 /index.php/Admin/Index/index.html
INFO: [ view_parse ] --START--
INFO: [ template_filter ] --START--
INFO: Run Behavior\ContentReplaceBehavior [ RunTime:0.000077s ]
INFO: [ template_filter ] --END-- [ RunTime:0.000203s ]
INFO: Run Behavior\ParseTemplateBehavior [ RunTime:0.010296s ]
INFO: [ view_parse ] --END-- [ RunTime:0.011234s ]
INFO: [ view_filter ] --START--
INFO: Run Behavior\WriteHtmlCacheBehavior [ RunTime:0.000550s ]
INFO: [ view_filter ] --END-- [ RunTime:0.000642s ]
INFO: [ app_end ] --START--
INFO: Run Behavior\ShowPageTraceBehavior [ RunTime:0.000907s ]
INFO: [ app_end ] --END-- [ RunTime:0.001003s ]

[ 2016-04-01T16:55:54+08:00 ] 127.0.0.1 /index.php/Admin/Index/top.html
INFO: [ view_parse ] --START--
INFO: [ template_filter ] --START--
INFO: Run Behavior\ContentReplaceBehavior [ RunTime:0.000170s ]
INFO: [ template_filter ] --END-- [ RunTime:0.000344s ]
INFO: Run Behavior\ParseTemplateBehavior [ RunTime:0.034670s ]
INFO: [ view_parse ] --END-- [ RunTime:0.036779s ]
INFO: [ view_filter ] --START--
INFO: Run Behavior\WriteHtmlCacheBehavior [ RunTime:0.000950s ]
INFO: [ view_filter ] --END-- [ RunTime:0.001219s ]
INFO: [ app_end ] --START--
INFO: Run Behavior\ShowPageTraceBehavior [ RunTime:0.002186s ]
INFO: [ app_end ] --END-- [ RunTime:0.002364s ]

[ 2016-04-01T16:55:54+08:00 ] 127.0.0.1 /index.php/Admin/Index/center.html
INFO: [ view_parse ] --START--
INFO: [ template_filter ] --START--
INFO: Run Behavior\ContentReplaceBehavior [ RunTime:0.000082s ]
INFO: [ template_filter ] --END-- [ RunTime:0.000219s ]
INFO: Run Behavior\ParseTemplateBehavior [ RunTime:0.017407s ]
INFO: [ view_parse ] --END-- [ RunTime:0.018414s ]
INFO: [ view_filter ] --START--
INFO: Run Behavior\WriteHtmlCacheBehavior [ RunTime:0.000979s ]
INFO: [ view_filter ] --END-- [ RunTime:0.001113s ]
INFO: [ app_end ] --START--
INFO: Run Behavior\ShowPageTraceBehavior [ RunTime:0.002117s ]
INFO: [ app_end ] --END-- [ RunTime:0.002385s ]

[ 2016-04-01T16:55:54+08:00 ] 127.0.0.1 /index.php/Admin/Index/down.html
INFO: [ view_parse ] --START--
INFO: [ template_filter ] --START--
INFO: Run Behavior\ContentReplaceBehavior [ RunTime:0.000206s ]
INFO: [ template_filter ] --END-- [ RunTime:0.000580s ]
INFO: Run Behavior\ParseTemplateBehavior [ RunTime:0.018384s ]
INFO: [ view_parse ] --END-- [ RunTime:0.019775s ]
INFO: [ view_filter ] --START--
INFO: Run Behavior\WriteHtmlCacheBehavior [ RunTime:0.001284s ]
INFO: [ view_filter ] --END-- [ RunTime:0.001549s ]
INFO: [ app_end ] --START--
INFO: Run Behavior\ShowPageTraceBehavior [ RunTime:0.001993s ]
INFO: [ app_end ] --END-- [ RunTime:0.002233s ]

[ 2016-04-01T16:55:54+08:00 ] 127.0.0.1 /index.php/Admin/Index/left.html
SQL: SHOW COLUMNS FROM `sp_manager` [ RunTime:0.0110s ]
SQL: SELECT r.role_auth_ids FROM sp_manager m INNER JOIN sp_role r on m.role_id=r.role_id  WHERE m.mg_id = '500' LIMIT 1   [ RunTime:0.0008s ]
SQL: SHOW COLUMNS FROM `sp_auth` [ RunTime:0.0121s ]
SQL: SELECT `auth_id`,`auth_name`,`auth_pid`,`auth_c`,`auth_a` FROM `sp_auth` WHERE `auth_id` IN ('101','104','102','107') AND `auth_level` = 0  [ RunTime:0.0015s ]
SQL: SELECT `auth_id`,`auth_name`,`auth_pid`,`auth_c`,`auth_a` FROM `sp_auth` WHERE `auth_id` IN ('101','104','102','107') AND `auth_level` = 1  [ RunTime:0.0049s ]
INFO: [ view_parse ] --START--
INFO: [ template_filter ] --START--
INFO: Run Behavior\ContentReplaceBehavior [ RunTime:0.000138s ]
INFO: [ template_filter ] --END-- [ RunTime:0.000332s ]
INFO: Run Behavior\ParseTemplateBehavior [ RunTime:0.026349s ]
INFO: [ view_parse ] --END-- [ RunTime:0.026524s ]
INFO: [ view_filter ] --START--
INFO: Run Behavior\WriteHtmlCacheBehavior [ RunTime:0.000635s ]
INFO: [ view_filter ] --END-- [ RunTime:0.000740s ]
INFO: [ app_end ] --START--
INFO: Run Behavior\ShowPageTraceBehavior [ RunTime:0.000945s ]
INFO: [ app_end ] --END-- [ RunTime:0.001048s ]

[ 2016-04-01T17:02:20+08:00 ] 127.0.0.1 /index.php/Admin/Goods/showlist
ERR: SQLSTATE[42000]: Syntax error or access violation: 1064 You have an error in your SQL syntax; check the manual that corresponds to your MySQL server version for the right syntax to use near 'left sp_role r on m.role_id=r.role_id  WHERE m.mg_id = '500' LIMIT 1' at line 1

[ 2016-04-01T17:08:09+08:00 ] 127.0.0.1 /index.php/Admin/Manager/checkVerify?code=umlv
INFO: [ app_begin ] --START--
INFO: Run Behavior\ReadHtmlCacheBehavior [ RunTime:0.001128s ]
INFO: [ app_begin ] --END-- [ RunTime:0.001987s ]
SQL: SHOW COLUMNS FROM `sp_manager` [ RunTime:0.0063s ]
SQL: SELECT r.role_auth_ac FROM sp_manager m left join sp_role r on m.role_id=r.role_id  WHERE m.mg_id = null LIMIT 1   [ RunTime:0.0003s ]

[ 2016-04-01T17:08:56+08:00 ] 127.0.0.1 /index.php/Admin/Manager/checkVerify?code=umlv
INFO: [ app_begin ] --START--
INFO: Run Behavior\ReadHtmlCacheBehavior [ RunTime:0.001670s ]
INFO: [ app_begin ] --END-- [ RunTime:0.002767s ]
SQL: SHOW COLUMNS FROM `sp_manager` [ RunTime:0.0134s ]
SQL: SELECT r.role_auth_ac FROM sp_manager m left join sp_role r on m.role_id=r.role_id  WHERE m.mg_id = null LIMIT 1   [ RunTime:0.0004s ]
INFO: [ app_end ] --START--
INFO: Run Behavior\ShowPageTraceBehavior [ RunTime:0.001999s ]
INFO: [ app_end ] --END-- [ RunTime:0.002199s ]

[ 2016-04-01T17:09:04+08:00 ] 127.0.0.1 /index.php/Admin/Manager/checkVerify?code=8vmr
INFO: [ app_begin ] --START--
INFO: Run Behavior\ReadHtmlCacheBehavior [ RunTime:0.001566s ]
INFO: [ app_begin ] --END-- [ RunTime:0.002582s ]
SQL: SHOW COLUMNS FROM `sp_manager` [ RunTime:0.0071s ]
SQL: SELECT r.role_auth_ac FROM sp_manager m left join sp_role r on m.role_id=r.role_id  WHERE m.mg_id = null LIMIT 1   [ RunTime:0.0003s ]
INFO: [ app_end ] --START--
INFO: Run Behavior\ShowPageTraceBehavior [ RunTime:0.001198s ]
INFO: [ app_end ] --END-- [ RunTime:0.001325s ]

[ 2016-04-01T17:09:10+08:00 ] 127.0.0.1 /index.php/Admin/Index/index.html
INFO: [ view_parse ] --START--
INFO: [ template_filter ] --START--
INFO: Run Behavior\ContentReplaceBehavior [ RunTime:0.000112s ]
INFO: [ template_filter ] --END-- [ RunTime:0.000288s ]
INFO: Run Behavior\ParseTemplateBehavior [ RunTime:0.016110s ]
INFO: [ view_parse ] --END-- [ RunTime:0.017097s ]
INFO: [ view_filter ] --START--
INFO: Run Behavior\WriteHtmlCacheBehavior [ RunTime:0.000820s ]
INFO: [ view_filter ] --END-- [ RunTime:0.000954s ]
INFO: [ app_end ] --START--
INFO: Run Behavior\ShowPageTraceBehavior [ RunTime:0.001710s ]
INFO: [ app_end ] --END-- [ RunTime:0.001971s ]

[ 2016-04-01T17:09:11+08:00 ] 127.0.0.1 /index.php/Admin/Index/center.html
INFO: [ view_parse ] --START--
INFO: [ template_filter ] --START--
INFO: Run Behavior\ContentReplaceBehavior [ RunTime:0.000177s ]
INFO: [ template_filter ] --END-- [ RunTime:0.000377s ]
INFO: Run Behavior\ParseTemplateBehavior [ RunTime:0.016097s ]
INFO: [ view_parse ] --END-- [ RunTime:0.017064s ]
INFO: [ view_filter ] --START--
INFO: Run Behavior\WriteHtmlCacheBehavior [ RunTime:0.001174s ]
INFO: [ view_filter ] --END-- [ RunTime:0.001350s ]
INFO: [ app_end ] --START--
INFO: Run Behavior\ShowPageTraceBehavior [ RunTime:0.001612s ]
INFO: [ app_end ] --END-- [ RunTime:0.001807s ]

[ 2016-04-01T17:09:11+08:00 ] 127.0.0.1 /index.php/Admin/Index/down.html
INFO: [ view_parse ] --START--
INFO: [ template_filter ] --START--
INFO: Run Behavior\ContentReplaceBehavior [ RunTime:0.000122s ]
INFO: [ template_filter ] --END-- [ RunTime:0.000319s ]
INFO: Run Behavior\ParseTemplateBehavior [ RunTime:0.018430s ]
INFO: [ view_parse ] --END-- [ RunTime:0.019821s ]
INFO: [ view_filter ] --START--
INFO: Run Behavior\WriteHtmlCacheBehavior [ RunTime:0.001257s ]
INFO: [ view_filter ] --END-- [ RunTime:0.001437s ]
INFO: [ app_end ] --START--
INFO: Run Behavior\ShowPageTraceBehavior [ RunTime:0.001703s ]
INFO: [ app_end ] --END-- [ RunTime:0.001868s ]

[ 2016-04-01T17:09:11+08:00 ] 127.0.0.1 /index.php/Admin/Index/top.html
INFO: [ view_parse ] --START--
INFO: [ template_filter ] --START--
INFO: Run Behavior\ContentReplaceBehavior [ RunTime:0.000160s ]
INFO: [ template_filter ] --END-- [ RunTime:0.000332s ]
INFO: Run Behavior\ParseTemplateBehavior [ RunTime:0.019563s ]
INFO: [ view_parse ] --END-- [ RunTime:0.020714s ]
INFO: [ view_filter ] --START--
INFO: Run Behavior\WriteHtmlCacheBehavior [ RunTime:0.001394s ]
INFO: [ view_filter ] --END-- [ RunTime:0.001567s ]
INFO: [ app_end ] --START--
INFO: Run Behavior\ShowPageTraceBehavior [ RunTime:0.001673s ]
INFO: [ app_end ] --END-- [ RunTime:0.001815s ]

[ 2016-04-01T17:09:11+08:00 ] 127.0.0.1 /index.php/Admin/Index/left.html
SQL: SHOW COLUMNS FROM `sp_auth` [ RunTime:0.0118s ]
SQL: SELECT `auth_id`,`auth_name`,`auth_pid`,`auth_c`,`auth_a` FROM `sp_auth` WHERE `auth_level` = 0  [ RunTime:0.0008s ]
SQL: SELECT `auth_id`,`auth_name`,`auth_pid`,`auth_c`,`auth_a` FROM `sp_auth` WHERE `auth_level` = 1  [ RunTime:0.0014s ]
INFO: [ view_parse ] --START--
INFO: [ template_filter ] --START--
INFO: Run Behavior\ContentReplaceBehavior [ RunTime:0.000093s ]
INFO: [ template_filter ] --END-- [ RunTime:0.000217s ]
INFO: Run Behavior\ParseTemplateBehavior [ RunTime:0.020487s ]
INFO: [ view_parse ] --END-- [ RunTime:0.020735s ]
INFO: [ view_filter ] --START--
INFO: Run Behavior\WriteHtmlCacheBehavior [ RunTime:0.000879s ]
INFO: [ view_filter ] --END-- [ RunTime:0.001031s ]
INFO: [ app_end ] --START--
INFO: Run Behavior\ShowPageTraceBehavior [ RunTime:0.001116s ]
INFO: [ app_end ] --END-- [ RunTime:0.001253s ]

[ 2016-04-01T17:11:46+08:00 ] 127.0.0.1 /index.php/Admin/Index/index.html
INFO: [ view_parse ] --START--
INFO: [ template_filter ] --START--
INFO: Run Behavior\ContentReplaceBehavior [ RunTime:0.000078s ]
INFO: [ template_filter ] --END-- [ RunTime:0.000200s ]
INFO: Run Behavior\ParseTemplateBehavior [ RunTime:0.011545s ]
INFO: [ view_parse ] --END-- [ RunTime:0.012433s ]
INFO: [ view_filter ] --START--
INFO: Run Behavior\WriteHtmlCacheBehavior [ RunTime:0.000704s ]
INFO: [ view_filter ] --END-- [ RunTime:0.000803s ]
INFO: [ app_end ] --START--
INFO: Run Behavior\ShowPageTraceBehavior [ RunTime:0.001387s ]
INFO: [ app_end ] --END-- [ RunTime:0.001499s ]

[ 2016-04-01T17:11:47+08:00 ] 127.0.0.1 /index.php/Admin/Index/down.html
INFO: [ view_parse ] --START--
INFO: [ template_filter ] --START--
INFO: Run Behavior\ContentReplaceBehavior [ RunTime:0.000123s ]
INFO: [ template_filter ] --END-- [ RunTime:0.000320s ]
INFO: Run Behavior\ParseTemplateBehavior [ RunTime:0.018097s ]
INFO: [ view_parse ] --END-- [ RunTime:0.019432s ]
INFO: [ view_filter ] --START--
INFO: Run Behavior\WriteHtmlCacheBehavior [ RunTime:0.001917s ]
INFO: [ view_filter ] --END-- [ RunTime:0.002146s ]
INFO: [ app_end ] --START--
INFO: Run Behavior\ShowPageTraceBehavior [ RunTime:0.002288s ]
INFO: [ app_end ] --END-- [ RunTime:0.002492s ]

[ 2016-04-01T17:11:47+08:00 ] 127.0.0.1 /index.php/Admin/Index/top.html
INFO: [ view_parse ] --START--
INFO: [ template_filter ] --START--
INFO: Run Behavior\ContentReplaceBehavior [ RunTime:0.000172s ]
INFO: [ template_filter ] --END-- [ RunTime:0.000403s ]
INFO: Run Behavior\ParseTemplateBehavior [ RunTime:0.022892s ]
INFO: [ view_parse ] --END-- [ RunTime:0.023713s ]
INFO: [ view_filter ] --START--
INFO: Run Behavior\WriteHtmlCacheBehavior [ RunTime:0.000603s ]
INFO: [ view_filter ] --END-- [ RunTime:0.000701s ]
INFO: [ app_end ] --START--
INFO: Run Behavior\ShowPageTraceBehavior [ RunTime:0.000976s ]
INFO: [ app_end ] --END-- [ RunTime:0.001075s ]

[ 2016-04-01T17:11:47+08:00 ] 127.0.0.1 /index.php/Admin/Index/center.html
INFO: [ view_parse ] --START--
INFO: [ template_filter ] --START--
INFO: Run Behavior\ContentReplaceBehavior [ RunTime:0.000126s ]
INFO: [ template_filter ] --END-- [ RunTime:0.000323s ]
INFO: Run Behavior\ParseTemplateBehavior [ RunTime:0.016920s ]
INFO: [ view_parse ] --END-- [ RunTime:0.018185s ]
INFO: [ view_filter ] --START--
INFO: Run Behavior\WriteHtmlCacheBehavior [ RunTime:0.000660s ]
INFO: [ view_filter ] --END-- [ RunTime:0.000844s ]
INFO: [ app_end ] --START--
INFO: Run Behavior\ShowPageTraceBehavior [ RunTime:0.001589s ]
INFO: [ app_end ] --END-- [ RunTime:0.001736s ]

[ 2016-04-01T17:11:47+08:00 ] 127.0.0.1 /index.php/Admin/Index/left.html
SQL: SHOW COLUMNS FROM `sp_auth` [ RunTime:0.0098s ]
SQL: SELECT `auth_id`,`auth_name`,`auth_pid`,`auth_c`,`auth_a` FROM `sp_auth` WHERE `auth_level` = 0  [ RunTime:0.0006s ]
SQL: SELECT `auth_id`,`auth_name`,`auth_pid`,`auth_c`,`auth_a` FROM `sp_auth` WHERE `auth_level` = 1  [ RunTime:0.0004s ]
INFO: [ view_parse ] --START--
INFO: [ template_filter ] --START--
INFO: Run Behavior\ContentReplaceBehavior [ RunTime:0.000093s ]
INFO: [ template_filter ] --END-- [ RunTime:0.000226s ]
INFO: Run Behavior\ParseTemplateBehavior [ RunTime:0.030393s ]
INFO: [ view_parse ] --END-- [ RunTime:0.030532s ]
INFO: [ view_filter ] --START--
INFO: Run Behavior\WriteHtmlCacheBehavior [ RunTime:0.000814s ]
INFO: [ view_filter ] --END-- [ RunTime:0.000974s ]
INFO: [ app_end ] --START--
INFO: Run Behavior\ShowPageTraceBehavior [ RunTime:0.001944s ]
INFO: [ app_end ] --END-- [ RunTime:0.002184s ]

[ 2016-04-01T17:14:18+08:00 ] 127.0.0.1 /index.php/Admin/Manager/checkVerify?code=urnm
INFO: [ app_begin ] --START--
INFO: Run Behavior\ReadHtmlCacheBehavior [ RunTime:0.006972s ]
INFO: [ app_begin ] --END-- [ RunTime:0.007927s ]
SQL: SHOW COLUMNS FROM `sp_manager` [ RunTime:0.0066s ]
SQL: SELECT r.role_auth_ac FROM sp_manager m left join sp_role r on m.role_id=r.role_id  WHERE m.mg_id = null LIMIT 1   [ RunTime:0.0003s ]
INFO: [ app_end ] --START--
INFO: Run Behavior\ShowPageTraceBehavior [ RunTime:0.001301s ]
INFO: [ app_end ] --END-- [ RunTime:0.001446s ]

[ 2016-04-01T17:14:19+08:00 ] 127.0.0.1 /index.php/Admin/Index/index.html
INFO: [ view_parse ] --START--
INFO: [ template_filter ] --START--
INFO: Run Behavior\ContentReplaceBehavior [ RunTime:0.000103s ]
INFO: [ template_filter ] --END-- [ RunTime:0.000325s ]
INFO: Run Behavior\ParseTemplateBehavior [ RunTime:0.013346s ]
INFO: [ view_parse ] --END-- [ RunTime:0.014248s ]
INFO: [ view_filter ] --START--
INFO: Run Behavior\WriteHtmlCacheBehavior [ RunTime:0.000893s ]
INFO: [ view_filter ] --END-- [ RunTime:0.001024s ]
INFO: [ app_end ] --START--
INFO: Run Behavior\ShowPageTraceBehavior [ RunTime:0.001856s ]
INFO: [ app_end ] --END-- [ RunTime:0.002033s ]

[ 2016-04-01T17:14:20+08:00 ] 127.0.0.1 /index.php/Admin/Index/top.html
INFO: [ view_parse ] --START--
INFO: [ template_filter ] --START--
INFO: Run Behavior\ContentReplaceBehavior [ RunTime:0.000141s ]
INFO: [ template_filter ] --END-- [ RunTime:0.000315s ]
INFO: Run Behavior\ParseTemplateBehavior [ RunTime:0.017946s ]
INFO: [ view_parse ] --END-- [ RunTime:0.019403s ]
INFO: [ view_filter ] --START--
INFO: Run Behavior\WriteHtmlCacheBehavior [ RunTime:0.001445s ]
INFO: [ view_filter ] --END-- [ RunTime:0.001631s ]
INFO: [ app_end ] --START--
INFO: Run Behavior\ShowPageTraceBehavior [ RunTime:0.001852s ]
INFO: [ app_end ] --END-- [ RunTime:0.002030s ]

[ 2016-04-01T17:14:20+08:00 ] 127.0.0.1 /index.php/Admin/Index/center.html
INFO: [ view_parse ] --START--
INFO: [ template_filter ] --START--
INFO: Run Behavior\ContentReplaceBehavior [ RunTime:0.000110s ]
INFO: [ template_filter ] --END-- [ RunTime:0.000277s ]
INFO: Run Behavior\ParseTemplateBehavior [ RunTime:0.013165s ]
INFO: [ view_parse ] --END-- [ RunTime:0.014260s ]
INFO: [ view_filter ] --START--
INFO: Run Behavior\WriteHtmlCacheBehavior [ RunTime:0.000674s ]
INFO: [ view_filter ] --END-- [ RunTime:0.000771s ]
INFO: [ app_end ] --START--
INFO: Run Behavior\ShowPageTraceBehavior [ RunTime:0.002690s ]
INFO: [ app_end ] --END-- [ RunTime:0.002881s ]

[ 2016-04-01T17:14:20+08:00 ] 127.0.0.1 /index.php/Admin/Index/down.html
INFO: [ view_parse ] --START--
INFO: [ template_filter ] --START--
INFO: Run Behavior\ContentReplaceBehavior [ RunTime:0.000114s ]
INFO: [ template_filter ] --END-- [ RunTime:0.000295s ]
INFO: Run Behavior\ParseTemplateBehavior [ RunTime:0.018386s ]
INFO: [ view_parse ] --END-- [ RunTime:0.019702s ]
INFO: [ view_filter ] --START--
INFO: Run Behavior\WriteHtmlCacheBehavior [ RunTime:0.002489s ]
INFO: [ view_filter ] --END-- [ RunTime:0.002708s ]
INFO: [ app_end ] --START--
INFO: Run Behavior\ShowPageTraceBehavior [ RunTime:0.002447s ]
INFO: [ app_end ] --END-- [ RunTime:0.002650s ]

[ 2016-04-01T17:14:20+08:00 ] 127.0.0.1 /index.php/Admin/Index/left.html
SQL: SELECT r.role_auth_ids FROM sp_manager m INNER JOIN sp_role r on m.role_id=r.role_id  WHERE m.mg_id = '500' LIMIT 1   [ RunTime:0.0033s ]
SQL: SHOW COLUMNS FROM `sp_auth` [ RunTime:0.0163s ]
SQL: SELECT `auth_id`,`auth_name`,`auth_pid`,`auth_c`,`auth_a` FROM `sp_auth` WHERE `auth_id` IN ('101','104','102','107') AND `auth_level` = 0  [ RunTime:0.0009s ]
SQL: SELECT `auth_id`,`auth_name`,`auth_pid`,`auth_c`,`auth_a` FROM `sp_auth` WHERE `auth_id` IN ('101','104','102','107') AND `auth_level` = 1  [ RunTime:0.0007s ]
INFO: [ view_parse ] --START--
INFO: [ template_filter ] --START--
INFO: Run Behavior\ContentReplaceBehavior [ RunTime:0.000097s ]
INFO: [ template_filter ] --END-- [ RunTime:0.000242s ]
INFO: Run Behavior\ParseTemplateBehavior [ RunTime:0.023662s ]
INFO: [ view_parse ] --END-- [ RunTime:0.023860s ]
INFO: [ view_filter ] --START--
INFO: Run Behavior\WriteHtmlCacheBehavior [ RunTime:0.001255s ]
INFO: [ view_filter ] --END-- [ RunTime:0.001413s ]
INFO: [ app_end ] --START--
INFO: Run Behavior\ShowPageTraceBehavior [ RunTime:0.002051s ]
INFO: [ app_end ] --END-- [ RunTime:0.002245s ]

[ 2016-04-01T17:20:49+08:00 ] 127.0.0.1 /index.php/Admin/Manager/checkVerify?code=tufb
INFO: [ app_begin ] --START--
INFO: Run Behavior\ReadHtmlCacheBehavior [ RunTime:0.001659s ]
INFO: [ app_begin ] --END-- [ RunTime:0.002388s ]
INFO: [ app_end ] --START--
INFO: Run Behavior\ShowPageTraceBehavior [ RunTime:0.001161s ]
INFO: [ app_end ] --END-- [ RunTime:0.001314s ]

[ 2016-04-01T17:20:53+08:00 ] 127.0.0.1 /index.php/Admin/Index/index.html
INFO: [ view_parse ] --START--
INFO: [ template_filter ] --START--
INFO: Run Behavior\ContentReplaceBehavior [ RunTime:0.000080s ]
INFO: [ template_filter ] --END-- [ RunTime:0.000204s ]
INFO: Run Behavior\ParseTemplateBehavior [ RunTime:0.011666s ]
INFO: [ view_parse ] --END-- [ RunTime:0.012778s ]
INFO: [ view_filter ] --START--
INFO: Run Behavior\WriteHtmlCacheBehavior [ RunTime:0.000683s ]
INFO: [ view_filter ] --END-- [ RunTime:0.000782s ]
INFO: [ app_end ] --START--
INFO: Run Behavior\ShowPageTraceBehavior [ RunTime:0.001228s ]
INFO: [ app_end ] --END-- [ RunTime:0.001354s ]

[ 2016-04-01T17:20:54+08:00 ] 127.0.0.1 /index.php/Admin/Index/top.html
INFO: [ view_parse ] --START--
INFO: [ template_filter ] --START--
INFO: Run Behavior\ContentReplaceBehavior [ RunTime:0.000209s ]
INFO: [ template_filter ] --END-- [ RunTime:0.000404s ]
INFO: Run Behavior\ParseTemplateBehavior [ RunTime:0.023748s ]
INFO: [ view_parse ] --END-- [ RunTime:0.025128s ]
INFO: [ view_filter ] --START--
INFO: Run Behavior\WriteHtmlCacheBehavior [ RunTime:0.001193s ]
INFO: [ view_filter ] --END-- [ RunTime:0.001459s ]
INFO: [ app_end ] --START--
INFO: Run Behavior\ShowPageTraceBehavior [ RunTime:0.001428s ]
INFO: [ app_end ] --END-- [ RunTime:0.001661s ]

[ 2016-04-01T17:20:54+08:00 ] 127.0.0.1 /index.php/Admin/Index/down.html
INFO: [ view_parse ] --START--
INFO: [ template_filter ] --START--
INFO: Run Behavior\ContentReplaceBehavior [ RunTime:0.000078s ]
INFO: [ template_filter ] --END-- [ RunTime:0.000209s ]
INFO: Run Behavior\ParseTemplateBehavior [ RunTime:0.013647s ]
INFO: [ view_parse ] --END-- [ RunTime:0.014945s ]
INFO: [ view_filter ] --START--
INFO: Run Behavior\WriteHtmlCacheBehavior [ RunTime:0.001023s ]
INFO: [ view_filter ] --END-- [ RunTime:0.001184s ]
INFO: [ app_end ] --START--
INFO: Run Behavior\ShowPageTraceBehavior [ RunTime:0.001446s ]
INFO: [ app_end ] --END-- [ RunTime:0.001586s ]

[ 2016-04-01T17:20:54+08:00 ] 127.0.0.1 /index.php/Admin/Index/center.html
INFO: [ view_parse ] --START--
INFO: [ template_filter ] --START--
INFO: Run Behavior\ContentReplaceBehavior [ RunTime:0.000099s ]
INFO: [ template_filter ] --END-- [ RunTime:0.000265s ]
INFO: Run Behavior\ParseTemplateBehavior [ RunTime:0.013484s ]
INFO: [ view_parse ] --END-- [ RunTime:0.014554s ]
INFO: [ view_filter ] --START--
INFO: Run Behavior\WriteHtmlCacheBehavior [ RunTime:0.001116s ]
INFO: [ view_filter ] --END-- [ RunTime:0.001312s ]
INFO: [ app_end ] --START--
INFO: Run Behavior\ShowPageTraceBehavior [ RunTime:0.001258s ]
INFO: [ app_end ] --END-- [ RunTime:0.001454s ]

[ 2016-04-01T17:20:54+08:00 ] 127.0.0.1 /index.php/Admin/Index/left.html
SQL: SHOW COLUMNS FROM `sp_auth` [ RunTime:0.0112s ]
SQL: SELECT `auth_id`,`auth_name`,`auth_pid`,`auth_c`,`auth_a` FROM `sp_auth` WHERE `auth_level` = 0  [ RunTime:0.0025s ]
SQL: SELECT `auth_id`,`auth_name`,`auth_pid`,`auth_c`,`auth_a` FROM `sp_auth` WHERE `auth_level` = 1  [ RunTime:0.0010s ]
INFO: [ view_parse ] --START--
INFO: [ template_filter ] --START--
INFO: Run Behavior\ContentReplaceBehavior [ RunTime:0.000133s ]
INFO: [ template_filter ] --END-- [ RunTime:0.000315s ]
INFO: Run Behavior\ParseTemplateBehavior [ RunTime:0.026197s ]
INFO: [ view_parse ] --END-- [ RunTime:0.026409s ]
INFO: [ view_filter ] --START--
INFO: Run Behavior\WriteHtmlCacheBehavior [ RunTime:0.000944s ]
INFO: [ view_filter ] --END-- [ RunTime:0.001111s ]
INFO: [ app_end ] --START--
INFO: Run Behavior\ShowPageTraceBehavior [ RunTime:0.001471s ]
INFO: [ app_end ] --END-- [ RunTime:0.001650s ]

[ 2016-04-01T17:21:24+08:00 ] 127.0.0.1 /index.php/Admin/Manager/checkVerify?code=3pig
INFO: [ app_begin ] --START--
INFO: Run Behavior\ReadHtmlCacheBehavior [ RunTime:0.001006s ]
INFO: [ app_begin ] --END-- [ RunTime:0.001679s ]
INFO: [ app_end ] --START--
INFO: Run Behavior\ShowPageTraceBehavior [ RunTime:0.001044s ]
INFO: [ app_end ] --END-- [ RunTime:0.001164s ]

[ 2016-04-01T17:21:25+08:00 ] 127.0.0.1 /index.php/Admin/Index/index.html
INFO: [ view_parse ] --START--
INFO: [ template_filter ] --START--
INFO: Run Behavior\ContentReplaceBehavior [ RunTime:0.000107s ]
INFO: [ template_filter ] --END-- [ RunTime:0.000279s ]
INFO: Run Behavior\ParseTemplateBehavior [ RunTime:0.014493s ]
INFO: [ view_parse ] --END-- [ RunTime:0.015659s ]
INFO: [ view_filter ] --START--
INFO: Run Behavior\WriteHtmlCacheBehavior [ RunTime:0.000907s ]
INFO: [ view_filter ] --END-- [ RunTime:0.001055s ]
INFO: [ app_end ] --START--
INFO: Run Behavior\ShowPageTraceBehavior [ RunTime:0.001739s ]
INFO: [ app_end ] --END-- [ RunTime:0.001886s ]

[ 2016-04-01T17:21:25+08:00 ] 127.0.0.1 /index.php/Admin/Index/top.html
INFO: [ view_parse ] --START--
INFO: [ template_filter ] --START--
INFO: Run Behavior\ContentReplaceBehavior [ RunTime:0.000128s ]
INFO: [ template_filter ] --END-- [ RunTime:0.000292s ]
INFO: Run Behavior\ParseTemplateBehavior [ RunTime:0.019311s ]
INFO: [ view_parse ] --END-- [ RunTime:0.020815s ]
INFO: [ view_filter ] --START--
INFO: Run Behavior\WriteHtmlCacheBehavior [ RunTime:0.001090s ]
INFO: [ view_filter ] --END-- [ RunTime:0.001249s ]
INFO: [ app_end ] --START--
INFO: Run Behavior\ShowPageTraceBehavior [ RunTime:0.001386s ]
INFO: [ app_end ] --END-- [ RunTime:0.001571s ]

[ 2016-04-01T17:21:25+08:00 ] 127.0.0.1 /index.php/Admin/Index/down.html
INFO: [ view_parse ] --START--
INFO: [ template_filter ] --START--
INFO: Run Behavior\ContentReplaceBehavior [ RunTime:0.000119s ]
INFO: [ template_filter ] --END-- [ RunTime:0.000321s ]
INFO: Run Behavior\ParseTemplateBehavior [ RunTime:0.013530s ]
INFO: [ view_parse ] --END-- [ RunTime:0.014648s ]
INFO: [ view_filter ] --START--
INFO: Run Behavior\WriteHtmlCacheBehavior [ RunTime:0.000806s ]
INFO: [ view_filter ] --END-- [ RunTime:0.000911s ]
INFO: [ app_end ] --START--
INFO: Run Behavior\ShowPageTraceBehavior [ RunTime:0.001730s ]
INFO: [ app_end ] --END-- [ RunTime:0.001944s ]

[ 2016-04-01T17:24:28+08:00 ] 127.0.0.1 /index.php/Admin/Manager/checkVerify?code=2zvn
INFO: [ app_begin ] --START--
INFO: Run Behavior\ReadHtmlCacheBehavior [ RunTime:0.001248s ]
INFO: [ app_begin ] --END-- [ RunTime:0.003016s ]
INFO: [ app_end ] --START--
INFO: Run Behavior\ShowPageTraceBehavior [ RunTime:0.001476s ]
INFO: [ app_end ] --END-- [ RunTime:0.001630s ]

[ 2016-04-01T17:24:30+08:00 ] 127.0.0.1 /index.php/Admin/Manager/checkVerify?code=2zvm
INFO: [ app_begin ] --START--
INFO: Run Behavior\ReadHtmlCacheBehavior [ RunTime:0.001348s ]
INFO: [ app_begin ] --END-- [ RunTime:0.002388s ]
INFO: [ app_end ] --START--
INFO: Run Behavior\ShowPageTraceBehavior [ RunTime:0.001536s ]
INFO: [ app_end ] --END-- [ RunTime:0.001680s ]

[ 2016-04-01T17:24:32+08:00 ] 127.0.0.1 /index.php/Admin/Index/index.html
INFO: [ view_parse ] --START--
INFO: [ template_filter ] --START--
INFO: Run Behavior\ContentReplaceBehavior [ RunTime:0.000123s ]
INFO: [ template_filter ] --END-- [ RunTime:0.000324s ]
INFO: Run Behavior\ParseTemplateBehavior [ RunTime:0.016337s ]
INFO: [ view_parse ] --END-- [ RunTime:0.017387s ]
INFO: [ view_filter ] --START--
INFO: Run Behavior\WriteHtmlCacheBehavior [ RunTime:0.001060s ]
INFO: [ view_filter ] --END-- [ RunTime:0.001225s ]
INFO: [ app_end ] --START--
INFO: Run Behavior\ShowPageTraceBehavior [ RunTime:0.002325s ]
INFO: [ app_end ] --END-- [ RunTime:0.002534s ]

[ 2016-04-01T17:24:32+08:00 ] 127.0.0.1 /index.php/Admin/Index/center.html
INFO: [ view_parse ] --START--
INFO: [ template_filter ] --START--
INFO: Run Behavior\ContentReplaceBehavior [ RunTime:0.000080s ]
INFO: [ template_filter ] --END-- [ RunTime:0.000214s ]
INFO: Run Behavior\ParseTemplateBehavior [ RunTime:0.014925s ]
INFO: [ view_parse ] --END-- [ RunTime:0.016376s ]
INFO: [ view_filter ] --START--
INFO: Run Behavior\WriteHtmlCacheBehavior [ RunTime:0.000900s ]
INFO: [ view_filter ] --END-- [ RunTime:0.001024s ]
INFO: [ app_end ] --START--
INFO: Run Behavior\ShowPageTraceBehavior [ RunTime:0.001100s ]
INFO: [ app_end ] --END-- [ RunTime:0.001202s ]

[ 2016-04-01T17:24:32+08:00 ] 127.0.0.1 /index.php/Admin/Index/top.html
INFO: [ view_parse ] --START--
INFO: [ template_filter ] --START--
INFO: Run Behavior\ContentReplaceBehavior [ RunTime:0.000175s ]
INFO: [ template_filter ] --END-- [ RunTime:0.000367s ]
INFO: Run Behavior\ParseTemplateBehavior [ RunTime:0.023498s ]
INFO: [ view_parse ] --END-- [ RunTime:0.031176s ]
INFO: [ view_filter ] --START--
INFO: Run Behavior\WriteHtmlCacheBehavior [ RunTime:0.001109s ]
INFO: [ view_filter ] --END-- [ RunTime:0.001275s ]
INFO: [ app_end ] --START--
INFO: Run Behavior\ShowPageTraceBehavior [ RunTime:0.003925s ]
INFO: [ app_end ] --END-- [ RunTime:0.004103s ]

[ 2016-04-01T17:24:33+08:00 ] 127.0.0.1 /index.php/Admin/Index/down.html
INFO: [ view_parse ] --START--
INFO: [ template_filter ] --START--
INFO: Run Behavior\ContentReplaceBehavior [ RunTime:0.000083s ]
INFO: [ template_filter ] --END-- [ RunTime:0.000220s ]
INFO: Run Behavior\ParseTemplateBehavior [ RunTime:0.015340s ]
INFO: [ view_parse ] --END-- [ RunTime:0.016489s ]
INFO: [ view_filter ] --START--
INFO: Run Behavior\WriteHtmlCacheBehavior [ RunTime:0.000837s ]
INFO: [ view_filter ] --END-- [ RunTime:0.000981s ]
INFO: [ app_end ] --START--
INFO: Run Behavior\ShowPageTraceBehavior [ RunTime:0.001397s ]
INFO: [ app_end ] --END-- [ RunTime:0.001548s ]

[ 2016-04-01T17:24:33+08:00 ] 127.0.0.1 /index.php/Admin/Index/left.html
SQL: SHOW COLUMNS FROM `sp_auth` [ RunTime:0.0108s ]
SQL: SELECT `auth_id`,`auth_name`,`auth_pid`,`auth_c`,`auth_a` FROM `sp_auth` WHERE `auth_level` = 0  [ RunTime:0.0006s ]
SQL: SELECT `auth_id`,`auth_name`,`auth_pid`,`auth_c`,`auth_a` FROM `sp_auth` WHERE `auth_level` = 1  [ RunTime:0.0005s ]
INFO: [ view_parse ] --START--
INFO: [ template_filter ] --START--
INFO: Run Behavior\ContentReplaceBehavior [ RunTime:0.000135s ]
INFO: [ template_filter ] --END-- [ RunTime:0.000297s ]
INFO: Run Behavior\ParseTemplateBehavior [ RunTime:0.020719s ]
INFO: [ view_parse ] --END-- [ RunTime:0.020910s ]
INFO: [ view_filter ] --START--
INFO: Run Behavior\WriteHtmlCacheBehavior [ RunTime:0.000820s ]
INFO: [ view_filter ] --END-- [ RunTime:0.000974s ]
INFO: [ app_end ] --START--
INFO: Run Behavior\ShowPageTraceBehavior [ RunTime:0.001216s ]
INFO: [ app_end ] --END-- [ RunTime:0.001346s ]

[ 2016-04-01T17:25:12+08:00 ] 127.0.0.1 /Admin/Index/index
INFO: [ view_parse ] --START--
INFO: [ template_filter ] --START--
INFO: Run Behavior\ContentReplaceBehavior [ RunTime:0.000078s ]
INFO: [ template_filter ] --END-- [ RunTime:0.000202s ]
INFO: Run Behavior\ParseTemplateBehavior [ RunTime:0.012050s ]
INFO: [ view_parse ] --END-- [ RunTime:0.012940s ]
INFO: [ view_filter ] --START--
INFO: Run Behavior\WriteHtmlCacheBehavior [ RunTime:0.000758s ]
INFO: [ view_filter ] --END-- [ RunTime:0.000913s ]
NOTIC: [2] Cannot modify header information - headers already sent by (output started at E:\web\php43\shop\Tools\AdminController.class.php:54) E:\web\php43\ThinkPHP\Library\Think\View.class.php 第 91 行.
NOTIC: [2] Cannot modify header information - headers already sent by (output started at E:\web\php43\shop\Tools\AdminController.class.php:54) E:\web\php43\ThinkPHP\Library\Think\View.class.php 第 92 行.
NOTIC: [2] Cannot modify header information - headers already sent by (output started at E:\web\php43\shop\Tools\AdminController.class.php:54) E:\web\php43\ThinkPHP\Library\Think\View.class.php 第 93 行.
INFO: [ app_end ] --START--
INFO: Run Behavior\ShowPageTraceBehavior [ RunTime:0.001406s ]
INFO: [ app_end ] --END-- [ RunTime:0.001565s ]

[ 2016-04-01T17:27:00+08:00 ] 127.0.0.1 /index.php/Admin/Manager/checkVerify?code=htcb
INFO: [ app_begin ] --START--
INFO: Run Behavior\ReadHtmlCacheBehavior [ RunTime:0.001245s ]
INFO: [ app_begin ] --END-- [ RunTime:0.002091s ]
INFO: [ app_end ] --START--
INFO: Run Behavior\ShowPageTraceBehavior [ RunTime:0.001062s ]
INFO: [ app_end ] --END-- [ RunTime:0.001181s ]

[ 2016-04-01T17:27:06+08:00 ] 127.0.0.1 /index.php/Admin/Manager/checkVerify?code=cd5c
INFO: [ app_begin ] --START--
INFO: Run Behavior\ReadHtmlCacheBehavior [ RunTime:0.000916s ]
INFO: [ app_begin ] --END-- [ RunTime:0.001598s ]
INFO: [ app_end ] --START--
INFO: Run Behavior\ShowPageTraceBehavior [ RunTime:0.000959s ]
INFO: [ app_end ] --END-- [ RunTime:0.001104s ]

[ 2016-04-01T17:27:07+08:00 ] 127.0.0.1 /index.php/Admin/Index/index.html
INFO: [ view_parse ] --START--
INFO: [ template_filter ] --START--
INFO: Run Behavior\ContentReplaceBehavior [ RunTime:0.000114s ]
INFO: [ template_filter ] --END-- [ RunTime:0.000280s ]
INFO: Run Behavior\ParseTemplateBehavior [ RunTime:0.018703s ]
INFO: [ view_parse ] --END-- [ RunTime:0.019856s ]
INFO: [ view_filter ] --START--
INFO: Run Behavior\WriteHtmlCacheBehavior [ RunTime:0.001484s ]
INFO: [ view_filter ] --END-- [ RunTime:0.001667s ]
INFO: [ app_end ] --START--
INFO: Run Behavior\ShowPageTraceBehavior [ RunTime:0.001602s ]
INFO: [ app_end ] --END-- [ RunTime:0.001770s ]

[ 2016-04-01T17:27:07+08:00 ] 127.0.0.1 /index.php/Admin/Index/top.html
INFO: [ view_parse ] --START--
INFO: [ template_filter ] --START--
INFO: Run Behavior\ContentReplaceBehavior [ RunTime:0.000179s ]
INFO: [ template_filter ] --END-- [ RunTime:0.000368s ]
INFO: Run Behavior\ParseTemplateBehavior [ RunTime:0.022234s ]
INFO: [ view_parse ] --END-- [ RunTime:0.023243s ]
INFO: [ view_filter ] --START--
INFO: Run Behavior\WriteHtmlCacheBehavior [ RunTime:0.000799s ]
INFO: [ view_filter ] --END-- [ RunTime:0.000945s ]
INFO: [ app_end ] --START--
INFO: Run Behavior\ShowPageTraceBehavior [ RunTime:0.001349s ]
INFO: [ app_end ] --END-- [ RunTime:0.001580s ]

[ 2016-04-01T17:27:07+08:00 ] 127.0.0.1 /index.php/Admin/Index/center.html
INFO: [ view_parse ] --START--
INFO: [ template_filter ] --START--
INFO: Run Behavior\ContentReplaceBehavior [ RunTime:0.000081s ]
INFO: [ template_filter ] --END-- [ RunTime:0.000207s ]
INFO: Run Behavior\ParseTemplateBehavior [ RunTime:0.013555s ]
INFO: [ view_parse ] --END-- [ RunTime:0.014435s ]
INFO: [ view_filter ] --START--
INFO: Run Behavior\WriteHtmlCacheBehavior [ RunTime:0.000684s ]
INFO: [ view_filter ] --END-- [ RunTime:0.000782s ]
INFO: [ app_end ] --START--
INFO: Run Behavior\ShowPageTraceBehavior [ RunTime:0.001113s ]
INFO: [ app_end ] --END-- [ RunTime:0.001238s ]

[ 2016-04-01T17:27:08+08:00 ] 127.0.0.1 /index.php/Admin/Index/down.html
INFO: [ view_parse ] --START--
INFO: [ template_filter ] --START--
INFO: Run Behavior\ContentReplaceBehavior [ RunTime:0.000237s ]
INFO: [ template_filter ] --END-- [ RunTime:0.000609s ]
INFO: Run Behavior\ParseTemplateBehavior [ RunTime:0.019058s ]
INFO: [ view_parse ] --END-- [ RunTime:0.020051s ]
INFO: [ view_filter ] --START--
INFO: Run Behavior\WriteHtmlCacheBehavior [ RunTime:0.001072s ]
INFO: [ view_filter ] --END-- [ RunTime:0.001257s ]
INFO: [ app_end ] --START--
INFO: Run Behavior\ShowPageTraceBehavior [ RunTime:0.001600s ]
INFO: [ app_end ] --END-- [ RunTime:0.001765s ]

[ 2016-04-01T17:27:08+08:00 ] 127.0.0.1 /index.php/Admin/Index/left.html
SQL: SHOW COLUMNS FROM `sp_auth` [ RunTime:0.0126s ]
SQL: SELECT `auth_id`,`auth_name`,`auth_pid`,`auth_c`,`auth_a` FROM `sp_auth` WHERE `auth_level` = 0  [ RunTime:0.0005s ]
SQL: SELECT `auth_id`,`auth_name`,`auth_pid`,`auth_c`,`auth_a` FROM `sp_auth` WHERE `auth_level` = 1  [ RunTime:0.0005s ]
INFO: [ view_parse ] --START--
INFO: [ template_filter ] --START--
INFO: Run Behavior\ContentReplaceBehavior [ RunTime:0.000095s ]
INFO: [ template_filter ] --END-- [ RunTime:0.000246s ]
INFO: Run Behavior\ParseTemplateBehavior [ RunTime:0.021059s ]
INFO: [ view_parse ] --END-- [ RunTime:0.021259s ]
INFO: [ view_filter ] --START--
INFO: Run Behavior\WriteHtmlCacheBehavior [ RunTime:0.000649s ]
INFO: [ view_filter ] --END-- [ RunTime:0.000758s ]
INFO: [ app_end ] --START--
INFO: Run Behavior\ShowPageTraceBehavior [ RunTime:0.000963s ]
INFO: [ app_end ] --END-- [ RunTime:0.001090s ]

