[ 2016-04-02T09:14:55+08:00 ] 127.0.0.1 /Admin/Index/index
INFO: [ view_parse ] --START--
INFO: [ template_filter ] --START--
INFO: Run Behavior\ContentReplaceBehavior [ RunTime:0.000118s ]
INFO: [ template_filter ] --END-- [ RunTime:0.000302s ]
INFO: Run Behavior\ParseTemplateBehavior [ RunTime:0.059123s ]
INFO: [ view_parse ] --END-- [ RunTime:0.073726s ]
INFO: [ view_filter ] --START--
INFO: Run Behavior\WriteHtmlCacheBehavior [ RunTime:0.014802s ]
INFO: [ view_filter ] --END-- [ RunTime:0.014988s ]
NOTIC: [2] Cannot modify header information - headers already sent by (output started at E:\web\php43\shop\Tools\AdminController.class.php:52) E:\web\php43\ThinkPHP\Library\Think\View.class.php 第 91 行.
NOTIC: [2] Cannot modify header information - headers already sent by (output started at E:\web\php43\shop\Tools\AdminController.class.php:52) E:\web\php43\ThinkPHP\Library\Think\View.class.php 第 92 行.
NOTIC: [2] Cannot modify header information - headers already sent by (output started at E:\web\php43\shop\Tools\AdminController.class.php:52) E:\web\php43\ThinkPHP\Library\Think\View.class.php 第 93 行.
INFO: [ app_end ] --START--
INFO: Run Behavior\ShowPageTraceBehavior [ RunTime:0.015604s ]
INFO: [ app_end ] --END-- [ RunTime:0.015789s ]

[ 2016-04-02T09:15:03+08:00 ] 127.0.0.1 /index.php/Admin/Manager/checkVerify?code=jhpk
INFO: [ app_begin ] --START--
INFO: Run Behavior\ReadHtmlCacheBehavior [ RunTime:0.001122s ]
INFO: [ app_begin ] --END-- [ RunTime:0.002041s ]
INFO: [ app_end ] --START--
INFO: Run Behavior\ShowPageTraceBehavior [ RunTime:0.001111s ]
INFO: [ app_end ] --END-- [ RunTime:0.001296s ]

[ 2016-04-02T09:15:05+08:00 ] 127.0.0.1 /index.php/Admin/Index/index.html
INFO: [ view_parse ] --START--
INFO: [ template_filter ] --START--
INFO: Run Behavior\ContentReplaceBehavior [ RunTime:0.000084s ]
INFO: [ template_filter ] --END-- [ RunTime:0.000222s ]
INFO: Run Behavior\ParseTemplateBehavior [ RunTime:0.011192s ]
INFO: [ view_parse ] --END-- [ RunTime:0.012315s ]
INFO: [ view_filter ] --START--
INFO: Run Behavior\WriteHtmlCacheBehavior [ RunTime:0.000715s ]
INFO: [ view_filter ] --END-- [ RunTime:0.000838s ]
INFO: [ app_end ] --START--
INFO: Run Behavior\ShowPageTraceBehavior [ RunTime:0.001250s ]
INFO: [ app_end ] --END-- [ RunTime:0.001398s ]

[ 2016-04-02T09:15:05+08:00 ] 127.0.0.1 /index.php/Admin/Index/top.html
INFO: [ view_parse ] --START--
INFO: [ template_filter ] --START--
INFO: Run Behavior\ContentReplaceBehavior [ RunTime:0.000188s ]
INFO: [ template_filter ] --END-- [ RunTime:0.000376s ]
INFO: Run Behavior\ParseTemplateBehavior [ RunTime:0.179046s ]
INFO: [ view_parse ] --END-- [ RunTime:0.180146s ]
INFO: [ view_filter ] --START--
INFO: Run Behavior\WriteHtmlCacheBehavior [ RunTime:0.001119s ]
INFO: [ view_filter ] --END-- [ RunTime:0.001330s ]
INFO: [ app_end ] --START--
INFO: Run Behavior\ShowPageTraceBehavior [ RunTime:0.001320s ]
INFO: [ app_end ] --END-- [ RunTime:0.001472s ]

[ 2016-04-02T09:15:05+08:00 ] 127.0.0.1 /index.php/Admin/Index/down.html
INFO: [ view_parse ] --START--
INFO: [ template_filter ] --START--
INFO: Run Behavior\ContentReplaceBehavior [ RunTime:0.000120s ]
INFO: [ template_filter ] --END-- [ RunTime:0.000344s ]
INFO: Run Behavior\ParseTemplateBehavior [ RunTime:0.044364s ]
INFO: [ view_parse ] --END-- [ RunTime:0.045541s ]
INFO: [ view_filter ] --START--
INFO: Run Behavior\WriteHtmlCacheBehavior [ RunTime:0.000732s ]
INFO: [ view_filter ] --END-- [ RunTime:0.000853s ]
INFO: [ app_end ] --START--
INFO: Run Behavior\ShowPageTraceBehavior [ RunTime:0.008010s ]
INFO: [ app_end ] --END-- [ RunTime:0.008246s ]

[ 2016-04-02T09:15:05+08:00 ] 127.0.0.1 /index.php/Admin/Index/center.html
INFO: [ view_parse ] --START--
INFO: [ template_filter ] --START--
INFO: Run Behavior\ContentReplaceBehavior [ RunTime:0.000116s ]
INFO: [ template_filter ] --END-- [ RunTime:0.000303s ]
INFO: Run Behavior\ParseTemplateBehavior [ RunTime:0.022596s ]
INFO: [ view_parse ] --END-- [ RunTime:0.023723s ]
INFO: [ view_filter ] --START--
INFO: Run Behavior\WriteHtmlCacheBehavior [ RunTime:0.001036s ]
INFO: [ view_filter ] --END-- [ RunTime:0.001195s ]
INFO: [ app_end ] --START--
INFO: Run Behavior\ShowPageTraceBehavior [ RunTime:0.002444s ]
INFO: [ app_end ] --END-- [ RunTime:0.002636s ]

[ 2016-04-02T09:15:05+08:00 ] 127.0.0.1 /index.php/Admin/Index/left.html
SQL: SHOW COLUMNS FROM `sp_auth` [ RunTime:0.0104s ]
SQL: SELECT `auth_id`,`auth_name`,`auth_pid`,`auth_c`,`auth_a` FROM `sp_auth` WHERE `auth_level` = 0  [ RunTime:0.0010s ]
SQL: SELECT `auth_id`,`auth_name`,`auth_pid`,`auth_c`,`auth_a` FROM `sp_auth` WHERE `auth_level` = 1  [ RunTime:0.0010s ]
INFO: [ view_parse ] --START--
INFO: [ template_filter ] --START--
INFO: Run Behavior\ContentReplaceBehavior [ RunTime:0.000139s ]
INFO: [ template_filter ] --END-- [ RunTime:0.000334s ]
INFO: Run Behavior\ParseTemplateBehavior [ RunTime:0.034350s ]
INFO: [ view_parse ] --END-- [ RunTime:0.034525s ]
INFO: [ view_filter ] --START--
INFO: Run Behavior\WriteHtmlCacheBehavior [ RunTime:0.000563s ]
INFO: [ view_filter ] --END-- [ RunTime:0.000661s ]
INFO: [ app_end ] --START--
INFO: Run Behavior\ShowPageTraceBehavior [ RunTime:0.001129s ]
INFO: [ app_end ] --END-- [ RunTime:0.001254s ]

[ 2016-04-02T10:13:55+08:00 ] 127.0.0.1 /index.php/Admin/Index/index.html
INFO: [ view_parse ] --START--
INFO: [ template_filter ] --START--
INFO: Run Behavior\ContentReplaceBehavior [ RunTime:0.000083s ]
INFO: [ template_filter ] --END-- [ RunTime:0.000231s ]
INFO: Run Behavior\ParseTemplateBehavior [ RunTime:0.014812s ]
INFO: [ view_parse ] --END-- [ RunTime:0.015630s ]
INFO: [ view_filter ] --START--
INFO: Run Behavior\WriteHtmlCacheBehavior [ RunTime:0.000845s ]
INFO: [ view_filter ] --END-- [ RunTime:0.000981s ]
INFO: [ app_end ] --START--
INFO: Run Behavior\ShowPageTraceBehavior [ RunTime:0.001864s ]
INFO: [ app_end ] --END-- [ RunTime:0.002055s ]

[ 2016-04-02T10:13:55+08:00 ] 127.0.0.1 /index.php/Admin/Index/top.html
INFO: [ view_parse ] --START--
INFO: [ template_filter ] --START--
INFO: Run Behavior\ContentReplaceBehavior [ RunTime:0.000109s ]
INFO: [ template_filter ] --END-- [ RunTime:0.000228s ]
INFO: Run Behavior\ParseTemplateBehavior [ RunTime:0.014164s ]
INFO: [ view_parse ] --END-- [ RunTime:0.015001s ]
INFO: [ view_filter ] --START--
INFO: Run Behavior\WriteHtmlCacheBehavior [ RunTime:0.001280s ]
INFO: [ view_filter ] --END-- [ RunTime:0.001524s ]
INFO: [ app_end ] --START--
INFO: Run Behavior\ShowPageTraceBehavior [ RunTime:0.001435s ]
INFO: [ app_end ] --END-- [ RunTime:0.001589s ]

[ 2016-04-02T10:13:55+08:00 ] 127.0.0.1 /index.php/Admin/Index/down.html
INFO: [ view_parse ] --START--
INFO: [ template_filter ] --START--
INFO: Run Behavior\ContentReplaceBehavior [ RunTime:0.000186s ]
INFO: [ template_filter ] --END-- [ RunTime:0.000473s ]
INFO: Run Behavior\ParseTemplateBehavior [ RunTime:0.023945s ]
INFO: [ view_parse ] --END-- [ RunTime:0.025284s ]
INFO: [ view_filter ] --START--
INFO: Run Behavior\WriteHtmlCacheBehavior [ RunTime:0.001033s ]
INFO: [ view_filter ] --END-- [ RunTime:0.001178s ]
INFO: [ app_end ] --START--
INFO: Run Behavior\ShowPageTraceBehavior [ RunTime:0.002828s ]
INFO: [ app_end ] --END-- [ RunTime:0.002992s ]

[ 2016-04-02T10:13:55+08:00 ] 127.0.0.1 /index.php/Admin/Index/center.html
INFO: [ view_parse ] --START--
INFO: [ template_filter ] --START--
INFO: Run Behavior\ContentReplaceBehavior [ RunTime:0.000124s ]
INFO: [ template_filter ] --END-- [ RunTime:0.000317s ]
INFO: Run Behavior\ParseTemplateBehavior [ RunTime:0.018688s ]
INFO: [ view_parse ] --END-- [ RunTime:0.019746s ]
INFO: [ view_filter ] --START--
INFO: Run Behavior\WriteHtmlCacheBehavior [ RunTime:0.000806s ]
INFO: [ view_filter ] --END-- [ RunTime:0.000913s ]
INFO: [ app_end ] --START--
INFO: Run Behavior\ShowPageTraceBehavior [ RunTime:0.001629s ]
INFO: [ app_end ] --END-- [ RunTime:0.001787s ]

[ 2016-04-02T10:13:56+08:00 ] 127.0.0.1 /index.php/Admin/Index/left.html
SQL: SHOW COLUMNS FROM `sp_auth` [ RunTime:0.0145s ]
SQL: SELECT `auth_id`,`auth_name`,`auth_pid`,`auth_c`,`auth_a` FROM `sp_auth` WHERE `auth_level` = 0  [ RunTime:0.0005s ]
SQL: SELECT `auth_id`,`auth_name`,`auth_pid`,`auth_c`,`auth_a` FROM `sp_auth` WHERE `auth_level` = 1  [ RunTime:0.0004s ]
INFO: [ view_parse ] --START--
INFO: [ template_filter ] --START--
INFO: Run Behavior\ContentReplaceBehavior [ RunTime:0.000147s ]
INFO: [ template_filter ] --END-- [ RunTime:0.000344s ]
INFO: Run Behavior\ParseTemplateBehavior [ RunTime:0.020602s ]
INFO: [ view_parse ] --END-- [ RunTime:0.020861s ]
INFO: [ view_filter ] --START--
INFO: Run Behavior\WriteHtmlCacheBehavior [ RunTime:0.002255s ]
INFO: [ view_filter ] --END-- [ RunTime:0.002575s ]
INFO: [ app_end ] --START--
INFO: Run Behavior\ShowPageTraceBehavior [ RunTime:0.001251s ]
INFO: [ app_end ] --END-- [ RunTime:0.001392s ]

[ 2016-04-02T11:26:04+08:00 ] 127.0.0.1 /index.php/Admin/Attribute/getAttributeByType?type_id=1
INFO: [ app_begin ] --START--
INFO: Run Behavior\ReadHtmlCacheBehavior [ RunTime:0.001709s ]
INFO: [ app_begin ] --END-- [ RunTime:0.002713s ]
SQL: SHOW COLUMNS FROM `sp_manager` [ RunTime:0.0077s ]
SQL: SELECT r.role_auth_ac FROM sp_manager m left join sp_role r on m.role_id=r.role_id  WHERE m.mg_id = '502' LIMIT 1   [ RunTime:0.0002s ]
SQL: SHOW COLUMNS FROM `sp_attribute` [ RunTime:0.0067s ]
SQL: SELECT * FROM `sp_attribute` WHERE `type_id` = 1  [ RunTime:0.0006s ]
INFO: [ app_end ] --START--
INFO: Run Behavior\ShowPageTraceBehavior [ RunTime:0.001362s ]
INFO: [ app_end ] --END-- [ RunTime:0.001469s ]

[ 2016-04-02T11:35:18+08:00 ] 127.0.0.1 /index.php/Admin/Attribute/getAttributeByType?type_id=1
INFO: [ app_begin ] --START--
INFO: Run Behavior\ReadHtmlCacheBehavior [ RunTime:0.001482s ]
INFO: [ app_begin ] --END-- [ RunTime:0.002616s ]
SQL: SHOW COLUMNS FROM `sp_manager` [ RunTime:0.0066s ]
SQL: SELECT r.role_auth_ac FROM sp_manager m left join sp_role r on m.role_id=r.role_id  WHERE m.mg_id = '502' LIMIT 1   [ RunTime:0.0003s ]
SQL: SHOW COLUMNS FROM `sp_attribute` [ RunTime:0.0073s ]
SQL: SELECT * FROM `sp_attribute` WHERE `type_id` = 1  [ RunTime:0.0003s ]
INFO: [ app_end ] --START--
INFO: Run Behavior\ShowPageTraceBehavior [ RunTime:0.001318s ]
INFO: [ app_end ] --END-- [ RunTime:0.001425s ]

[ 2016-04-02T11:35:23+08:00 ] 127.0.0.1 /index.php/Admin/Attribute/getAttributeByType?type_id=4
INFO: [ app_begin ] --START--
INFO: Run Behavior\ReadHtmlCacheBehavior [ RunTime:0.000906s ]
INFO: [ app_begin ] --END-- [ RunTime:0.001581s ]
SQL: SHOW COLUMNS FROM `sp_manager` [ RunTime:0.0117s ]
SQL: SELECT r.role_auth_ac FROM sp_manager m left join sp_role r on m.role_id=r.role_id  WHERE m.mg_id = '502' LIMIT 1   [ RunTime:0.0003s ]
SQL: SHOW COLUMNS FROM `sp_attribute` [ RunTime:0.0101s ]
SQL: SELECT * FROM `sp_attribute` WHERE `type_id` = 4  [ RunTime:0.0008s ]
INFO: [ app_end ] --START--
INFO: Run Behavior\ShowPageTraceBehavior [ RunTime:0.001274s ]
INFO: [ app_end ] --END-- [ RunTime:0.001427s ]

[ 2016-04-02T11:36:31+08:00 ] 127.0.0.1 /index.php/Admin/Attribute/getAttributeByType?type_id=1
INFO: [ app_begin ] --START--
INFO: Run Behavior\ReadHtmlCacheBehavior [ RunTime:0.001241s ]
INFO: [ app_begin ] --END-- [ RunTime:0.002046s ]
SQL: SHOW COLUMNS FROM `sp_manager` [ RunTime:0.0216s ]
SQL: SELECT r.role_auth_ac FROM sp_manager m left join sp_role r on m.role_id=r.role_id  WHERE m.mg_id = '502' LIMIT 1   [ RunTime:0.0003s ]
SQL: SHOW COLUMNS FROM `sp_attribute` [ RunTime:0.0080s ]
SQL: SELECT * FROM `sp_attribute` WHERE `type_id` = 1  [ RunTime:0.0003s ]
INFO: [ app_end ] --START--
INFO: Run Behavior\ShowPageTraceBehavior [ RunTime:0.001153s ]
INFO: [ app_end ] --END-- [ RunTime:0.001277s ]

[ 2016-04-02T11:36:44+08:00 ] 127.0.0.1 /index.php/Admin/Attribute/getAttributeByType?type_id=1
INFO: [ app_begin ] --START--
INFO: Run Behavior\ReadHtmlCacheBehavior [ RunTime:0.001364s ]
INFO: [ app_begin ] --END-- [ RunTime:0.002290s ]
SQL: SHOW COLUMNS FROM `sp_manager` [ RunTime:0.0070s ]
SQL: SELECT r.role_auth_ac FROM sp_manager m left join sp_role r on m.role_id=r.role_id  WHERE m.mg_id = '502' LIMIT 1   [ RunTime:0.0002s ]
SQL: SHOW COLUMNS FROM `sp_attribute` [ RunTime:0.0065s ]
SQL: SELECT * FROM `sp_attribute` WHERE `type_id` = 1  [ RunTime:0.0003s ]
INFO: [ app_end ] --START--
INFO: Run Behavior\ShowPageTraceBehavior [ RunTime:0.001092s ]
INFO: [ app_end ] --END-- [ RunTime:0.001194s ]

[ 2016-04-02T11:36:47+08:00 ] 127.0.0.1 /index.php/Admin/Attribute/getAttributeByType?type_id=4
INFO: [ app_begin ] --START--
INFO: Run Behavior\ReadHtmlCacheBehavior [ RunTime:0.000939s ]
INFO: [ app_begin ] --END-- [ RunTime:0.001646s ]
SQL: SHOW COLUMNS FROM `sp_manager` [ RunTime:0.0112s ]
SQL: SELECT r.role_auth_ac FROM sp_manager m left join sp_role r on m.role_id=r.role_id  WHERE m.mg_id = '502' LIMIT 1   [ RunTime:0.0004s ]
SQL: SHOW COLUMNS FROM `sp_attribute` [ RunTime:0.0071s ]
SQL: SELECT * FROM `sp_attribute` WHERE `type_id` = 4  [ RunTime:0.0004s ]
INFO: [ app_end ] --START--
INFO: Run Behavior\ShowPageTraceBehavior [ RunTime:0.001084s ]
INFO: [ app_end ] --END-- [ RunTime:0.001190s ]

[ 2016-04-02T11:39:08+08:00 ] 127.0.0.1 /index.php/Admin/Attribute/getAttributeByType?type_id=1
INFO: [ app_begin ] --START--
INFO: Run Behavior\ReadHtmlCacheBehavior [ RunTime:0.001182s ]
INFO: [ app_begin ] --END-- [ RunTime:0.001952s ]
SQL: SHOW COLUMNS FROM `sp_manager` [ RunTime:0.0087s ]
SQL: SELECT r.role_auth_ac FROM sp_manager m left join sp_role r on m.role_id=r.role_id  WHERE m.mg_id = '502' LIMIT 1   [ RunTime:0.0003s ]
SQL: SHOW COLUMNS FROM `sp_attribute` [ RunTime:0.0065s ]
ERR: SQLSTATE[23000]: Integrity constraint violation: 1052 Column 'type_id' in where clause is ambiguous

[ 2016-04-02T11:39:43+08:00 ] 127.0.0.1 /index.php/Admin/Attribute/getAttributeByType?type_id=1
INFO: [ app_begin ] --START--
INFO: Run Behavior\ReadHtmlCacheBehavior [ RunTime:0.001211s ]
INFO: [ app_begin ] --END-- [ RunTime:0.002271s ]
SQL: SHOW COLUMNS FROM `sp_manager` [ RunTime:0.0087s ]
SQL: SELECT r.role_auth_ac FROM sp_manager m left join sp_role r on m.role_id=r.role_id  WHERE m.mg_id = '502' LIMIT 1   [ RunTime:0.0003s ]
SQL: SHOW COLUMNS FROM `sp_attribute` [ RunTime:0.0090s ]
ERR: SQLSTATE[23000]: Integrity constraint violation: 1052 Column 'type_id' in where clause is ambiguous

[ 2016-04-02T11:40:28+08:00 ] 127.0.0.1 /index.php/Admin/Attribute/getAttributeByType?type_id=1
INFO: [ app_begin ] --START--
INFO: Run Behavior\ReadHtmlCacheBehavior [ RunTime:0.001829s ]
INFO: [ app_begin ] --END-- [ RunTime:0.002870s ]
SQL: SHOW COLUMNS FROM `sp_manager` [ RunTime:0.0073s ]
SQL: SELECT r.role_auth_ac FROM sp_manager m left join sp_role r on m.role_id=r.role_id  WHERE m.mg_id = '502' LIMIT 1   [ RunTime:0.0003s ]
SQL: SHOW COLUMNS FROM `sp_attribute` [ RunTime:0.0086s ]
SQL: SELECT a.*,t.type_name FROM sp_attribute a INNER JOIN sp_type t on a.type_id=t.type_id  WHERE a.type_id = '1'  [ RunTime:0.0013s ]
INFO: [ app_end ] --START--
INFO: Run Behavior\ShowPageTraceBehavior [ RunTime:0.002697s ]
INFO: [ app_end ] --END-- [ RunTime:0.002948s ]

[ 2016-04-02T11:40:38+08:00 ] 127.0.0.1 /index.php/Admin/Attribute/getAttributeByType?type_id=4
INFO: [ app_begin ] --START--
INFO: Run Behavior\ReadHtmlCacheBehavior [ RunTime:0.002312s ]
INFO: [ app_begin ] --END-- [ RunTime:0.003290s ]
SQL: SHOW COLUMNS FROM `sp_manager` [ RunTime:0.0096s ]
SQL: SELECT r.role_auth_ac FROM sp_manager m left join sp_role r on m.role_id=r.role_id  WHERE m.mg_id = '502' LIMIT 1   [ RunTime:0.0003s ]
SQL: SHOW COLUMNS FROM `sp_attribute` [ RunTime:0.0098s ]
SQL: SELECT a.*,t.type_name FROM sp_attribute a INNER JOIN sp_type t on a.type_id=t.type_id  WHERE a.type_id = '4'  [ RunTime:0.0007s ]
INFO: [ app_end ] --START--
INFO: Run Behavior\ShowPageTraceBehavior [ RunTime:0.001829s ]
INFO: [ app_end ] --END-- [ RunTime:0.002000s ]

[ 2016-04-02T11:47:02+08:00 ] 127.0.0.1 /index.php/Admin/Attribute/getAttributeByType?type_id=4
INFO: [ app_begin ] --START--
INFO: Run Behavior\ReadHtmlCacheBehavior [ RunTime:0.000900s ]
INFO: [ app_begin ] --END-- [ RunTime:0.001558s ]
SQL: SHOW COLUMNS FROM `sp_manager` [ RunTime:0.0098s ]
SQL: SELECT r.role_auth_ac FROM sp_manager m left join sp_role r on m.role_id=r.role_id  WHERE m.mg_id = '502' LIMIT 1   [ RunTime:0.0008s ]
SQL: SHOW COLUMNS FROM `sp_attribute` [ RunTime:0.0093s ]
SQL: SELECT a.*,t.type_name FROM sp_attribute a INNER JOIN sp_type t on a.type_id=t.type_id  WHERE a.type_id = '4'  [ RunTime:0.0006s ]
INFO: [ app_end ] --START--
INFO: Run Behavior\ShowPageTraceBehavior [ RunTime:0.002158s ]
INFO: [ app_end ] --END-- [ RunTime:0.003184s ]

[ 2016-04-02T11:47:19+08:00 ] 127.0.0.1 /index.php/Admin/Attribute/getAttributeByType?type_id=1
INFO: [ app_begin ] --START--
INFO: Run Behavior\ReadHtmlCacheBehavior [ RunTime:0.001053s ]
INFO: [ app_begin ] --END-- [ RunTime:0.001880s ]
SQL: SHOW COLUMNS FROM `sp_manager` [ RunTime:0.0084s ]
SQL: SELECT r.role_auth_ac FROM sp_manager m left join sp_role r on m.role_id=r.role_id  WHERE m.mg_id = '502' LIMIT 1   [ RunTime:0.0006s ]
SQL: SHOW COLUMNS FROM `sp_attribute` [ RunTime:0.0092s ]
SQL: SELECT a.*,t.type_name FROM sp_attribute a INNER JOIN sp_type t on a.type_id=t.type_id  WHERE a.type_id = '1'  [ RunTime:0.0004s ]
INFO: [ app_end ] --START--
INFO: Run Behavior\ShowPageTraceBehavior [ RunTime:0.001597s ]
INFO: [ app_end ] --END-- [ RunTime:0.001745s ]

[ 2016-04-02T11:47:25+08:00 ] 127.0.0.1 /index.php/Admin/Attribute/getAttributeByType?type_id=4
INFO: [ app_begin ] --START--
INFO: Run Behavior\ReadHtmlCacheBehavior [ RunTime:0.001331s ]
INFO: [ app_begin ] --END-- [ RunTime:0.002588s ]
SQL: SHOW COLUMNS FROM `sp_manager` [ RunTime:0.0084s ]
SQL: SELECT r.role_auth_ac FROM sp_manager m left join sp_role r on m.role_id=r.role_id  WHERE m.mg_id = '502' LIMIT 1   [ RunTime:0.0003s ]
SQL: SHOW COLUMNS FROM `sp_attribute` [ RunTime:0.0103s ]
SQL: SELECT a.*,t.type_name FROM sp_attribute a INNER JOIN sp_type t on a.type_id=t.type_id  WHERE a.type_id = '4'  [ RunTime:0.0006s ]
INFO: [ app_end ] --START--
INFO: Run Behavior\ShowPageTraceBehavior [ RunTime:0.002522s ]
INFO: [ app_end ] --END-- [ RunTime:0.002745s ]

[ 2016-04-02T11:47:30+08:00 ] 127.0.0.1 /index.php/Admin/Attribute/getAttributeByType?type_id=1
INFO: [ app_begin ] --START--
INFO: Run Behavior\ReadHtmlCacheBehavior [ RunTime:0.001174s ]
INFO: [ app_begin ] --END-- [ RunTime:0.002018s ]
SQL: SHOW COLUMNS FROM `sp_manager` [ RunTime:0.0142s ]
SQL: SELECT r.role_auth_ac FROM sp_manager m left join sp_role r on m.role_id=r.role_id  WHERE m.mg_id = '502' LIMIT 1   [ RunTime:0.0004s ]
SQL: SHOW COLUMNS FROM `sp_attribute` [ RunTime:0.0105s ]
SQL: SELECT a.*,t.type_name FROM sp_attribute a INNER JOIN sp_type t on a.type_id=t.type_id  WHERE a.type_id = '1'  [ RunTime:0.0004s ]
INFO: [ app_end ] --START--
INFO: Run Behavior\ShowPageTraceBehavior [ RunTime:0.001225s ]
INFO: [ app_end ] --END-- [ RunTime:0.001376s ]

[ 2016-04-02T11:47:35+08:00 ] 127.0.0.1 /index.php/Admin/Attribute/getAttributeByType?type_id=4
INFO: [ app_begin ] --START--
INFO: Run Behavior\ReadHtmlCacheBehavior [ RunTime:0.006295s ]
INFO: [ app_begin ] --END-- [ RunTime:0.007625s ]
SQL: SHOW COLUMNS FROM `sp_manager` [ RunTime:0.0107s ]
SQL: SELECT r.role_auth_ac FROM sp_manager m left join sp_role r on m.role_id=r.role_id  WHERE m.mg_id = '502' LIMIT 1   [ RunTime:0.0004s ]
SQL: SHOW COLUMNS FROM `sp_attribute` [ RunTime:0.0073s ]
SQL: SELECT a.*,t.type_name FROM sp_attribute a INNER JOIN sp_type t on a.type_id=t.type_id  WHERE a.type_id = '4'  [ RunTime:0.0004s ]
INFO: [ app_end ] --START--
INFO: Run Behavior\ShowPageTraceBehavior [ RunTime:0.001962s ]
INFO: [ app_end ] --END-- [ RunTime:0.002143s ]

[ 2016-04-02T11:49:50+08:00 ] 127.0.0.1 /index.php/Admin/Attribute/getAttributeByType?type_id=4
INFO: [ app_begin ] --START--
INFO: Run Behavior\ReadHtmlCacheBehavior [ RunTime:0.001047s ]
INFO: [ app_begin ] --END-- [ RunTime:0.001945s ]
SQL: SHOW COLUMNS FROM `sp_manager` [ RunTime:0.0087s ]
SQL: SELECT r.role_auth_ac FROM sp_manager m left join sp_role r on m.role_id=r.role_id  WHERE m.mg_id = '502' LIMIT 1   [ RunTime:0.0012s ]
SQL: SHOW COLUMNS FROM `sp_attribute` [ RunTime:0.0095s ]
SQL: SELECT a.*,t.type_name FROM sp_attribute a INNER JOIN sp_type t on a.type_id=t.type_id  WHERE a.type_id = '4'  [ RunTime:0.0004s ]
INFO: [ app_end ] --START--
INFO: Run Behavior\ShowPageTraceBehavior [ RunTime:0.001100s ]
INFO: [ app_end ] --END-- [ RunTime:0.001205s ]

[ 2016-04-02T11:51:16+08:00 ] 127.0.0.1 /index.php/Admin/Attribute/getAttributeByType?type_id=4
INFO: [ app_begin ] --START--
INFO: Run Behavior\ReadHtmlCacheBehavior [ RunTime:0.001755s ]
INFO: [ app_begin ] --END-- [ RunTime:0.003141s ]
SQL: SHOW COLUMNS FROM `sp_manager` [ RunTime:0.0094s ]
SQL: SELECT r.role_auth_ac FROM sp_manager m left join sp_role r on m.role_id=r.role_id  WHERE m.mg_id = '502' LIMIT 1   [ RunTime:0.0003s ]
SQL: SHOW COLUMNS FROM `sp_attribute` [ RunTime:0.0080s ]
SQL: SELECT a.*,t.type_name FROM sp_attribute a INNER JOIN sp_type t on a.type_id=t.type_id  WHERE a.type_id = '4'  [ RunTime:0.0004s ]
INFO: [ app_end ] --START--
INFO: Run Behavior\ShowPageTraceBehavior [ RunTime:0.001443s ]
INFO: [ app_end ] --END-- [ RunTime:0.001581s ]

[ 2016-04-02T11:51:22+08:00 ] 127.0.0.1 /index.php/Admin/Attribute/getAttributeByType?type_id=1
INFO: [ app_begin ] --START--
INFO: Run Behavior\ReadHtmlCacheBehavior [ RunTime:0.001605s ]
INFO: [ app_begin ] --END-- [ RunTime:0.002642s ]
SQL: SHOW COLUMNS FROM `sp_manager` [ RunTime:0.0126s ]
SQL: SELECT r.role_auth_ac FROM sp_manager m left join sp_role r on m.role_id=r.role_id  WHERE m.mg_id = '502' LIMIT 1   [ RunTime:0.0010s ]
SQL: SHOW COLUMNS FROM `sp_attribute` [ RunTime:0.0111s ]
SQL: SELECT a.*,t.type_name FROM sp_attribute a INNER JOIN sp_type t on a.type_id=t.type_id  WHERE a.type_id = '1'  [ RunTime:0.0004s ]
INFO: [ app_end ] --START--
INFO: Run Behavior\ShowPageTraceBehavior [ RunTime:0.001558s ]
INFO: [ app_end ] --END-- [ RunTime:0.001700s ]

[ 2016-04-02T11:58:27+08:00 ] 127.0.0.1 /index.php/Admin/Attribute/getAttributeByType?type_id=5
INFO: [ app_begin ] --START--
INFO: Run Behavior\ReadHtmlCacheBehavior [ RunTime:0.001268s ]
INFO: [ app_begin ] --END-- [ RunTime:0.002278s ]
SQL: SHOW COLUMNS FROM `sp_manager` [ RunTime:0.0089s ]
SQL: SELECT r.role_auth_ac FROM sp_manager m left join sp_role r on m.role_id=r.role_id  WHERE m.mg_id = '502' LIMIT 1   [ RunTime:0.0003s ]
SQL: SHOW COLUMNS FROM `sp_attribute` [ RunTime:0.0072s ]
SQL: SELECT a.*,t.type_name FROM sp_attribute a INNER JOIN sp_type t on a.type_id=t.type_id  WHERE a.type_id = '5'  [ RunTime:0.0006s ]
INFO: [ app_end ] --START--
INFO: Run Behavior\ShowPageTraceBehavior [ RunTime:0.001119s ]
INFO: [ app_end ] --END-- [ RunTime:0.001238s ]

[ 2016-04-02T11:58:31+08:00 ] 127.0.0.1 /index.php/Admin/Attribute/getAttributeByType?type_id=4
INFO: [ app_begin ] --START--
INFO: Run Behavior\ReadHtmlCacheBehavior [ RunTime:0.000936s ]
INFO: [ app_begin ] --END-- [ RunTime:0.001586s ]
SQL: SHOW COLUMNS FROM `sp_manager` [ RunTime:0.0086s ]
SQL: SELECT r.role_auth_ac FROM sp_manager m left join sp_role r on m.role_id=r.role_id  WHERE m.mg_id = '502' LIMIT 1   [ RunTime:0.0003s ]
SQL: SHOW COLUMNS FROM `sp_attribute` [ RunTime:0.0086s ]
SQL: SELECT a.*,t.type_name FROM sp_attribute a INNER JOIN sp_type t on a.type_id=t.type_id  WHERE a.type_id = '4'  [ RunTime:0.0009s ]
INFO: [ app_end ] --START--
INFO: Run Behavior\ShowPageTraceBehavior [ RunTime:0.001414s ]
INFO: [ app_end ] --END-- [ RunTime:0.001545s ]

[ 2016-04-02T14:47:38+08:00 ] 127.0.0.1 /Admin/Index/index
INFO: [ view_parse ] --START--
INFO: [ template_filter ] --START--
INFO: Run Behavior\ContentReplaceBehavior [ RunTime:0.000077s ]
INFO: [ template_filter ] --END-- [ RunTime:0.000199s ]
INFO: Run Behavior\ParseTemplateBehavior [ RunTime:0.011595s ]
INFO: [ view_parse ] --END-- [ RunTime:0.012515s ]
INFO: [ view_filter ] --START--
INFO: Run Behavior\WriteHtmlCacheBehavior [ RunTime:0.000890s ]
INFO: [ view_filter ] --END-- [ RunTime:0.000985s ]
NOTIC: [2] Cannot modify header information - headers already sent by (output started at E:\web\php43\shop\Tools\AdminController.class.php:52) E:\web\php43\ThinkPHP\Library\Think\View.class.php 第 91 行.
NOTIC: [2] Cannot modify header information - headers already sent by (output started at E:\web\php43\shop\Tools\AdminController.class.php:52) E:\web\php43\ThinkPHP\Library\Think\View.class.php 第 92 行.
NOTIC: [2] Cannot modify header information - headers already sent by (output started at E:\web\php43\shop\Tools\AdminController.class.php:52) E:\web\php43\ThinkPHP\Library\Think\View.class.php 第 93 行.
INFO: [ app_end ] --START--
INFO: Run Behavior\ShowPageTraceBehavior [ RunTime:0.003026s ]
INFO: [ app_end ] --END-- [ RunTime:0.003213s ]

[ 2016-04-02T14:47:47+08:00 ] 127.0.0.1 /index.php/Admin/Manager/checkVerify?code=j3pb
INFO: [ app_begin ] --START--
INFO: Run Behavior\ReadHtmlCacheBehavior [ RunTime:0.001280s ]
INFO: [ app_begin ] --END-- [ RunTime:0.002156s ]
INFO: [ app_end ] --START--
INFO: Run Behavior\ShowPageTraceBehavior [ RunTime:0.001293s ]
INFO: [ app_end ] --END-- [ RunTime:0.001424s ]

[ 2016-04-02T14:47:48+08:00 ] 127.0.0.1 /index.php/Admin/Index/index.html
INFO: [ view_parse ] --START--
INFO: [ template_filter ] --START--
INFO: Run Behavior\ContentReplaceBehavior [ RunTime:0.000078s ]
INFO: [ template_filter ] --END-- [ RunTime:0.000212s ]
INFO: Run Behavior\ParseTemplateBehavior [ RunTime:0.015445s ]
INFO: [ view_parse ] --END-- [ RunTime:0.016643s ]
INFO: [ view_filter ] --START--
INFO: Run Behavior\WriteHtmlCacheBehavior [ RunTime:0.001183s ]
INFO: [ view_filter ] --END-- [ RunTime:0.001338s ]
INFO: [ app_end ] --START--
INFO: Run Behavior\ShowPageTraceBehavior [ RunTime:0.001811s ]
INFO: [ app_end ] --END-- [ RunTime:0.001979s ]

[ 2016-04-02T14:47:49+08:00 ] 127.0.0.1 /index.php/Admin/Index/top.html
INFO: [ view_parse ] --START--
INFO: [ template_filter ] --START--
INFO: Run Behavior\ContentReplaceBehavior [ RunTime:0.000254s ]
INFO: [ template_filter ] --END-- [ RunTime:0.000570s ]
INFO: Run Behavior\ParseTemplateBehavior [ RunTime:0.022176s ]
INFO: [ view_parse ] --END-- [ RunTime:0.023026s ]
INFO: [ view_filter ] --START--
INFO: Run Behavior\WriteHtmlCacheBehavior [ RunTime:0.001617s ]
INFO: [ view_filter ] --END-- [ RunTime:0.001785s ]
INFO: [ app_end ] --START--
INFO: Run Behavior\ShowPageTraceBehavior [ RunTime:0.002428s ]
INFO: [ app_end ] --END-- [ RunTime:0.002633s ]

[ 2016-04-02T14:47:49+08:00 ] 127.0.0.1 /index.php/Admin/Index/down.html
INFO: [ view_parse ] --START--
INFO: [ template_filter ] --START--
INFO: Run Behavior\ContentReplaceBehavior [ RunTime:0.000125s ]
INFO: [ template_filter ] --END-- [ RunTime:0.000317s ]
INFO: Run Behavior\ParseTemplateBehavior [ RunTime:0.019365s ]
INFO: [ view_parse ] --END-- [ RunTime:0.020628s ]
INFO: [ view_filter ] --START--
INFO: Run Behavior\WriteHtmlCacheBehavior [ RunTime:0.002390s ]
INFO: [ view_filter ] --END-- [ RunTime:0.002608s ]
INFO: [ app_end ] --START--
INFO: Run Behavior\ShowPageTraceBehavior [ RunTime:0.001632s ]
INFO: [ app_end ] --END-- [ RunTime:0.001785s ]

[ 2016-04-02T14:47:49+08:00 ] 127.0.0.1 /index.php/Admin/Index/center.html
INFO: [ view_parse ] --START--
INFO: [ template_filter ] --START--
INFO: Run Behavior\ContentReplaceBehavior [ RunTime:0.000136s ]
INFO: [ template_filter ] --END-- [ RunTime:0.000422s ]
INFO: Run Behavior\ParseTemplateBehavior [ RunTime:0.019350s ]
INFO: [ view_parse ] --END-- [ RunTime:0.020847s ]
INFO: [ view_filter ] --START--
INFO: Run Behavior\WriteHtmlCacheBehavior [ RunTime:0.002036s ]
INFO: [ view_filter ] --END-- [ RunTime:0.002203s ]
INFO: [ app_end ] --START--
INFO: Run Behavior\ShowPageTraceBehavior [ RunTime:0.004118s ]
INFO: [ app_end ] --END-- [ RunTime:0.004464s ]

[ 2016-04-02T14:47:49+08:00 ] 127.0.0.1 /index.php/Admin/Index/left.html
SQL: SHOW COLUMNS FROM `sp_auth` [ RunTime:0.0103s ]
SQL: SELECT `auth_id`,`auth_name`,`auth_pid`,`auth_c`,`auth_a` FROM `sp_auth` WHERE `auth_level` = 0  [ RunTime:0.0008s ]
SQL: SELECT `auth_id`,`auth_name`,`auth_pid`,`auth_c`,`auth_a` FROM `sp_auth` WHERE `auth_level` = 1  [ RunTime:0.0008s ]
INFO: [ view_parse ] --START--
INFO: [ template_filter ] --START--
INFO: Run Behavior\ContentReplaceBehavior [ RunTime:0.000130s ]
INFO: [ template_filter ] --END-- [ RunTime:0.000315s ]
INFO: Run Behavior\ParseTemplateBehavior [ RunTime:0.024266s ]
INFO: [ view_parse ] --END-- [ RunTime:0.024478s ]
INFO: [ view_filter ] --START--
INFO: Run Behavior\WriteHtmlCacheBehavior [ RunTime:0.001306s ]
INFO: [ view_filter ] --END-- [ RunTime:0.001489s ]
INFO: [ app_end ] --START--
INFO: Run Behavior\ShowPageTraceBehavior [ RunTime:0.001930s ]
INFO: [ app_end ] --END-- [ RunTime:0.002092s ]

[ 2016-04-02T14:56:49+08:00 ] 127.0.0.1 /index.php/Admin/Attribute/getAttributeByType?type_id=1
INFO: [ app_begin ] --START--
INFO: Run Behavior\ReadHtmlCacheBehavior [ RunTime:0.001344s ]
INFO: [ app_begin ] --END-- [ RunTime:0.002390s ]
SQL: SHOW COLUMNS FROM `sp_manager` [ RunTime:0.0092s ]
SQL: SELECT r.role_auth_ac FROM sp_manager m left join sp_role r on m.role_id=r.role_id  WHERE m.mg_id = '502' LIMIT 1   [ RunTime:0.0003s ]
SQL: SHOW COLUMNS FROM `sp_attribute` [ RunTime:0.0113s ]
SQL: SELECT a.*,t.type_name FROM sp_attribute a INNER JOIN sp_type t on a.type_id=t.type_id  WHERE a.type_id = '1'  [ RunTime:0.0012s ]
INFO: [ app_end ] --START--
INFO: Run Behavior\ShowPageTraceBehavior [ RunTime:0.002030s ]
INFO: [ app_end ] --END-- [ RunTime:0.002279s ]

[ 2016-04-02T15:01:19+08:00 ] 127.0.0.1 /index.php/Admin/Attribute/getAttributeByType?type_id=1
INFO: [ app_begin ] --START--
INFO: Run Behavior\ReadHtmlCacheBehavior [ RunTime:0.001496s ]
INFO: [ app_begin ] --END-- [ RunTime:0.002579s ]
SQL: SHOW COLUMNS FROM `sp_manager` [ RunTime:0.0086s ]
SQL: SELECT r.role_auth_ac FROM sp_manager m left join sp_role r on m.role_id=r.role_id  WHERE m.mg_id = '502' LIMIT 1   [ RunTime:0.0003s ]
SQL: SHOW COLUMNS FROM `sp_attribute` [ RunTime:0.0072s ]
SQL: SELECT a.*,t.type_name FROM sp_attribute a INNER JOIN sp_type t on a.type_id=t.type_id  WHERE a.type_id = '1'  [ RunTime:0.0004s ]
INFO: [ app_end ] --START--
INFO: Run Behavior\ShowPageTraceBehavior [ RunTime:0.001462s ]
INFO: [ app_end ] --END-- [ RunTime:0.001587s ]

[ 2016-04-02T15:01:26+08:00 ] 127.0.0.1 /index.php/Admin/Attribute/getAttributeByType?type_id=4
INFO: [ app_begin ] --START--
INFO: Run Behavior\ReadHtmlCacheBehavior [ RunTime:0.000896s ]
INFO: [ app_begin ] --END-- [ RunTime:0.001570s ]
SQL: SHOW COLUMNS FROM `sp_manager` [ RunTime:0.0069s ]
SQL: SELECT r.role_auth_ac FROM sp_manager m left join sp_role r on m.role_id=r.role_id  WHERE m.mg_id = '502' LIMIT 1   [ RunTime:0.0003s ]
SQL: SHOW COLUMNS FROM `sp_attribute` [ RunTime:0.0081s ]
SQL: SELECT a.*,t.type_name FROM sp_attribute a INNER JOIN sp_type t on a.type_id=t.type_id  WHERE a.type_id = '4'  [ RunTime:0.0011s ]
INFO: [ app_end ] --START--
INFO: Run Behavior\ShowPageTraceBehavior [ RunTime:0.001716s ]
INFO: [ app_end ] --END-- [ RunTime:0.001860s ]

[ 2016-04-02T15:02:43+08:00 ] 127.0.0.1 /index.php/Admin/Attribute/getAttributeByType?type_id=1
INFO: [ app_begin ] --START--
INFO: Run Behavior\ReadHtmlCacheBehavior [ RunTime:0.001125s ]
INFO: [ app_begin ] --END-- [ RunTime:0.002210s ]
SQL: SHOW COLUMNS FROM `sp_manager` [ RunTime:0.0087s ]
SQL: SELECT r.role_auth_ac FROM sp_manager m left join sp_role r on m.role_id=r.role_id  WHERE m.mg_id = '502' LIMIT 1   [ RunTime:0.0003s ]
SQL: SHOW COLUMNS FROM `sp_attribute` [ RunTime:0.0088s ]
SQL: SELECT a.*,t.type_name FROM sp_attribute a INNER JOIN sp_type t on a.type_id=t.type_id  WHERE a.type_id = '1'  [ RunTime:0.0003s ]
INFO: [ app_end ] --START--
INFO: Run Behavior\ShowPageTraceBehavior [ RunTime:0.001615s ]
INFO: [ app_end ] --END-- [ RunTime:0.001769s ]

[ 2016-04-02T15:04:40+08:00 ] 127.0.0.1 /index.php/Admin/Attribute/getAttributeByType?type_id=4
INFO: [ app_begin ] --START--
INFO: Run Behavior\ReadHtmlCacheBehavior [ RunTime:0.001080s ]
INFO: [ app_begin ] --END-- [ RunTime:0.001823s ]
SQL: SHOW COLUMNS FROM `sp_manager` [ RunTime:0.0095s ]
SQL: SELECT r.role_auth_ac FROM sp_manager m left join sp_role r on m.role_id=r.role_id  WHERE m.mg_id = '502' LIMIT 1   [ RunTime:0.0003s ]
SQL: SHOW COLUMNS FROM `sp_attribute` [ RunTime:0.0089s ]
SQL: SELECT a.*,t.type_name FROM sp_attribute a INNER JOIN sp_type t on a.type_id=t.type_id  WHERE a.type_id = '4'  [ RunTime:0.0013s ]
INFO: [ app_end ] --START--
INFO: Run Behavior\ShowPageTraceBehavior [ RunTime:0.002184s ]
INFO: [ app_end ] --END-- [ RunTime:0.002351s ]

[ 2016-04-02T15:09:46+08:00 ] 127.0.0.1 /index.php/Admin/Attribute/getAttributeByType?type_id=1
INFO: [ app_begin ] --START--
INFO: Run Behavior\ReadHtmlCacheBehavior [ RunTime:0.001123s ]
INFO: [ app_begin ] --END-- [ RunTime:0.001996s ]
SQL: SHOW COLUMNS FROM `sp_manager` [ RunTime:0.0069s ]
SQL: SELECT r.role_auth_ac FROM sp_manager m left join sp_role r on m.role_id=r.role_id  WHERE m.mg_id = '502' LIMIT 1   [ RunTime:0.0003s ]
SQL: SHOW COLUMNS FROM `sp_attribute` [ RunTime:0.0079s ]
SQL: SELECT a.*,t.type_name FROM sp_attribute a INNER JOIN sp_type t on a.type_id=t.type_id  WHERE a.type_id = '1'  [ RunTime:0.0006s ]
INFO: [ app_end ] --START--
INFO: Run Behavior\ShowPageTraceBehavior [ RunTime:0.001423s ]
INFO: [ app_end ] --END-- [ RunTime:0.001533s ]

[ 2016-04-02T15:09:50+08:00 ] 127.0.0.1 /index.php/Admin/Attribute/getAttributeByType?type_id=4
INFO: [ app_begin ] --START--
INFO: Run Behavior\ReadHtmlCacheBehavior [ RunTime:0.001129s ]
INFO: [ app_begin ] --END-- [ RunTime:0.002283s ]
SQL: SHOW COLUMNS FROM `sp_manager` [ RunTime:0.0075s ]
SQL: SELECT r.role_auth_ac FROM sp_manager m left join sp_role r on m.role_id=r.role_id  WHERE m.mg_id = '502' LIMIT 1   [ RunTime:0.0003s ]
SQL: SHOW COLUMNS FROM `sp_attribute` [ RunTime:0.0072s ]
SQL: SELECT a.*,t.type_name FROM sp_attribute a INNER JOIN sp_type t on a.type_id=t.type_id  WHERE a.type_id = '4'  [ RunTime:0.0005s ]
INFO: [ app_end ] --START--
INFO: Run Behavior\ShowPageTraceBehavior [ RunTime:0.002054s ]
INFO: [ app_end ] --END-- [ RunTime:0.002223s ]

[ 2016-04-02T15:11:06+08:00 ] 127.0.0.1 /index.php/Admin/Attribute/getAttributeByType?type_id=1
INFO: [ app_begin ] --START--
INFO: Run Behavior\ReadHtmlCacheBehavior [ RunTime:0.001353s ]
INFO: [ app_begin ] --END-- [ RunTime:0.002443s ]
SQL: SHOW COLUMNS FROM `sp_manager` [ RunTime:0.0105s ]
SQL: SELECT r.role_auth_ac FROM sp_manager m left join sp_role r on m.role_id=r.role_id  WHERE m.mg_id = '502' LIMIT 1   [ RunTime:0.0004s ]
SQL: SHOW COLUMNS FROM `sp_attribute` [ RunTime:0.0102s ]
SQL: SELECT a.*,t.type_name FROM sp_attribute a INNER JOIN sp_type t on a.type_id=t.type_id  WHERE a.type_id = '1'  [ RunTime:0.0005s ]
INFO: [ app_end ] --START--
INFO: Run Behavior\ShowPageTraceBehavior [ RunTime:0.001983s ]
INFO: [ app_end ] --END-- [ RunTime:0.002164s ]

[ 2016-04-02T15:11:08+08:00 ] 127.0.0.1 /index.php/Admin/Attribute/getAttributeByType?type_id=4
INFO: [ app_begin ] --START--
INFO: Run Behavior\ReadHtmlCacheBehavior [ RunTime:0.001255s ]
INFO: [ app_begin ] --END-- [ RunTime:0.002147s ]
SQL: SHOW COLUMNS FROM `sp_manager` [ RunTime:0.0068s ]
SQL: SELECT r.role_auth_ac FROM sp_manager m left join sp_role r on m.role_id=r.role_id  WHERE m.mg_id = '502' LIMIT 1   [ RunTime:0.0003s ]
SQL: SHOW COLUMNS FROM `sp_attribute` [ RunTime:0.0101s ]
SQL: SELECT a.*,t.type_name FROM sp_attribute a INNER JOIN sp_type t on a.type_id=t.type_id  WHERE a.type_id = '4'  [ RunTime:0.0004s ]
INFO: [ app_end ] --START--
INFO: Run Behavior\ShowPageTraceBehavior [ RunTime:0.001396s ]
INFO: [ app_end ] --END-- [ RunTime:0.001513s ]

[ 2016-04-02T15:12:37+08:00 ] 127.0.0.1 /index.php/Admin/Attribute/getAttributeByType?type_id=1
INFO: [ app_begin ] --START--
INFO: Run Behavior\ReadHtmlCacheBehavior [ RunTime:0.001339s ]
INFO: [ app_begin ] --END-- [ RunTime:0.002253s ]
SQL: SHOW COLUMNS FROM `sp_manager` [ RunTime:0.0078s ]
SQL: SELECT r.role_auth_ac FROM sp_manager m left join sp_role r on m.role_id=r.role_id  WHERE m.mg_id = '502' LIMIT 1   [ RunTime:0.0003s ]
SQL: SHOW COLUMNS FROM `sp_attribute` [ RunTime:0.0077s ]
SQL: SELECT a.*,t.type_name FROM sp_attribute a INNER JOIN sp_type t on a.type_id=t.type_id  WHERE a.type_id = '1'  [ RunTime:0.0003s ]
INFO: [ app_end ] --START--
INFO: Run Behavior\ShowPageTraceBehavior [ RunTime:0.001336s ]
INFO: [ app_end ] --END-- [ RunTime:0.001442s ]

[ 2016-04-02T15:12:42+08:00 ] 127.0.0.1 /index.php/Admin/Attribute/getAttributeByType?type_id=4
INFO: [ app_begin ] --START--
INFO: Run Behavior\ReadHtmlCacheBehavior [ RunTime:0.002753s ]
INFO: [ app_begin ] --END-- [ RunTime:0.004012s ]
SQL: SHOW COLUMNS FROM `sp_manager` [ RunTime:0.0085s ]
SQL: SELECT r.role_auth_ac FROM sp_manager m left join sp_role r on m.role_id=r.role_id  WHERE m.mg_id = '502' LIMIT 1   [ RunTime:0.0003s ]
SQL: SHOW COLUMNS FROM `sp_attribute` [ RunTime:0.0087s ]
SQL: SELECT a.*,t.type_name FROM sp_attribute a INNER JOIN sp_type t on a.type_id=t.type_id  WHERE a.type_id = '4'  [ RunTime:0.0004s ]
INFO: [ app_end ] --START--
INFO: Run Behavior\ShowPageTraceBehavior [ RunTime:0.001392s ]
INFO: [ app_end ] --END-- [ RunTime:0.001496s ]

[ 2016-04-02T15:13:03+08:00 ] 127.0.0.1 /index.php/Admin/Attribute/getAttributeByType?type_id=4
INFO: [ app_begin ] --START--
INFO: Run Behavior\ReadHtmlCacheBehavior [ RunTime:0.001311s ]
INFO: [ app_begin ] --END-- [ RunTime:0.002143s ]
SQL: SHOW COLUMNS FROM `sp_manager` [ RunTime:0.0080s ]
SQL: SELECT r.role_auth_ac FROM sp_manager m left join sp_role r on m.role_id=r.role_id  WHERE m.mg_id = '502' LIMIT 1   [ RunTime:0.0004s ]
SQL: SHOW COLUMNS FROM `sp_attribute` [ RunTime:0.0113s ]
SQL: SELECT a.*,t.type_name FROM sp_attribute a INNER JOIN sp_type t on a.type_id=t.type_id  WHERE a.type_id = '4'  [ RunTime:0.0006s ]
INFO: [ app_end ] --START--
INFO: Run Behavior\ShowPageTraceBehavior [ RunTime:0.002107s ]
INFO: [ app_end ] --END-- [ RunTime:0.002266s ]

[ 2016-04-02T15:18:21+08:00 ] 127.0.0.1 /index.php/Admin/Attribute/getAttributeByType?type_id=1
INFO: [ app_begin ] --START--
INFO: Run Behavior\ReadHtmlCacheBehavior [ RunTime:0.002733s ]
INFO: [ app_begin ] --END-- [ RunTime:0.003696s ]
SQL: SHOW COLUMNS FROM `sp_manager` [ RunTime:0.0122s ]
SQL: SELECT r.role_auth_ac FROM sp_manager m left join sp_role r on m.role_id=r.role_id  WHERE m.mg_id = '502' LIMIT 1   [ RunTime:0.0004s ]
SQL: SHOW COLUMNS FROM `sp_attribute` [ RunTime:0.0099s ]
SQL: SELECT a.*,t.type_name FROM sp_attribute a INNER JOIN sp_type t on a.type_id=t.type_id  WHERE a.type_id = '1'  [ RunTime:0.0007s ]
INFO: [ app_end ] --START--
INFO: Run Behavior\ShowPageTraceBehavior [ RunTime:0.001468s ]
INFO: [ app_end ] --END-- [ RunTime:0.001580s ]

[ 2016-04-02T15:18:24+08:00 ] 127.0.0.1 /index.php/Admin/Attribute/getAttributeByType?type_id=4
INFO: [ app_begin ] --START--
INFO: Run Behavior\ReadHtmlCacheBehavior [ RunTime:0.001865s ]
INFO: [ app_begin ] --END-- [ RunTime:0.002962s ]
SQL: SHOW COLUMNS FROM `sp_manager` [ RunTime:0.0090s ]
SQL: SELECT r.role_auth_ac FROM sp_manager m left join sp_role r on m.role_id=r.role_id  WHERE m.mg_id = '502' LIMIT 1   [ RunTime:0.0003s ]
SQL: SHOW COLUMNS FROM `sp_attribute` [ RunTime:0.0090s ]
SQL: SELECT a.*,t.type_name FROM sp_attribute a INNER JOIN sp_type t on a.type_id=t.type_id  WHERE a.type_id = '4'  [ RunTime:0.0003s ]
INFO: [ app_end ] --START--
INFO: Run Behavior\ShowPageTraceBehavior [ RunTime:0.001327s ]
INFO: [ app_end ] --END-- [ RunTime:0.001437s ]

[ 2016-04-02T15:19:52+08:00 ] 127.0.0.1 /index.php/Admin/Attribute/getAttributeByType?type_id=1
INFO: [ app_begin ] --START--
INFO: Run Behavior\ReadHtmlCacheBehavior [ RunTime:0.001871s ]
INFO: [ app_begin ] --END-- [ RunTime:0.003028s ]
SQL: SHOW COLUMNS FROM `sp_manager` [ RunTime:0.0116s ]
SQL: SELECT r.role_auth_ac FROM sp_manager m left join sp_role r on m.role_id=r.role_id  WHERE m.mg_id = '502' LIMIT 1   [ RunTime:0.0004s ]
SQL: SHOW COLUMNS FROM `sp_attribute` [ RunTime:0.0131s ]
SQL: SELECT a.*,t.type_name FROM sp_attribute a INNER JOIN sp_type t on a.type_id=t.type_id  WHERE a.type_id = '1'  [ RunTime:0.0005s ]
INFO: [ app_end ] --START--
INFO: Run Behavior\ShowPageTraceBehavior [ RunTime:0.001846s ]
INFO: [ app_end ] --END-- [ RunTime:0.002008s ]

[ 2016-04-02T15:21:49+08:00 ] 127.0.0.1 /index.php/Admin/Attribute/getAttributeByType?type_id=1
INFO: [ app_begin ] --START--
INFO: Run Behavior\ReadHtmlCacheBehavior [ RunTime:0.001971s ]
INFO: [ app_begin ] --END-- [ RunTime:0.003605s ]
SQL: SHOW COLUMNS FROM `sp_manager` [ RunTime:0.0107s ]
SQL: SELECT r.role_auth_ac FROM sp_manager m left join sp_role r on m.role_id=r.role_id  WHERE m.mg_id = '502' LIMIT 1   [ RunTime:0.0004s ]
SQL: SHOW COLUMNS FROM `sp_attribute` [ RunTime:0.0091s ]
SQL: SELECT a.*,t.type_name FROM sp_attribute a INNER JOIN sp_type t on a.type_id=t.type_id  WHERE a.type_id = '1'  [ RunTime:0.0004s ]
INFO: [ app_end ] --START--
INFO: Run Behavior\ShowPageTraceBehavior [ RunTime:0.001432s ]
INFO: [ app_end ] --END-- [ RunTime:0.001541s ]

[ 2016-04-02T15:24:39+08:00 ] 127.0.0.1 /index.php/Admin/Attribute/getAttributeByType?type_id=1
INFO: [ app_begin ] --START--
INFO: Run Behavior\ReadHtmlCacheBehavior [ RunTime:0.002184s ]
INFO: [ app_begin ] --END-- [ RunTime:0.003187s ]
SQL: SHOW COLUMNS FROM `sp_manager` [ RunTime:0.0118s ]
SQL: SELECT r.role_auth_ac FROM sp_manager m left join sp_role r on m.role_id=r.role_id  WHERE m.mg_id = '502' LIMIT 1   [ RunTime:0.0003s ]
SQL: SHOW COLUMNS FROM `sp_attribute` [ RunTime:0.0108s ]
SQL: SELECT a.*,t.type_name FROM sp_attribute a INNER JOIN sp_type t on a.type_id=t.type_id  WHERE a.type_id = '1'  [ RunTime:0.0013s ]
INFO: [ app_end ] --START--
INFO: Run Behavior\ShowPageTraceBehavior [ RunTime:0.001985s ]
INFO: [ app_end ] --END-- [ RunTime:0.002145s ]

[ 2016-04-02T15:25:18+08:00 ] 127.0.0.1 /index.php/Admin/Attribute/getAttributeByType?type_id=4
INFO: [ app_begin ] --START--
INFO: Run Behavior\ReadHtmlCacheBehavior [ RunTime:0.001526s ]
INFO: [ app_begin ] --END-- [ RunTime:0.002450s ]
SQL: SHOW COLUMNS FROM `sp_manager` [ RunTime:0.0098s ]
SQL: SELECT r.role_auth_ac FROM sp_manager m left join sp_role r on m.role_id=r.role_id  WHERE m.mg_id = '502' LIMIT 1   [ RunTime:0.0008s ]
SQL: SHOW COLUMNS FROM `sp_attribute` [ RunTime:0.0074s ]
SQL: SELECT a.*,t.type_name FROM sp_attribute a INNER JOIN sp_type t on a.type_id=t.type_id  WHERE a.type_id = '4'  [ RunTime:0.0003s ]
INFO: [ app_end ] --START--
INFO: Run Behavior\ShowPageTraceBehavior [ RunTime:0.001426s ]
INFO: [ app_end ] --END-- [ RunTime:0.001563s ]

[ 2016-04-02T15:26:27+08:00 ] 127.0.0.1 /index.php/Admin/Attribute/getAttributeByType?type_id=4
INFO: [ app_begin ] --START--
INFO: Run Behavior\ReadHtmlCacheBehavior [ RunTime:0.001405s ]
INFO: [ app_begin ] --END-- [ RunTime:0.002878s ]
SQL: SHOW COLUMNS FROM `sp_manager` [ RunTime:0.0100s ]
SQL: SELECT r.role_auth_ac FROM sp_manager m left join sp_role r on m.role_id=r.role_id  WHERE m.mg_id = '502' LIMIT 1   [ RunTime:0.0003s ]
SQL: SHOW COLUMNS FROM `sp_attribute` [ RunTime:0.0097s ]
SQL: SELECT a.*,t.type_name FROM sp_attribute a INNER JOIN sp_type t on a.type_id=t.type_id  WHERE a.type_id = '4'  [ RunTime:0.0004s ]
INFO: [ app_end ] --START--
INFO: Run Behavior\ShowPageTraceBehavior [ RunTime:0.001823s ]
INFO: [ app_end ] --END-- [ RunTime:0.001992s ]

[ 2016-04-02T15:29:15+08:00 ] 127.0.0.1 /index.php/Admin/Attribute/getAttributeByType?type_id=4
INFO: [ app_begin ] --START--
INFO: Run Behavior\ReadHtmlCacheBehavior [ RunTime:0.001306s ]
INFO: [ app_begin ] --END-- [ RunTime:0.002510s ]
SQL: SHOW COLUMNS FROM `sp_manager` [ RunTime:0.0074s ]
SQL: SELECT r.role_auth_ac FROM sp_manager m left join sp_role r on m.role_id=r.role_id  WHERE m.mg_id = '502' LIMIT 1   [ RunTime:0.0002s ]
SQL: SHOW COLUMNS FROM `sp_attribute` [ RunTime:0.0088s ]
SQL: SELECT a.*,t.type_name FROM sp_attribute a INNER JOIN sp_type t on a.type_id=t.type_id  WHERE a.type_id = '4'  [ RunTime:0.0005s ]
INFO: [ app_end ] --START--
INFO: Run Behavior\ShowPageTraceBehavior [ RunTime:0.001140s ]
INFO: [ app_end ] --END-- [ RunTime:0.001243s ]

[ 2016-04-02T15:33:13+08:00 ] 127.0.0.1 /index.php/Admin/Attribute/getAttributeByType?type_id=1
INFO: [ app_begin ] --START--
INFO: Run Behavior\ReadHtmlCacheBehavior [ RunTime:0.001599s ]
INFO: [ app_begin ] --END-- [ RunTime:0.002495s ]
SQL: SHOW COLUMNS FROM `sp_manager` [ RunTime:0.0086s ]
SQL: SELECT r.role_auth_ac FROM sp_manager m left join sp_role r on m.role_id=r.role_id  WHERE m.mg_id = '502' LIMIT 1   [ RunTime:0.0003s ]
SQL: SHOW COLUMNS FROM `sp_attribute` [ RunTime:0.0080s ]
SQL: SELECT a.*,t.type_name FROM sp_attribute a INNER JOIN sp_type t on a.type_id=t.type_id  WHERE a.type_id = '1'  [ RunTime:0.0004s ]
INFO: [ app_end ] --START--
INFO: Run Behavior\ShowPageTraceBehavior [ RunTime:0.001232s ]
INFO: [ app_end ] --END-- [ RunTime:0.001340s ]

[ 2016-04-02T15:33:15+08:00 ] 127.0.0.1 /index.php/Admin/Attribute/getAttributeByType?type_id=4
INFO: [ app_begin ] --START--
INFO: Run Behavior\ReadHtmlCacheBehavior [ RunTime:0.001125s ]
INFO: [ app_begin ] --END-- [ RunTime:0.001770s ]
SQL: SHOW COLUMNS FROM `sp_manager` [ RunTime:0.0102s ]
SQL: SELECT r.role_auth_ac FROM sp_manager m left join sp_role r on m.role_id=r.role_id  WHERE m.mg_id = '502' LIMIT 1   [ RunTime:0.0005s ]
SQL: SHOW COLUMNS FROM `sp_attribute` [ RunTime:0.0107s ]
SQL: SELECT a.*,t.type_name FROM sp_attribute a INNER JOIN sp_type t on a.type_id=t.type_id  WHERE a.type_id = '4'  [ RunTime:0.0014s ]
INFO: [ app_end ] --START--
INFO: Run Behavior\ShowPageTraceBehavior [ RunTime:0.001706s ]
INFO: [ app_end ] --END-- [ RunTime:0.001905s ]

[ 2016-04-02T15:47:51+08:00 ] 127.0.0.1 /index.php/Admin/Attribute/getAttributeByType?type_id=1
INFO: [ app_begin ] --START--
INFO: Run Behavior\ReadHtmlCacheBehavior [ RunTime:0.001864s ]
INFO: [ app_begin ] --END-- [ RunTime:0.003673s ]
SQL: SHOW COLUMNS FROM `sp_manager` [ RunTime:0.0113s ]
SQL: SELECT r.role_auth_ac FROM sp_manager m left join sp_role r on m.role_id=r.role_id  WHERE m.mg_id = '502' LIMIT 1   [ RunTime:0.0004s ]
SQL: SHOW COLUMNS FROM `sp_attribute` [ RunTime:0.0096s ]
SQL: SELECT a.*,t.type_name FROM sp_attribute a INNER JOIN sp_type t on a.type_id=t.type_id  WHERE a.type_id = '1'  [ RunTime:0.0010s ]
INFO: [ app_end ] --START--
INFO: Run Behavior\ShowPageTraceBehavior [ RunTime:0.001805s ]
INFO: [ app_end ] --END-- [ RunTime:0.001957s ]

[ 2016-04-02T15:47:52+08:00 ] 127.0.0.1 /index.php/Admin/Attribute/getAttributeByType?type_id=4
INFO: [ app_begin ] --START--
INFO: Run Behavior\ReadHtmlCacheBehavior [ RunTime:0.001156s ]
INFO: [ app_begin ] --END-- [ RunTime:0.002069s ]
SQL: SHOW COLUMNS FROM `sp_manager` [ RunTime:0.0106s ]
SQL: SELECT r.role_auth_ac FROM sp_manager m left join sp_role r on m.role_id=r.role_id  WHERE m.mg_id = '502' LIMIT 1   [ RunTime:0.0003s ]
SQL: SHOW COLUMNS FROM `sp_attribute` [ RunTime:0.0108s ]
SQL: SELECT a.*,t.type_name FROM sp_attribute a INNER JOIN sp_type t on a.type_id=t.type_id  WHERE a.type_id = '4'  [ RunTime:0.0010s ]
INFO: [ app_end ] --START--
INFO: Run Behavior\ShowPageTraceBehavior [ RunTime:0.002027s ]
INFO: [ app_end ] --END-- [ RunTime:0.002193s ]

[ 2016-04-02T15:50:30+08:00 ] 127.0.0.1 /index.php/Admin/Attribute/getAttributeByType?type_id=4
INFO: [ app_begin ] --START--
INFO: Run Behavior\ReadHtmlCacheBehavior [ RunTime:0.000960s ]
INFO: [ app_begin ] --END-- [ RunTime:0.001681s ]
SQL: SHOW COLUMNS FROM `sp_manager` [ RunTime:0.0089s ]
SQL: SELECT r.role_auth_ac FROM sp_manager m left join sp_role r on m.role_id=r.role_id  WHERE m.mg_id = '502' LIMIT 1   [ RunTime:0.0003s ]
SQL: SHOW COLUMNS FROM `sp_attribute` [ RunTime:0.0104s ]
SQL: SELECT a.*,t.type_name FROM sp_attribute a INNER JOIN sp_type t on a.type_id=t.type_id  WHERE a.type_id = '4'  [ RunTime:0.0005s ]
INFO: [ app_end ] --START--
INFO: Run Behavior\ShowPageTraceBehavior [ RunTime:0.001672s ]
INFO: [ app_end ] --END-- [ RunTime:0.001821s ]

[ 2016-04-02T15:52:09+08:00 ] 127.0.0.1 /index.php/Admin/Attribute/getAttributeByType?type_id=4
INFO: [ app_begin ] --START--
INFO: Run Behavior\ReadHtmlCacheBehavior [ RunTime:0.001380s ]
INFO: [ app_begin ] --END-- [ RunTime:0.002105s ]
SQL: SHOW COLUMNS FROM `sp_manager` [ RunTime:0.0067s ]
SQL: SELECT r.role_auth_ac FROM sp_manager m left join sp_role r on m.role_id=r.role_id  WHERE m.mg_id = '502' LIMIT 1   [ RunTime:0.0002s ]
SQL: SHOW COLUMNS FROM `sp_attribute` [ RunTime:0.0115s ]
SQL: SELECT a.*,t.type_name FROM sp_attribute a INNER JOIN sp_type t on a.type_id=t.type_id  WHERE a.type_id = '4'  [ RunTime:0.0005s ]
INFO: [ app_end ] --START--
INFO: Run Behavior\ShowPageTraceBehavior [ RunTime:0.001869s ]
INFO: [ app_end ] --END-- [ RunTime:0.002019s ]

[ 2016-04-02T15:55:58+08:00 ] 127.0.0.1 /index.php/Admin/Attribute/getAttributeByType?type_id=4
INFO: [ app_begin ] --START--
INFO: Run Behavior\ReadHtmlCacheBehavior [ RunTime:0.001606s ]
INFO: [ app_begin ] --END-- [ RunTime:0.002627s ]
SQL: SHOW COLUMNS FROM `sp_manager` [ RunTime:0.0117s ]
SQL: SELECT r.role_auth_ac FROM sp_manager m left join sp_role r on m.role_id=r.role_id  WHERE m.mg_id = '502' LIMIT 1   [ RunTime:0.0003s ]
SQL: SHOW COLUMNS FROM `sp_attribute` [ RunTime:0.0080s ]
SQL: SELECT a.*,t.type_name FROM sp_attribute a INNER JOIN sp_type t on a.type_id=t.type_id  WHERE a.type_id = '4'  [ RunTime:0.0005s ]
INFO: [ app_end ] --START--
INFO: Run Behavior\ShowPageTraceBehavior [ RunTime:0.001325s ]
INFO: [ app_end ] --END-- [ RunTime:0.001446s ]

[ 2016-04-02T15:56:28+08:00 ] 127.0.0.1 /index.php/Admin/Attribute/getAttributeByType?type_id=4
INFO: [ app_begin ] --START--
INFO: Run Behavior\ReadHtmlCacheBehavior [ RunTime:0.002310s ]
INFO: [ app_begin ] --END-- [ RunTime:0.003963s ]
SQL: SHOW COLUMNS FROM `sp_manager` [ RunTime:0.0101s ]
SQL: SELECT r.role_auth_ac FROM sp_manager m left join sp_role r on m.role_id=r.role_id  WHERE m.mg_id = '502' LIMIT 1   [ RunTime:0.0004s ]
SQL: SHOW COLUMNS FROM `sp_attribute` [ RunTime:0.0109s ]
SQL: SELECT a.*,t.type_name FROM sp_attribute a INNER JOIN sp_type t on a.type_id=t.type_id  WHERE a.type_id = '4'  [ RunTime:0.0005s ]
INFO: [ app_end ] --START--
INFO: Run Behavior\ShowPageTraceBehavior [ RunTime:0.002190s ]
INFO: [ app_end ] --END-- [ RunTime:0.002362s ]

[ 2016-04-02T15:57:05+08:00 ] 127.0.0.1 /index.php/Admin/Attribute/getAttributeByType?type_id=4
INFO: [ app_begin ] --START--
INFO: Run Behavior\ReadHtmlCacheBehavior [ RunTime:0.001341s ]
INFO: [ app_begin ] --END-- [ RunTime:0.002077s ]
SQL: SHOW COLUMNS FROM `sp_manager` [ RunTime:0.0104s ]
SQL: SELECT r.role_auth_ac FROM sp_manager m left join sp_role r on m.role_id=r.role_id  WHERE m.mg_id = '502' LIMIT 1   [ RunTime:0.0003s ]
SQL: SHOW COLUMNS FROM `sp_attribute` [ RunTime:0.0099s ]
SQL: SELECT a.*,t.type_name FROM sp_attribute a INNER JOIN sp_type t on a.type_id=t.type_id  WHERE a.type_id = '4'  [ RunTime:0.0004s ]
INFO: [ app_end ] --START--
INFO: Run Behavior\ShowPageTraceBehavior [ RunTime:0.001538s ]
INFO: [ app_end ] --END-- [ RunTime:0.001666s ]

[ 2016-04-02T15:59:05+08:00 ] 127.0.0.1 /index.php/Admin/Attribute/getAttributeByType?type_id=4
INFO: [ app_begin ] --START--
INFO: Run Behavior\ReadHtmlCacheBehavior [ RunTime:0.001496s ]
INFO: [ app_begin ] --END-- [ RunTime:0.002576s ]
SQL: SHOW COLUMNS FROM `sp_manager` [ RunTime:0.0102s ]
SQL: SELECT r.role_auth_ac FROM sp_manager m left join sp_role r on m.role_id=r.role_id  WHERE m.mg_id = '502' LIMIT 1   [ RunTime:0.0003s ]
SQL: SHOW COLUMNS FROM `sp_attribute` [ RunTime:0.0086s ]
SQL: SELECT a.*,t.type_name FROM sp_attribute a INNER JOIN sp_type t on a.type_id=t.type_id  WHERE a.type_id = '4'  [ RunTime:0.0005s ]
INFO: [ app_end ] --START--
INFO: Run Behavior\ShowPageTraceBehavior [ RunTime:0.002083s ]
INFO: [ app_end ] --END-- [ RunTime:0.002237s ]

[ 2016-04-02T16:00:27+08:00 ] 127.0.0.1 /index.php/Admin/Attribute/getAttributeByType?type_id=4
INFO: [ app_begin ] --START--
INFO: Run Behavior\ReadHtmlCacheBehavior [ RunTime:0.001546s ]
INFO: [ app_begin ] --END-- [ RunTime:0.002502s ]
SQL: SHOW COLUMNS FROM `sp_manager` [ RunTime:0.0072s ]
SQL: SELECT r.role_auth_ac FROM sp_manager m left join sp_role r on m.role_id=r.role_id  WHERE m.mg_id = '502' LIMIT 1   [ RunTime:0.0003s ]
SQL: SHOW COLUMNS FROM `sp_attribute` [ RunTime:0.0075s ]
SQL: SELECT a.*,t.type_name FROM sp_attribute a INNER JOIN sp_type t on a.type_id=t.type_id  WHERE a.type_id = '4'  [ RunTime:0.0004s ]
INFO: [ app_end ] --START--
INFO: Run Behavior\ShowPageTraceBehavior [ RunTime:0.001414s ]
INFO: [ app_end ] --END-- [ RunTime:0.001539s ]

[ 2016-04-02T16:02:21+08:00 ] 127.0.0.1 /index.php/Admin/Attribute/getAttributeByType?type_id=4
INFO: [ app_begin ] --START--
INFO: Run Behavior\ReadHtmlCacheBehavior [ RunTime:0.001300s ]
INFO: [ app_begin ] --END-- [ RunTime:0.002050s ]
SQL: SHOW COLUMNS FROM `sp_manager` [ RunTime:0.0118s ]
SQL: SELECT r.role_auth_ac FROM sp_manager m left join sp_role r on m.role_id=r.role_id  WHERE m.mg_id = '502' LIMIT 1   [ RunTime:0.0003s ]
SQL: SHOW COLUMNS FROM `sp_attribute` [ RunTime:0.0102s ]
SQL: SELECT a.*,t.type_name FROM sp_attribute a INNER JOIN sp_type t on a.type_id=t.type_id  WHERE a.type_id = '4'  [ RunTime:0.0004s ]
INFO: [ app_end ] --START--
INFO: Run Behavior\ShowPageTraceBehavior [ RunTime:0.001339s ]
INFO: [ app_end ] --END-- [ RunTime:0.001455s ]

[ 2016-04-02T16:07:24+08:00 ] 127.0.0.1 /index.php/Admin/Attribute/getAttributeByType?type_id=1
INFO: [ app_begin ] --START--
INFO: Run Behavior\ReadHtmlCacheBehavior [ RunTime:0.001434s ]
INFO: [ app_begin ] --END-- [ RunTime:0.002240s ]
SQL: SHOW COLUMNS FROM `sp_manager` [ RunTime:0.0137s ]
SQL: SELECT r.role_auth_ac FROM sp_manager m left join sp_role r on m.role_id=r.role_id  WHERE m.mg_id = '502' LIMIT 1   [ RunTime:0.0003s ]
SQL: SHOW COLUMNS FROM `sp_attribute` [ RunTime:0.0109s ]
SQL: SELECT a.*,t.type_name FROM sp_attribute a INNER JOIN sp_type t on a.type_id=t.type_id  WHERE a.type_id = '1'  [ RunTime:0.0009s ]
INFO: [ app_end ] --START--
INFO: Run Behavior\ShowPageTraceBehavior [ RunTime:0.002397s ]
INFO: [ app_end ] --END-- [ RunTime:0.002518s ]

[ 2016-04-02T16:11:10+08:00 ] 127.0.0.1 /index.php/Admin/Attribute/getAttributeByType?type_id=4
INFO: [ app_begin ] --START--
INFO: Run Behavior\ReadHtmlCacheBehavior [ RunTime:0.001473s ]
INFO: [ app_begin ] --END-- [ RunTime:0.002585s ]
SQL: SHOW COLUMNS FROM `sp_manager` [ RunTime:0.0091s ]
SQL: SELECT r.role_auth_ac FROM sp_manager m left join sp_role r on m.role_id=r.role_id  WHERE m.mg_id = '502' LIMIT 1   [ RunTime:0.0003s ]
SQL: SHOW COLUMNS FROM `sp_attribute` [ RunTime:0.0084s ]
SQL: SELECT a.*,t.type_name FROM sp_attribute a INNER JOIN sp_type t on a.type_id=t.type_id  WHERE a.type_id = '4'  [ RunTime:0.0004s ]
INFO: [ app_end ] --START--
INFO: Run Behavior\ShowPageTraceBehavior [ RunTime:0.001211s ]
INFO: [ app_end ] --END-- [ RunTime:0.001322s ]

[ 2016-04-02T16:13:36+08:00 ] 127.0.0.1 /index.php/Admin/Attribute/getAttributeByType?type_id=1
INFO: [ app_begin ] --START--
INFO: Run Behavior\ReadHtmlCacheBehavior [ RunTime:0.001510s ]
INFO: [ app_begin ] --END-- [ RunTime:0.002441s ]
SQL: SHOW COLUMNS FROM `sp_manager` [ RunTime:0.0068s ]
SQL: SELECT r.role_auth_ac FROM sp_manager m left join sp_role r on m.role_id=r.role_id  WHERE m.mg_id = '502' LIMIT 1   [ RunTime:0.0003s ]
SQL: SHOW COLUMNS FROM `sp_attribute` [ RunTime:0.0075s ]
SQL: SELECT a.*,t.type_name FROM sp_attribute a INNER JOIN sp_type t on a.type_id=t.type_id  WHERE a.type_id = '1'  [ RunTime:0.0003s ]
INFO: [ app_end ] --START--
INFO: Run Behavior\ShowPageTraceBehavior [ RunTime:0.002478s ]
INFO: [ app_end ] --END-- [ RunTime:0.002640s ]

[ 2016-04-02T16:20:04+08:00 ] 127.0.0.1 /index.php/Admin/Attribute/getAttributeByType?type_id=5
INFO: [ app_begin ] --START--
INFO: Run Behavior\ReadHtmlCacheBehavior [ RunTime:0.002145s ]
INFO: [ app_begin ] --END-- [ RunTime:0.003561s ]
SQL: SHOW COLUMNS FROM `sp_manager` [ RunTime:0.0099s ]
SQL: SELECT r.role_auth_ac FROM sp_manager m left join sp_role r on m.role_id=r.role_id  WHERE m.mg_id = '502' LIMIT 1   [ RunTime:0.0003s ]
SQL: SHOW COLUMNS FROM `sp_attribute` [ RunTime:0.0115s ]
SQL: SELECT a.*,t.type_name FROM sp_attribute a INNER JOIN sp_type t on a.type_id=t.type_id  WHERE a.type_id = '5'  [ RunTime:0.0013s ]
INFO: [ app_end ] --START--
INFO: Run Behavior\ShowPageTraceBehavior [ RunTime:0.001949s ]
INFO: [ app_end ] --END-- [ RunTime:0.002106s ]

[ 2016-04-02T16:21:08+08:00 ] 127.0.0.1 /index.php/Admin/Attribute/getAttributeByType?type_id=
INFO: [ app_begin ] --START--
INFO: Run Behavior\ReadHtmlCacheBehavior [ RunTime:0.002296s ]
INFO: [ app_begin ] --END-- [ RunTime:0.003275s ]
SQL: SHOW COLUMNS FROM `sp_manager` [ RunTime:0.0085s ]
SQL: SELECT r.role_auth_ac FROM sp_manager m left join sp_role r on m.role_id=r.role_id  WHERE m.mg_id = '502' LIMIT 1   [ RunTime:0.0004s ]
SQL: SHOW COLUMNS FROM `sp_attribute` [ RunTime:0.0102s ]
SQL: SELECT a.*,t.type_name FROM sp_attribute a INNER JOIN sp_type t on a.type_id=t.type_id  WHERE a.type_id = ''  [ RunTime:0.0009s ]
INFO: [ app_end ] --START--
INFO: Run Behavior\ShowPageTraceBehavior [ RunTime:0.002254s ]
INFO: [ app_end ] --END-- [ RunTime:0.002432s ]

[ 2016-04-02T16:31:02+08:00 ] 127.0.0.1 /index.php/Admin/Attribute/getAttributeByType?type_id=
INFO: [ app_begin ] --START--
INFO: Run Behavior\ReadHtmlCacheBehavior [ RunTime:0.002302s ]
INFO: [ app_begin ] --END-- [ RunTime:0.003690s ]
SQL: SHOW COLUMNS FROM `sp_manager` [ RunTime:0.0102s ]
SQL: SELECT r.role_auth_ac FROM sp_manager m left join sp_role r on m.role_id=r.role_id  WHERE m.mg_id = '502' LIMIT 1   [ RunTime:0.0009s ]
SQL: SHOW COLUMNS FROM `sp_attribute` [ RunTime:0.0095s ]
SQL: SELECT a.*,t.type_name FROM sp_attribute a INNER JOIN sp_type t on a.type_id=t.type_id  WHERE a.type_id = ''  [ RunTime:0.0009s ]
INFO: [ app_end ] --START--
INFO: Run Behavior\ShowPageTraceBehavior [ RunTime:0.002434s ]
INFO: [ app_end ] --END-- [ RunTime:0.002645s ]

[ 2016-04-02T16:35:30+08:00 ] 127.0.0.1 /index.php/Admin/Attribute/getAttributeByType?type_id=2
INFO: [ app_begin ] --START--
INFO: Run Behavior\ReadHtmlCacheBehavior [ RunTime:0.001747s ]
INFO: [ app_begin ] --END-- [ RunTime:0.002845s ]
SQL: SHOW COLUMNS FROM `sp_manager` [ RunTime:0.0107s ]
SQL: SELECT r.role_auth_ac FROM sp_manager m left join sp_role r on m.role_id=r.role_id  WHERE m.mg_id = '502' LIMIT 1   [ RunTime:0.0004s ]
SQL: SHOW COLUMNS FROM `sp_attribute` [ RunTime:0.0112s ]
SQL: SELECT a.*,t.type_name FROM sp_attribute a INNER JOIN sp_type t on a.type_id=t.type_id  WHERE a.type_id = '2'  [ RunTime:0.0011s ]
INFO: [ app_end ] --START--
INFO: Run Behavior\ShowPageTraceBehavior [ RunTime:0.002152s ]
INFO: [ app_end ] --END-- [ RunTime:0.002305s ]

[ 2016-04-02T16:35:50+08:00 ] 127.0.0.1 /index.php/Admin/Attribute/getAttributeByType?type_id=
INFO: [ app_begin ] --START--
INFO: Run Behavior\ReadHtmlCacheBehavior [ RunTime:0.002262s ]
INFO: [ app_begin ] --END-- [ RunTime:0.003886s ]
SQL: SHOW COLUMNS FROM `sp_manager` [ RunTime:0.0074s ]
SQL: SELECT r.role_auth_ac FROM sp_manager m left join sp_role r on m.role_id=r.role_id  WHERE m.mg_id = '502' LIMIT 1   [ RunTime:0.0003s ]
SQL: SHOW COLUMNS FROM `sp_attribute` [ RunTime:0.0087s ]
SQL: SELECT a.*,t.type_name FROM sp_attribute a INNER JOIN sp_type t on a.type_id=t.type_id  WHERE a.type_id = ''  [ RunTime:0.0007s ]
INFO: [ app_end ] --START--
INFO: Run Behavior\ShowPageTraceBehavior [ RunTime:0.001880s ]
INFO: [ app_end ] --END-- [ RunTime:0.001995s ]

[ 2016-04-02T16:36:08+08:00 ] 127.0.0.1 /index.php/Admin/Attribute/getAttributeByType?type_id=2
INFO: [ app_begin ] --START--
INFO: Run Behavior\ReadHtmlCacheBehavior [ RunTime:0.002212s ]
INFO: [ app_begin ] --END-- [ RunTime:0.003460s ]
SQL: SHOW COLUMNS FROM `sp_manager` [ RunTime:0.0120s ]
SQL: SELECT r.role_auth_ac FROM sp_manager m left join sp_role r on m.role_id=r.role_id  WHERE m.mg_id = '502' LIMIT 1   [ RunTime:0.0007s ]
SQL: SHOW COLUMNS FROM `sp_attribute` [ RunTime:0.0095s ]
SQL: SELECT a.*,t.type_name FROM sp_attribute a INNER JOIN sp_type t on a.type_id=t.type_id  WHERE a.type_id = '2'  [ RunTime:0.0007s ]
INFO: [ app_end ] --START--
INFO: Run Behavior\ShowPageTraceBehavior [ RunTime:0.001719s ]
INFO: [ app_end ] --END-- [ RunTime:0.001883s ]

[ 2016-04-02T16:36:25+08:00 ] 127.0.0.1 /index.php/Admin/Attribute/getAttributeByType?type_id=
INFO: [ app_begin ] --START--
INFO: Run Behavior\ReadHtmlCacheBehavior [ RunTime:0.001507s ]
INFO: [ app_begin ] --END-- [ RunTime:0.002836s ]
SQL: SHOW COLUMNS FROM `sp_manager` [ RunTime:0.0078s ]
SQL: SELECT r.role_auth_ac FROM sp_manager m left join sp_role r on m.role_id=r.role_id  WHERE m.mg_id = '502' LIMIT 1   [ RunTime:0.0003s ]
SQL: SHOW COLUMNS FROM `sp_attribute` [ RunTime:0.0074s ]
SQL: SELECT a.*,t.type_name FROM sp_attribute a INNER JOIN sp_type t on a.type_id=t.type_id  WHERE a.type_id = ''  [ RunTime:0.0006s ]
INFO: [ app_end ] --START--
INFO: Run Behavior\ShowPageTraceBehavior [ RunTime:0.001472s ]
INFO: [ app_end ] --END-- [ RunTime:0.001621s ]

[ 2016-04-02T16:36:27+08:00 ] 127.0.0.1 /index.php/Admin/Attribute/getAttributeByType?type_id=2
INFO: [ app_begin ] --START--
INFO: Run Behavior\ReadHtmlCacheBehavior [ RunTime:0.001184s ]
INFO: [ app_begin ] --END-- [ RunTime:0.002154s ]
SQL: SHOW COLUMNS FROM `sp_manager` [ RunTime:0.0100s ]
SQL: SELECT r.role_auth_ac FROM sp_manager m left join sp_role r on m.role_id=r.role_id  WHERE m.mg_id = '502' LIMIT 1   [ RunTime:0.0003s ]
SQL: SHOW COLUMNS FROM `sp_attribute` [ RunTime:0.0101s ]
SQL: SELECT a.*,t.type_name FROM sp_attribute a INNER JOIN sp_type t on a.type_id=t.type_id  WHERE a.type_id = '2'  [ RunTime:0.0008s ]
INFO: [ app_end ] --START--
INFO: Run Behavior\ShowPageTraceBehavior [ RunTime:0.001548s ]
INFO: [ app_end ] --END-- [ RunTime:0.001787s ]

[ 2016-04-02T16:55:34+08:00 ] 127.0.0.1 /index.php/Admin/Attribute/getAttributeByType?type_id=1
INFO: [ app_begin ] --START--
INFO: Run Behavior\ReadHtmlCacheBehavior [ RunTime:0.001496s ]
INFO: [ app_begin ] --END-- [ RunTime:0.002489s ]
SQL: SHOW COLUMNS FROM `sp_manager` [ RunTime:0.0086s ]
SQL: SELECT r.role_auth_ac FROM sp_manager m left join sp_role r on m.role_id=r.role_id  WHERE m.mg_id = '502' LIMIT 1   [ RunTime:0.0002s ]
SQL: SHOW COLUMNS FROM `sp_attribute` [ RunTime:0.0074s ]
SQL: SELECT a.*,t.type_name FROM sp_attribute a INNER JOIN sp_type t on a.type_id=t.type_id  WHERE a.type_id = '1'  [ RunTime:0.0008s ]
INFO: [ app_end ] --START--
INFO: Run Behavior\ShowPageTraceBehavior [ RunTime:0.001194s ]
INFO: [ app_end ] --END-- [ RunTime:0.001325s ]

[ 2016-04-02T16:55:36+08:00 ] 127.0.0.1 /index.php/Admin/Attribute/getAttributeByType?type_id=4
INFO: [ app_begin ] --START--
INFO: Run Behavior\ReadHtmlCacheBehavior [ RunTime:0.001418s ]
INFO: [ app_begin ] --END-- [ RunTime:0.002541s ]
SQL: SHOW COLUMNS FROM `sp_manager` [ RunTime:0.0132s ]
SQL: SELECT r.role_auth_ac FROM sp_manager m left join sp_role r on m.role_id=r.role_id  WHERE m.mg_id = '502' LIMIT 1   [ RunTime:0.0010s ]
SQL: SHOW COLUMNS FROM `sp_attribute` [ RunTime:0.0132s ]
SQL: SELECT a.*,t.type_name FROM sp_attribute a INNER JOIN sp_type t on a.type_id=t.type_id  WHERE a.type_id = '4'  [ RunTime:0.0018s ]
INFO: [ app_end ] --START--
INFO: Run Behavior\ShowPageTraceBehavior [ RunTime:0.001964s ]
INFO: [ app_end ] --END-- [ RunTime:0.002173s ]

[ 2016-04-02T16:55:40+08:00 ] 127.0.0.1 /index.php/Admin/Attribute/getAttributeByType?type_id=1
INFO: [ app_begin ] --START--
INFO: Run Behavior\ReadHtmlCacheBehavior [ RunTime:0.002723s ]
INFO: [ app_begin ] --END-- [ RunTime:0.004402s ]
SQL: SHOW COLUMNS FROM `sp_manager` [ RunTime:0.0112s ]
SQL: SELECT r.role_auth_ac FROM sp_manager m left join sp_role r on m.role_id=r.role_id  WHERE m.mg_id = '502' LIMIT 1   [ RunTime:0.0003s ]
SQL: SHOW COLUMNS FROM `sp_attribute` [ RunTime:0.0095s ]
SQL: SELECT a.*,t.type_name FROM sp_attribute a INNER JOIN sp_type t on a.type_id=t.type_id  WHERE a.type_id = '1'  [ RunTime:0.0004s ]
INFO: [ app_end ] --START--
INFO: Run Behavior\ShowPageTraceBehavior [ RunTime:0.001634s ]
INFO: [ app_end ] --END-- [ RunTime:0.001777s ]

[ 2016-04-02T16:55:42+08:00 ] 127.0.0.1 /index.php/Admin/Attribute/getAttributeByType?type_id=4
INFO: [ app_begin ] --START--
INFO: Run Behavior\ReadHtmlCacheBehavior [ RunTime:0.001494s ]
INFO: [ app_begin ] --END-- [ RunTime:0.002521s ]
SQL: SHOW COLUMNS FROM `sp_manager` [ RunTime:0.0086s ]
SQL: SELECT r.role_auth_ac FROM sp_manager m left join sp_role r on m.role_id=r.role_id  WHERE m.mg_id = '502' LIMIT 1   [ RunTime:0.0003s ]
SQL: SHOW COLUMNS FROM `sp_attribute` [ RunTime:0.0084s ]
SQL: SELECT a.*,t.type_name FROM sp_attribute a INNER JOIN sp_type t on a.type_id=t.type_id  WHERE a.type_id = '4'  [ RunTime:0.0005s ]
INFO: [ app_end ] --START--
INFO: Run Behavior\ShowPageTraceBehavior [ RunTime:0.001302s ]
INFO: [ app_end ] --END-- [ RunTime:0.001424s ]

[ 2016-04-02T16:55:55+08:00 ] 127.0.0.1 /index.php/Admin/Attribute/getAttributeByType?type_id=1
INFO: [ app_begin ] --START--
INFO: Run Behavior\ReadHtmlCacheBehavior [ RunTime:0.001223s ]
INFO: [ app_begin ] --END-- [ RunTime:0.002266s ]
SQL: SHOW COLUMNS FROM `sp_manager` [ RunTime:0.0097s ]
SQL: SELECT r.role_auth_ac FROM sp_manager m left join sp_role r on m.role_id=r.role_id  WHERE m.mg_id = '502' LIMIT 1   [ RunTime:0.0003s ]
SQL: SHOW COLUMNS FROM `sp_attribute` [ RunTime:0.0117s ]
SQL: SELECT a.*,t.type_name FROM sp_attribute a INNER JOIN sp_type t on a.type_id=t.type_id  WHERE a.type_id = '1'  [ RunTime:0.0004s ]
INFO: [ app_end ] --START--
INFO: Run Behavior\ShowPageTraceBehavior [ RunTime:0.001284s ]
INFO: [ app_end ] --END-- [ RunTime:0.001406s ]

[ 2016-04-02T16:56:38+08:00 ] 127.0.0.1 /index.php/Admin/Attribute/getAttributeByType?type_id=4
INFO: [ app_begin ] --START--
INFO: Run Behavior\ReadHtmlCacheBehavior [ RunTime:0.001767s ]
INFO: [ app_begin ] --END-- [ RunTime:0.002819s ]
SQL: SHOW COLUMNS FROM `sp_manager` [ RunTime:0.0097s ]
SQL: SELECT r.role_auth_ac FROM sp_manager m left join sp_role r on m.role_id=r.role_id  WHERE m.mg_id = '502' LIMIT 1   [ RunTime:0.0003s ]
SQL: SHOW COLUMNS FROM `sp_attribute` [ RunTime:0.0083s ]
SQL: SELECT a.*,t.type_name FROM sp_attribute a INNER JOIN sp_type t on a.type_id=t.type_id  WHERE a.type_id = '4'  [ RunTime:0.0003s ]
INFO: [ app_end ] --START--
INFO: Run Behavior\ShowPageTraceBehavior [ RunTime:0.001631s ]
INFO: [ app_end ] --END-- [ RunTime:0.001758s ]

[ 2016-04-02T16:56:43+08:00 ] 127.0.0.1 /index.php/Admin/Attribute/getAttributeByType?type_id=1
INFO: [ app_begin ] --START--
INFO: Run Behavior\ReadHtmlCacheBehavior [ RunTime:0.001756s ]
INFO: [ app_begin ] --END-- [ RunTime:0.002883s ]
SQL: SHOW COLUMNS FROM `sp_manager` [ RunTime:0.0104s ]
SQL: SELECT r.role_auth_ac FROM sp_manager m left join sp_role r on m.role_id=r.role_id  WHERE m.mg_id = '502' LIMIT 1   [ RunTime:0.0003s ]
SQL: SHOW COLUMNS FROM `sp_attribute` [ RunTime:0.0086s ]
SQL: SELECT a.*,t.type_name FROM sp_attribute a INNER JOIN sp_type t on a.type_id=t.type_id  WHERE a.type_id = '1'  [ RunTime:0.0004s ]
INFO: [ app_end ] --START--
INFO: Run Behavior\ShowPageTraceBehavior [ RunTime:0.001204s ]
INFO: [ app_end ] --END-- [ RunTime:0.001350s ]

[ 2016-04-02T17:02:47+08:00 ] 127.0.0.1 /index.php/Admin/Index/index.html
INFO: [ view_parse ] --START--
INFO: [ template_filter ] --START--
INFO: Run Behavior\ContentReplaceBehavior [ RunTime:0.000121s ]
INFO: [ template_filter ] --END-- [ RunTime:0.000312s ]
INFO: Run Behavior\ParseTemplateBehavior [ RunTime:0.016240s ]
INFO: [ view_parse ] --END-- [ RunTime:0.017185s ]
INFO: [ view_filter ] --START--
INFO: Run Behavior\WriteHtmlCacheBehavior [ RunTime:0.000962s ]
INFO: [ view_filter ] --END-- [ RunTime:0.001110s ]
INFO: [ app_end ] --START--
INFO: Run Behavior\ShowPageTraceBehavior [ RunTime:0.001904s ]
INFO: [ app_end ] --END-- [ RunTime:0.002061s ]

[ 2016-04-02T17:02:47+08:00 ] 127.0.0.1 /index.php/Admin/Index/top.html
INFO: [ view_parse ] --START--
INFO: [ template_filter ] --START--
INFO: Run Behavior\ContentReplaceBehavior [ RunTime:0.000186s ]
INFO: [ template_filter ] --END-- [ RunTime:0.000395s ]
INFO: Run Behavior\ParseTemplateBehavior [ RunTime:0.034852s ]
INFO: [ view_parse ] --END-- [ RunTime:0.038969s ]
INFO: [ view_filter ] --START--
INFO: Run Behavior\WriteHtmlCacheBehavior [ RunTime:0.002454s ]
INFO: [ view_filter ] --END-- [ RunTime:0.002631s ]
INFO: [ app_end ] --START--
INFO: Run Behavior\ShowPageTraceBehavior [ RunTime:0.002159s ]
INFO: [ app_end ] --END-- [ RunTime:0.002325s ]

[ 2016-04-02T17:02:47+08:00 ] 127.0.0.1 /index.php/Admin/Index/down.html
INFO: [ view_parse ] --START--
INFO: [ template_filter ] --START--
INFO: Run Behavior\ContentReplaceBehavior [ RunTime:0.000120s ]
INFO: [ template_filter ] --END-- [ RunTime:0.000309s ]
INFO: Run Behavior\ParseTemplateBehavior [ RunTime:0.022062s ]
INFO: [ view_parse ] --END-- [ RunTime:0.023340s ]
INFO: [ view_filter ] --START--
INFO: Run Behavior\WriteHtmlCacheBehavior [ RunTime:0.001651s ]
INFO: [ view_filter ] --END-- [ RunTime:0.001858s ]
INFO: [ app_end ] --START--
INFO: Run Behavior\ShowPageTraceBehavior [ RunTime:0.002353s ]
INFO: [ app_end ] --END-- [ RunTime:0.002587s ]

[ 2016-04-02T17:02:47+08:00 ] 127.0.0.1 /index.php/Admin/Index/center.html
INFO: [ view_parse ] --START--
INFO: [ template_filter ] --START--
INFO: Run Behavior\ContentReplaceBehavior [ RunTime:0.000124s ]
INFO: [ template_filter ] --END-- [ RunTime:0.000382s ]
INFO: Run Behavior\ParseTemplateBehavior [ RunTime:0.018412s ]
INFO: [ view_parse ] --END-- [ RunTime:0.020226s ]
INFO: [ view_filter ] --START--
INFO: Run Behavior\WriteHtmlCacheBehavior [ RunTime:0.002257s ]
INFO: [ view_filter ] --END-- [ RunTime:0.002428s ]
INFO: [ app_end ] --START--
INFO: Run Behavior\ShowPageTraceBehavior [ RunTime:0.001997s ]
INFO: [ app_end ] --END-- [ RunTime:0.002161s ]

[ 2016-04-02T17:02:48+08:00 ] 127.0.0.1 /index.php/Admin/Index/left.html
SQL: SHOW COLUMNS FROM `sp_auth` [ RunTime:0.0206s ]
SQL: SELECT `auth_id`,`auth_name`,`auth_pid`,`auth_c`,`auth_a` FROM `sp_auth` WHERE `auth_level` = 0  [ RunTime:0.0017s ]
SQL: SELECT `auth_id`,`auth_name`,`auth_pid`,`auth_c`,`auth_a` FROM `sp_auth` WHERE `auth_level` = 1  [ RunTime:0.0014s ]
INFO: [ view_parse ] --START--
INFO: [ template_filter ] --START--
INFO: Run Behavior\ContentReplaceBehavior [ RunTime:0.000140s ]
INFO: [ template_filter ] --END-- [ RunTime:0.000327s ]
INFO: Run Behavior\ParseTemplateBehavior [ RunTime:0.047834s ]
INFO: [ view_parse ] --END-- [ RunTime:0.048062s ]
INFO: [ view_filter ] --START--
INFO: Run Behavior\WriteHtmlCacheBehavior [ RunTime:0.001246s ]
INFO: [ view_filter ] --END-- [ RunTime:0.001561s ]
INFO: [ app_end ] --START--
INFO: Run Behavior\ShowPageTraceBehavior [ RunTime:0.001742s ]
INFO: [ app_end ] --END-- [ RunTime:0.001935s ]

[ 2016-04-02T17:03:00+08:00 ] 127.0.0.1 /index.php/Admin/Attribute/getAttributeByType?type_id=1
INFO: [ app_begin ] --START--
INFO: Run Behavior\ReadHtmlCacheBehavior [ RunTime:0.001230s ]
INFO: [ app_begin ] --END-- [ RunTime:0.001984s ]
SQL: SHOW COLUMNS FROM `sp_manager` [ RunTime:0.0088s ]
SQL: SELECT r.role_auth_ac FROM sp_manager m left join sp_role r on m.role_id=r.role_id  WHERE m.mg_id = '502' LIMIT 1   [ RunTime:0.0002s ]
SQL: SHOW COLUMNS FROM `sp_attribute` [ RunTime:0.0108s ]
SQL: SELECT a.*,t.type_name FROM sp_attribute a INNER JOIN sp_type t on a.type_id=t.type_id  WHERE a.type_id = '1'  [ RunTime:0.0004s ]
INFO: [ app_end ] --START--
INFO: Run Behavior\ShowPageTraceBehavior [ RunTime:0.001396s ]
INFO: [ app_end ] --END-- [ RunTime:0.001528s ]

[ 2016-04-02T17:03:05+08:00 ] 127.0.0.1 /index.php/Admin/Attribute/getAttributeByType?type_id=4
INFO: [ app_begin ] --START--
INFO: Run Behavior\ReadHtmlCacheBehavior [ RunTime:0.001859s ]
INFO: [ app_begin ] --END-- [ RunTime:0.002901s ]
SQL: SHOW COLUMNS FROM `sp_manager` [ RunTime:0.0095s ]
SQL: SELECT r.role_auth_ac FROM sp_manager m left join sp_role r on m.role_id=r.role_id  WHERE m.mg_id = '502' LIMIT 1   [ RunTime:0.0003s ]
SQL: SHOW COLUMNS FROM `sp_attribute` [ RunTime:0.0083s ]
SQL: SELECT a.*,t.type_name FROM sp_attribute a INNER JOIN sp_type t on a.type_id=t.type_id  WHERE a.type_id = '4'  [ RunTime:0.0004s ]
INFO: [ app_end ] --START--
INFO: Run Behavior\ShowPageTraceBehavior [ RunTime:0.001354s ]
INFO: [ app_end ] --END-- [ RunTime:0.001506s ]

[ 2016-04-02T17:06:52+08:00 ] 127.0.0.1 /index.php/Admin/Index/index.html
INFO: [ view_parse ] --START--
INFO: [ template_filter ] --START--
INFO: Run Behavior\ContentReplaceBehavior [ RunTime:0.000112s ]
INFO: [ template_filter ] --END-- [ RunTime:0.000288s ]
INFO: Run Behavior\ParseTemplateBehavior [ RunTime:0.019596s ]
INFO: [ view_parse ] --END-- [ RunTime:0.020544s ]
INFO: [ view_filter ] --START--
INFO: Run Behavior\WriteHtmlCacheBehavior [ RunTime:0.001276s ]
INFO: [ view_filter ] --END-- [ RunTime:0.001766s ]
INFO: [ app_end ] --START--
INFO: Run Behavior\ShowPageTraceBehavior [ RunTime:0.001750s ]
INFO: [ app_end ] --END-- [ RunTime:0.001859s ]

[ 2016-04-02T17:06:52+08:00 ] 127.0.0.1 /index.php/Admin/Index/top.html
INFO: [ view_parse ] --START--
INFO: [ template_filter ] --START--
INFO: Run Behavior\ContentReplaceBehavior [ RunTime:0.000168s ]
INFO: [ template_filter ] --END-- [ RunTime:0.000336s ]
INFO: Run Behavior\ParseTemplateBehavior [ RunTime:0.026511s ]
INFO: [ view_parse ] --END-- [ RunTime:0.030138s ]
INFO: [ view_filter ] --START--
INFO: Run Behavior\WriteHtmlCacheBehavior [ RunTime:0.000932s ]
INFO: [ view_filter ] --END-- [ RunTime:0.001052s ]
INFO: [ app_end ] --START--
INFO: Run Behavior\ShowPageTraceBehavior [ RunTime:0.001817s ]
INFO: [ app_end ] --END-- [ RunTime:0.002023s ]

[ 2016-04-02T17:06:53+08:00 ] 127.0.0.1 /index.php/Admin/Index/center.html
INFO: [ view_parse ] --START--
INFO: [ template_filter ] --START--
INFO: Run Behavior\ContentReplaceBehavior [ RunTime:0.000124s ]
INFO: [ template_filter ] --END-- [ RunTime:0.000308s ]
INFO: Run Behavior\ParseTemplateBehavior [ RunTime:0.017539s ]
INFO: [ view_parse ] --END-- [ RunTime:0.018758s ]
INFO: [ view_filter ] --START--
INFO: Run Behavior\WriteHtmlCacheBehavior [ RunTime:0.001084s ]
INFO: [ view_filter ] --END-- [ RunTime:0.001215s ]
INFO: [ app_end ] --START--
INFO: Run Behavior\ShowPageTraceBehavior [ RunTime:0.001708s ]
INFO: [ app_end ] --END-- [ RunTime:0.001889s ]

[ 2016-04-02T17:06:53+08:00 ] 127.0.0.1 /index.php/Admin/Index/down.html
INFO: [ view_parse ] --START--
INFO: [ template_filter ] --START--
INFO: Run Behavior\ContentReplaceBehavior [ RunTime:0.000119s ]
INFO: [ template_filter ] --END-- [ RunTime:0.000301s ]
INFO: Run Behavior\ParseTemplateBehavior [ RunTime:0.019327s ]
INFO: [ view_parse ] --END-- [ RunTime:0.021139s ]
INFO: [ view_filter ] --START--
INFO: Run Behavior\WriteHtmlCacheBehavior [ RunTime:0.001992s ]
INFO: [ view_filter ] --END-- [ RunTime:0.002196s ]
INFO: [ app_end ] --START--
INFO: Run Behavior\ShowPageTraceBehavior [ RunTime:0.006087s ]
INFO: [ app_end ] --END-- [ RunTime:0.006280s ]

[ 2016-04-02T17:06:53+08:00 ] 127.0.0.1 /index.php/Admin/Index/left.html
SQL: SHOW COLUMNS FROM `sp_auth` [ RunTime:0.0111s ]
SQL: SELECT `auth_id`,`auth_name`,`auth_pid`,`auth_c`,`auth_a` FROM `sp_auth` WHERE `auth_level` = 0  [ RunTime:0.0025s ]
SQL: SELECT `auth_id`,`auth_name`,`auth_pid`,`auth_c`,`auth_a` FROM `sp_auth` WHERE `auth_level` = 1  [ RunTime:0.0006s ]
INFO: [ view_parse ] --START--
INFO: [ template_filter ] --START--
INFO: Run Behavior\ContentReplaceBehavior [ RunTime:0.000149s ]
INFO: [ template_filter ] --END-- [ RunTime:0.000330s ]
INFO: Run Behavior\ParseTemplateBehavior [ RunTime:0.028577s ]
INFO: [ view_parse ] --END-- [ RunTime:0.028793s ]
INFO: [ view_filter ] --START--
INFO: Run Behavior\WriteHtmlCacheBehavior [ RunTime:0.001266s ]
INFO: [ view_filter ] --END-- [ RunTime:0.001424s ]
INFO: [ app_end ] --START--
INFO: Run Behavior\ShowPageTraceBehavior [ RunTime:0.001841s ]
INFO: [ app_end ] --END-- [ RunTime:0.002000s ]

[ 2016-04-02T17:07:00+08:00 ] 127.0.0.1 /index.php/Admin/Attribute/getAttributeByType?type_id=1
INFO: [ app_begin ] --START--
INFO: Run Behavior\ReadHtmlCacheBehavior [ RunTime:0.001748s ]
INFO: [ app_begin ] --END-- [ RunTime:0.002652s ]
SQL: SHOW COLUMNS FROM `sp_manager` [ RunTime:0.0071s ]
SQL: SELECT r.role_auth_ac FROM sp_manager m left join sp_role r on m.role_id=r.role_id  WHERE m.mg_id = '502' LIMIT 1   [ RunTime:0.0003s ]
SQL: SHOW COLUMNS FROM `sp_attribute` [ RunTime:0.0065s ]
SQL: SELECT a.*,t.type_name FROM sp_attribute a INNER JOIN sp_type t on a.type_id=t.type_id  WHERE a.type_id = '1'  [ RunTime:0.0003s ]
INFO: [ app_end ] --START--
INFO: Run Behavior\ShowPageTraceBehavior [ RunTime:0.001426s ]
INFO: [ app_end ] --END-- [ RunTime:0.001532s ]

[ 2016-04-02T17:07:02+08:00 ] 127.0.0.1 /index.php/Admin/Attribute/getAttributeByType?type_id=4
INFO: [ app_begin ] --START--
INFO: Run Behavior\ReadHtmlCacheBehavior [ RunTime:0.001301s ]
INFO: [ app_begin ] --END-- [ RunTime:0.002059s ]
SQL: SHOW COLUMNS FROM `sp_manager` [ RunTime:0.0090s ]
SQL: SELECT r.role_auth_ac FROM sp_manager m left join sp_role r on m.role_id=r.role_id  WHERE m.mg_id = '502' LIMIT 1   [ RunTime:0.0006s ]
SQL: SHOW COLUMNS FROM `sp_attribute` [ RunTime:0.0186s ]
SQL: SELECT a.*,t.type_name FROM sp_attribute a INNER JOIN sp_type t on a.type_id=t.type_id  WHERE a.type_id = '4'  [ RunTime:0.0008s ]
INFO: [ app_end ] --START--
INFO: Run Behavior\ShowPageTraceBehavior [ RunTime:0.002447s ]
INFO: [ app_end ] --END-- [ RunTime:0.002568s ]

[ 2016-04-02T17:07:21+08:00 ] 127.0.0.1 /index.php/Admin/Index/index.html
INFO: [ view_parse ] --START--
INFO: [ template_filter ] --START--
INFO: Run Behavior\ContentReplaceBehavior [ RunTime:0.000123s ]
INFO: [ template_filter ] --END-- [ RunTime:0.000305s ]
INFO: Run Behavior\ParseTemplateBehavior [ RunTime:0.024640s ]
INFO: [ view_parse ] --END-- [ RunTime:0.025718s ]
INFO: [ view_filter ] --START--
INFO: Run Behavior\WriteHtmlCacheBehavior [ RunTime:0.001095s ]
INFO: [ view_filter ] --END-- [ RunTime:0.001236s ]
INFO: [ app_end ] --START--
INFO: Run Behavior\ShowPageTraceBehavior [ RunTime:0.006698s ]
INFO: [ app_end ] --END-- [ RunTime:0.006942s ]

[ 2016-04-02T17:07:21+08:00 ] 127.0.0.1 /index.php/Admin/Index/down.html
INFO: [ view_parse ] --START--
INFO: [ template_filter ] --START--
INFO: Run Behavior\ContentReplaceBehavior [ RunTime:0.000076s ]
INFO: [ template_filter ] --END-- [ RunTime:0.000200s ]
INFO: Run Behavior\ParseTemplateBehavior [ RunTime:0.016076s ]
INFO: [ view_parse ] --END-- [ RunTime:0.017690s ]
INFO: [ view_filter ] --START--
INFO: Run Behavior\WriteHtmlCacheBehavior [ RunTime:0.001693s ]
INFO: [ view_filter ] --END-- [ RunTime:0.001883s ]
INFO: [ app_end ] --START--
INFO: Run Behavior\ShowPageTraceBehavior [ RunTime:0.001628s ]
INFO: [ app_end ] --END-- [ RunTime:0.001780s ]

[ 2016-04-02T17:07:21+08:00 ] 127.0.0.1 /index.php/Admin/Index/top.html
INFO: [ view_parse ] --START--
INFO: [ template_filter ] --START--
INFO: Run Behavior\ContentReplaceBehavior [ RunTime:0.000188s ]
INFO: [ template_filter ] --END-- [ RunTime:0.000389s ]
INFO: Run Behavior\ParseTemplateBehavior [ RunTime:0.028678s ]
INFO: [ view_parse ] --END-- [ RunTime:0.029823s ]
INFO: [ view_filter ] --START--
INFO: Run Behavior\WriteHtmlCacheBehavior [ RunTime:0.001258s ]
INFO: [ view_filter ] --END-- [ RunTime:0.001421s ]
INFO: [ app_end ] --START--
INFO: Run Behavior\ShowPageTraceBehavior [ RunTime:0.001850s ]
INFO: [ app_end ] --END-- [ RunTime:0.002018s ]

[ 2016-04-02T17:07:21+08:00 ] 127.0.0.1 /index.php/Admin/Index/center.html
INFO: [ view_parse ] --START--
INFO: [ template_filter ] --START--
INFO: Run Behavior\ContentReplaceBehavior [ RunTime:0.000132s ]
INFO: [ template_filter ] --END-- [ RunTime:0.000315s ]
INFO: Run Behavior\ParseTemplateBehavior [ RunTime:0.021526s ]
INFO: [ view_parse ] --END-- [ RunTime:0.023011s ]
INFO: [ view_filter ] --START--
INFO: Run Behavior\WriteHtmlCacheBehavior [ RunTime:0.001042s ]
INFO: [ view_filter ] --END-- [ RunTime:0.001207s ]
INFO: [ app_end ] --START--
INFO: Run Behavior\ShowPageTraceBehavior [ RunTime:0.001763s ]
INFO: [ app_end ] --END-- [ RunTime:0.001977s ]

[ 2016-04-02T17:07:22+08:00 ] 127.0.0.1 /index.php/Admin/Index/left.html
SQL: SHOW COLUMNS FROM `sp_auth` [ RunTime:0.0165s ]
SQL: SELECT `auth_id`,`auth_name`,`auth_pid`,`auth_c`,`auth_a` FROM `sp_auth` WHERE `auth_level` = 0  [ RunTime:0.0005s ]
SQL: SELECT `auth_id`,`auth_name`,`auth_pid`,`auth_c`,`auth_a` FROM `sp_auth` WHERE `auth_level` = 1  [ RunTime:0.0005s ]
INFO: [ view_parse ] --START--
INFO: [ template_filter ] --START--
INFO: Run Behavior\ContentReplaceBehavior [ RunTime:0.000092s ]
INFO: [ template_filter ] --END-- [ RunTime:0.000219s ]
INFO: Run Behavior\ParseTemplateBehavior [ RunTime:0.022221s ]
INFO: [ view_parse ] --END-- [ RunTime:0.022412s ]
INFO: [ view_filter ] --START--
INFO: Run Behavior\WriteHtmlCacheBehavior [ RunTime:0.001243s ]
INFO: [ view_filter ] --END-- [ RunTime:0.001399s ]
INFO: [ app_end ] --START--
INFO: Run Behavior\ShowPageTraceBehavior [ RunTime:0.001888s ]
INFO: [ app_end ] --END-- [ RunTime:0.002054s ]

[ 2016-04-02T17:07:34+08:00 ] 127.0.0.1 /index.php/Admin/Attribute/getAttributeByType?type_id=1
INFO: [ app_begin ] --START--
INFO: Run Behavior\ReadHtmlCacheBehavior [ RunTime:0.001567s ]
INFO: [ app_begin ] --END-- [ RunTime:0.002522s ]
SQL: SHOW COLUMNS FROM `sp_manager` [ RunTime:0.0091s ]
SQL: SELECT r.role_auth_ac FROM sp_manager m left join sp_role r on m.role_id=r.role_id  WHERE m.mg_id = '502' LIMIT 1   [ RunTime:0.0006s ]
SQL: SHOW COLUMNS FROM `sp_attribute` [ RunTime:0.0115s ]
SQL: SELECT a.*,t.type_name FROM sp_attribute a INNER JOIN sp_type t on a.type_id=t.type_id  WHERE a.type_id = '1'  [ RunTime:0.0037s ]
INFO: [ app_end ] --START--
INFO: Run Behavior\ShowPageTraceBehavior [ RunTime:0.002214s ]
INFO: [ app_end ] --END-- [ RunTime:0.002382s ]

[ 2016-04-02T17:07:38+08:00 ] 127.0.0.1 /index.php/Admin/Attribute/getAttributeByType?type_id=4
INFO: [ app_begin ] --START--
INFO: Run Behavior\ReadHtmlCacheBehavior [ RunTime:0.001795s ]
INFO: [ app_begin ] --END-- [ RunTime:0.003368s ]
SQL: SHOW COLUMNS FROM `sp_manager` [ RunTime:0.0078s ]
SQL: SELECT r.role_auth_ac FROM sp_manager m left join sp_role r on m.role_id=r.role_id  WHERE m.mg_id = '502' LIMIT 1   [ RunTime:0.0003s ]
SQL: SHOW COLUMNS FROM `sp_attribute` [ RunTime:0.0112s ]
SQL: SELECT a.*,t.type_name FROM sp_attribute a INNER JOIN sp_type t on a.type_id=t.type_id  WHERE a.type_id = '4'  [ RunTime:0.0005s ]
INFO: [ app_end ] --START--
INFO: Run Behavior\ShowPageTraceBehavior [ RunTime:0.002276s ]
INFO: [ app_end ] --END-- [ RunTime:0.002421s ]

[ 2016-04-02T17:08:09+08:00 ] 127.0.0.1 /index.php/Admin/Attribute/getAttributeByType?type_id=3
INFO: [ app_begin ] --START--
INFO: Run Behavior\ReadHtmlCacheBehavior [ RunTime:0.001750s ]
INFO: [ app_begin ] --END-- [ RunTime:0.003301s ]
SQL: SHOW COLUMNS FROM `sp_manager` [ RunTime:0.0094s ]
SQL: SELECT r.role_auth_ac FROM sp_manager m left join sp_role r on m.role_id=r.role_id  WHERE m.mg_id = '502' LIMIT 1   [ RunTime:0.0003s ]
SQL: SHOW COLUMNS FROM `sp_attribute` [ RunTime:0.0096s ]
SQL: SELECT a.*,t.type_name FROM sp_attribute a INNER JOIN sp_type t on a.type_id=t.type_id  WHERE a.type_id = '3'  [ RunTime:0.0009s ]
INFO: [ app_end ] --START--
INFO: Run Behavior\ShowPageTraceBehavior [ RunTime:0.001546s ]
INFO: [ app_end ] --END-- [ RunTime:0.001669s ]

[ 2016-04-02T17:08:11+08:00 ] 127.0.0.1 /index.php/Admin/Attribute/getAttributeByType?type_id=1
INFO: [ app_begin ] --START--
INFO: Run Behavior\ReadHtmlCacheBehavior [ RunTime:0.001531s ]
INFO: [ app_begin ] --END-- [ RunTime:0.002349s ]
SQL: SHOW COLUMNS FROM `sp_manager` [ RunTime:0.0073s ]
SQL: SELECT r.role_auth_ac FROM sp_manager m left join sp_role r on m.role_id=r.role_id  WHERE m.mg_id = '502' LIMIT 1   [ RunTime:0.0003s ]
SQL: SHOW COLUMNS FROM `sp_attribute` [ RunTime:0.0080s ]
SQL: SELECT a.*,t.type_name FROM sp_attribute a INNER JOIN sp_type t on a.type_id=t.type_id  WHERE a.type_id = '1'  [ RunTime:0.0005s ]
INFO: [ app_end ] --START--
INFO: Run Behavior\ShowPageTraceBehavior [ RunTime:0.002324s ]
INFO: [ app_end ] --END-- [ RunTime:0.002499s ]

[ 2016-04-02T17:08:12+08:00 ] 127.0.0.1 /index.php/Admin/Attribute/getAttributeByType?type_id=4
INFO: [ app_begin ] --START--
INFO: Run Behavior\ReadHtmlCacheBehavior [ RunTime:0.001428s ]
INFO: [ app_begin ] --END-- [ RunTime:0.002332s ]
SQL: SHOW COLUMNS FROM `sp_manager` [ RunTime:0.0160s ]
SQL: SELECT r.role_auth_ac FROM sp_manager m left join sp_role r on m.role_id=r.role_id  WHERE m.mg_id = '502' LIMIT 1   [ RunTime:0.0003s ]
SQL: SHOW COLUMNS FROM `sp_attribute` [ RunTime:0.0125s ]
SQL: SELECT a.*,t.type_name FROM sp_attribute a INNER JOIN sp_type t on a.type_id=t.type_id  WHERE a.type_id = '4'  [ RunTime:0.0009s ]
INFO: [ app_end ] --START--
INFO: Run Behavior\ShowPageTraceBehavior [ RunTime:0.001861s ]
INFO: [ app_end ] --END-- [ RunTime:0.002012s ]

[ 2016-04-02T17:08:14+08:00 ] 127.0.0.1 /index.php/Admin/Attribute/getAttributeByType?type_id=1
INFO: [ app_begin ] --START--
INFO: Run Behavior\ReadHtmlCacheBehavior [ RunTime:0.001926s ]
INFO: [ app_begin ] --END-- [ RunTime:0.003098s ]
SQL: SHOW COLUMNS FROM `sp_manager` [ RunTime:0.0087s ]
SQL: SELECT r.role_auth_ac FROM sp_manager m left join sp_role r on m.role_id=r.role_id  WHERE m.mg_id = '502' LIMIT 1   [ RunTime:0.0003s ]
SQL: SHOW COLUMNS FROM `sp_attribute` [ RunTime:0.0093s ]
SQL: SELECT a.*,t.type_name FROM sp_attribute a INNER JOIN sp_type t on a.type_id=t.type_id  WHERE a.type_id = '1'  [ RunTime:0.0006s ]
INFO: [ app_end ] --START--
INFO: Run Behavior\ShowPageTraceBehavior [ RunTime:0.001894s ]
INFO: [ app_end ] --END-- [ RunTime:0.002040s ]

[ 2016-04-02T17:08:19+08:00 ] 127.0.0.1 /index.php/Admin/Attribute/getAttributeByType?type_id=4
INFO: [ app_begin ] --START--
INFO: Run Behavior\ReadHtmlCacheBehavior [ RunTime:0.002113s ]
INFO: [ app_begin ] --END-- [ RunTime:0.003481s ]
SQL: SHOW COLUMNS FROM `sp_manager` [ RunTime:0.0127s ]
SQL: SELECT r.role_auth_ac FROM sp_manager m left join sp_role r on m.role_id=r.role_id  WHERE m.mg_id = '502' LIMIT 1   [ RunTime:0.0003s ]
SQL: SHOW COLUMNS FROM `sp_attribute` [ RunTime:0.0123s ]
SQL: SELECT a.*,t.type_name FROM sp_attribute a INNER JOIN sp_type t on a.type_id=t.type_id  WHERE a.type_id = '4'  [ RunTime:0.0031s ]
INFO: [ app_end ] --START--
INFO: Run Behavior\ShowPageTraceBehavior [ RunTime:0.001993s ]
INFO: [ app_end ] --END-- [ RunTime:0.002168s ]

[ 2016-04-02T17:08:21+08:00 ] 127.0.0.1 /index.php/Admin/Attribute/getAttributeByType?type_id=1
INFO: [ app_begin ] --START--
INFO: Run Behavior\ReadHtmlCacheBehavior [ RunTime:0.001967s ]
INFO: [ app_begin ] --END-- [ RunTime:0.003410s ]
SQL: SHOW COLUMNS FROM `sp_manager` [ RunTime:0.0074s ]
SQL: SELECT r.role_auth_ac FROM sp_manager m left join sp_role r on m.role_id=r.role_id  WHERE m.mg_id = '502' LIMIT 1   [ RunTime:0.0002s ]
SQL: SHOW COLUMNS FROM `sp_attribute` [ RunTime:0.0085s ]
SQL: SELECT a.*,t.type_name FROM sp_attribute a INNER JOIN sp_type t on a.type_id=t.type_id  WHERE a.type_id = '1'  [ RunTime:0.0007s ]
INFO: [ app_end ] --START--
INFO: Run Behavior\ShowPageTraceBehavior [ RunTime:0.002052s ]
INFO: [ app_end ] --END-- [ RunTime:0.002233s ]

[ 2016-04-02T17:08:22+08:00 ] 127.0.0.1 /index.php/Admin/Attribute/getAttributeByType?type_id=4
INFO: [ app_begin ] --START--
INFO: Run Behavior\ReadHtmlCacheBehavior [ RunTime:0.002517s ]
INFO: [ app_begin ] --END-- [ RunTime:0.003862s ]
SQL: SHOW COLUMNS FROM `sp_manager` [ RunTime:0.0072s ]
SQL: SELECT r.role_auth_ac FROM sp_manager m left join sp_role r on m.role_id=r.role_id  WHERE m.mg_id = '502' LIMIT 1   [ RunTime:0.0003s ]
SQL: SHOW COLUMNS FROM `sp_attribute` [ RunTime:0.0107s ]
SQL: SELECT a.*,t.type_name FROM sp_attribute a INNER JOIN sp_type t on a.type_id=t.type_id  WHERE a.type_id = '4'  [ RunTime:0.0007s ]
INFO: [ app_end ] --START--
INFO: Run Behavior\ShowPageTraceBehavior [ RunTime:0.001957s ]
INFO: [ app_end ] --END-- [ RunTime:0.002156s ]

[ 2016-04-02T17:08:23+08:00 ] 127.0.0.1 /index.php/Admin/Attribute/getAttributeByType?type_id=1
INFO: [ app_begin ] --START--
INFO: Run Behavior\ReadHtmlCacheBehavior [ RunTime:0.002416s ]
INFO: [ app_begin ] --END-- [ RunTime:0.003824s ]
SQL: SHOW COLUMNS FROM `sp_manager` [ RunTime:0.0137s ]
SQL: SELECT r.role_auth_ac FROM sp_manager m left join sp_role r on m.role_id=r.role_id  WHERE m.mg_id = '502' LIMIT 1   [ RunTime:0.0003s ]
SQL: SHOW COLUMNS FROM `sp_attribute` [ RunTime:0.0075s ]
SQL: SELECT a.*,t.type_name FROM sp_attribute a INNER JOIN sp_type t on a.type_id=t.type_id  WHERE a.type_id = '1'  [ RunTime:0.0003s ]
INFO: [ app_end ] --START--
INFO: Run Behavior\ShowPageTraceBehavior [ RunTime:0.001344s ]
INFO: [ app_end ] --END-- [ RunTime:0.001443s ]

[ 2016-04-02T17:10:42+08:00 ] 127.0.0.1 /index.php/Admin/Attribute/getAttributeByType?type_id=4
INFO: [ app_begin ] --START--
INFO: Run Behavior\ReadHtmlCacheBehavior [ RunTime:0.002176s ]
INFO: [ app_begin ] --END-- [ RunTime:0.003254s ]
SQL: SHOW COLUMNS FROM `sp_manager` [ RunTime:0.0109s ]
SQL: SELECT r.role_auth_ac FROM sp_manager m left join sp_role r on m.role_id=r.role_id  WHERE m.mg_id = '502' LIMIT 1   [ RunTime:0.0003s ]
SQL: SHOW COLUMNS FROM `sp_attribute` [ RunTime:0.0092s ]
SQL: SELECT a.*,t.type_name FROM sp_attribute a INNER JOIN sp_type t on a.type_id=t.type_id  WHERE a.type_id = '4'  [ RunTime:0.0007s ]
INFO: [ app_end ] --START--
INFO: Run Behavior\ShowPageTraceBehavior [ RunTime:0.002021s ]
INFO: [ app_end ] --END-- [ RunTime:0.002194s ]

[ 2016-04-02T17:10:48+08:00 ] 127.0.0.1 /index.php/Admin/Attribute/getAttributeByType?type_id=1
INFO: [ app_begin ] --START--
INFO: Run Behavior\ReadHtmlCacheBehavior [ RunTime:0.001671s ]
INFO: [ app_begin ] --END-- [ RunTime:0.002545s ]
SQL: SHOW COLUMNS FROM `sp_manager` [ RunTime:0.0119s ]
SQL: SELECT r.role_auth_ac FROM sp_manager m left join sp_role r on m.role_id=r.role_id  WHERE m.mg_id = '502' LIMIT 1   [ RunTime:0.0005s ]
SQL: SHOW COLUMNS FROM `sp_attribute` [ RunTime:0.0108s ]
SQL: SELECT a.*,t.type_name FROM sp_attribute a INNER JOIN sp_type t on a.type_id=t.type_id  WHERE a.type_id = '1'  [ RunTime:0.0004s ]
INFO: [ app_end ] --START--
INFO: Run Behavior\ShowPageTraceBehavior [ RunTime:0.002331s ]
INFO: [ app_end ] --END-- [ RunTime:0.002537s ]

[ 2016-04-02T17:11:09+08:00 ] 127.0.0.1 /index.php/Admin/Index/index.html
INFO: [ view_parse ] --START--
INFO: [ template_filter ] --START--
INFO: Run Behavior\ContentReplaceBehavior [ RunTime:0.000116s ]
INFO: [ template_filter ] --END-- [ RunTime:0.000303s ]
INFO: Run Behavior\ParseTemplateBehavior [ RunTime:0.012320s ]
INFO: [ view_parse ] --END-- [ RunTime:0.013438s ]
INFO: [ view_filter ] --START--
INFO: Run Behavior\WriteHtmlCacheBehavior [ RunTime:0.000847s ]
INFO: [ view_filter ] --END-- [ RunTime:0.000966s ]
INFO: [ app_end ] --START--
INFO: Run Behavior\ShowPageTraceBehavior [ RunTime:0.001684s ]
INFO: [ app_end ] --END-- [ RunTime:0.001825s ]

[ 2016-04-02T17:11:10+08:00 ] 127.0.0.1 /index.php/Admin/Index/top.html
INFO: [ view_parse ] --START--
INFO: [ template_filter ] --START--
INFO: Run Behavior\ContentReplaceBehavior [ RunTime:0.000174s ]
INFO: [ template_filter ] --END-- [ RunTime:0.000348s ]
INFO: Run Behavior\ParseTemplateBehavior [ RunTime:0.024849s ]
INFO: [ view_parse ] --END-- [ RunTime:0.025985s ]
INFO: [ view_filter ] --START--
INFO: Run Behavior\WriteHtmlCacheBehavior [ RunTime:0.001776s ]
INFO: [ view_filter ] --END-- [ RunTime:0.001951s ]
INFO: [ app_end ] --START--
INFO: Run Behavior\ShowPageTraceBehavior [ RunTime:0.002436s ]
INFO: [ app_end ] --END-- [ RunTime:0.002632s ]

[ 2016-04-02T17:11:10+08:00 ] 127.0.0.1 /index.php/Admin/Index/center.html
INFO: [ view_parse ] --START--
INFO: [ template_filter ] --START--
INFO: Run Behavior\ContentReplaceBehavior [ RunTime:0.000124s ]
INFO: [ template_filter ] --END-- [ RunTime:0.000319s ]
INFO: Run Behavior\ParseTemplateBehavior [ RunTime:0.018231s ]
INFO: [ view_parse ] --END-- [ RunTime:0.019714s ]
INFO: [ view_filter ] --START--
INFO: Run Behavior\WriteHtmlCacheBehavior [ RunTime:0.001153s ]
INFO: [ view_filter ] --END-- [ RunTime:0.001312s ]
INFO: [ app_end ] --START--
INFO: Run Behavior\ShowPageTraceBehavior [ RunTime:0.003155s ]
INFO: [ app_end ] --END-- [ RunTime:0.003344s ]

[ 2016-04-02T17:11:10+08:00 ] 127.0.0.1 /index.php/Admin/Index/down.html
INFO: [ view_parse ] --START--
INFO: [ template_filter ] --START--
INFO: Run Behavior\ContentReplaceBehavior [ RunTime:0.000143s ]
INFO: [ template_filter ] --END-- [ RunTime:0.000323s ]
INFO: Run Behavior\ParseTemplateBehavior [ RunTime:0.019631s ]
INFO: [ view_parse ] --END-- [ RunTime:0.021005s ]
INFO: [ view_filter ] --START--
INFO: Run Behavior\WriteHtmlCacheBehavior [ RunTime:0.001492s ]
INFO: [ view_filter ] --END-- [ RunTime:0.001650s ]
INFO: [ app_end ] --START--
INFO: Run Behavior\ShowPageTraceBehavior [ RunTime:0.001836s ]
INFO: [ app_end ] --END-- [ RunTime:0.001999s ]

[ 2016-04-02T17:11:10+08:00 ] 127.0.0.1 /index.php/Admin/Index/left.html
SQL: SHOW COLUMNS FROM `sp_auth` [ RunTime:0.0116s ]
SQL: SELECT `auth_id`,`auth_name`,`auth_pid`,`auth_c`,`auth_a` FROM `sp_auth` WHERE `auth_level` = 0  [ RunTime:0.0008s ]
SQL: SELECT `auth_id`,`auth_name`,`auth_pid`,`auth_c`,`auth_a` FROM `sp_auth` WHERE `auth_level` = 1  [ RunTime:0.0017s ]
INFO: [ view_parse ] --START--
INFO: [ template_filter ] --START--
INFO: Run Behavior\ContentReplaceBehavior [ RunTime:0.000132s ]
INFO: [ template_filter ] --END-- [ RunTime:0.000336s ]
INFO: Run Behavior\ParseTemplateBehavior [ RunTime:0.024455s ]
INFO: [ view_parse ] --END-- [ RunTime:0.024646s ]
INFO: [ view_filter ] --START--
INFO: Run Behavior\WriteHtmlCacheBehavior [ RunTime:0.001344s ]
INFO: [ view_filter ] --END-- [ RunTime:0.001545s ]
INFO: [ app_end ] --START--
INFO: Run Behavior\ShowPageTraceBehavior [ RunTime:0.003163s ]
INFO: [ app_end ] --END-- [ RunTime:0.003402s ]

[ 2016-04-02T17:11:18+08:00 ] 127.0.0.1 /index.php/Admin/Attribute/getAttributeByType?type_id=4
INFO: [ app_begin ] --START--
INFO: Run Behavior\ReadHtmlCacheBehavior [ RunTime:0.001748s ]
INFO: [ app_begin ] --END-- [ RunTime:0.003164s ]
SQL: SHOW COLUMNS FROM `sp_manager` [ RunTime:0.0091s ]
SQL: SELECT r.role_auth_ac FROM sp_manager m left join sp_role r on m.role_id=r.role_id  WHERE m.mg_id = '502' LIMIT 1   [ RunTime:0.0003s ]
SQL: SHOW COLUMNS FROM `sp_attribute` [ RunTime:0.0110s ]
SQL: SELECT a.*,t.type_name FROM sp_attribute a INNER JOIN sp_type t on a.type_id=t.type_id  WHERE a.type_id = '4'  [ RunTime:0.0005s ]
INFO: [ app_end ] --START--
INFO: Run Behavior\ShowPageTraceBehavior [ RunTime:0.001510s ]
INFO: [ app_end ] --END-- [ RunTime:0.001659s ]

[ 2016-04-02T17:11:25+08:00 ] 127.0.0.1 /index.php/Admin/Attribute/getAttributeByType?type_id=1
INFO: [ app_begin ] --START--
INFO: Run Behavior\ReadHtmlCacheBehavior [ RunTime:0.001604s ]
INFO: [ app_begin ] --END-- [ RunTime:0.002693s ]
SQL: SHOW COLUMNS FROM `sp_manager` [ RunTime:0.0155s ]
SQL: SELECT r.role_auth_ac FROM sp_manager m left join sp_role r on m.role_id=r.role_id  WHERE m.mg_id = '502' LIMIT 1   [ RunTime:0.0003s ]
SQL: SHOW COLUMNS FROM `sp_attribute` [ RunTime:0.0107s ]
SQL: SELECT a.*,t.type_name FROM sp_attribute a INNER JOIN sp_type t on a.type_id=t.type_id  WHERE a.type_id = '1'  [ RunTime:0.0013s ]
INFO: [ app_end ] --START--
INFO: Run Behavior\ShowPageTraceBehavior [ RunTime:0.001725s ]
INFO: [ app_end ] --END-- [ RunTime:0.001899s ]

[ 2016-04-02T17:11:47+08:00 ] 127.0.0.1 /index.php/Admin/Attribute/getAttributeByType?type_id=4
INFO: [ app_begin ] --START--
INFO: Run Behavior\ReadHtmlCacheBehavior [ RunTime:0.001700s ]
INFO: [ app_begin ] --END-- [ RunTime:0.002683s ]
SQL: SHOW COLUMNS FROM `sp_manager` [ RunTime:0.0370s ]
SQL: SELECT r.role_auth_ac FROM sp_manager m left join sp_role r on m.role_id=r.role_id  WHERE m.mg_id = '502' LIMIT 1   [ RunTime:0.0007s ]
SQL: SHOW COLUMNS FROM `sp_attribute` [ RunTime:0.0117s ]
SQL: SELECT a.*,t.type_name FROM sp_attribute a INNER JOIN sp_type t on a.type_id=t.type_id  WHERE a.type_id = '4'  [ RunTime:0.0007s ]
INFO: [ app_end ] --START--
INFO: Run Behavior\ShowPageTraceBehavior [ RunTime:0.002339s ]
INFO: [ app_end ] --END-- [ RunTime:0.002501s ]

