[ 2016-11-07T13:42:12+08:00 ] 127.0.0.1 /index.php/Admin/
INFO: [ view_parse ] --START--
INFO: [ template_filter ] --START--
INFO: Run Behavior\ContentReplaceBehavior [ RunTime:0.000079s ]
INFO: [ template_filter ] --END-- [ RunTime:0.000189s ]
INFO: Run Behavior\ParseTemplateBehavior [ RunTime:0.045027s ]
INFO: [ view_parse ] --END-- [ RunTime:0.045649s ]
INFO: [ view_filter ] --START--
INFO: Run Behavior\WriteHtmlCacheBehavior [ RunTime:0.000492s ]
INFO: [ view_filter ] --END-- [ RunTime:0.000580s ]
INFO: [ app_end ] --START--
INFO: Run Behavior\ShowPageTraceBehavior [ RunTime:0.000917s ]
INFO: [ app_end ] --END-- [ RunTime:0.001010s ]

[ 2016-11-07T14:43:11+08:00 ] 127.0.0.1 /index.php/Admin/Manager/checkVerify?code=d7rw
INFO: [ app_begin ] --START--
INFO: Run Behavior\ReadHtmlCacheBehavior [ RunTime:0.001088s ]
INFO: [ app_begin ] --END-- [ RunTime:0.001731s ]
INFO: [ app_end ] --START--
INFO: Run Behavior\ShowPageTraceBehavior [ RunTime:0.001003s ]
INFO: [ app_end ] --END-- [ RunTime:0.001121s ]

[ 2016-11-07T14:43:26+08:00 ] 127.0.0.1 /index.php/Admin/Manager/checkVerify?code=ADHU
INFO: [ app_begin ] --START--
INFO: Run Behavior\ReadHtmlCacheBehavior [ RunTime:0.000921s ]
INFO: [ app_begin ] --END-- [ RunTime:0.001504s ]
INFO: [ app_end ] --START--
INFO: Run Behavior\ShowPageTraceBehavior [ RunTime:0.000913s ]
INFO: [ app_end ] --END-- [ RunTime:0.001021s ]

[ 2016-11-07T14:43:34+08:00 ] 127.0.0.1 /index.php/Admin/Manager/checkVerify?code=WQYP
INFO: [ app_begin ] --START--
INFO: Run Behavior\ReadHtmlCacheBehavior [ RunTime:0.000843s ]
INFO: [ app_begin ] --END-- [ RunTime:0.001379s ]
INFO: [ app_end ] --START--
INFO: Run Behavior\ShowPageTraceBehavior [ RunTime:0.000973s ]
INFO: [ app_end ] --END-- [ RunTime:0.001078s ]

[ 2016-11-07T14:59:40+08:00 ] 127.0.0.1 /index.php/Admin/Manager/checkVerify?code=8wkj
INFO: [ app_begin ] --START--
INFO: Run Behavior\ReadHtmlCacheBehavior [ RunTime:0.001044s ]
INFO: [ app_begin ] --END-- [ RunTime:0.001628s ]
INFO: [ app_end ] --START--
INFO: Run Behavior\ShowPageTraceBehavior [ RunTime:0.000539s ]
INFO: [ app_end ] --END-- [ RunTime:0.000597s ]

[ 2016-11-07T15:00:24+08:00 ] 127.0.0.1 /index.php/Admin/Manager/checkVerify?code=8wkj
INFO: [ app_begin ] --START--
INFO: Run Behavior\ReadHtmlCacheBehavior [ RunTime:0.001215s ]
INFO: [ app_begin ] --END-- [ RunTime:0.001862s ]
INFO: [ app_end ] --START--
INFO: Run Behavior\ShowPageTraceBehavior [ RunTime:0.001086s ]
INFO: [ app_end ] --END-- [ RunTime:0.001218s ]

[ 2016-11-07T15:00:42+08:00 ] 127.0.0.1 /index.php/Admin/Manager/checkVerify?code=5phn
INFO: [ app_begin ] --START--
INFO: Run Behavior\ReadHtmlCacheBehavior [ RunTime:0.001148s ]
INFO: [ app_begin ] --END-- [ RunTime:0.001783s ]
INFO: [ app_end ] --START--
INFO: Run Behavior\ShowPageTraceBehavior [ RunTime:0.001148s ]
INFO: [ app_end ] --END-- [ RunTime:0.001272s ]

[ 2016-11-07T15:01:00+08:00 ] 127.0.0.1 /index.php/Admin/Manager/checkVerify?code=5phn
INFO: [ app_begin ] --START--
INFO: Run Behavior\ReadHtmlCacheBehavior [ RunTime:0.000669s ]
INFO: [ app_begin ] --END-- [ RunTime:0.001062s ]
INFO: [ app_end ] --START--
INFO: Run Behavior\ShowPageTraceBehavior [ RunTime:0.000659s ]
INFO: [ app_end ] --END-- [ RunTime:0.000739s ]

[ 2016-11-07T15:01:55+08:00 ] 127.0.0.1 /index.php/Admin/Manager/checkVerify?code=xcae
INFO: [ app_begin ] --START--
INFO: Run Behavior\ReadHtmlCacheBehavior [ RunTime:0.001050s ]
INFO: [ app_begin ] --END-- [ RunTime:0.001636s ]

[ 2016-11-07T15:02:59+08:00 ] 127.0.0.1 /index.php/Admin/Manager/checkVerify
INFO: [ app_begin ] --START--
INFO: Run Behavior\ReadHtmlCacheBehavior [ RunTime:0.001416s ]
INFO: [ app_begin ] --END-- [ RunTime:0.002133s ]
INFO: [ app_end ] --START--
INFO: Run Behavior\ShowPageTraceBehavior [ RunTime:0.001059s ]
INFO: [ app_end ] --END-- [ RunTime:0.001182s ]

[ 2016-11-07T15:03:11+08:00 ] 127.0.0.1 /index.php/Admin/Manager/checkVerify
INFO: [ app_begin ] --START--
INFO: Run Behavior\ReadHtmlCacheBehavior [ RunTime:0.001171s ]
INFO: [ app_begin ] --END-- [ RunTime:0.001857s ]
INFO: [ app_end ] --START--
INFO: Run Behavior\ShowPageTraceBehavior [ RunTime:0.001227s ]
INFO: [ app_end ] --END-- [ RunTime:0.001369s ]

[ 2016-11-07T15:03:16+08:00 ] 127.0.0.1 /index.php/Admin/Manager/checkVerify
INFO: [ app_begin ] --START--
INFO: Run Behavior\ReadHtmlCacheBehavior [ RunTime:0.000641s ]
INFO: [ app_begin ] --END-- [ RunTime:0.000949s ]
INFO: [ app_end ] --START--
INFO: Run Behavior\ShowPageTraceBehavior [ RunTime:0.000715s ]
INFO: [ app_end ] --END-- [ RunTime:0.000833s ]

[ 2016-11-07T15:03:20+08:00 ] 127.0.0.1 /index.php/Admin/Manager/checkVerify
INFO: [ app_begin ] --START--
INFO: Run Behavior\ReadHtmlCacheBehavior [ RunTime:0.000457s ]
INFO: [ app_begin ] --END-- [ RunTime:0.000673s ]
INFO: [ app_end ] --START--
INFO: Run Behavior\ShowPageTraceBehavior [ RunTime:0.000401s ]
INFO: [ app_end ] --END-- [ RunTime:0.000450s ]

[ 2016-11-07T15:03:32+08:00 ] 127.0.0.1 /index.php/Admin/Manager/checkVerify
INFO: [ app_begin ] --START--
INFO: Run Behavior\ReadHtmlCacheBehavior [ RunTime:0.000640s ]
INFO: [ app_begin ] --END-- [ RunTime:0.001002s ]
INFO: [ app_end ] --START--
INFO: Run Behavior\ShowPageTraceBehavior [ RunTime:0.000637s ]
INFO: [ app_end ] --END-- [ RunTime:0.000721s ]

[ 2016-11-07T15:04:47+08:00 ] 127.0.0.1 /index.php/Admin/Manager/checkVerify
INFO: [ app_begin ] --START--
INFO: Run Behavior\ReadHtmlCacheBehavior [ RunTime:0.001042s ]
INFO: [ app_begin ] --END-- [ RunTime:0.001652s ]

[ 2016-11-07T15:05:15+08:00 ] 127.0.0.1 /index.php/Admin/Manager/checkVerify
INFO: [ app_begin ] --START--
INFO: Run Behavior\ReadHtmlCacheBehavior [ RunTime:0.000578s ]
INFO: [ app_begin ] --END-- [ RunTime:0.000981s ]
NOTIC: [2] strtoupper() expects parameter 1 to be string, array given D:\www.testshop.com\shop\Admin\Controller\ManagerController.class.php 第 66 行.
INFO: [ app_end ] --START--
INFO: Run Behavior\ShowPageTraceBehavior [ RunTime:0.000673s ]
INFO: [ app_end ] --END-- [ RunTime:0.000737s ]

[ 2016-11-07T15:05:27+08:00 ] 127.0.0.1 /index.php/Admin/Manager/checkVerify
INFO: [ app_begin ] --START--
INFO: Run Behavior\ReadHtmlCacheBehavior [ RunTime:0.000534s ]
INFO: [ app_begin ] --END-- [ RunTime:0.000933s ]
NOTIC: [2] strtoupper() expects parameter 1 to be string, array given D:\www.testshop.com\shop\Admin\Controller\ManagerController.class.php 第 66 行.
INFO: [ app_end ] --START--
INFO: Run Behavior\ShowPageTraceBehavior [ RunTime:0.000615s ]
INFO: [ app_end ] --END-- [ RunTime:0.000674s ]

[ 2016-11-07T15:05:31+08:00 ] 127.0.0.1 /index.php/Admin/Manager/checkVerify
INFO: [ app_begin ] --START--
INFO: Run Behavior\ReadHtmlCacheBehavior [ RunTime:0.000687s ]
INFO: [ app_begin ] --END-- [ RunTime:0.001091s ]
NOTIC: [2] strtoupper() expects parameter 1 to be string, array given D:\www.testshop.com\shop\Admin\Controller\ManagerController.class.php 第 66 行.
INFO: [ app_end ] --START--
INFO: Run Behavior\ShowPageTraceBehavior [ RunTime:0.000758s ]
INFO: [ app_end ] --END-- [ RunTime:0.000860s ]

[ 2016-11-07T15:05:47+08:00 ] 127.0.0.1 /index.php/Admin/Manager/checkVerify
INFO: [ app_begin ] --START--
INFO: Run Behavior\ReadHtmlCacheBehavior [ RunTime:0.001035s ]
INFO: [ app_begin ] --END-- [ RunTime:0.001721s ]
NOTIC: [2] strtoupper() expects parameter 1 to be string, array given D:\www.testshop.com\shop\Admin\Controller\ManagerController.class.php 第 66 行.
INFO: [ app_end ] --START--
INFO: Run Behavior\ShowPageTraceBehavior [ RunTime:0.001241s ]
INFO: [ app_end ] --END-- [ RunTime:0.001370s ]

[ 2016-11-07T15:06:27+08:00 ] 127.0.0.1 /index.php/Admin/Manager/checkVerify
INFO: [ app_begin ] --START--
INFO: Run Behavior\ReadHtmlCacheBehavior [ RunTime:0.001086s ]
INFO: [ app_begin ] --END-- [ RunTime:0.001692s ]

[ 2016-11-07T15:07:03+08:00 ] 127.0.0.1 /index.php/Admin/Manager/checkVerify?code=fDZW
INFO: [ app_begin ] --START--
INFO: Run Behavior\ReadHtmlCacheBehavior [ RunTime:0.000787s ]
INFO: [ app_begin ] --END-- [ RunTime:0.001319s ]

[ 2016-11-07T15:09:18+08:00 ] 127.0.0.1 /index.php/Admin/Manager/checkVerify
INFO: [ app_begin ] --START--
INFO: Run Behavior\ReadHtmlCacheBehavior [ RunTime:0.001100s ]
INFO: [ app_begin ] --END-- [ RunTime:0.001729s ]

[ 2016-11-07T15:09:42+08:00 ] 127.0.0.1 /index.php/Admin/Manager/checkVerify
INFO: [ app_begin ] --START--
INFO: Run Behavior\ReadHtmlCacheBehavior [ RunTime:0.001069s ]
INFO: [ app_begin ] --END-- [ RunTime:0.001774s ]
INFO: [ app_end ] --START--
INFO: Run Behavior\ShowPageTraceBehavior [ RunTime:0.000608s ]
INFO: [ app_end ] --END-- [ RunTime:0.000693s ]

[ 2016-11-07T15:13:44+08:00 ] 127.0.0.1 /index.php/Admin/Manager/checkVerify
INFO: [ app_begin ] --START--
INFO: Run Behavior\ReadHtmlCacheBehavior [ RunTime:0.000400s ]
INFO: [ app_begin ] --END-- [ RunTime:0.000626s ]
INFO: [ app_end ] --START--
INFO: Run Behavior\ShowPageTraceBehavior [ RunTime:0.000456s ]
INFO: [ app_end ] --END-- [ RunTime:0.000500s ]

[ 2016-11-07T15:36:07+08:00 ] 127.0.0.1 /index.php/Admin/Manager/login/checkUsername?username=admi
INFO: [ app_begin ] --START--
INFO: Run Behavior\ReadHtmlCacheBehavior [ RunTime:0.000924s ]
INFO: [ app_begin ] --END-- [ RunTime:0.001516s ]
INFO: [ view_parse ] --START--
INFO: [ template_filter ] --START--
INFO: Run Behavior\ContentReplaceBehavior [ RunTime:0.000067s ]
INFO: [ template_filter ] --END-- [ RunTime:0.000117s ]
INFO: Run Behavior\ParseTemplateBehavior [ RunTime:0.005663s ]
INFO: [ view_parse ] --END-- [ RunTime:0.005718s ]
INFO: [ view_filter ] --START--
INFO: Run Behavior\WriteHtmlCacheBehavior [ RunTime:0.000268s ]
INFO: [ view_filter ] --END-- [ RunTime:0.000312s ]
INFO: [ app_end ] --START--
INFO: Run Behavior\ShowPageTraceBehavior [ RunTime:0.000498s ]
INFO: [ app_end ] --END-- [ RunTime:0.000546s ]

[ 2016-11-07T15:36:17+08:00 ] 127.0.0.1 /index.php/Admin/Manager/login/checkUsername?username=admin
INFO: [ app_begin ] --START--
INFO: Run Behavior\ReadHtmlCacheBehavior [ RunTime:0.001006s ]
INFO: [ app_begin ] --END-- [ RunTime:0.001600s ]
INFO: [ view_parse ] --START--
INFO: [ template_filter ] --START--
INFO: Run Behavior\ContentReplaceBehavior [ RunTime:0.000081s ]
INFO: [ template_filter ] --END-- [ RunTime:0.000142s ]
INFO: Run Behavior\ParseTemplateBehavior [ RunTime:0.007673s ]
INFO: [ view_parse ] --END-- [ RunTime:0.007759s ]
INFO: [ view_filter ] --START--
INFO: Run Behavior\WriteHtmlCacheBehavior [ RunTime:0.000333s ]
INFO: [ view_filter ] --END-- [ RunTime:0.000388s ]
INFO: [ app_end ] --START--
INFO: Run Behavior\ShowPageTraceBehavior [ RunTime:0.000607s ]
INFO: [ app_end ] --END-- [ RunTime:0.000667s ]

[ 2016-11-07T15:37:26+08:00 ] 127.0.0.1 /index.php/Admin/Manager/login/checkUsername?username=admin
INFO: [ app_begin ] --START--
INFO: Run Behavior\ReadHtmlCacheBehavior [ RunTime:0.000693s ]
INFO: [ app_begin ] --END-- [ RunTime:0.001113s ]
INFO: [ view_parse ] --START--
INFO: [ template_filter ] --START--
INFO: Run Behavior\ContentReplaceBehavior [ RunTime:0.000084s ]
INFO: [ template_filter ] --END-- [ RunTime:0.000158s ]
INFO: Run Behavior\ParseTemplateBehavior [ RunTime:0.007353s ]
INFO: [ view_parse ] --END-- [ RunTime:0.007430s ]
INFO: [ view_filter ] --START--
INFO: Run Behavior\WriteHtmlCacheBehavior [ RunTime:0.000401s ]
INFO: [ view_filter ] --END-- [ RunTime:0.000541s ]
INFO: [ app_end ] --START--
INFO: Run Behavior\ShowPageTraceBehavior [ RunTime:0.000649s ]
INFO: [ app_end ] --END-- [ RunTime:0.000706s ]

[ 2016-11-07T15:39:03+08:00 ] 127.0.0.1 /index.php/Admin/Manager/checkUsername?username=admin
INFO: [ app_begin ] --START--
INFO: Run Behavior\ReadHtmlCacheBehavior [ RunTime:0.000989s ]
INFO: [ app_begin ] --END-- [ RunTime:0.001545s ]

[ 2016-11-07T15:39:36+08:00 ] 127.0.0.1 /index.php/Admin/Manager/checkUsername?username=admin
INFO: [ app_begin ] --START--
INFO: Run Behavior\ReadHtmlCacheBehavior [ RunTime:0.000529s ]
INFO: [ app_begin ] --END-- [ RunTime:0.000894s ]
SQL: SHOW COLUMNS FROM `sp_manager` [ RunTime:0.0262s ]
SQL: SELECT * FROM `sp_manager` LIMIT 1   [ RunTime:0.0004s ]
INFO: [ app_end ] --START--
INFO: Run Behavior\ShowPageTraceBehavior [ RunTime:0.001180s ]
INFO: [ app_end ] --END-- [ RunTime:0.001292s ]

[ 2016-11-07T15:39:47+08:00 ] 127.0.0.1 /index.php/Admin/Manager/checkUsername?username=admin
INFO: [ app_begin ] --START--
INFO: Run Behavior\ReadHtmlCacheBehavior [ RunTime:0.000631s ]
INFO: [ app_begin ] --END-- [ RunTime:0.000987s ]
SQL: SHOW COLUMNS FROM `sp_manager` [ RunTime:0.0031s ]
SQL: SELECT * FROM `sp_manager` LIMIT 1   [ RunTime:0.0007s ]
INFO: [ app_end ] --START--
INFO: Run Behavior\ShowPageTraceBehavior [ RunTime:0.001409s ]
INFO: [ app_end ] --END-- [ RunTime:0.001534s ]

[ 2016-11-07T15:41:36+08:00 ] 127.0.0.1 /index.php/Admin/Manager/checkUsername?username=admin
INFO: [ app_begin ] --START--
INFO: Run Behavior\ReadHtmlCacheBehavior [ RunTime:0.000495s ]
INFO: [ app_begin ] --END-- [ RunTime:0.000792s ]
SQL: SHOW COLUMNS FROM `sp_manager` [ RunTime:0.0032s ]
SQL: SELECT * FROM `sp_manager` LIMIT 1   [ RunTime:0.0005s ]
INFO: [ app_end ] --START--
INFO: Run Behavior\ShowPageTraceBehavior [ RunTime:0.001281s ]
INFO: [ app_end ] --END-- [ RunTime:0.001394s ]

[ 2016-11-07T15:41:42+08:00 ] 127.0.0.1 /index.php/Admin/Manager/checkUsername?username=admin
INFO: [ app_begin ] --START--
INFO: Run Behavior\ReadHtmlCacheBehavior [ RunTime:0.000508s ]
INFO: [ app_begin ] --END-- [ RunTime:0.000796s ]
SQL: SHOW COLUMNS FROM `sp_manager` [ RunTime:0.0032s ]
SQL: SELECT * FROM `sp_manager` LIMIT 1   [ RunTime:0.0005s ]
INFO: [ app_end ] --START--
INFO: Run Behavior\ShowPageTraceBehavior [ RunTime:0.001353s ]
INFO: [ app_end ] --END-- [ RunTime:0.001476s ]

[ 2016-11-07T15:43:06+08:00 ] 127.0.0.1 /index.php/Admin/Manager/checkUsername?username=admin
INFO: [ app_begin ] --START--
INFO: Run Behavior\ReadHtmlCacheBehavior [ RunTime:0.000551s ]
INFO: [ app_begin ] --END-- [ RunTime:0.000864s ]
SQL: SHOW COLUMNS FROM `sp_manager` [ RunTime:0.0032s ]
SQL: SELECT * FROM `sp_manager` LIMIT 1   [ RunTime:0.0006s ]
INFO: [ app_end ] --START--
INFO: Run Behavior\ShowPageTraceBehavior [ RunTime:0.001190s ]
INFO: [ app_end ] --END-- [ RunTime:0.001315s ]

[ 2016-11-07T15:45:25+08:00 ] 127.0.0.1 /index.php/Admin/Manager/checkUsername?username=ad
INFO: [ app_begin ] --START--
INFO: Run Behavior\ReadHtmlCacheBehavior [ RunTime:0.000704s ]
INFO: [ app_begin ] --END-- [ RunTime:0.001129s ]
SQL: SHOW COLUMNS FROM `sp_manager` [ RunTime:0.0031s ]
SQL: SELECT * FROM `sp_manager` LIMIT 1   [ RunTime:0.0006s ]
INFO: [ app_end ] --START--
INFO: Run Behavior\ShowPageTraceBehavior [ RunTime:0.001212s ]
INFO: [ app_end ] --END-- [ RunTime:0.001320s ]

[ 2016-11-07T15:46:26+08:00 ] 127.0.0.1 /index.php/Admin/Manager/checkUsername?username=admi
INFO: [ app_begin ] --START--
INFO: Run Behavior\ReadHtmlCacheBehavior [ RunTime:0.000598s ]
INFO: [ app_begin ] --END-- [ RunTime:0.000898s ]
SQL: SHOW COLUMNS FROM `sp_manager` [ RunTime:0.0032s ]
SQL: SELECT * FROM `sp_manager` LIMIT 1   [ RunTime:0.0006s ]

[ 2016-11-07T15:49:07+08:00 ] 127.0.0.1 /index.php/Admin/Manager/checkUsername?username=admin
INFO: [ app_begin ] --START--
INFO: Run Behavior\ReadHtmlCacheBehavior [ RunTime:0.000883s ]
INFO: [ app_begin ] --END-- [ RunTime:0.001457s ]
SQL: SHOW COLUMNS FROM `sp_manager` [ RunTime:0.0031s ]
SQL: SELECT * FROM `sp_manager` LIMIT 1   [ RunTime:0.0004s ]

[ 2016-11-07T15:50:06+08:00 ] 127.0.0.1 /index.php/Admin/Manager/checkUsername?username=admi
INFO: [ app_begin ] --START--
INFO: Run Behavior\ReadHtmlCacheBehavior [ RunTime:0.001320s ]
INFO: [ app_begin ] --END-- [ RunTime:0.002195s ]
SQL: SHOW COLUMNS FROM `sp_manager` [ RunTime:0.0031s ]
SQL: SELECT * FROM `sp_manager`  [ RunTime:0.0005s ]

[ 2016-11-07T15:50:53+08:00 ] 127.0.0.1 /index.php/Admin/Manager/checkUsername?username=admi
INFO: [ app_begin ] --START--
INFO: Run Behavior\ReadHtmlCacheBehavior [ RunTime:0.001342s ]
INFO: [ app_begin ] --END-- [ RunTime:0.002072s ]
SQL: SHOW COLUMNS FROM `sp_manager` [ RunTime:0.0023s ]
SQL: SELECT * FROM `sp_manager` LIMIT 1   [ RunTime:0.0004s ]

[ 2016-11-07T15:51:58+08:00 ] 127.0.0.1 /index.php/Admin/Manager/checkUsername?username=admi
INFO: [ app_begin ] --START--
INFO: Run Behavior\ReadHtmlCacheBehavior [ RunTime:0.001502s ]
INFO: [ app_begin ] --END-- [ RunTime:0.002325s ]
SQL: SHOW COLUMNS FROM `sp_manager` [ RunTime:0.0027s ]
SQL: SELECT * FROM `sp_manager` LIMIT 1   [ RunTime:0.0005s ]

[ 2016-11-07T15:53:48+08:00 ] 127.0.0.1 /index.php/Admin/Manager/checkUsername?username=admi
INFO: [ app_begin ] --START--
INFO: Run Behavior\ReadHtmlCacheBehavior [ RunTime:0.000939s ]
INFO: [ app_begin ] --END-- [ RunTime:0.001546s ]
SQL: SHOW COLUMNS FROM `sp_manager` [ RunTime:0.0038s ]
SQL: SELECT * FROM `sp_manager` LIMIT 1   [ RunTime:0.0005s ]

[ 2016-11-07T15:55:01+08:00 ] 127.0.0.1 /index.php/Admin/Manager/checkUsername?username=admi
INFO: [ app_begin ] --START--
INFO: Run Behavior\ReadHtmlCacheBehavior [ RunTime:0.001081s ]
INFO: [ app_begin ] --END-- [ RunTime:0.001740s ]
SQL: SHOW COLUMNS FROM `sp_manager` [ RunTime:0.0030s ]
SQL: SELECT * FROM `sp_manager` LIMIT 1   [ RunTime:0.0004s ]

[ 2016-11-07T15:55:48+08:00 ] 127.0.0.1 /index.php/Admin/Manager/checkUsername?username=admi
INFO: [ app_begin ] --START--
INFO: Run Behavior\ReadHtmlCacheBehavior [ RunTime:0.001204s ]
INFO: [ app_begin ] --END-- [ RunTime:0.001922s ]
SQL: SHOW COLUMNS FROM `sp_manager` [ RunTime:0.0031s ]
SQL: SELECT * FROM `sp_manager` WHERE `mg_name` = 'admi' LIMIT 1   [ RunTime:0.0006s ]

[ 2016-11-07T15:56:34+08:00 ] 127.0.0.1 /index.php/Admin/Manager/checkUsername?username=admin
INFO: [ app_begin ] --START--
INFO: Run Behavior\ReadHtmlCacheBehavior [ RunTime:0.000767s ]
INFO: [ app_begin ] --END-- [ RunTime:0.001576s ]
SQL: SHOW COLUMNS FROM `sp_manager` [ RunTime:0.0035s ]
SQL: SELECT * FROM `sp_manager` LIMIT 1   [ RunTime:0.0006s ]

[ 2016-11-07T15:57:07+08:00 ] 127.0.0.1 /index.php/Admin/Manager/checkUsername?username=admi
INFO: [ app_begin ] --START--
INFO: Run Behavior\ReadHtmlCacheBehavior [ RunTime:0.000650s ]
INFO: [ app_begin ] --END-- [ RunTime:0.000991s ]
SQL: SHOW COLUMNS FROM `sp_manager` [ RunTime:0.0031s ]
SQL: SELECT * FROM `sp_manager` WHERE `mg_name` = 'admi' LIMIT 1   [ RunTime:0.0005s ]

[ 2016-11-07T15:57:29+08:00 ] 127.0.0.1 /index.php/Admin/Manager/checkUsername?username=admi
INFO: [ app_begin ] --START--
INFO: Run Behavior\ReadHtmlCacheBehavior [ RunTime:0.001430s ]
INFO: [ app_begin ] --END-- [ RunTime:0.002236s ]
SQL: SHOW COLUMNS FROM `sp_manager` [ RunTime:0.0019s ]
SQL: SELECT * FROM `sp_manager` WHERE `mg_name` = 'admi' LIMIT 1   [ RunTime:0.0004s ]
INFO: [ app_end ] --START--
INFO: Run Behavior\ShowPageTraceBehavior [ RunTime:0.000768s ]
INFO: [ app_end ] --END-- [ RunTime:0.000834s ]

[ 2016-11-07T15:58:13+08:00 ] 127.0.0.1 /index.php/Admin/Manager/checkUsername?username=admi
INFO: [ app_begin ] --START--
INFO: Run Behavior\ReadHtmlCacheBehavior [ RunTime:0.001147s ]
INFO: [ app_begin ] --END-- [ RunTime:0.001909s ]
SQL: SHOW COLUMNS FROM `sp_manager` [ RunTime:0.0034s ]
SQL: SELECT * FROM `sp_manager` WHERE `mg_name` = 'admi' LIMIT 1   [ RunTime:0.0005s ]
INFO: [ app_end ] --START--
INFO: Run Behavior\ShowPageTraceBehavior [ RunTime:0.001298s ]
INFO: [ app_end ] --END-- [ RunTime:0.001412s ]

[ 2016-11-07T15:59:11+08:00 ] 127.0.0.1 /index.php/Admin/Manager/checkUsername?username=admi
INFO: [ app_begin ] --START--
INFO: Run Behavior\ReadHtmlCacheBehavior [ RunTime:0.000522s ]
INFO: [ app_begin ] --END-- [ RunTime:0.000823s ]
SQL: SHOW COLUMNS FROM `sp_manager` [ RunTime:0.0035s ]
SQL: SELECT * FROM `sp_manager` WHERE `mg_name` = 'admi' LIMIT 1   [ RunTime:0.0005s ]
INFO: [ app_end ] --START--
INFO: Run Behavior\ShowPageTraceBehavior [ RunTime:0.001540s ]
INFO: [ app_end ] --END-- [ RunTime:0.001665s ]

[ 2016-11-07T15:59:43+08:00 ] 127.0.0.1 /index.php/Admin/Manager/checkUsername?username=admi
INFO: [ app_begin ] --START--
INFO: Run Behavior\ReadHtmlCacheBehavior [ RunTime:0.001080s ]
INFO: [ app_begin ] --END-- [ RunTime:0.001687s ]
SQL: SHOW COLUMNS FROM `sp_manager` [ RunTime:0.0031s ]
SQL: SELECT * FROM `sp_manager` WHERE `mg_name` = 'admi' LIMIT 1   [ RunTime:0.0006s ]
INFO: [ app_end ] --START--
INFO: Run Behavior\ShowPageTraceBehavior [ RunTime:0.001172s ]
INFO: [ app_end ] --END-- [ RunTime:0.001283s ]

[ 2016-11-07T15:59:49+08:00 ] 127.0.0.1 /index.php/Admin/Manager/checkUsername?username=admi
INFO: [ app_begin ] --START--
INFO: Run Behavior\ReadHtmlCacheBehavior [ RunTime:0.001044s ]
INFO: [ app_begin ] --END-- [ RunTime:0.001668s ]
SQL: SHOW COLUMNS FROM `sp_manager` [ RunTime:0.0033s ]
SQL: SELECT * FROM `sp_manager` WHERE `mg_name` = 'admi' LIMIT 1   [ RunTime:0.0004s ]
INFO: [ app_end ] --START--
INFO: Run Behavior\ShowPageTraceBehavior [ RunTime:0.001373s ]
INFO: [ app_end ] --END-- [ RunTime:0.001483s ]

[ 2016-11-07T16:00:35+08:00 ] 127.0.0.1 /index.php/Admin/Manager/checkVerify
INFO: [ app_begin ] --START--
INFO: Run Behavior\ReadHtmlCacheBehavior [ RunTime:0.000406s ]
INFO: [ app_begin ] --END-- [ RunTime:0.000873s ]
INFO: [ app_end ] --START--
INFO: Run Behavior\ShowPageTraceBehavior [ RunTime:0.000433s ]
INFO: [ app_end ] --END-- [ RunTime:0.000488s ]

[ 2016-11-07T16:02:56+08:00 ] 127.0.0.1 /index.php/Admin/Manager/checkUsername?username=admi
INFO: [ app_begin ] --START--
INFO: Run Behavior\ReadHtmlCacheBehavior [ RunTime:0.000660s ]
INFO: [ app_begin ] --END-- [ RunTime:0.001029s ]
SQL: SHOW COLUMNS FROM `sp_manager` [ RunTime:0.0030s ]
SQL: SELECT * FROM `sp_manager` WHERE `mg_name` = 'admi' LIMIT 1   [ RunTime:0.0004s ]
INFO: [ app_end ] --START--
INFO: Run Behavior\ShowPageTraceBehavior [ RunTime:0.001084s ]
INFO: [ app_end ] --END-- [ RunTime:0.001186s ]

[ 2016-11-07T16:10:13+08:00 ] 127.0.0.1 /index.php/Admin/Manager/checkUsername?username=admi
INFO: [ app_begin ] --START--
INFO: Run Behavior\ReadHtmlCacheBehavior [ RunTime:0.000529s ]
INFO: [ app_begin ] --END-- [ RunTime:0.000837s ]
SQL: SHOW COLUMNS FROM `sp_manager` [ RunTime:0.0039s ]
SQL: SELECT * FROM `sp_manager` WHERE `mg_name` = 'admi' LIMIT 1   [ RunTime:0.0006s ]
INFO: [ app_end ] --START--
INFO: Run Behavior\ShowPageTraceBehavior [ RunTime:0.001464s ]
INFO: [ app_end ] --END-- [ RunTime:0.001597s ]

[ 2016-11-07T16:10:47+08:00 ] 127.0.0.1 /index.php/Admin/Manager/checkUsername?username=admi
INFO: [ app_begin ] --START--
INFO: Run Behavior\ReadHtmlCacheBehavior [ RunTime:0.001059s ]
INFO: [ app_begin ] --END-- [ RunTime:0.001651s ]
SQL: SHOW COLUMNS FROM `sp_manager` [ RunTime:0.0034s ]
SQL: SELECT * FROM `sp_manager` WHERE `mg_name` = 'admi' LIMIT 1   [ RunTime:0.0006s ]
INFO: [ app_end ] --START--
INFO: Run Behavior\ShowPageTraceBehavior [ RunTime:0.001382s ]
INFO: [ app_end ] --END-- [ RunTime:0.001498s ]

[ 2016-11-07T16:11:10+08:00 ] 127.0.0.1 /index.php/Admin/Manager/checkUsername?username=admi
INFO: [ app_begin ] --START--
INFO: Run Behavior\ReadHtmlCacheBehavior [ RunTime:0.001156s ]
INFO: [ app_begin ] --END-- [ RunTime:0.001820s ]
SQL: SHOW COLUMNS FROM `sp_manager` [ RunTime:0.0032s ]
SQL: SELECT * FROM `sp_manager` WHERE `mg_name` = 'admi' LIMIT 1   [ RunTime:0.0006s ]
INFO: [ app_end ] --START--
INFO: Run Behavior\ShowPageTraceBehavior [ RunTime:0.001233s ]
INFO: [ app_end ] --END-- [ RunTime:0.001342s ]

[ 2016-11-07T16:11:32+08:00 ] 127.0.0.1 /index.php/Admin/Manager/checkUsername?username=admi
INFO: [ app_begin ] --START--
INFO: Run Behavior\ReadHtmlCacheBehavior [ RunTime:0.001304s ]
INFO: [ app_begin ] --END-- [ RunTime:0.002015s ]
SQL: SHOW COLUMNS FROM `sp_manager` [ RunTime:0.0034s ]
SQL: SELECT * FROM `sp_manager` WHERE `mg_name` = 'admi' LIMIT 1   [ RunTime:0.0008s ]
INFO: [ app_end ] --START--
INFO: Run Behavior\ShowPageTraceBehavior [ RunTime:0.000816s ]
INFO: [ app_end ] --END-- [ RunTime:0.000891s ]

[ 2016-11-07T16:11:52+08:00 ] 127.0.0.1 /index.php/Admin/Manager/checkUsername?username=admi
INFO: [ app_begin ] --START--
INFO: Run Behavior\ReadHtmlCacheBehavior [ RunTime:0.000681s ]
INFO: [ app_begin ] --END-- [ RunTime:0.001096s ]
SQL: SHOW COLUMNS FROM `sp_manager` [ RunTime:0.0030s ]
SQL: SELECT * FROM `sp_manager` WHERE `mg_name` = 'admi' LIMIT 1   [ RunTime:0.0005s ]
INFO: [ app_end ] --START--
INFO: Run Behavior\ShowPageTraceBehavior [ RunTime:0.001179s ]
INFO: [ app_end ] --END-- [ RunTime:0.001288s ]

[ 2016-11-07T16:14:57+08:00 ] 127.0.0.1 /index.php/Admin/Manager/checkUsername?username=admi
INFO: [ app_begin ] --START--
INFO: Run Behavior\ReadHtmlCacheBehavior [ RunTime:0.000565s ]
INFO: [ app_begin ] --END-- [ RunTime:0.000890s ]
SQL: SHOW COLUMNS FROM `sp_manager` [ RunTime:0.0022s ]
SQL: SELECT * FROM `sp_manager` WHERE `mg_name` = 'admi' LIMIT 1   [ RunTime:0.0004s ]
INFO: [ app_end ] --START--
INFO: Run Behavior\ShowPageTraceBehavior [ RunTime:0.001015s ]
INFO: [ app_end ] --END-- [ RunTime:0.001116s ]

[ 2016-11-07T16:15:57+08:00 ] 127.0.0.1 /index.php/Admin/Manager/checkUsername?username=admin
INFO: [ app_begin ] --START--
INFO: Run Behavior\ReadHtmlCacheBehavior [ RunTime:0.000917s ]
INFO: [ app_begin ] --END-- [ RunTime:0.001501s ]
SQL: SHOW COLUMNS FROM `sp_manager` [ RunTime:0.0037s ]
SQL: SELECT * FROM `sp_manager` WHERE `mg_name` = 'admin' LIMIT 1   [ RunTime:0.0006s ]
INFO: [ app_end ] --START--
INFO: Run Behavior\ShowPageTraceBehavior [ RunTime:0.001167s ]
INFO: [ app_end ] --END-- [ RunTime:0.001328s ]

[ 2016-11-07T16:16:27+08:00 ] 127.0.0.1 /index.php/Admin/Manager/checkUsername?username=admi
INFO: [ app_begin ] --START--
INFO: Run Behavior\ReadHtmlCacheBehavior [ RunTime:0.001039s ]
INFO: [ app_begin ] --END-- [ RunTime:0.001625s ]
SQL: SHOW COLUMNS FROM `sp_manager` [ RunTime:0.0029s ]
SQL: SELECT * FROM `sp_manager` WHERE `mg_name` = 'admi' LIMIT 1   [ RunTime:0.0005s ]
INFO: [ app_end ] --START--
INFO: Run Behavior\ShowPageTraceBehavior [ RunTime:0.001159s ]
INFO: [ app_end ] --END-- [ RunTime:0.001282s ]

[ 2016-11-07T16:17:54+08:00 ] 127.0.0.1 /index.php/Admin/Manager/checkVerify
INFO: [ app_begin ] --START--
INFO: Run Behavior\ReadHtmlCacheBehavior [ RunTime:0.000686s ]
INFO: [ app_begin ] --END-- [ RunTime:0.001424s ]
INFO: [ app_end ] --START--
INFO: Run Behavior\ShowPageTraceBehavior [ RunTime:0.000515s ]
INFO: [ app_end ] --END-- [ RunTime:0.000589s ]

[ 2016-11-07T16:17:55+08:00 ] 127.0.0.1 /index.php/Admin/Manager/checkVerify
INFO: [ app_begin ] --START--
INFO: Run Behavior\ReadHtmlCacheBehavior [ RunTime:0.000388s ]
INFO: [ app_begin ] --END-- [ RunTime:0.000648s ]
INFO: [ app_end ] --START--
INFO: Run Behavior\ShowPageTraceBehavior [ RunTime:0.000431s ]
INFO: [ app_end ] --END-- [ RunTime:0.000502s ]

[ 2016-11-07T16:18:54+08:00 ] 127.0.0.1 /index.php/Admin/Manager/checkUsername?username=admi
INFO: [ app_begin ] --START--
INFO: Run Behavior\ReadHtmlCacheBehavior [ RunTime:0.000658s ]
INFO: [ app_begin ] --END-- [ RunTime:0.001024s ]
SQL: SHOW COLUMNS FROM `sp_manager` [ RunTime:0.0031s ]
SQL: SELECT * FROM `sp_manager` WHERE `mg_name` = 'admi' LIMIT 1   [ RunTime:0.0005s ]
INFO: [ app_end ] --START--
INFO: Run Behavior\ShowPageTraceBehavior [ RunTime:0.001397s ]
INFO: [ app_end ] --END-- [ RunTime:0.001509s ]

[ 2016-11-07T16:19:01+08:00 ] 127.0.0.1 /index.php/Admin/Manager/checkVerify
INFO: [ app_begin ] --START--
INFO: Run Behavior\ReadHtmlCacheBehavior [ RunTime:0.001127s ]
INFO: [ app_begin ] --END-- [ RunTime:0.001769s ]

[ 2016-11-07T16:20:28+08:00 ] 127.0.0.1 /index.php/Admin/Manager/checkVerify
INFO: [ app_begin ] --START--
INFO: Run Behavior\ReadHtmlCacheBehavior [ RunTime:0.000993s ]
INFO: [ app_begin ] --END-- [ RunTime:0.001626s ]

[ 2016-11-07T16:22:45+08:00 ] 127.0.0.1 /index.php/Admin/Manager/checkUsername
INFO: [ app_begin ] --START--
INFO: Run Behavior\ReadHtmlCacheBehavior [ RunTime:0.001054s ]
INFO: [ app_begin ] --END-- [ RunTime:0.001665s ]
SQL: SHOW COLUMNS FROM `sp_manager` [ RunTime:0.0027s ]
SQL: SELECT * FROM `sp_manager` WHERE `mg_name` = 'admi' LIMIT 1   [ RunTime:0.0004s ]
INFO: [ app_end ] --START--
INFO: Run Behavior\ShowPageTraceBehavior [ RunTime:0.001081s ]
INFO: [ app_end ] --END-- [ RunTime:0.001177s ]

[ 2016-11-07T16:23:09+08:00 ] 127.0.0.1 /index.php/Admin/Manager/checkVerify
INFO: [ app_begin ] --START--
INFO: Run Behavior\ReadHtmlCacheBehavior [ RunTime:0.000505s ]
INFO: [ app_begin ] --END-- [ RunTime:0.000802s ]
INFO: [ app_end ] --START--
INFO: Run Behavior\ShowPageTraceBehavior [ RunTime:0.000521s ]
INFO: [ app_end ] --END-- [ RunTime:0.000583s ]

[ 2016-11-07T16:25:46+08:00 ] 127.0.0.1 /index.php/Admin/Manager/checkUsername
INFO: [ app_begin ] --START--
INFO: Run Behavior\ReadHtmlCacheBehavior [ RunTime:0.000926s ]
INFO: [ app_begin ] --END-- [ RunTime:0.001553s ]
SQL: SHOW COLUMNS FROM `sp_manager` [ RunTime:0.0034s ]
SQL: SELECT * FROM `sp_manager` WHERE `mg_name` = 'admi' LIMIT 1   [ RunTime:0.0006s ]
INFO: [ app_end ] --START--
INFO: Run Behavior\ShowPageTraceBehavior [ RunTime:0.001184s ]
INFO: [ app_end ] --END-- [ RunTime:0.001300s ]

[ 2016-11-07T16:28:04+08:00 ] 127.0.0.1 /index.php/Admin/Manager/checkUsername
INFO: [ app_begin ] --START--
INFO: Run Behavior\ReadHtmlCacheBehavior [ RunTime:0.000591s ]
INFO: [ app_begin ] --END-- [ RunTime:0.000944s ]
SQL: SHOW COLUMNS FROM `sp_manager` [ RunTime:0.0021s ]
SQL: SELECT * FROM `sp_manager` WHERE `mg_name` = 'admi' LIMIT 1   [ RunTime:0.0005s ]
INFO: [ app_end ] --START--
INFO: Run Behavior\ShowPageTraceBehavior [ RunTime:0.000871s ]
INFO: [ app_end ] --END-- [ RunTime:0.000939s ]

[ 2016-11-07T16:29:33+08:00 ] 127.0.0.1 /index.php/Admin/Manager/checkUsername
INFO: [ app_begin ] --START--
INFO: Run Behavior\ReadHtmlCacheBehavior [ RunTime:0.001211s ]
INFO: [ app_begin ] --END-- [ RunTime:0.001948s ]
SQL: SHOW COLUMNS FROM `sp_manager` [ RunTime:0.0021s ]
SQL: SELECT * FROM `sp_manager` WHERE `mg_name` = 'admi' LIMIT 1   [ RunTime:0.0003s ]
INFO: [ app_end ] --START--
INFO: Run Behavior\ShowPageTraceBehavior [ RunTime:0.000753s ]
INFO: [ app_end ] --END-- [ RunTime:0.000827s ]

[ 2016-11-07T16:30:26+08:00 ] 127.0.0.1 /index.php/Admin/Manager/checkUsername
INFO: [ app_begin ] --START--
INFO: Run Behavior\ReadHtmlCacheBehavior [ RunTime:0.000537s ]
INFO: [ app_begin ] --END-- [ RunTime:0.000898s ]
SQL: SHOW COLUMNS FROM `sp_manager` [ RunTime:0.0020s ]
SQL: SELECT * FROM `sp_manager` WHERE `mg_name` = 'admi' LIMIT 1   [ RunTime:0.0003s ]
INFO: [ app_end ] --START--
INFO: Run Behavior\ShowPageTraceBehavior [ RunTime:0.000844s ]
INFO: [ app_end ] --END-- [ RunTime:0.000930s ]

[ 2016-11-07T16:32:23+08:00 ] 127.0.0.1 /index.php/Admin/Manager/checkUsername
INFO: [ app_begin ] --START--
INFO: Run Behavior\ReadHtmlCacheBehavior [ RunTime:0.001010s ]
INFO: [ app_begin ] --END-- [ RunTime:0.001695s ]
SQL: SHOW COLUMNS FROM `sp_manager` [ RunTime:0.0039s ]
SQL: SELECT * FROM `sp_manager` WHERE `mg_name` = 'admi' LIMIT 1   [ RunTime:0.0007s ]
INFO: [ app_end ] --START--
INFO: Run Behavior\ShowPageTraceBehavior [ RunTime:0.001543s ]
INFO: [ app_end ] --END-- [ RunTime:0.001681s ]

[ 2016-11-07T16:33:45+08:00 ] 127.0.0.1 /index.php/Admin/Manager/checkUsername
INFO: [ app_begin ] --START--
INFO: Run Behavior\ReadHtmlCacheBehavior [ RunTime:0.001084s ]
INFO: [ app_begin ] --END-- [ RunTime:0.001764s ]
SQL: SHOW COLUMNS FROM `sp_manager` [ RunTime:0.0033s ]
SQL: SELECT * FROM `sp_manager` WHERE `mg_name` = 'admi' LIMIT 1   [ RunTime:0.0005s ]
INFO: [ app_end ] --START--
INFO: Run Behavior\ShowPageTraceBehavior [ RunTime:0.001194s ]
INFO: [ app_end ] --END-- [ RunTime:0.001304s ]

[ 2016-11-07T16:34:59+08:00 ] 127.0.0.1 /index.php/Admin/Manager/checkUsername
INFO: [ app_begin ] --START--
INFO: Run Behavior\ReadHtmlCacheBehavior [ RunTime:0.000647s ]
INFO: [ app_begin ] --END-- [ RunTime:0.001019s ]
SQL: SHOW COLUMNS FROM `sp_manager` [ RunTime:0.0035s ]
SQL: SELECT * FROM `sp_manager` WHERE `mg_name` = 'admin' LIMIT 1   [ RunTime:0.0005s ]
INFO: [ app_end ] --START--
INFO: Run Behavior\ShowPageTraceBehavior [ RunTime:0.001256s ]
INFO: [ app_end ] --END-- [ RunTime:0.001369s ]

[ 2016-11-07T16:35:49+08:00 ] 127.0.0.1 /index.php/Admin/Manager/checkUsername
INFO: [ app_begin ] --START--
INFO: Run Behavior\ReadHtmlCacheBehavior [ RunTime:0.000568s ]
INFO: [ app_begin ] --END-- [ RunTime:0.000952s ]
SQL: SHOW COLUMNS FROM `sp_manager` [ RunTime:0.0033s ]
SQL: SELECT * FROM `sp_manager` WHERE `mg_name` = 'admi' LIMIT 1   [ RunTime:0.0005s ]
INFO: [ app_end ] --START--
INFO: Run Behavior\ShowPageTraceBehavior [ RunTime:0.001186s ]
INFO: [ app_end ] --END-- [ RunTime:0.001296s ]

[ 2016-11-07T16:37:22+08:00 ] 127.0.0.1 /index.php/Admin/Manager/checkVerify
INFO: [ app_begin ] --START--
INFO: Run Behavior\ReadHtmlCacheBehavior [ RunTime:0.000732s ]
INFO: [ app_begin ] --END-- [ RunTime:0.001126s ]
INFO: [ app_end ] --START--
INFO: Run Behavior\ShowPageTraceBehavior [ RunTime:0.000677s ]
INFO: [ app_end ] --END-- [ RunTime:0.000800s ]

[ 2016-11-07T16:37:33+08:00 ] 127.0.0.1 /index.php/Admin/Manager/checkVerify
INFO: [ app_begin ] --START--
INFO: Run Behavior\ReadHtmlCacheBehavior [ RunTime:0.001026s ]
INFO: [ app_begin ] --END-- [ RunTime:0.001739s ]
INFO: [ app_end ] --START--
INFO: Run Behavior\ShowPageTraceBehavior [ RunTime:0.000519s ]
INFO: [ app_end ] --END-- [ RunTime:0.000610s ]

[ 2016-11-07T16:39:04+08:00 ] 127.0.0.1 /index.php/Admin/Manager/checkUsername
INFO: [ app_begin ] --START--
INFO: Run Behavior\ReadHtmlCacheBehavior [ RunTime:0.000542s ]
INFO: [ app_begin ] --END-- [ RunTime:0.000886s ]
SQL: SHOW COLUMNS FROM `sp_manager` [ RunTime:0.0031s ]
SQL: SELECT * FROM `sp_manager` WHERE `mg_name` = 'admin' LIMIT 1   [ RunTime:0.0006s ]

[ 2016-11-07T16:39:45+08:00 ] 127.0.0.1 /index.php/Admin/Manager/checkUsername
INFO: [ app_begin ] --START--
INFO: Run Behavior\ReadHtmlCacheBehavior [ RunTime:0.001019s ]
INFO: [ app_begin ] --END-- [ RunTime:0.001700s ]

[ 2016-11-07T16:41:02+08:00 ] 127.0.0.1 /index.php/Admin/Manager/checkUsername
INFO: [ app_begin ] --START--
INFO: Run Behavior\ReadHtmlCacheBehavior [ RunTime:0.001015s ]
INFO: [ app_begin ] --END-- [ RunTime:0.001690s ]
SQL: SHOW COLUMNS FROM `sp_manager` [ RunTime:0.0036s ]
SQL: SELECT * FROM `sp_manager` WHERE `mg_name` = 'admin' LIMIT 1   [ RunTime:0.0005s ]
INFO: [ app_end ] --START--
INFO: Run Behavior\ShowPageTraceBehavior [ RunTime:0.001225s ]
INFO: [ app_end ] --END-- [ RunTime:0.001338s ]

[ 2016-11-07T16:41:29+08:00 ] 127.0.0.1 /index.php/Admin/Manager/checkUsername
INFO: [ app_begin ] --START--
INFO: Run Behavior\ReadHtmlCacheBehavior [ RunTime:0.000546s ]
INFO: [ app_begin ] --END-- [ RunTime:0.000877s ]
SQL: SHOW COLUMNS FROM `sp_manager` [ RunTime:0.0040s ]
SQL: SELECT * FROM `sp_manager` WHERE `mg_name` = 'admin' LIMIT 1   [ RunTime:0.0010s ]
INFO: [ app_end ] --START--
INFO: Run Behavior\ShowPageTraceBehavior [ RunTime:0.001561s ]
INFO: [ app_end ] --END-- [ RunTime:0.001699s ]

[ 2016-11-07T16:42:23+08:00 ] 127.0.0.1 /index.php/Admin/Manager/checkUsername
INFO: [ app_begin ] --START--
INFO: Run Behavior\ReadHtmlCacheBehavior [ RunTime:0.000687s ]
INFO: [ app_begin ] --END-- [ RunTime:0.001093s ]
SQL: SHOW COLUMNS FROM `sp_manager` [ RunTime:0.0037s ]
SQL: SELECT * FROM `sp_manager` WHERE `mg_name` = 'admin' LIMIT 1   [ RunTime:0.0007s ]
INFO: [ app_end ] --START--
INFO: Run Behavior\ShowPageTraceBehavior [ RunTime:0.001529s ]
INFO: [ app_end ] --END-- [ RunTime:0.001647s ]

[ 2016-11-07T16:43:14+08:00 ] 127.0.0.1 /index.php/Admin/Manager/checkVerify
INFO: [ app_begin ] --START--
INFO: Run Behavior\ReadHtmlCacheBehavior [ RunTime:0.001129s ]
INFO: [ app_begin ] --END-- [ RunTime:0.001789s ]

[ 2016-11-07T16:45:55+08:00 ] 127.0.0.1 /index.php/Admin/Manager/checkUsername
INFO: [ app_begin ] --START--
INFO: Run Behavior\ReadHtmlCacheBehavior [ RunTime:0.001160s ]
INFO: [ app_begin ] --END-- [ RunTime:0.001919s ]
SQL: SHOW COLUMNS FROM `sp_manager` [ RunTime:0.0024s ]
SQL: SELECT * FROM `sp_manager` WHERE `mg_name` = 'admin' LIMIT 1   [ RunTime:0.0004s ]
INFO: [ app_end ] --START--
INFO: Run Behavior\ShowPageTraceBehavior [ RunTime:0.001232s ]
INFO: [ app_end ] --END-- [ RunTime:0.001319s ]

[ 2016-11-07T16:50:04+08:00 ] 127.0.0.1 /index.php/Admin/Manager/checkUsername
INFO: [ app_begin ] --START--
INFO: Run Behavior\ReadHtmlCacheBehavior [ RunTime:0.000512s ]
INFO: [ app_begin ] --END-- [ RunTime:0.000840s ]
SQL: SHOW COLUMNS FROM `sp_manager` [ RunTime:0.0035s ]
SQL: SELECT * FROM `sp_manager` WHERE `mg_name` = 'admin' LIMIT 1   [ RunTime:0.0006s ]
INFO: [ app_end ] --START--
INFO: Run Behavior\ShowPageTraceBehavior [ RunTime:0.001274s ]
INFO: [ app_end ] --END-- [ RunTime:0.001395s ]

[ 2016-11-07T16:50:17+08:00 ] 127.0.0.1 /index.php/Admin/Manager/checkUsername
INFO: [ app_begin ] --START--
INFO: Run Behavior\ReadHtmlCacheBehavior [ RunTime:0.001000s ]
INFO: [ app_begin ] --END-- [ RunTime:0.001620s ]
SQL: SHOW COLUMNS FROM `sp_manager` [ RunTime:0.0033s ]
SQL: SELECT * FROM `sp_manager` WHERE `mg_name` = 'admin' LIMIT 1   [ RunTime:0.0005s ]
INFO: [ app_end ] --START--
INFO: Run Behavior\ShowPageTraceBehavior [ RunTime:0.001171s ]
INFO: [ app_end ] --END-- [ RunTime:0.001272s ]

[ 2016-11-07T16:50:36+08:00 ] 127.0.0.1 /index.php/Admin/Manager/checkUsername
INFO: [ app_begin ] --START--
INFO: Run Behavior\ReadHtmlCacheBehavior [ RunTime:0.000650s ]
INFO: [ app_begin ] --END-- [ RunTime:0.001025s ]
SQL: SHOW COLUMNS FROM `sp_manager` [ RunTime:0.0034s ]
SQL: SELECT * FROM `sp_manager` WHERE `mg_name` = 'admin' LIMIT 1   [ RunTime:0.0005s ]
INFO: [ app_end ] --START--
INFO: Run Behavior\ShowPageTraceBehavior [ RunTime:0.001405s ]
INFO: [ app_end ] --END-- [ RunTime:0.001521s ]

[ 2016-11-07T16:50:49+08:00 ] 127.0.0.1 /index.php/Admin/Manager/checkUsername
INFO: [ app_begin ] --START--
INFO: Run Behavior\ReadHtmlCacheBehavior [ RunTime:0.001123s ]
INFO: [ app_begin ] --END-- [ RunTime:0.001776s ]
SQL: SHOW COLUMNS FROM `sp_manager` [ RunTime:0.0030s ]
SQL: SELECT * FROM `sp_manager` WHERE `mg_name` = 'admin' LIMIT 1   [ RunTime:0.0005s ]
INFO: [ app_end ] --START--
INFO: Run Behavior\ShowPageTraceBehavior [ RunTime:0.001304s ]
INFO: [ app_end ] --END-- [ RunTime:0.001416s ]

[ 2016-11-07T16:50:52+08:00 ] 127.0.0.1 /index.php/Admin/Manager/checkUsername
INFO: [ app_begin ] --START--
INFO: Run Behavior\ReadHtmlCacheBehavior [ RunTime:0.000474s ]
INFO: [ app_begin ] --END-- [ RunTime:0.000742s ]
SQL: SHOW COLUMNS FROM `sp_manager` [ RunTime:0.0037s ]
SQL: SELECT * FROM `sp_manager` WHERE `mg_name` = 'admin' LIMIT 1   [ RunTime:0.0006s ]
INFO: [ app_end ] --START--
INFO: Run Behavior\ShowPageTraceBehavior [ RunTime:0.001400s ]
INFO: [ app_end ] --END-- [ RunTime:0.001528s ]

[ 2016-11-07T16:51:41+08:00 ] 127.0.0.1 /index.php/Admin/Manager/checkUsername
INFO: [ app_begin ] --START--
INFO: Run Behavior\ReadHtmlCacheBehavior [ RunTime:0.000480s ]
INFO: [ app_begin ] --END-- [ RunTime:0.000794s ]
SQL: SHOW COLUMNS FROM `sp_manager` [ RunTime:0.0031s ]
SQL: SELECT * FROM `sp_manager` WHERE `mg_name` = 'admin' LIMIT 1   [ RunTime:0.0006s ]
INFO: [ app_end ] --START--
INFO: Run Behavior\ShowPageTraceBehavior [ RunTime:0.001156s ]
INFO: [ app_end ] --END-- [ RunTime:0.001270s ]

[ 2016-11-07T16:51:43+08:00 ] 127.0.0.1 /index.php/Admin/Manager/checkUsername
INFO: [ app_begin ] --START--
INFO: Run Behavior\ReadHtmlCacheBehavior [ RunTime:0.000407s ]
INFO: [ app_begin ] --END-- [ RunTime:0.000653s ]
SQL: SHOW COLUMNS FROM `sp_manager` [ RunTime:0.0015s ]
SQL: SELECT * FROM `sp_manager` WHERE `mg_name` = 'admin' LIMIT 1   [ RunTime:0.0003s ]
INFO: [ app_end ] --START--
INFO: Run Behavior\ShowPageTraceBehavior [ RunTime:0.000558s ]
INFO: [ app_end ] --END-- [ RunTime:0.000612s ]

[ 2016-11-07T16:51:53+08:00 ] 127.0.0.1 /index.php/Admin/Manager/checkUsername
INFO: [ app_begin ] --START--
INFO: Run Behavior\ReadHtmlCacheBehavior [ RunTime:0.001128s ]
INFO: [ app_begin ] --END-- [ RunTime:0.001792s ]
SQL: SHOW COLUMNS FROM `sp_manager` [ RunTime:0.0032s ]
SQL: SELECT * FROM `sp_manager` WHERE `mg_name` = 'admin' LIMIT 1   [ RunTime:0.0005s ]
INFO: [ app_end ] --START--
INFO: Run Behavior\ShowPageTraceBehavior [ RunTime:0.001271s ]
INFO: [ app_end ] --END-- [ RunTime:0.001382s ]

[ 2016-11-07T16:51:55+08:00 ] 127.0.0.1 /index.php/Admin/Manager/checkUsername
INFO: [ app_begin ] --START--
INFO: Run Behavior\ReadHtmlCacheBehavior [ RunTime:0.000694s ]
INFO: [ app_begin ] --END-- [ RunTime:0.001097s ]
SQL: SHOW COLUMNS FROM `sp_manager` [ RunTime:0.0031s ]
SQL: SELECT * FROM `sp_manager` WHERE `mg_name` = 'admin' LIMIT 1   [ RunTime:0.0004s ]
INFO: [ app_end ] --START--
INFO: Run Behavior\ShowPageTraceBehavior [ RunTime:0.001266s ]
INFO: [ app_end ] --END-- [ RunTime:0.001377s ]

[ 2016-11-07T16:52:37+08:00 ] 127.0.0.1 /index.php/Admin/Manager/checkUsername
INFO: [ app_begin ] --START--
INFO: Run Behavior\ReadHtmlCacheBehavior [ RunTime:0.000823s ]
INFO: [ app_begin ] --END-- [ RunTime:0.001301s ]
SQL: SHOW COLUMNS FROM `sp_manager` [ RunTime:0.0032s ]
SQL: SELECT * FROM `sp_manager` WHERE `mg_name` = 'admin' LIMIT 1   [ RunTime:0.0005s ]

[ 2016-11-07T16:53:25+08:00 ] 127.0.0.1 /index.php/Admin/Manager/checkUsername
INFO: [ app_begin ] --START--
INFO: Run Behavior\ReadHtmlCacheBehavior [ RunTime:0.000573s ]
INFO: [ app_begin ] --END-- [ RunTime:0.000962s ]
SQL: SHOW COLUMNS FROM `sp_manager` [ RunTime:0.0028s ]
SQL: SELECT * FROM `sp_manager` WHERE `mg_name` = 'admin' LIMIT 1   [ RunTime:0.0005s ]

[ 2016-11-07T16:55:10+08:00 ] 127.0.0.1 /index.php/Admin/Manager/checkUsername
INFO: [ app_begin ] --START--
INFO: Run Behavior\ReadHtmlCacheBehavior [ RunTime:0.000738s ]
INFO: [ app_begin ] --END-- [ RunTime:0.001251s ]
SQL: SHOW COLUMNS FROM `sp_manager` [ RunTime:0.0032s ]
SQL: SELECT * FROM `sp_manager` WHERE `mg_name` = 'admin' LIMIT 1   [ RunTime:0.0005s ]

[ 2016-11-07T16:56:08+08:00 ] 127.0.0.1 /index.php/Admin/Manager/checkUsername
INFO: [ app_begin ] --START--
INFO: Run Behavior\ReadHtmlCacheBehavior [ RunTime:0.000660s ]
INFO: [ app_begin ] --END-- [ RunTime:0.001043s ]
SQL: SHOW COLUMNS FROM `sp_manager` [ RunTime:0.0015s ]
SQL: SELECT * FROM `sp_manager` WHERE `mg_name` = 'admin' LIMIT 1   [ RunTime:0.0004s ]

[ 2016-11-07T16:56:35+08:00 ] 127.0.0.1 /index.php/Admin/Manager/checkUsername
INFO: [ app_begin ] --START--
INFO: Run Behavior\ReadHtmlCacheBehavior [ RunTime:0.001312s ]
INFO: [ app_begin ] --END-- [ RunTime:0.001999s ]
SQL: SHOW COLUMNS FROM `sp_manager` [ RunTime:0.0030s ]
SQL: SELECT * FROM `sp_manager` WHERE `mg_name` = 'admin' LIMIT 1   [ RunTime:0.0004s ]

[ 2016-11-07T17:00:21+08:00 ] 127.0.0.1 /index.php/Admin/Manager/checkUsername
INFO: [ app_begin ] --START--
INFO: Run Behavior\ReadHtmlCacheBehavior [ RunTime:0.001030s ]
INFO: [ app_begin ] --END-- [ RunTime:0.001618s ]
SQL: SHOW COLUMNS FROM `sp_manager` [ RunTime:0.0035s ]
SQL: SELECT * FROM `sp_manager` WHERE `mg_name` = 'admin' LIMIT 1   [ RunTime:0.0006s ]

[ 2016-11-07T17:00:39+08:00 ] 127.0.0.1 /index.php/Admin/Manager/checkUsername
INFO: [ app_begin ] --START--
INFO: Run Behavior\ReadHtmlCacheBehavior [ RunTime:0.001042s ]
INFO: [ app_begin ] --END-- [ RunTime:0.001651s ]
SQL: SHOW COLUMNS FROM `sp_manager` [ RunTime:0.0030s ]
SQL: SELECT * FROM `sp_manager` WHERE `mg_name` = 'admin' LIMIT 1   [ RunTime:0.0005s ]

[ 2016-11-07T17:01:17+08:00 ] 127.0.0.1 /index.php/Admin/Manager/checkUsername
INFO: [ app_begin ] --START--
INFO: Run Behavior\ReadHtmlCacheBehavior [ RunTime:0.000645s ]
INFO: [ app_begin ] --END-- [ RunTime:0.001016s ]
SQL: SHOW COLUMNS FROM `sp_manager` [ RunTime:0.0033s ]
SQL: SELECT * FROM `sp_manager` WHERE `mg_name` = 'admin' LIMIT 1   [ RunTime:0.0006s ]

[ 2016-11-07T17:01:28+08:00 ] 127.0.0.1 /index.php/Admin/Manager/checkUsername
INFO: [ app_begin ] --START--
INFO: Run Behavior\ReadHtmlCacheBehavior [ RunTime:0.000570s ]
INFO: [ app_begin ] --END-- [ RunTime:0.000897s ]
SQL: SHOW COLUMNS FROM `sp_manager` [ RunTime:0.0031s ]
SQL: SELECT * FROM `sp_manager` WHERE `mg_name` = 'admin' LIMIT 1   [ RunTime:0.0005s ]

[ 2016-11-07T17:09:18+08:00 ] 127.0.0.1 /index.php/Admin/Manager/checkUsername
INFO: [ app_begin ] --START--
INFO: Run Behavior\ReadHtmlCacheBehavior [ RunTime:0.001197s ]
INFO: [ app_begin ] --END-- [ RunTime:0.001858s ]
SQL: SHOW COLUMNS FROM `sp_manager` [ RunTime:0.0037s ]
SQL: SELECT * FROM `sp_manager` WHERE `mg_name` = 'admi' LIMIT 1   [ RunTime:0.0008s ]
INFO: [ app_end ] --START--
INFO: Run Behavior\ShowPageTraceBehavior [ RunTime:0.001436s ]
INFO: [ app_end ] --END-- [ RunTime:0.001563s ]

